<li class="join">[<a href="#T00:00:29" id="T00:00:29"><abbr title="2016-01-23T00:00:29+00:00">00:00:29</abbr></a>] <span>* BeagleBot (~PircBot@ec2-50-17-196-130.compute-1.amazonaws.com) has joined #beagle</span></li>
<li class="topic">[<abbr title="2016-01-23T00:00:29+00:00">00:00:29</abbr>] <span>* Topic is '<a href="http://beagleboard.org/chat">http://beagleboard.org/chat</a> has a guide on how to ask questions and links to the logs | never ask to ask, just ask | be patient | pastebin a boot log | <a href="http://ahsoftware.de/Beaglebone_Black_Boot_explained.svg">http://ahsoftware.de/Beaglebone_Black_Boot_explained.svg</a> | <a href="http://beagleboard.org/latest-images">http://beagleboard.org/latest-images</a> | <a href="http://beagleboard.org/Support/bone101">http://beagleboard.org/Support/bone101</a> | direct bonescript/node.js questions to #beagle-bonescript | books: <a href="http://bit.ly/bbb-books'">http://bit.ly/bbb-books'</a></span></li>
<li class="topic">[<abbr title="2016-01-23T00:00:29+00:00">00:00:29</abbr>] <span>* Set by KotH!~attila@erica.kinali.ch on Wed Jul 15 13:55:07 UTC 2015</span></li>
<li class="join">[<abbr title="2016-01-23T00:00:29+00:00">00:00:29</abbr>] <span>* BeagleBot (~PircBot@ec2-50-17-196-130.compute-1.amazonaws.com) has joined #beagleboard</span></li>
<li class="join">[<abbr title="2016-01-23T00:00:29+00:00">00:00:29</abbr>] <span>* BeagleBot (~PircBot@ec2-50-17-196-130.compute-1.amazonaws.com) has joined #beaglebone</span></li>
<li class="quit">[<a href="#T00:03:36" id="T00:03:36"><abbr title="2016-01-23T00:03:36+00:00">00:03:36</abbr></a>] <span>* rob_w (~rob@unaffiliated/rob-w/x-1112029) Quit (Read error: Connection reset by peer)</span></li>
<li class="quit">[<a href="#T00:22:15" id="T00:22:15"><abbr title="2016-01-23T00:22:15+00:00">00:22:15</abbr></a>] <span>* jamesaxl (~jamesaxl@41.249.143.196) Quit (Ping timeout: 260 seconds)</span></li>
<li class="quit">[<a href="#T00:31:59" id="T00:31:59"><abbr title="2016-01-23T00:31:59+00:00">00:31:59</abbr></a>] <span>* tomeff (~tomeff@ip-94-112-0-81.net.upcbroadband.cz) Quit (Quit: tomeff)</span></li>
<li class="join">[<a href="#T00:37:51" id="T00:37:51"><abbr title="2016-01-23T00:37:51+00:00">00:37:51</abbr></a>] <span>* j12t (~j12t@c-50-136-206-246.hsd1.ca.comcast.net) has joined #beagle</span></li>
<li class="quit">[<a href="#T00:39:15" id="T00:39:15"><abbr title="2016-01-23T00:39:15+00:00">00:39:15</abbr></a>] <span>* florian (~fuchs@Maemo/community/contributor/florian) Quit (Ping timeout: 245 seconds)</span></li>
<li class="quit">[<a href="#T00:42:47" id="T00:42:47"><abbr title="2016-01-23T00:42:47+00:00">00:42:47</abbr></a>] <span>* j12t (~j12t@c-50-136-206-246.hsd1.ca.comcast.net) Quit (Ping timeout: 264 seconds)</span></li>
<li class="quit">[<a href="#T01:02:33" id="T01:02:33"><abbr title="2016-01-23T01:02:33+00:00">01:02:33</abbr></a>] <span>* dj_pi (~dj@c-73-191-212-56.hsd1.mi.comcast.net) Quit (Ping timeout: 250 seconds)</span></li>
<li class="quit">[<a href="#T01:10:15" id="T01:10:15"><abbr title="2016-01-23T01:10:15+00:00">01:10:15</abbr></a>] <span>* IrishGringo (~chatzilla@2601:586:c200:6eaa:1d74:692e:b7de:3f4c) Quit (Ping timeout: 240 seconds)</span></li>
<li class="quit">[<a href="#T01:13:48" id="T01:13:48"><abbr title="2016-01-23T01:13:48+00:00">01:13:48</abbr></a>] <span>* vagrantc (~vagrant@unaffiliated/vagrantc) Quit (Quit: leaving)</span></li>
<li class="join">[<a href="#T01:16:53" id="T01:16:53"><abbr title="2016-01-23T01:16:53+00:00">01:16:53</abbr></a>] <span>* h0ser (~h0ser@c-50-164-35-198.hsd1.pa.comcast.net) has joined #beagle</span></li>
<li class="join">[<a href="#T01:24:44" id="T01:24:44"><abbr title="2016-01-23T01:24:44+00:00">01:24:44</abbr></a>] <span>* IrishGringo (~chatzilla@c-73-49-3-5.hsd1.fl.comcast.net) has joined #beagle</span></li>
<li class="quit">[<a href="#T01:30:55" id="T01:30:55"><abbr title="2016-01-23T01:30:55+00:00">01:30:55</abbr></a>] <span>* dwery (~dwery@nslu2-linux/dwery) Quit (Ping timeout: 245 seconds)</span></li>
<li class="join">[<a href="#T01:33:58" id="T01:33:58"><abbr title="2016-01-23T01:33:58+00:00">01:33:58</abbr></a>] <span>* alex4 (~alex@186.167.249.213) has joined #beagle</span></li>
<li class="part">[<a href="#T01:34:45" id="T01:34:45"><abbr title="2016-01-23T01:34:45+00:00">01:34:45</abbr></a>] <span>* alex4 (~alex@186.167.249.213) has left #beagle</span></li>
<li class="join">[<a href="#T01:35:13" id="T01:35:13"><abbr title="2016-01-23T01:35:13+00:00">01:35:13</abbr></a>] <span>* zauslande (~zauslande@66.53.82.48) has joined #beagle</span></li>
<li class="join">[<a href="#T01:39:37" id="T01:39:37"><abbr title="2016-01-23T01:39:37+00:00">01:39:37</abbr></a>] <span>* j12t (~j12t@c-50-136-206-246.hsd1.ca.comcast.net) has joined #beagle</span></li>
<li class="quit">[<a href="#T01:44:20" id="T01:44:20"><abbr title="2016-01-23T01:44:20+00:00">01:44:20</abbr></a>] <span>* j12t (~j12t@c-50-136-206-246.hsd1.ca.comcast.net) Quit (Ping timeout: 256 seconds)</span></li>
<li class="join">[<a href="#T01:47:30" id="T01:47:30"><abbr title="2016-01-23T01:47:30+00:00">01:47:30</abbr></a>] <span>* IrishGringo_ (~chatzilla@c-73-49-3-5.hsd1.fl.comcast.net) has joined #beagle</span></li>
<li class="quit">[<a href="#T01:49:18" id="T01:49:18"><abbr title="2016-01-23T01:49:18+00:00">01:49:18</abbr></a>] <span>* IrishGringo (~chatzilla@c-73-49-3-5.hsd1.fl.comcast.net) Quit (Ping timeout: 265 seconds)</span></li>
<li class="quit">[<a href="#T01:52:47" id="T01:52:47"><abbr title="2016-01-23T01:52:47+00:00">01:52:47</abbr></a>] <span>* emeb (~ericb@ip68-2-68-52.ph.ph.cox.net) Quit (Quit: Leaving.)</span></li>
<li class="join">[<a href="#T01:59:40" id="T01:59:40"><abbr title="2016-01-23T01:59:40+00:00">01:59:40</abbr></a>] <span>* IrishGringo (~chatzilla@c-73-49-3-5.hsd1.fl.comcast.net) has joined #beagle</span></li>
