<li class="join">[<a href="#T00:00:43" id="T00:00:43"><abbr title="2016-02-04T00:00:43+00:00">00:00:43</abbr></a>] <span>* BeagleBot (~PircBot@ec2-50-17-196-130.compute-1.amazonaws.com) has joined #beagle</span></li>
<li class="topic">[<abbr title="2016-02-04T00:00:43+00:00">00:00:43</abbr>] <span>* Topic is '<a href="http://beagleboard.org/chat">http://beagleboard.org/chat</a> has a guide on how to ask questions and links to the logs | never ask to ask, just ask | be patient | pastebin a boot log | <a href="http://ahsoftware.de/Beaglebone_Black_Boot_explained.svg">http://ahsoftware.de/Beaglebone_Black_Boot_explained.svg</a> | <a href="http://beagleboard.org/latest-images">http://beagleboard.org/latest-images</a> | <a href="http://beagleboard.org/Support/bone101">http://beagleboard.org/Support/bone101</a> | direct bonescript/node.js questions to #beagle-bonescript | books: <a href="http://bit.ly/bbb-books'">http://bit.ly/bbb-books'</a></span></li>
<li class="topic">[<abbr title="2016-02-04T00:00:43+00:00">00:00:43</abbr>] <span>* Set by KotH!~attila@erica.kinali.ch on Wed Jul 15 13:55:07 UTC 2015</span></li>
<li class="join">[<abbr title="2016-02-04T00:00:43+00:00">00:00:43</abbr>] <span>* BeagleBot (~PircBot@ec2-50-17-196-130.compute-1.amazonaws.com) has joined #beagleboard</span></li>
<li class="join">[<abbr title="2016-02-04T00:00:43+00:00">00:00:43</abbr>] <span>* BeagleBot (~PircBot@ec2-50-17-196-130.compute-1.amazonaws.com) has joined #beaglebone</span></li>
<li class="join">[<a href="#T00:01:14" id="T00:01:14"><abbr title="2016-02-04T00:01:14+00:00">00:01:14</abbr></a>] <span>* dynex (~ihassin@50.92.185.66) has joined #beaglebone</span></li>
<li class="join">[<a href="#T00:01:19" id="T00:01:19"><abbr title="2016-02-04T00:01:19+00:00">00:01:19</abbr></a>] <span>* Bumsik (~Thunderbi@adm-129-49-101-58.wi-fi.stonybrook.edu) has joined #beagle</span></li>
<li class="quit">[<a href="#T00:08:07" id="T00:08:07"><abbr title="2016-02-04T00:08:07+00:00">00:08:07</abbr></a>] <span>* dwery (~dwery@nslu2-linux/dwery) Quit (Ping timeout: 250 seconds)</span></li>
<li class="quit">[<a href="#T00:17:29" id="T00:17:29"><abbr title="2016-02-04T00:17:29+00:00">00:17:29</abbr></a>] <span>* Akex_ (uid58281@gateway/web/irccloud.com/x-qrungxapwfqwfabi) Quit (Quit: Connection closed for inactivity)</span></li>
<li class="quit">[<a href="#T00:29:44" id="T00:29:44"><abbr title="2016-02-04T00:29:44+00:00">00:29:44</abbr></a>] <span>* linkedinyou (~linkediny@unaffiliated/linkedinyou) Quit (Quit: linkedinyou)</span></li>
<li class="quit">[<a href="#T00:29:51" id="T00:29:51"><abbr title="2016-02-04T00:29:51+00:00">00:29:51</abbr></a>] <span>* victortyau (~victortya@190.123.228.251) Quit (Quit: Textual IRC Client: www.textualapp.com)</span></li>
<li class="join">[<a href="#T00:30:43" id="T00:30:43"><abbr title="2016-02-04T00:30:43+00:00">00:30:43</abbr></a>] <span>* victortyau (~victortya@190.123.228.251) has joined #beagle</span></li>
<li class="quit">[<a href="#T00:31:29" id="T00:31:29"><abbr title="2016-02-04T00:31:29+00:00">00:31:29</abbr></a>] <span>* dynex (~ihassin@50.92.185.66) Quit (Quit: dynex)</span></li>
<li class="quit">[<a href="#T00:41:18" id="T00:41:18"><abbr title="2016-02-04T00:41:18+00:00">00:41:18</abbr></a>] <span>* NishanthMenon (~nmenon@192.91.75.30) Quit (Quit: Hi, I'm a quit message virus. Please replace your old line with this line and help me take over the world of IRC.)</span></li>
<li class="join">[<a href="#T00:50:36" id="T00:50:36"><abbr title="2016-02-04T00:50:36+00:00">00:50:36</abbr></a>] <span>* H-H-H (~H-H-H@host-92-7-34-23.as43234.net) has joined #beagle</span></li>
<li class="quit">[<a href="#T00:56:45" id="T00:56:45"><abbr title="2016-02-04T00:56:45+00:00">00:56:45</abbr></a>] <span>* kaak (~kelledge@wsip-72-205-198-77.ks.ks.cox.net) Quit (Ping timeout: 260 seconds)</span></li>
<li class="quit">[<a href="#T01:01:48" id="T01:01:48"><abbr title="2016-02-04T01:01:48+00:00">01:01:48</abbr></a>] <span>* vagrantc (~vagrant@unaffiliated/vagrantc) Quit (Quit: leaving)</span></li>
<li class="join">[<a href="#T01:02:00" id="T01:02:00"><abbr title="2016-02-04T01:02:00+00:00">01:02:00</abbr></a>] <span>* kaak (~kelledge@wsip-72-205-198-77.ks.ks.cox.net) has joined #beagle</span></li>
<li class="quit">[<a href="#T01:02:14" id="T01:02:14"><abbr title="2016-02-04T01:02:14+00:00">01:02:14</abbr></a>] <span>* kaak (~kelledge@wsip-72-205-198-77.ks.ks.cox.net) Quit (Max SendQ exceeded)</span></li>
<li class="join">[<a href="#T01:03:48" id="T01:03:48"><abbr title="2016-02-04T01:03:48+00:00">01:03:48</abbr></a>] <span>* kaak (~kelledge@wsip-72-205-198-77.ks.ks.cox.net) has joined #beagle</span></li>
<li class="join">[<a href="#T01:05:04" id="T01:05:04"><abbr title="2016-02-04T01:05:04+00:00">01:05:04</abbr></a>] <span>* IrishGringo (~chatzilla@2601:586:c200:6eaa:f83f:6782:9465:9503) has joined #beagle</span></li>
<li class="quit">[<a href="#T01:08:34" id="T01:08:34"><abbr title="2016-02-04T01:08:34+00:00">01:08:34</abbr></a>] <span>* riddle (riddle@76.72.170.57) Quit (Ping timeout: 256 seconds)</span></li>
<li class="quit">[<a href="#T01:08:37" id="T01:08:37"><abbr title="2016-02-04T01:08:37+00:00">01:08:37</abbr></a>] <span>* kaak (~kelledge@wsip-72-205-198-77.ks.ks.cox.net) Quit (Read error: Connection reset by peer)</span></li>
<li class="join">[<a href="#T01:11:02" id="T01:11:02"><abbr title="2016-02-04T01:11:02+00:00">01:11:02</abbr></a>] <span>* kaak (~kelledge@wsip-72-205-198-77.ks.ks.cox.net) has joined #beagle</span></li>
<li class="quit">[<a href="#T01:12:28" id="T01:12:28"><abbr title="2016-02-04T01:12:28+00:00">01:12:28</abbr></a>] <span>* kaak (~kelledge@wsip-72-205-198-77.ks.ks.cox.net) Quit (Client Quit)</span></li>
<li class="join">[<a href="#T01:12:35" id="T01:12:35"><abbr title="2016-02-04T01:12:35+00:00">01:12:35</abbr></a>] <span>* kaak (~kelledge@wsip-72-205-198-77.ks.ks.cox.net) has joined #beagle</span></li>
<li class="quit">[<a href="#T01:12:49" id="T01:12:49"><abbr title="2016-02-04T01:12:49+00:00">01:12:49</abbr></a>] <span>* kaak (~kelledge@wsip-72-205-198-77.ks.ks.cox.net) Quit (Max SendQ exceeded)</span></li>
<li class="join">[<a href="#T01:13:42" id="T01:13:42"><abbr title="2016-02-04T01:13:42+00:00">01:13:42</abbr></a>] <span>* kaak (~kelledge@wsip-72-205-198-77.ks.ks.cox.net) has joined #beagle</span></li>
<li class="join">[<a href="#T01:14:57" id="T01:14:57"><abbr title="2016-02-04T01:14:57+00:00">01:14:57</abbr></a>] <span>* Ceriand|desktop (~Ceriand@unaffiliated/ceriand) has joined #beagle</span></li>
<li class="quit">[<a href="#T01:15:30" id="T01:15:30"><abbr title="2016-02-04T01:15:30+00:00">01:15:30</abbr></a>] <span>* mrjazzcat (~mrjazzcat@c-50-134-253-3.hsd1.co.comcast.net) Quit (Ping timeout: 245 seconds)</span></li>
<li class="quit">[<a href="#T01:19:17" id="T01:19:17"><abbr title="2016-02-04T01:19:17+00:00">01:19:17</abbr></a>] <span>* j12t (~j12t@c-50-136-206-246.hsd1.ca.comcast.net) Quit (Remote host closed the connection)</span></li>
<li class="quit">[<a href="#T01:19:32" id="T01:19:32"><abbr title="2016-02-04T01:19:32+00:00">01:19:32</abbr></a>] <span>* Bumsik (~Thunderbi@adm-129-49-101-58.wi-fi.stonybrook.edu) Quit (Ping timeout: 248 seconds)</span></li>
<li class="join">[<a href="#T01:19:45" id="T01:19:45"><abbr title="2016-02-04T01:19:45+00:00">01:19:45</abbr></a>] <span>* j12t (~j12t@c-50-136-206-246.hsd1.ca.comcast.net) has joined #beagle</span></li>
<li class="quit">[<a href="#T01:25:06" id="T01:25:06"><abbr title="2016-02-04T01:25:06+00:00">01:25:06</abbr></a>] <span>* kaak (~kelledge@wsip-72-205-198-77.ks.ks.cox.net) Quit (Ping timeout: 250 seconds)</span></li>
<li class="quit">[<a href="#T01:25:55" id="T01:25:55"><abbr title="2016-02-04T01:25:55+00:00">01:25:55</abbr></a>] <span>* IrishGringo (~chatzilla@2601:586:c200:6eaa:f83f:6782:9465:9503) Quit (Ping timeout: 260 seconds)</span></li>
<li class="quit">[<a href="#T01:26:35" id="T01:26:35"><abbr title="2016-02-04T01:26:35+00:00">01:26:35</abbr></a>] <span>* H-H-H (~H-H-H@host-92-7-34-23.as43234.net) Quit (Ping timeout: 240 seconds)</span></li>
<li class="quit">[<a href="#T01:30:34" id="T01:30:34"><abbr title="2016-02-04T01:30:34+00:00">01:30:34</abbr></a>] <span>* idwer (~irc@unaffiliated/idwer) Quit (Read error: Connection reset by peer)</span></li>
<li class="quit">[<a href="#T01:31:34" id="T01:31:34"><abbr title="2016-02-04T01:31:34+00:00">01:31:34</abbr></a>] <span>* marcheu (~marcheu@annarchy.freedesktop.org) Quit (Ping timeout: 250 seconds)</span></li>
<li class="join">[<a href="#T01:33:20" id="T01:33:20"><abbr title="2016-02-04T01:33:20+00:00">01:33:20</abbr></a>] <span>* marcheu (~marcheu@annarchy.freedesktop.org) has joined #beagle</span></li>
<li class="join">[<a href="#T01:34:26" id="T01:34:26"><abbr title="2016-02-04T01:34:26+00:00">01:34:26</abbr></a>] <span>* IrishGringo (~chatzilla@2601:586:c200:6eaa:f83f:6782:9465:9503) has joined #beagle</span></li>
<li class="join">[<a href="#T01:38:30" id="T01:38:30"><abbr title="2016-02-04T01:38:30+00:00">01:38:30</abbr></a>] <span>* kaak (~kelledge@wsip-72-205-198-77.ks.ks.cox.net) has joined #beagle</span></li>
<li class="quit">[<a href="#T01:38:44" id="T01:38:44"><abbr title="2016-02-04T01:38:44+00:00">01:38:44</abbr></a>] <span>* kaak (~kelledge@wsip-72-205-198-77.ks.ks.cox.net) Quit (Max SendQ exceeded)</span></li>
<li class="join">[<a href="#T01:39:04" id="T01:39:04"><abbr title="2016-02-04T01:39:04+00:00">01:39:04</abbr></a>] <span>* H-H-H (~H-H-H@host-92-15-41-205.as43234.net) has joined #beagle</span></li>
<li class="join">[<a href="#T01:42:23" id="T01:42:23"><abbr title="2016-02-04T01:42:23+00:00">01:42:23</abbr></a>] <span>* kaak (~kelledge@wsip-72-205-198-77.ks.ks.cox.net) has joined #beagle</span></li>
<li class="quit">[<a href="#T01:46:55" id="T01:46:55"><abbr title="2016-02-04T01:46:55+00:00">01:46:55</abbr></a>] <span>* kaak (~kelledge@wsip-72-205-198-77.ks.ks.cox.net) Quit (Ping timeout: 250 seconds)</span></li>
<li class="quit">[<a href="#T01:49:15" id="T01:49:15"><abbr title="2016-02-04T01:49:15+00:00">01:49:15</abbr></a>] <span>* IrishGringo (~chatzilla@2601:586:c200:6eaa:f83f:6782:9465:9503) Quit (Ping timeout: 260 seconds)</span></li>
<li class="join">[<a href="#T01:49:33" id="T01:49:33"><abbr title="2016-02-04T01:49:33+00:00">01:49:33</abbr></a>] <span>* kaak (~kelledge@wsip-72-205-198-77.ks.ks.cox.net) has joined #beagle</span></li>
<li class="quit">[<a href="#T01:56:15" id="T01:56:15"><abbr title="2016-02-04T01:56:15+00:00">01:56:15</abbr></a>] <span>* emeb (~ericb@ip68-2-68-52.ph.ph.cox.net) Quit (Quit: Leaving.)</span></li>
<li class="join">[<a href="#T01:57:17" id="T01:57:17"><abbr title="2016-02-04T01:57:17+00:00">01:57:17</abbr></a>] <span>* zauslande (~zauslande@66.53.82.179) has joined #beagle</span></li>
<li class="quit">[<a href="#T02:03:45" id="T02:03:45"><abbr title="2016-02-04T02:03:45+00:00">02:03:45</abbr></a>] <span>* weox (uid112413@gateway/web/irccloud.com/x-atbynphrkxhdyieu) Quit (Quit: Connection closed for inactivity)</span></li>
<li class="quit">[<a href="#T02:06:22" id="T02:06:22"><abbr title="2016-02-04T02:06:22+00:00">02:06:22</abbr></a>] <span>* Russ (foobar@pool-100-9-139-246.lsanca.fios.verizon.net) Quit (Ping timeout: 256 seconds)</span></li>
<li class="join">[<a href="#T02:07:11" id="T02:07:11"><abbr title="2016-02-04T02:07:11+00:00">02:07:11</abbr></a>] <span>* Russ (foobar@pool-100-9-139-246.lsanca.fios.verizon.net) has joined #beagle</span></li>
<li class="quit">[<a href="#T02:28:19" id="T02:28:19"><abbr title="2016-02-04T02:28:19+00:00">02:28:19</abbr></a>] <span>* H-H-H (~H-H-H@host-92-15-41-205.as43234.net) Quit (Quit: Leaving)</span></li>
<li class="join">[<a href="#T02:29:56" id="T02:29:56"><abbr title="2016-02-04T02:29:56+00:00">02:29:56</abbr></a>] <span>* mrjazzcat (~mrjazzcat@c-50-134-253-3.hsd1.co.comcast.net) has joined #beagle</span></li>
<li class="join">[<a href="#T02:40:56" id="T02:40:56"><abbr title="2016-02-04T02:40:56+00:00">02:40:56</abbr></a>] <span>* Humpelstilzchen (erik@f050163126.adsl.alicedsl.de) has joined #beagle</span></li>
<li class="quit">[<a href="#T02:41:46" id="T02:41:46"><abbr title="2016-02-04T02:41:46+00:00">02:41:46</abbr></a>] <span>* Defiant (~Defiant@f050167201.adsl.alicedsl.de) Quit (Ping timeout: 250 seconds)</span></li>
<li class="join">[<a href="#T02:42:16" id="T02:42:16"><abbr title="2016-02-04T02:42:16+00:00">02:42:16</abbr></a>] <span>* flo_lap (~fuchs@Maemo/community/contributor/florian) has joined #beagle</span></li>
<li class="quit">[<a href="#T02:45:51" id="T02:45:51"><abbr title="2016-02-04T02:45:51+00:00">02:45:51</abbr></a>] <span>* florian (~fuchs@Maemo/community/contributor/florian) Quit (Ping timeout: 250 seconds)</span></li>
<li class="join">[<a href="#T02:54:28" id="T02:54:28"><abbr title="2016-02-04T02:54:28+00:00">02:54:28</abbr></a>] <span>* Spirilis (~vmlinuz@c-73-135-253-127.hsd1.md.comcast.net) has joined #beagle</span></li>
<li class="join">[<a href="#T02:58:14" id="T02:58:14"><abbr title="2016-02-04T02:58:14+00:00">02:58:14</abbr></a>] <span>* isacdaavid (~isaac@189.166.211.17) has joined #beagle</span></li>
<li class="quit">[<a href="#T03:02:14" id="T03:02:14"><abbr title="2016-02-04T03:02:14+00:00">03:02:14</abbr></a>] <span>* victortyau (~victortya@190.123.228.251) Quit (Quit: Textual IRC Client: www.textualapp.com)</span></li>
<li class="quit">[<a href="#T03:12:35" id="T03:12:35"><abbr title="2016-02-04T03:12:35+00:00">03:12:35</abbr></a>] <span>* zauslande (~zauslande@66.53.82.179) Quit (Quit: ChatZilla 0.9.90.1 [Firefox 28.0/20140314220517])</span></li>
<li class="quit">[<a href="#T03:21:15" id="T03:21:15"><abbr title="2016-02-04T03:21:15+00:00">03:21:15</abbr></a>] <span>* j12t (~j12t@c-50-136-206-246.hsd1.ca.comcast.net) Quit (Remote host closed the connection)</span></li>
<li class="join">[<a href="#T03:21:33" id="T03:21:33"><abbr title="2016-02-04T03:21:33+00:00">03:21:33</abbr></a>] <span>* j12t (~j12t@c-50-136-206-246.hsd1.ca.comcast.net) has joined #beagle</span></li>
<li class="quit">[<a href="#T03:31:11" id="T03:31:11"><abbr title="2016-02-04T03:31:11+00:00">03:31:11</abbr></a>] <span>* twoten (~twoten@165.154.34.237) Quit (Ping timeout: 245 seconds)</span></li>
<li class="quit">[<a href="#T03:41:11" id="T03:41:11"><abbr title="2016-02-04T03:41:11+00:00">03:41:11</abbr></a>] <span>* demok (~okan@139.179.138.39) Quit (Ping timeout: 276 seconds)</span></li>
<li class="join">[<a href="#T03:54:58" id="T03:54:58"><abbr title="2016-02-04T03:54:58+00:00">03:54:58</abbr></a>] <span>* Bumsik (~Thunderbi@130.245.68.23) has joined #beagle</span></li>
<li class="message">[<a href="#T04:06:45" id="T04:06:45"><abbr title="2016-02-04T04:06:45+00:00">04:06:45</abbr></a>] &lt;<cite>zmatt</cite>&gt; <q>veremit: it's virtualization, not simulation :P</q></li>
<li class="message">[<a href="#T04:07:38" id="T04:07:38"><abbr title="2016-02-04T04:07:38+00:00">04:07:38</abbr></a>] &lt;<cite>zmatt</cite>&gt; <q>it could be useful to split the cpu between an RTOS and Linux</q></li>
<li class="message">[<a href="#T04:07:49" id="T04:07:49"><abbr title="2016-02-04T04:07:49+00:00">04:07:49</abbr></a>] &lt;<cite>zmatt</cite>&gt; <q>assuming the former isn't particularly RAM hungry</q></li>
<li class="message">[<a href="#T04:08:36" id="T04:08:36"><abbr title="2016-02-04T04:08:36+00:00">04:08:36</abbr></a>] &lt;<cite>CathyBlue</cite>&gt; <q>If that's what you want, use a hypervisor to run two hyper-processes, one an RTOS kernel, one Linux.</q></li>
<li class="message">[<a href="#T04:08:44" id="T04:08:44"><abbr title="2016-02-04T04:08:44+00:00">04:08:44</abbr></a>] &lt;<cite>zmatt</cite>&gt; <q>(TrustZone could be used for the same purpose, which is one of the reasons it pisses me off that TI renders it unusable)</q></li>
<li class="quit">[<a href="#T04:10:05" id="T04:10:05"><abbr title="2016-02-04T04:10:05+00:00">04:10:05</abbr></a>] <span>* richardpotthoff (~richardpo@c-50-182-239-203.hsd1.nj.comcast.net) Quit (Read error: Connection reset by peer)</span></li>
<li class="join">[<a href="#T04:10:35" id="T04:10:35"><abbr title="2016-02-04T04:10:35+00:00">04:10:35</abbr></a>] <span>* richardpotthoff (~richardpo@c-50-182-239-203.hsd1.nj.comcast.net) has joined #beagle</span></li>
<li class="join">[<a href="#T04:10:39" id="T04:10:39"><abbr title="2016-02-04T04:10:39+00:00">04:10:39</abbr></a>] <span>* nslu2-log_ (~nslu2-log@140.211.169.184) has joined #beaglebone</span></li>
<li class="join">[<abbr title="2016-02-04T04:10:39+00:00">04:10:39</abbr>] <span>* nslu2-log_ (~nslu2-log@140.211.169.184) has joined #beagle</span></li>
<li class="join">[<abbr title="2016-02-04T04:10:39+00:00">04:10:39</abbr>] <span>* nslu2-log_ (~nslu2-log@140.211.169.184) has joined #beagleboard</span></li>
<li class="quit">[<a href="#T04:11:36" id="T04:11:36"><abbr title="2016-02-04T04:11:36+00:00">04:11:36</abbr></a>] <span>* frv (~frv@coudon.miradou.com) Quit (Ping timeout: 260 seconds)</span></li>
<li class="quit">[<a href="#T04:11:37" id="T04:11:37"><abbr title="2016-02-04T04:11:37+00:00">04:11:37</abbr></a>] <span>* k3nt (sid19550@gateway/web/irccloud.com/x-ysfbzsdoktduyygi) Quit (Ping timeout: 260 seconds)</span></li>
<li class="quit">[<a href="#T04:12:11" id="T04:12:11"><abbr title="2016-02-04T04:12:11+00:00">04:12:11</abbr></a>] <span>* lilCodie (sid82653@gateway/web/irccloud.com/x-ewwpozmiqluxqrdy) Quit (Ping timeout: 260 seconds)</span></li>
<li class="quit">[<a href="#T04:12:12" id="T04:12:12"><abbr title="2016-02-04T04:12:12+00:00">04:12:12</abbr></a>] <span>* Miklas (~Miklas@2001:41d0:52:300::c19) Quit (Ping timeout: 260 seconds)</span></li>
<li class="join">[<a href="#T04:12:19" id="T04:12:19"><abbr title="2016-02-04T04:12:19+00:00">04:12:19</abbr></a>] <span>* mdp_ (sid49840@gateway/web/irccloud.com/x-rzcmcewewnqwqdcn) has joined #beagle</span></li>
<li class="quit">[<a href="#T04:12:47" id="T04:12:47"><abbr title="2016-02-04T04:12:47+00:00">04:12:47</abbr></a>] <span>* mdp (sid49840@gateway/web/irccloud.com/x-jnwcavazepfajdwd) Quit (Ping timeout: 260 seconds)</span></li>
<li class="quit">[<abbr title="2016-02-04T04:12:47+00:00">04:12:47</abbr>] <span>* ddrown (abob@vps3.drown.org) Quit (Ping timeout: 260 seconds)</span></li>
<li class="nick-change">[<a href="#T04:13:09" id="T04:13:09"><abbr title="2016-02-04T04:13:09+00:00">04:13:09</abbr></a>] <span>* mdp_ is now known as mdp</span></li>
<li class="quit">[<a href="#T04:13:22" id="T04:13:22"><abbr title="2016-02-04T04:13:22+00:00">04:13:22</abbr></a>] <span>* nslu2-log (~nslu2-log@140.211.169.184) Quit (Ping timeout: 260 seconds)</span></li>
<li class="quit">[<abbr title="2016-02-04T04:13:22+00:00">04:13:22</abbr>] <span>* souther (~souther@2605:6400:1:fed5:22:1ac:61c0:e24e) Quit (Ping timeout: 260 seconds)</span></li>
<li class="quit">[<abbr title="2016-02-04T04:13:22+00:00">04:13:22</abbr>] <span>* tbr (dm8tbr@mail.bfst.de) Quit (Ping timeout: 260 seconds)</span></li>
<li class="quit">[<abbr title="2016-02-04T04:13:22+00:00">04:13:22</abbr>] <span>* snow_bckspc (~snow_bcks@ganon.dot-server.net) Quit (Ping timeout: 260 seconds)</span></li>
<li class="quit">[<abbr title="2016-02-04T04:13:22+00:00">04:13:22</abbr>] <span>* [vaelen] (vaelen]@frobozzelectric.org) Quit (Ping timeout: 260 seconds)</span></li>
<li class="quit">[<abbr title="2016-02-04T04:13:22+00:00">04:13:22</abbr>] <span>* rah (rah@verain.settrans.net) Quit (Ping timeout: 260 seconds)</span></li>
<li class="quit">[<a href="#T04:13:23" id="T04:13:23"><abbr title="2016-02-04T04:13:23+00:00">04:13:23</abbr></a>] <span>* Tartarus (sid72705@gateway/web/irccloud.com/x-uyclcbcpjbmtixvw) Quit (Ping timeout: 260 seconds)</span></li>
<li class="quit">[<abbr title="2016-02-04T04:13:23+00:00">04:13:23</abbr>] <span>* rsalveti (sid117878@linaro/rsalveti) Quit (Ping timeout: 260 seconds)</span></li>
<li class="quit">[<abbr title="2016-02-04T04:13:23+00:00">04:13:23</abbr>] <span>* doppo (doppo@2604:180::e0fc:a07f) Quit (Ping timeout: 260 seconds)</span></li>
<li class="nick-change">[<a href="#T04:13:32" id="T04:13:32"><abbr title="2016-02-04T04:13:32+00:00">04:13:32</abbr></a>] <span>* nslu2-log_ is now known as nslu2-log</span></li>
<li class="quit">[<a href="#T04:13:56" id="T04:13:56"><abbr title="2016-02-04T04:13:56+00:00">04:13:56</abbr></a>] <span>* SebastianFlyte (~sebf@pool-173-79-110-127.washdc.fios.verizon.net) Quit (Ping timeout: 260 seconds)</span></li>
<li class="join">[<a href="#T04:14:03" id="T04:14:03"><abbr title="2016-02-04T04:14:03+00:00">04:14:03</abbr></a>] <span>* tbr (dm8tbr@mail.bfst.de) has joined #beagle</span></li>
<li class="join">[<a href="#T04:14:04" id="T04:14:04"><abbr title="2016-02-04T04:14:04+00:00">04:14:04</abbr></a>] <span>* rah (rah@verain.settrans.net) has joined #beagle</span></li>
<li class="join">[<a href="#T04:14:06" id="T04:14:06"><abbr title="2016-02-04T04:14:06+00:00">04:14:06</abbr></a>] <span>* frv (~frv@coudon.miradou.com) has joined #beagle</span></li>
<li class="join">[<a href="#T04:14:25" id="T04:14:25"><abbr title="2016-02-04T04:14:25+00:00">04:14:25</abbr></a>] <span>* [vaelen] (vaelen]@frobozzelectric.org) has joined #beagle</span></li>
<li class="join">[<a href="#T04:14:30" id="T04:14:30"><abbr title="2016-02-04T04:14:30+00:00">04:14:30</abbr></a>] <span>* souther (~souther@2605:6400:1:fed5:22:1ac:61c0:e24e) has joined #beaglebone</span></li>
<li class="join">[<abbr title="2016-02-04T04:14:30+00:00">04:14:30</abbr>] <span>* souther (~souther@2605:6400:1:fed5:22:1ac:61c0:e24e) has joined #beagleboard</span></li>
<li class="join">[<abbr title="2016-02-04T04:14:30+00:00">04:14:30</abbr>] <span>* souther (~souther@2605:6400:1:fed5:22:1ac:61c0:e24e) has joined #beagle</span></li>
<li class="quit">[<abbr title="2016-02-04T04:14:30+00:00">04:14:30</abbr>] <span>* das (~das@232.5.80.79.rev.sfr.net) Quit (Ping timeout: 260 seconds)</span></li>
<li class="quit">[<abbr title="2016-02-04T04:14:30+00:00">04:14:30</abbr>] <span>* Tonisius (~anthony@216.69.255.55) Quit (Ping timeout: 260 seconds)</span></li>
<li class="join">[<a href="#T04:14:40" id="T04:14:40"><abbr title="2016-02-04T04:14:40+00:00">04:14:40</abbr></a>] <span>* doppo (doppo@2604:180::e0fc:a07f) has joined #beaglebone</span></li>
<li class="join">[<abbr title="2016-02-04T04:14:40+00:00">04:14:40</abbr>] <span>* doppo (doppo@2604:180::e0fc:a07f) has joined #beagleboard</span></li>
<li class="join">[<abbr title="2016-02-04T04:14:40+00:00">04:14:40</abbr>] <span>* doppo (doppo@2604:180::e0fc:a07f) has joined #beagle</span></li>
<li class="join">[<abbr title="2016-02-04T04:14:40+00:00">04:14:40</abbr>] <span>* snow_bckspc (~snow_bcks@ganon.dot-server.net) has joined #beagle</span></li>
<li class="quit">[<a href="#T04:15:05" id="T04:15:05"><abbr title="2016-02-04T04:15:05+00:00">04:15:05</abbr></a>] <span>* djlewis (~bubba@adsl-65-64-30-13.dsl.ltrkar.swbell.net) Quit (Ping timeout: 260 seconds)</span></li>
<li class="join">[<a href="#T04:16:42" id="T04:16:42"><abbr title="2016-02-04T04:16:42+00:00">04:16:42</abbr></a>] <span>* nighty^__ (~cp@www.taiyolabs.com) has joined #beagle</span></li>
<li class="join">[<abbr title="2016-02-04T04:16:42+00:00">04:16:42</abbr>] <span>* nighty^__ (~cp@www.taiyolabs.com) has joined #beagleboard</span></li>
<li class="join">[<a href="#T04:17:01" id="T04:17:01"><abbr title="2016-02-04T04:17:01+00:00">04:17:01</abbr></a>] <span>* k3nt (sid19550@gateway/web/irccloud.com/x-qqxybutgyrbfndnc) has joined #beagle</span></li>
<li class="join">[<abbr title="2016-02-04T04:17:01+00:00">04:17:01</abbr>] <span>* k3nt (sid19550@gateway/web/irccloud.com/x-qqxybutgyrbfndnc) has joined #beaglebone</span></li>
<li class="join">[<a href="#T04:17:29" id="T04:17:29"><abbr title="2016-02-04T04:17:29+00:00">04:17:29</abbr></a>] <span>* Miklas (~Miklas@2001:41d0:52:300::c19) has joined #beagle</span></li>
<li class="join">[<a href="#T04:17:50" id="T04:17:50"><abbr title="2016-02-04T04:17:50+00:00">04:17:50</abbr></a>] <span>* ddrown (abob@vps3.drown.org) has joined #beagle</span></li>
<li class="join">[<a href="#T04:17:57" id="T04:17:57"><abbr title="2016-02-04T04:17:57+00:00">04:17:57</abbr></a>] <span>* rsalveti (sid117878@linaro/rsalveti) has joined #beagle</span></li>
<li class="join">[<a href="#T04:18:04" id="T04:18:04"><abbr title="2016-02-04T04:18:04+00:00">04:18:04</abbr></a>] <span>* Tartarus (sid72705@gateway/web/irccloud.com/x-lnahvpnvkmqtqjag) has joined #beagle</span></li>
<li class="join">[<a href="#T04:19:00" id="T04:19:00"><abbr title="2016-02-04T04:19:00+00:00">04:19:00</abbr></a>] <span>* lilCodie (sid82653@gateway/web/irccloud.com/x-odqvvhegjriunzwa) has joined #beagle</span></li>
<li class="quit">[<a href="#T04:19:08" id="T04:19:08"><abbr title="2016-02-04T04:19:08+00:00">04:19:08</abbr></a>] <span>* jsmith (~jsmith@fedora/jsmith) Quit (Ping timeout: 260 seconds)</span></li>
<li class="quit">[<abbr title="2016-02-04T04:19:08+00:00">04:19:08</abbr>] <span>* dogmatic69 (~me@164.177.154.223) Quit (Ping timeout: 260 seconds)</span></li>
<li class="quit">[<abbr title="2016-02-04T04:19:08+00:00">04:19:08</abbr>] <span>* nighty^_ (~cp@www.taiyolabs.com) Quit (Ping timeout: 260 seconds)</span></li>
<li class="quit">[<a href="#T04:19:09" id="T04:19:09"><abbr title="2016-02-04T04:19:09+00:00">04:19:09</abbr></a>] <span>* ketas (~ketas@229-211-191-90.dyn.estpak.ee) Quit (Read error: Connection reset by peer)</span></li>
<li class="quit">[<abbr title="2016-02-04T04:19:09+00:00">04:19:09</abbr>] <span>* Fleurety (~fleurety@static-ip-69-64-51-204.inaddr.ip-pool.com) Quit (Quit: Bah, stupid error messages.)</span></li>
<li class="quit">[<a href="#T04:19:14" id="T04:19:14"><abbr title="2016-02-04T04:19:14+00:00">04:19:14</abbr></a>] <span>* poffs (~poffs@46.174.191.25) Quit (Ping timeout: 263 seconds)</span></li>
<li class="quit">[<a href="#T04:19:15" id="T04:19:15"><abbr title="2016-02-04T04:19:15+00:00">04:19:15</abbr></a>] <span>* dgilmore (~dgilmore@fedora/dgilmore) Quit (Ping timeout: 263 seconds)</span></li>
<li class="quit">[<a href="#T04:19:45" id="T04:19:45"><abbr title="2016-02-04T04:19:45+00:00">04:19:45</abbr></a>] <span>* JRHaigh (~james@ps87731.dreamhost.com) Quit (Ping timeout: 260 seconds)</span></li>
<li class="quit">[<abbr title="2016-02-04T04:19:45+00:00">04:19:45</abbr>] <span>* nighty^ (~nighty@s229123.ppp.asahi-net.or.jp) Quit (Ping timeout: 260 seconds)</span></li>
<li class="join">[<a href="#T04:19:46" id="T04:19:46"><abbr title="2016-02-04T04:19:46+00:00">04:19:46</abbr></a>] <span>* poffs (~poffs@46.174.191.25) has joined #beagle</span></li>
<li class="join">[<a href="#T04:20:02" id="T04:20:02"><abbr title="2016-02-04T04:20:02+00:00">04:20:02</abbr></a>] <span>* dogmatic69 (~me@164.177.154.223) has joined #beagle</span></li>
<li class="join">[<a href="#T04:20:21" id="T04:20:21"><abbr title="2016-02-04T04:20:21+00:00">04:20:21</abbr></a>] <span>* djlewis (~bubba@adsl-65-64-30-13.dsl.ltrkar.swbell.net) has joined #beagle</span></li>
<li class="join">[<a href="#T04:20:23" id="T04:20:23"><abbr title="2016-02-04T04:20:23+00:00">04:20:23</abbr></a>] <span>* jsmith (~jsmith@64.34.196.246) has joined #beagle</span></li>
<li class="quit">[<a href="#T04:20:30" id="T04:20:30"><abbr title="2016-02-04T04:20:30+00:00">04:20:30</abbr></a>] <span>* jsmith (~jsmith@64.34.196.246) Quit (Changing host)</span></li>
<li class="join">[<abbr title="2016-02-04T04:20:30+00:00">04:20:30</abbr>] <span>* jsmith (~jsmith@fedora/jsmith) has joined #beagle</span></li>
<li class="join">[<a href="#T04:20:37" id="T04:20:37"><abbr title="2016-02-04T04:20:37+00:00">04:20:37</abbr></a>] <span>* JRHaigh (~james@ps87731.dreamhost.com) has joined #beagle</span></li>
<li class="join">[<a href="#T04:20:41" id="T04:20:41"><abbr title="2016-02-04T04:20:41+00:00">04:20:41</abbr></a>] <span>* Tonisius (~anthony@216.69.255.55) has joined #beagle</span></li>
<li class="join">[<a href="#T04:20:42" id="T04:20:42"><abbr title="2016-02-04T04:20:42+00:00">04:20:42</abbr></a>] <span>* SebastianFlyte (~sebf@pool-173-79-110-127.washdc.fios.verizon.net) has joined #beaglebone</span></li>
<li class="join">[<a href="#T04:20:47" id="T04:20:47"><abbr title="2016-02-04T04:20:47+00:00">04:20:47</abbr></a>] <span>* dgilmore (~dgilmore@fedora/dgilmore) has joined #beagle</span></li>
<li class="join">[<a href="#T04:21:32" id="T04:21:32"><abbr title="2016-02-04T04:21:32+00:00">04:21:32</abbr></a>] <span>* nighty^ (~nighty@s229123.ppp.asahi-net.or.jp) has joined #beagleboard</span></li>
<li class="join">[<a href="#T04:21:39" id="T04:21:39"><abbr title="2016-02-04T04:21:39+00:00">04:21:39</abbr></a>] <span>* Fleurety (~fleurety@static-ip-69-64-51-204.inaddr.ip-pool.com) has joined #beagle</span></li>
<li class="join">[<a href="#T04:22:12" id="T04:22:12"><abbr title="2016-02-04T04:22:12+00:00">04:22:12</abbr></a>] <span>* das (~das@79.80.5.232) has joined #beagle</span></li>
<li class="join">[<a href="#T04:28:25" id="T04:28:25"><abbr title="2016-02-04T04:28:25+00:00">04:28:25</abbr></a>] <span>* ketas (~ketas@229-211-191-90.dyn.estpak.ee) has joined #beaglebone</span></li>
<li class="join">[<abbr title="2016-02-04T04:28:25+00:00">04:28:25</abbr>] <span>* ketas (~ketas@229-211-191-90.dyn.estpak.ee) has joined #beagle</span></li>
<li class="join">[<a href="#T04:34:16" id="T04:34:16"><abbr title="2016-02-04T04:34:16+00:00">04:34:16</abbr></a>] <span>* vagrantc (~vagrant@unaffiliated/vagrantc) has joined #beagle</span></li>
<li class="part">[<a href="#T04:37:00" id="T04:37:00"><abbr title="2016-02-04T04:37:00+00:00">04:37:00</abbr></a>] <span>* poffs (~poffs@46.174.191.25) has left #beagle</span></li>
<li class="join">[<a href="#T04:53:05" id="T04:53:05"><abbr title="2016-02-04T04:53:05+00:00">04:53:05</abbr></a>] <span>* divine (~divine@2001:470:8247:1::42) has joined #beaglebone</span></li>
<li class="join">[<a href="#T05:08:36" id="T05:08:36"><abbr title="2016-02-04T05:08:36+00:00">05:08:36</abbr></a>] <span>* Bumsik1 (~Thunderbi@130.245.68.23) has joined #beagle</span></li>
<li class="join">[<a href="#T05:08:47" id="T05:08:47"><abbr title="2016-02-04T05:08:47+00:00">05:08:47</abbr></a>] <span>* Sandhya (~schmid@2a02:8070:a192:2f00:226:5aff:febc:ce5f) has joined #beagle</span></li>
<li class="quit">[<a href="#T05:10:18" id="T05:10:18"><abbr title="2016-02-04T05:10:18+00:00">05:10:18</abbr></a>] <span>* Bumsik (~Thunderbi@130.245.68.23) Quit (Ping timeout: 252 seconds)</span></li>
<li class="nick-change">[<abbr title="2016-02-04T05:10:18+00:00">05:10:18</abbr>] <span>* Bumsik1 is now known as Bumsik</span></li>
<li class="quit">[<a href="#T05:13:10" id="T05:13:10"><abbr title="2016-02-04T05:13:10+00:00">05:13:10</abbr></a>] <span>* isacdaavid (~isaac@189.166.211.17) Quit (Quit: isacdaavid)</span></li>
<li class="join">[<a href="#T05:25:27" id="T05:25:27"><abbr title="2016-02-04T05:25:27+00:00">05:25:27</abbr></a>] <span>* skhreze (~debian@ip-5-172-247-243.free.aero2.net.pl) has joined #beagle</span></li>
<li class="quit">[<a href="#T05:28:18" id="T05:28:18"><abbr title="2016-02-04T05:28:18+00:00">05:28:18</abbr></a>] <span>* mrjazzcat (~mrjazzcat@c-50-134-253-3.hsd1.co.comcast.net) Quit (Quit: Leaving)</span></li>
<li class="join">[<a href="#T05:40:39" id="T05:40:39"><abbr title="2016-02-04T05:40:39+00:00">05:40:39</abbr></a>] <span>* poffs (~poffs@46.174.191.25) has joined #beagle</span></li>
<li class="quit">[<a href="#T05:42:55" id="T05:42:55"><abbr title="2016-02-04T05:42:55+00:00">05:42:55</abbr></a>] <span>* nighty^ (~nighty@s229123.ppp.asahi-net.or.jp) Quit (Quit: Disappears in a puff of smoke)</span></li>
<li class="quit">[<a href="#T05:45:06" id="T05:45:06"><abbr title="2016-02-04T05:45:06+00:00">05:45:06</abbr></a>] <span>* skhreze (~debian@ip-5-172-247-243.free.aero2.net.pl) Quit (Ping timeout: 256 seconds)</span></li>
<li class="quit">[<a href="#T05:50:44" id="T05:50:44"><abbr title="2016-02-04T05:50:44+00:00">05:50:44</abbr></a>] <span>* av500 (~av500@b2b-46-252-131-98.unitymedia.biz) Quit (Remote host closed the connection)</span></li>
<li class="join">[<a href="#T06:06:23" id="T06:06:23"><abbr title="2016-02-04T06:06:23+00:00">06:06:23</abbr></a>] <span>* nighty^ (~nighty@s229123.ppp.asahi-net.or.jp) has joined #beagleboard</span></li>
<li class="join">[<a href="#T06:12:15" id="T06:12:15"><abbr title="2016-02-04T06:12:15+00:00">06:12:15</abbr></a>] <span>* av500 (~av500@b2b-46-252-131-98.unitymedia.biz) has joined #beagle</span></li>
<li class="mode">[<abbr title="2016-02-04T06:12:15+00:00">06:12:15</abbr>] <span>* ChanServ sets mode +o av500</span></li>
<li class="join">[<a href="#T06:13:10" id="T06:13:10"><abbr title="2016-02-04T06:13:10+00:00">06:13:10</abbr></a>] <span>* BennyB_ (~heldb@host-88-217-198-167.customer.m-online.net) has joined #beagle</span></li>
<li class="join">[<a href="#T06:42:30" id="T06:42:30"><abbr title="2016-02-04T06:42:30+00:00">06:42:30</abbr></a>] <span>* citylight2 (~me@IGLD-80-230-57-37.inter.net.il) has joined #beagle</span></li>
<li class="quit">[<a href="#T06:43:21" id="T06:43:21"><abbr title="2016-02-04T06:43:21+00:00">06:43:21</abbr></a>] <span>* flo_lap (~fuchs@Maemo/community/contributor/florian) Quit (Ping timeout: 240 seconds)</span></li>
<li class="quit">[<a href="#T06:47:32" id="T06:47:32"><abbr title="2016-02-04T06:47:32+00:00">06:47:32</abbr></a>] <span>* citylight2 (~me@IGLD-80-230-57-37.inter.net.il) Quit (Ping timeout: 248 seconds)</span></li>
<li class="join">[<a href="#T06:49:05" id="T06:49:05"><abbr title="2016-02-04T06:49:05+00:00">06:49:05</abbr></a>] <span>* flo_lap (~fuchs@Maemo/community/contributor/florian) has joined #beagle</span></li>
