<li class="join">[<a href="#T00:00:49" id="T00:00:49"><abbr title="2016-01-30T00:00:49+00:00">00:00:49</abbr></a>] <span>* BeagleBot (~PircBot@ec2-50-17-196-130.compute-1.amazonaws.com) has joined #beagle</span></li>
<li class="topic">[<abbr title="2016-01-30T00:00:49+00:00">00:00:49</abbr>] <span>* Topic is '<a href="http://beagleboard.org/chat">http://beagleboard.org/chat</a> has a guide on how to ask questions and links to the logs | never ask to ask, just ask | be patient | pastebin a boot log | <a href="http://ahsoftware.de/Beaglebone_Black_Boot_explained.svg">http://ahsoftware.de/Beaglebone_Black_Boot_explained.svg</a> | <a href="http://beagleboard.org/latest-images">http://beagleboard.org/latest-images</a> | <a href="http://beagleboard.org/Support/bone101">http://beagleboard.org/Support/bone101</a> | direct bonescript/node.js questions to #beagle-bonescript | books: <a href="http://bit.ly/bbb-books'">http://bit.ly/bbb-books'</a></span></li>
<li class="topic">[<abbr title="2016-01-30T00:00:49+00:00">00:00:49</abbr>] <span>* Set by KotH!~attila@erica.kinali.ch on Wed Jul 15 13:55:07 UTC 2015</span></li>
<li class="join">[<abbr title="2016-01-30T00:00:49+00:00">00:00:49</abbr>] <span>* BeagleBot (~PircBot@ec2-50-17-196-130.compute-1.amazonaws.com) has joined #beagleboard</span></li>
<li class="join">[<abbr title="2016-01-30T00:00:49+00:00">00:00:49</abbr>] <span>* BeagleBot (~PircBot@ec2-50-17-196-130.compute-1.amazonaws.com) has joined #beaglebone</span></li>
<li class="join">[<a href="#T00:01:01" id="T00:01:01"><abbr title="2016-01-30T00:01:01+00:00">00:01:01</abbr></a>] <span>* bizarro_1 (~bizarro_1@61.Red-81-37-212.dynamicIP.rima-tde.net) has joined #beagle</span></li>
<li class="join">[<a href="#T00:03:26" id="T00:03:26"><abbr title="2016-01-30T00:03:26+00:00">00:03:26</abbr></a>] <span>* eyck (~eyck@u28n61.nowanet.pl) has joined #beagle</span></li>
<li class="join">[<a href="#T00:04:22" id="T00:04:22"><abbr title="2016-01-30T00:04:22+00:00">00:04:22</abbr></a>] <span>* bfederau (~quassel@service.basyskom.com) has joined #beagle</span></li>
<li class="join">[<a href="#T00:12:37" id="T00:12:37"><abbr title="2016-01-30T00:12:37+00:00">00:12:37</abbr></a>] <span>* somazero (~somazero@ip72-198-38-197.ok.ok.cox.net) has joined #beagle</span></li>
<li class="quit">[<a href="#T00:12:55" id="T00:12:55"><abbr title="2016-01-30T00:12:55+00:00">00:12:55</abbr></a>] <span>* mrjazzcat (~mrjazzcat@c-50-134-253-3.hsd1.co.comcast.net) Quit (Ping timeout: 260 seconds)</span></li>
<li class="quit">[<a href="#T00:15:00" id="T00:15:00"><abbr title="2016-01-30T00:15:00+00:00">00:15:00</abbr></a>] <span>* TheoMurpse (~TheoMurps@cpe-72-191-48-158.satx.res.rr.com) Quit (Quit: This computer has gone to sleep)</span></li>
<li class="quit">[<a href="#T00:16:42" id="T00:16:42"><abbr title="2016-01-30T00:16:42+00:00">00:16:42</abbr></a>] <span>* tomeff (~tomeff@ip-94-112-0-81.net.upcbroadband.cz) Quit (Quit: tomeff)</span></li>
<li class="quit">[<a href="#T00:20:22" id="T00:20:22"><abbr title="2016-01-30T00:20:22+00:00">00:20:22</abbr></a>] <span>* somazero (~somazero@ip72-198-38-197.ok.ok.cox.net) Quit (Quit: Leaving)</span></li>
<li class="quit">[<a href="#T00:27:08" id="T00:27:08"><abbr title="2016-01-30T00:27:08+00:00">00:27:08</abbr></a>] <span>* Fleurety (~fleurety@static-ip-69-64-51-204.inaddr.ip-pool.com) Quit (Ping timeout: 256 seconds)</span></li>
<li class="join">[<a href="#T00:28:34" id="T00:28:34"><abbr title="2016-01-30T00:28:34+00:00">00:28:34</abbr></a>] <span>* pmezydlo (5947b13d@gateway/web/freenode/ip.89.71.177.61) has joined #beagle</span></li>
<li class="join">[<a href="#T00:33:36" id="T00:33:36"><abbr title="2016-01-30T00:33:36+00:00">00:33:36</abbr></a>] <span>* Fleurety (~fleurety@static-ip-69-64-51-204.inaddr.ip-pool.com) has joined #beagle</span></li>
<li class="quit">[<a href="#T00:37:09" id="T00:37:09"><abbr title="2016-01-30T00:37:09+00:00">00:37:09</abbr></a>] <span>* pmezydlo (5947b13d@gateway/web/freenode/ip.89.71.177.61) Quit (Ping timeout: 252 seconds)</span></li>
<li class="join">[<a href="#T00:44:02" id="T00:44:02"><abbr title="2016-01-30T00:44:02+00:00">00:44:02</abbr></a>] <span>* R4Z_ (63e87153@gateway/web/freenode/ip.99.232.113.83) has joined #beagle</span></li>
<li class="message">[<a href="#T00:46:10" id="T00:46:10"><abbr title="2016-01-30T00:46:10+00:00">00:46:10</abbr></a>] &lt;<cite>R4Z_</cite>&gt; <q>hi...wondering if anyone has any experience with USB sound cards? I am having trouble with getting mine working. aplay -l returns 'no soundcards found', but the sound card is present in /proc/asound/</q></li>
<li class="join">[<a href="#T00:55:23" id="T00:55:23"><abbr title="2016-01-30T00:55:23+00:00">00:55:23</abbr></a>] <span>* Chrille_ (~chrille@2001:6c8:130:500::81) has joined #beagle</span></li>
<li class="join">[<a href="#T00:55:34" id="T00:55:34"><abbr title="2016-01-30T00:55:34+00:00">00:55:34</abbr></a>] <span>* ayjay (~ajp@104.167.135.186) has joined #beagle</span></li>
<li class="join">[<a href="#T00:56:01" id="T00:56:01"><abbr title="2016-01-30T00:56:01+00:00">00:56:01</abbr></a>] <span>* cc0_1 (~cc0_@c-174-53-187-122.hsd1.mn.comcast.net) has joined #beagle</span></li>
<li class="join">[<a href="#T00:58:19" id="T00:58:19"><abbr title="2016-01-30T00:58:19+00:00">00:58:19</abbr></a>] <span>* tbr_ (dm8tbr@mail.bfst.de) has joined #beagle</span></li>
<li class="join">[<a href="#T00:58:43" id="T00:58:43"><abbr title="2016-01-30T00:58:43+00:00">00:58:43</abbr></a>] <span>* EvilTelephone_ (sid83757@gateway/web/irccloud.com/x-ioasabfgquwdhqba) has joined #beagle</span></li>
<li class="join">[<a href="#T00:59:18" id="T00:59:18"><abbr title="2016-01-30T00:59:18+00:00">00:59:18</abbr></a>] <span>* Barlow_ (~barlow@53577F27.cm-6-8b.dynamic.ziggo.nl) has joined #beagle</span></li>
<li class="join">[<abbr title="2016-01-30T00:59:18+00:00">00:59:18</abbr>] <span>* comboy_ (~quassel@tesuji.pl) has joined #beaglebone</span></li>
<li class="join">[<a href="#T00:59:19" id="T00:59:19"><abbr title="2016-01-30T00:59:19+00:00">00:59:19</abbr></a>] <span>* Spid|Fos1em (~spider@vpn.takeit.se) has joined #beagle</span></li>
<li class="join">[<a href="#T00:59:31" id="T00:59:31"><abbr title="2016-01-30T00:59:31+00:00">00:59:31</abbr></a>] <span>* uwe__ (~uwe_@ipservice-092-217-104-021.092.217.pools.vodafone-ip.de) has joined #beagle</span></li>
<li class="join">[<a href="#T00:59:44" id="T00:59:44"><abbr title="2016-01-30T00:59:44+00:00">00:59:44</abbr></a>] <span>* ft_ (~ft@shell.chaostreff-dortmund.de) has joined #beagle</span></li>
<li class="join">[<a href="#T00:59:47" id="T00:59:47"><abbr title="2016-01-30T00:59:47+00:00">00:59:47</abbr></a>] <span>* Ariadeno (~Ariadeno@199.175.50.37) has joined #beagle</span></li>
