<li class="join">[<a href="#T00:00:33" id="T00:00:33"><abbr title="2016-01-27T00:00:33+00:00">00:00:33</abbr></a>] <span>* BeagleBot (~PircBot@ec2-50-17-196-130.compute-1.amazonaws.com) has joined #beagle</span></li>
<li class="topic">[<abbr title="2016-01-27T00:00:33+00:00">00:00:33</abbr>] <span>* Topic is '<a href="http://beagleboard.org/chat">http://beagleboard.org/chat</a> has a guide on how to ask questions and links to the logs | never ask to ask, just ask | be patient | pastebin a boot log | <a href="http://ahsoftware.de/Beaglebone_Black_Boot_explained.svg">http://ahsoftware.de/Beaglebone_Black_Boot_explained.svg</a> | <a href="http://beagleboard.org/latest-images">http://beagleboard.org/latest-images</a> | <a href="http://beagleboard.org/Support/bone101">http://beagleboard.org/Support/bone101</a> | direct bonescript/node.js questions to #beagle-bonescript | books: <a href="http://bit.ly/bbb-books'">http://bit.ly/bbb-books'</a></span></li>
<li class="topic">[<abbr title="2016-01-27T00:00:33+00:00">00:00:33</abbr>] <span>* Set by KotH!~attila@erica.kinali.ch on Wed Jul 15 13:55:07 UTC 2015</span></li>
<li class="join">[<abbr title="2016-01-27T00:00:33+00:00">00:00:33</abbr>] <span>* BeagleBot (~PircBot@ec2-50-17-196-130.compute-1.amazonaws.com) has joined #beagleboard</span></li>
<li class="join">[<abbr title="2016-01-27T00:00:33+00:00">00:00:33</abbr>] <span>* BeagleBot (~PircBot@ec2-50-17-196-130.compute-1.amazonaws.com) has joined #beaglebone</span></li>
<li class="quit">[<a href="#T00:03:32" id="T00:03:32"><abbr title="2016-01-27T00:03:32+00:00">00:03:32</abbr></a>] <span>* tomeff (~tomeff@ip-94-112-0-81.net.upcbroadband.cz) Quit (Quit: tomeff)</span></li>
<li class="quit">[<a href="#T00:09:37" id="T00:09:37"><abbr title="2016-01-27T00:09:37+00:00">00:09:37</abbr></a>] <span>* riddle (riddle@us.yunix.net) Quit (Ping timeout: 265 seconds)</span></li>
<li class="quit">[<a href="#T00:18:50" id="T00:18:50"><abbr title="2016-01-27T00:18:50+00:00">00:18:50</abbr></a>] <span>* florian (~fuchs@Maemo/community/contributor/florian) Quit (Ping timeout: 245 seconds)</span></li>
<li class="quit">[<a href="#T00:20:08" id="T00:20:08"><abbr title="2016-01-27T00:20:08+00:00">00:20:08</abbr></a>] <span>* riotz (~riotz@unaffiliated/riotz) Quit (Ping timeout: 240 seconds)</span></li>
<li class="quit">[<abbr title="2016-01-27T00:20:08+00:00">00:20:08</abbr>] <span>* nemunaire (~nemunaire@ra.nemunai.re) Quit (Ping timeout: 240 seconds)</span></li>
<li class="join">[<a href="#T00:20:48" id="T00:20:48"><abbr title="2016-01-27T00:20:48+00:00">00:20:48</abbr></a>] <span>* nemunaire (~nemunaire@2a01:e35:8bb7:3c60::a) has joined #beagle</span></li>
<li class="join">[<a href="#T00:21:07" id="T00:21:07"><abbr title="2016-01-27T00:21:07+00:00">00:21:07</abbr></a>] <span>* Bumsik (~Thunderbi@nat-130-245-194-237.resnet.stonybrook.edu) has joined #beagle</span></li>
<li class="join">[<a href="#T00:22:15" id="T00:22:15"><abbr title="2016-01-27T00:22:15+00:00">00:22:15</abbr></a>] <span>* riotz (~riotz@unaffiliated/riotz) has joined #beagle</span></li>
<li class="quit">[<a href="#T00:26:56" id="T00:26:56"><abbr title="2016-01-27T00:26:56+00:00">00:26:56</abbr></a>] <span>* eliasbakken (~elias@195.159.204.146) Quit (Ping timeout: 250 seconds)</span></li>
<li class="quit">[<a href="#T00:32:36" id="T00:32:36"><abbr title="2016-01-27T00:32:36+00:00">00:32:36</abbr></a>] <span>* hanspeter (5b2b14bd@gateway/web/cgi-irc/kiwiirc.com/ip.91.43.20.189) Quit (Quit: <a href="http://www.kiwiirc.com/">http://www.kiwiirc.com/</a> - A hand crafted IRC client)</span></li>
<li class="quit">[<a href="#T00:34:11" id="T00:34:11"><abbr title="2016-01-27T00:34:11+00:00">00:34:11</abbr></a>] <span>* Bumsik (~Thunderbi@nat-130-245-194-237.resnet.stonybrook.edu) Quit (Quit: Bumsik)</span></li>
<li class="join">[<a href="#T00:37:30" id="T00:37:30"><abbr title="2016-01-27T00:37:30+00:00">00:37:30</abbr></a>] <span>* NishanthMenon (~nmenon@pool-71-170-113-211.dllstx.fios.verizon.net) has joined #beagle</span></li>
<li class="quit">[<abbr title="2016-01-27T00:37:30+00:00">00:37:30</abbr>] <span>* NishanthMenon (~nmenon@pool-71-170-113-211.dllstx.fios.verizon.net) Quit (Changing host)</span></li>
<li class="join">[<abbr title="2016-01-27T00:37:30+00:00">00:37:30</abbr>] <span>* NishanthMenon (~nmenon@unaffiliated/nishanthmenon) has joined #beagle</span></li>
<li class="quit">[<a href="#T00:38:12" id="T00:38:12"><abbr title="2016-01-27T00:38:12+00:00">00:38:12</abbr></a>] <span>* Zephyr1138 (~wasinger@67-6-216-122.hlrn.qwest.net) Quit (Ping timeout: 256 seconds)</span></li>
<li class="quit">[<a href="#T00:43:05" id="T00:43:05"><abbr title="2016-01-27T00:43:05+00:00">00:43:05</abbr></a>] <span>* jzaw (~jzaw@loki.dzki.co.uk) Quit (Ping timeout: 260 seconds)</span></li>
<li class="quit">[<a href="#T00:43:26" id="T00:43:26"><abbr title="2016-01-27T00:43:26+00:00">00:43:26</abbr></a>] <span>* NishanthMenon (~nmenon@unaffiliated/nishanthmenon) Quit (Quit: Never look down on someone unless you're helping them up.)</span></li>
<li class="join">[<a href="#T00:50:40" id="T00:50:40"><abbr title="2016-01-27T00:50:40+00:00">00:50:40</abbr></a>] <span>* Zephyr1138 (~wasinger@67-6-216-122.hlrn.qwest.net) has joined #beaglebone</span></li>
<li class="join">[<a href="#T00:51:55" id="T00:51:55"><abbr title="2016-01-27T00:51:55+00:00">00:51:55</abbr></a>] <span>* jzaw (~jzaw@loki.dzki.co.uk) has joined #beagle</span></li>
<li class="quit">[<a href="#T00:56:50" id="T00:56:50"><abbr title="2016-01-27T00:56:50+00:00">00:56:50</abbr></a>] <span>* jzaw (~jzaw@loki.dzki.co.uk) Quit (Ping timeout: 250 seconds)</span></li>
<li class="join">[<a href="#T00:57:01" id="T00:57:01"><abbr title="2016-01-27T00:57:01+00:00">00:57:01</abbr></a>] <span>* Bumsik (~Thunderbi@130.245.72.134) has joined #beagle</span></li>
<li class="quit">[<a href="#T00:59:50" id="T00:59:50"><abbr title="2016-01-27T00:59:50+00:00">00:59:50</abbr></a>] <span>* darkfader (~darkfader@ip3e8346be.speed.planet.nl) Quit (Quit: Read error: Connection reset by peer)</span></li>
<li class="join">[<a href="#T01:01:06" id="T01:01:06"><abbr title="2016-01-27T01:01:06+00:00">01:01:06</abbr></a>] <span>* Russ (~russ@67.159.191.98) has joined #beagle</span></li>
<li class="quit">[<a href="#T01:05:33" id="T01:05:33"><abbr title="2016-01-27T01:05:33+00:00">01:05:33</abbr></a>] <span>* yates (~user@nc-71-51-249-15.dhcp.embarqhsd.net) Quit (Quit: rcirc on GNU Emacs 24.5.1)</span></li>
<li class="join">[<a href="#T01:22:44" id="T01:22:44"><abbr title="2016-01-27T01:22:44+00:00">01:22:44</abbr></a>] <span>* thaolx (~newhanoia@123.16.123.207) has joined #beagle</span></li>
<li class="join">[<a href="#T01:25:13" id="T01:25:13"><abbr title="2016-01-27T01:25:13+00:00">01:25:13</abbr></a>] <span>* idwer_ (~irc@unaffiliated/idwer) has joined #beagle</span></li>
<li class="quit">[<a href="#T01:25:21" id="T01:25:21"><abbr title="2016-01-27T01:25:21+00:00">01:25:21</abbr></a>] <span>* Bumsik (~Thunderbi@130.245.72.134) Quit (Quit: Bumsik)</span></li>
<li class="quit">[<a href="#T01:27:35" id="T01:27:35"><abbr title="2016-01-27T01:27:35+00:00">01:27:35</abbr></a>] <span>* idwer (~irc@unaffiliated/idwer) Quit (Ping timeout: 245 seconds)</span></li>
<li class="quit">[<a href="#T01:35:47" id="T01:35:47"><abbr title="2016-01-27T01:35:47+00:00">01:35:47</abbr></a>] <span>* istvan (~istvan@cpe-74-67-209-64.twcny.res.rr.com) Quit (Ping timeout: 276 seconds)</span></li>
<li class="quit">[<a href="#T01:37:26" id="T01:37:26"><abbr title="2016-01-27T01:37:26+00:00">01:37:26</abbr></a>] <span>* ubap (~ubap@89-71-188-226.dynamic.chello.pl) Quit (Ping timeout: 240 seconds)</span></li>
<li class="join">[<a href="#T01:37:37" id="T01:37:37"><abbr title="2016-01-27T01:37:37+00:00">01:37:37</abbr></a>] <span>* dgerlach1 (dgerlach@nat/ti/x-eysqzbctyroavdud) has joined #beagle</span></li>
<li class="quit">[<a href="#T01:38:56" id="T01:38:56"><abbr title="2016-01-27T01:38:56+00:00">01:38:56</abbr></a>] <span>* Russ (~russ@67.159.191.98) Quit (Ping timeout: 240 seconds)</span></li>
<li class="join">[<a href="#T01:41:05" id="T01:41:05"><abbr title="2016-01-27T01:41:05+00:00">01:41:05</abbr></a>] <span>* Bumsik (~Thunderbi@adm-129-49-101-3.wi-fi.stonybrook.edu) has joined #beagle</span></li>
<li class="quit">[<a href="#T01:41:07" id="T01:41:07"><abbr title="2016-01-27T01:41:07+00:00">01:41:07</abbr></a>] <span>* emeb (~ericb@ip68-2-68-52.ph.ph.cox.net) Quit (Quit: Leaving.)</span></li>
<li class="join">[<a href="#T01:45:08" id="T01:45:08"><abbr title="2016-01-27T01:45:08+00:00">01:45:08</abbr></a>] <span>* ipmonger_ (~IPmonger@c-73-13-60-110.hsd1.pa.comcast.net) has joined #beagle</span></li>
<li class="nick-change">[<a href="#T01:48:21" id="T01:48:21"><abbr title="2016-01-27T01:48:21+00:00">01:48:21</abbr></a>] <span>* JamesJRH is now known as JRHaigh</span></li>
<li class="nick-change">[<a href="#T01:49:28" id="T01:49:28"><abbr title="2016-01-27T01:49:28+00:00">01:49:28</abbr></a>] <span>* idwer_ is now known as idwer</span></li>
<li class="quit">[<a href="#T01:52:34" id="T01:52:34"><abbr title="2016-01-27T01:52:34+00:00">01:52:34</abbr></a>] <span>* ipmonger_ (~IPmonger@c-73-13-60-110.hsd1.pa.comcast.net) Quit (Remote host closed the connection)</span></li>
<li class="join">[<a href="#T01:54:04" id="T01:54:04"><abbr title="2016-01-27T01:54:04+00:00">01:54:04</abbr></a>] <span>* IPmonger (~IPmonger@2601:41:c401:1c59:d134:b59e:9bd3:5d8c) has joined #beagle</span></li>
<li class="quit">[<a href="#T01:55:21" id="T01:55:21"><abbr title="2016-01-27T01:55:21+00:00">01:55:21</abbr></a>] <span>* j12t (~j12t@c-50-136-206-246.hsd1.ca.comcast.net) Quit (Remote host closed the connection)</span></li>
<li class="join">[<a href="#T01:55:55" id="T01:55:55"><abbr title="2016-01-27T01:55:55+00:00">01:55:55</abbr></a>] <span>* j12t (~j12t@c-50-136-206-246.hsd1.ca.comcast.net) has joined #beagle</span></li>
<li class="join">[<a href="#T01:57:01" id="T01:57:01"><abbr title="2016-01-27T01:57:01+00:00">01:57:01</abbr></a>] <span>* jzaw (~jzaw@loki.dzki.co.uk) has joined #beagle</span></li>
<li class="join">[<a href="#T01:59:27" id="T01:59:27"><abbr title="2016-01-27T01:59:27+00:00">01:59:27</abbr></a>] <span>* dlech (~dlech@108-198-5-147.lightspeed.okcbok.sbcglobal.net) has joined #beagle</span></li>
<li class="nick-change">[<a href="#T01:59:50" id="T01:59:50"><abbr title="2016-01-27T01:59:50+00:00">01:59:50</abbr></a>] <span>* IPmonger is now known as _IPmonger_</span></li>
