<li class="join">[<a href="#T00:00:27" id="T00:00:27"><abbr title="2016-02-01T00:00:27+00:00">00:00:27</abbr></a>] <span>* BeagleBot (~PircBot@ec2-50-17-196-130.compute-1.amazonaws.com) has joined #beagle</span></li>
<li class="topic">[<abbr title="2016-02-01T00:00:27+00:00">00:00:27</abbr>] <span>* Topic is '<a href="http://beagleboard.org/chat">http://beagleboard.org/chat</a> has a guide on how to ask questions and links to the logs | never ask to ask, just ask | be patient | pastebin a boot log | <a href="http://ahsoftware.de/Beaglebone_Black_Boot_explained.svg">http://ahsoftware.de/Beaglebone_Black_Boot_explained.svg</a> | <a href="http://beagleboard.org/latest-images">http://beagleboard.org/latest-images</a> | <a href="http://beagleboard.org/Support/bone101">http://beagleboard.org/Support/bone101</a> | direct bonescript/node.js questions to #beagle-bonescript | books: <a href="http://bit.ly/bbb-books'">http://bit.ly/bbb-books'</a></span></li>
<li class="topic">[<abbr title="2016-02-01T00:00:27+00:00">00:00:27</abbr>] <span>* Set by KotH!~attila@erica.kinali.ch on Wed Jul 15 13:55:07 UTC 2015</span></li>
<li class="join">[<abbr title="2016-02-01T00:00:27+00:00">00:00:27</abbr>] <span>* BeagleBot (~PircBot@ec2-50-17-196-130.compute-1.amazonaws.com) has joined #beagleboard</span></li>
<li class="join">[<abbr title="2016-02-01T00:00:27+00:00">00:00:27</abbr>] <span>* BeagleBot (~PircBot@ec2-50-17-196-130.compute-1.amazonaws.com) has joined #beaglebone</span></li>
<li class="quit">[<a href="#T00:03:36" id="T00:03:36"><abbr title="2016-02-01T00:03:36+00:00">00:03:36</abbr></a>] <span>* emeb (~ericb@174-26-223-169.phnx.qwest.net) Quit (Quit: Leaving.)</span></li>
<li class="quit">[<a href="#T00:12:02" id="T00:12:02"><abbr title="2016-02-01T00:12:02+00:00">00:12:02</abbr></a>] <span>* kalz (~kalz@2602:fff6:f:29c9::2c33) Quit (Ping timeout: 250 seconds)</span></li>
<li class="quit">[<a href="#T00:12:06" id="T00:12:06"><abbr title="2016-02-01T00:12:06+00:00">00:12:06</abbr></a>] <span>* lilCodie (sid82653@gateway/web/irccloud.com/x-oqzsdjcpiazlaskn) Quit (Read error: Connection reset by peer)</span></li>
<li class="join">[<a href="#T00:12:30" id="T00:12:30"><abbr title="2016-02-01T00:12:30+00:00">00:12:30</abbr></a>] <span>* lilCodie (sid82653@gateway/web/irccloud.com/x-ewwpozmiqluxqrdy) has joined #beagle</span></li>
<li class="quit">[<a href="#T00:13:46" id="T00:13:46"><abbr title="2016-02-01T00:13:46+00:00">00:13:46</abbr></a>] <span>* shevek (~shevek@2602:302:d109:1170:221:9bff:fe3a:de0d) Quit (Ping timeout: 250 seconds)</span></li>
<li class="quit">[<a href="#T00:15:05" id="T00:15:05"><abbr title="2016-02-01T00:15:05+00:00">00:15:05</abbr></a>] <span>* riddle (riddle@us.yunix.net) Quit (Ping timeout: 245 seconds)</span></li>
<li class="join">[<a href="#T00:19:26" id="T00:19:26"><abbr title="2016-02-01T00:19:26+00:00">00:19:26</abbr></a>] <span>* kalz (~kalz@2602:fff6:f:29c9::2c33) has joined #beagle</span></li>
<li class="join">[<a href="#T00:24:06" id="T00:24:06"><abbr title="2016-02-01T00:24:06+00:00">00:24:06</abbr></a>] <span>* shevek (~shevek@2602:302:d109:1170:221:9bff:fe3a:de0d) has joined #beagle</span></li>
<li class="join">[<a href="#T00:25:41" id="T00:25:41"><abbr title="2016-02-01T00:25:41+00:00">00:25:41</abbr></a>] <span>* victortyau (~victortya@190.140.81.68) has joined #beagle</span></li>
<li class="join">[<a href="#T00:32:05" id="T00:32:05"><abbr title="2016-02-01T00:32:05+00:00">00:32:05</abbr></a>] <span>* riddle (riddle@76.72.170.57) has joined #beagle</span></li>
<li class="join">[<abbr title="2016-02-01T00:32:05+00:00">00:32:05</abbr>] <span>* riddle (riddle@76.72.170.57) has joined #beagleboard</span></li>
<li class="quit">[<a href="#T00:36:26" id="T00:36:26"><abbr title="2016-02-01T00:36:26+00:00">00:36:26</abbr></a>] <span>* darkfader (~darkfader@ip3e8346be.speed.planet.nl) Quit (Quit: Read error: Connection reset by peer)</span></li>
<li class="join">[<a href="#T00:45:30" id="T00:45:30"><abbr title="2016-02-01T00:45:30+00:00">00:45:30</abbr></a>] <span>* Geminizer (~Geminizer@cpe-76-180-4-159.buffalo.res.rr.com) has joined #beagleboard</span></li>
<li class="quit">[<a href="#T00:46:32" id="T00:46:32"><abbr title="2016-02-01T00:46:32+00:00">00:46:32</abbr></a>] <span>* dgerlach (~dgerlach@192.91.75.29) Quit (Quit: Leaving.)</span></li>
<li class="quit">[<a href="#T00:55:06" id="T00:55:06"><abbr title="2016-02-01T00:55:06+00:00">00:55:06</abbr></a>] <span>* pmezydlo (5947b13d@gateway/web/freenode/ip.89.71.177.61) Quit (Ping timeout: 252 seconds)</span></li>
<li class="quit">[<a href="#T00:57:10" id="T00:57:10"><abbr title="2016-02-01T00:57:10+00:00">00:57:10</abbr></a>] <span>* bahar (~bahar@unaffiliated/bahar) Quit (Ping timeout: 245 seconds)</span></li>
<li class="quit">[<a href="#T00:59:23" id="T00:59:23"><abbr title="2016-02-01T00:59:23+00:00">00:59:23</abbr></a>] <span>* linkedinyou (~linkediny@unaffiliated/linkedinyou) Quit (Quit: linkedinyou)</span></li>
<li class="join">[<a href="#T01:04:25" id="T01:04:25"><abbr title="2016-02-01T01:04:25+00:00">01:04:25</abbr></a>] <span>* webdaford (~daford@ool-457a5020.dyn.optonline.net) has joined #beagle</span></li>
<li class="quit">[<a href="#T01:04:32" id="T01:04:32"><abbr title="2016-02-01T01:04:32+00:00">01:04:32</abbr></a>] <span>* webdaford (~daford@ool-457a5020.dyn.optonline.net) Quit (Client Quit)</span></li>
<li class="join">[<a href="#T01:17:51" id="T01:17:51"><abbr title="2016-02-01T01:17:51+00:00">01:17:51</abbr></a>] <span>* dj_pi (~dj@c-73-191-212-56.hsd1.mi.comcast.net) has joined #beagle</span></li>
<li class="quit">[<a href="#T01:25:44" id="T01:25:44"><abbr title="2016-02-01T01:25:44+00:00">01:25:44</abbr></a>] <span>* H-H-H (~H-H-H@host-92-4-89-67.as43234.net) Quit (Quit: Leaving)</span></li>
<li class="quit">[<a href="#T01:48:26" id="T01:48:26"><abbr title="2016-02-01T01:48:26+00:00">01:48:26</abbr></a>] <span>* dj_pi (~dj@c-73-191-212-56.hsd1.mi.comcast.net) Quit (Ping timeout: 240 seconds)</span></li>
<li class="join">[<a href="#T01:48:33" id="T01:48:33"><abbr title="2016-02-01T01:48:33+00:00">01:48:33</abbr></a>] <span>* dj-pi (~dj@c-73-191-212-56.hsd1.mi.comcast.net) has joined #beagle</span></li>
<li class="quit">[<a href="#T01:50:34" id="T01:50:34"><abbr title="2016-02-01T01:50:34+00:00">01:50:34</abbr></a>] <span>* alan_o (~alan@2601:880:c000:3062:612f:a5a1:5763:545e) Quit (Quit: Leaving)</span></li>
<li class="join">[<a href="#T01:58:15" id="T01:58:15"><abbr title="2016-02-01T01:58:15+00:00">01:58:15</abbr></a>] <span>* dj_pi (~dj@c-73-191-212-56.hsd1.mi.comcast.net) has joined #beagle</span></li>
<li class="quit">[<a href="#T01:59:40" id="T01:59:40"><abbr title="2016-02-01T01:59:40+00:00">01:59:40</abbr></a>] <span>* dj-pi (~dj@c-73-191-212-56.hsd1.mi.comcast.net) Quit (Ping timeout: 245 seconds)</span></li>
<li class="join">[<a href="#T02:00:35" id="T02:00:35"><abbr title="2016-02-01T02:00:35+00:00">02:00:35</abbr></a>] <span>* Devastator_ (~devas@177.99.133.225) has joined #beagle</span></li>
<li class="quit">[<a href="#T02:00:41" id="T02:00:41"><abbr title="2016-02-01T02:00:41+00:00">02:00:41</abbr></a>] <span>* Devastator_ (~devas@177.99.133.225) Quit (Changing host)</span></li>
<li class="join">[<abbr title="2016-02-01T02:00:41+00:00">02:00:41</abbr>] <span>* Devastator_ (~devas@unaffiliated/devastator) has joined #beagle</span></li>
<li class="quit">[<a href="#T02:01:23" id="T02:01:23"><abbr title="2016-02-01T02:01:23+00:00">02:01:23</abbr></a>] <span>* Devastator (~devas@unaffiliated/devastator) Quit (Ping timeout: 264 seconds)</span></li>
<li class="nick-change">[<a href="#T02:02:49" id="T02:02:49"><abbr title="2016-02-01T02:02:49+00:00">02:02:49</abbr></a>] <span>* Devastator_ is now known as Devastator</span></li>
<li class="message">[<a href="#T02:04:36" id="T02:04:36"><abbr title="2016-02-01T02:04:36+00:00">02:04:36</abbr></a>] &lt;<cite>zmatt</cite>&gt; <q>mmm spare ribs</q></li>
<li class="message">[<a href="#T02:07:10" id="T02:07:10"><abbr title="2016-02-01T02:07:10+00:00">02:07:10</abbr></a>] &lt;<cite>veremit</cite>&gt; <q>lol again?</q></li>
<li class="quit">[<a href="#T02:07:29" id="T02:07:29"><abbr title="2016-02-01T02:07:29+00:00">02:07:29</abbr></a>] <span>* Akex_ (uid58281@gateway/web/irccloud.com/x-rxxwwcbfieeltfuk) Quit (Quit: Connection closed for inactivity)</span></li>
<li class="message">[<a href="#T02:08:58" id="T02:08:58"><abbr title="2016-02-01T02:08:58+00:00">02:08:58</abbr></a>] &lt;<cite>zmatt</cite>&gt; <q>well I could have browsed the list for an alternative, but why invest effort in introducing uncertainty of a satisfying food experience?</q></li>
<li class="message">[<a href="#T02:09:16" id="T02:09:16"><abbr title="2016-02-01T02:09:16+00:00">02:09:16</abbr></a>] &lt;<cite>veremit</cite>&gt; <q>you lack predefined variety :p</q></li>
<li class="message">[<a href="#T02:09:59" id="T02:09:59"><abbr title="2016-02-01T02:09:59+00:00">02:09:59</abbr></a>] &lt;<cite>veremit</cite>&gt; <q>I lack sufficiency of outlets :/</q></li>
<li class="message">[<a href="#T02:10:13" id="T02:10:13"><abbr title="2016-02-01T02:10:13+00:00">02:10:13</abbr></a>] &lt;<cite>veremit</cite>&gt; <q>and particularly 24/7 coverage :(</q></li>
<li class="message">[<a href="#T02:11:39" id="T02:11:39"><abbr title="2016-02-01T02:11:39+00:00">02:11:39</abbr></a>] &lt;<cite>zmatt</cite>&gt; <q>I actually don't often eat spare ribs... I'll admit this is I think the third time in a relatively short period but before that it may have been more than a year ago</q></li>
<li class="message">[<a href="#T02:11:50" id="T02:11:50"><abbr title="2016-02-01T02:11:50+00:00">02:11:50</abbr></a>] &lt;<cite>veremit</cite>&gt; <q>mking up for lost time :D</q></li>
<li class="message">[<a href="#T02:12:53" id="T02:12:53"><abbr title="2016-02-01T02:12:53+00:00">02:12:53</abbr></a>] &lt;<cite>zmatt</cite>&gt; <q>and lol I don't have 24/7 coverage here... in fact I was quite surprised when I first discovered that I could get food delivered out here at this time (well actually they're closed now, but)</q></li>
<li class="quit">[<a href="#T02:13:26" id="T02:13:26"><abbr title="2016-02-01T02:13:26+00:00">02:13:26</abbr></a>] <span>* dj_pi (~dj@c-73-191-212-56.hsd1.mi.comcast.net) Quit (Ping timeout: 240 seconds)</span></li>
<li class="message">[<a href="#T02:14:21" id="T02:14:21"><abbr title="2016-02-01T02:14:21+00:00">02:14:21</abbr></a>] &lt;<cite>veremit</cite>&gt; <q>:)</q></li>
<li class="message">[<a href="#T02:17:23" id="T02:17:23"><abbr title="2016-02-01T02:17:23+00:00">02:17:23</abbr></a>] &lt;<cite>zmatt</cite>&gt; <q>the proximity to rotterdam helps (actually vlaardingen, but that's one of the towns that's become part of rotterdam, they just haven't acknowledged it yet :P )</q></li>
<li class="message">[<a href="#T02:20:16" id="T02:20:16"><abbr title="2016-02-01T02:20:16+00:00">02:20:16</abbr></a>] &lt;<cite>veremit</cite>&gt; <q>heh</q></li>
<li class="join">[<a href="#T02:34:10" id="T02:34:10"><abbr title="2016-02-01T02:34:10+00:00">02:34:10</abbr></a>] <span>* Veni_ (444356dc@gateway/web/freenode/ip.68.67.86.220) has joined #beagle</span></li>
<li class="join">[<a href="#T02:36:01" id="T02:36:01"><abbr title="2016-02-01T02:36:01+00:00">02:36:01</abbr></a>] <span>* kino2016 (76a35084@gateway/web/freenode/ip.118.163.80.132) has joined #beagle</span></li>
<li class="join">[<a href="#T02:39:53" id="T02:39:53"><abbr title="2016-02-01T02:39:53+00:00">02:39:53</abbr></a>] <span>* VirG (~VirGin@c-98-207-169-231.hsd1.ca.comcast.net) has joined #beagle</span></li>
<li class="join">[<a href="#T02:43:18" id="T02:43:18"><abbr title="2016-02-01T02:43:18+00:00">02:43:18</abbr></a>] <span>* Humpelstilzchen (erik@f054021108.adsl.alicedsl.de) has joined #beagle</span></li>
<li class="quit">[<a href="#T02:44:59" id="T02:44:59"><abbr title="2016-02-01T02:44:59+00:00">02:44:59</abbr></a>] <span>* Defiant (erik@x50abd64d.dyn.telefonica.de) Quit (Ping timeout: 265 seconds)</span></li>
<li class="join">[<a href="#T02:47:41" id="T02:47:41"><abbr title="2016-02-01T02:47:41+00:00">02:47:41</abbr></a>] <span>* bahar (~bahar@207-237-11-14.c3-0.wsd-ubr1.qens-wsd.ny.cable.rcn.com) has joined #beagle</span></li>
<li class="quit">[<abbr title="2016-02-01T02:47:41+00:00">02:47:41</abbr>] <span>* bahar (~bahar@207-237-11-14.c3-0.wsd-ubr1.qens-wsd.ny.cable.rcn.com) Quit (Changing host)</span></li>
<li class="join">[<abbr title="2016-02-01T02:47:41+00:00">02:47:41</abbr>] <span>* bahar (~bahar@unaffiliated/bahar) has joined #beagle</span></li>
<li class="quit">[<a href="#T02:50:46" id="T02:50:46"><abbr title="2016-02-01T02:50:46+00:00">02:50:46</abbr></a>] <span>* poffs (~poffs@46.174.191.25) Quit (Ping timeout: 240 seconds)</span></li>
<li class="message">[<a href="#T02:53:46" id="T02:53:46"><abbr title="2016-02-01T02:53:46+00:00">02:53:46</abbr></a>] &lt;<cite>zmatt</cite>&gt; <q>ARGH, why is it so obnoxiously complicated just to get McASP working in linux</q></li>
<li class="action">[<a href="#T02:57:04" id="T02:57:04"><abbr title="2016-02-01T02:57:04+00:00">02:57:04</abbr></a>] <span>* veremit blames debian</span></li>
<li class="message">[<a href="#T02:57:32" id="T02:57:32"><abbr title="2016-02-01T02:57:32+00:00">02:57:32</abbr></a>] &lt;<cite>zmatt</cite>&gt; <q>what do they have to do with anything?</q></li>
<li class="message">[<a href="#T02:57:38" id="T02:57:38"><abbr title="2016-02-01T02:57:38+00:00">02:57:38</abbr></a>] &lt;<cite>veremit</cite>&gt; <q>just cos :D</q></li>
<li class="message">[<a href="#T02:58:18" id="T02:58:18"><abbr title="2016-02-01T02:58:18+00:00">02:58:18</abbr></a>] &lt;<cite>veremit</cite>&gt; <q>ah sound ..</q></li>
<li class="message">[<a href="#T02:58:28" id="T02:58:28"><abbr title="2016-02-01T02:58:28+00:00">02:58:28</abbr></a>] &lt;<cite>zmatt</cite>&gt; <q>ASoC</q></li>
<li class="message">[<a href="#T02:58:33" id="T02:58:33"><abbr title="2016-02-01T02:58:33+00:00">02:58:33</abbr></a>] &lt;<cite>veremit</cite>&gt; <q>yup</q></li>
<li class="message">[<a href="#T02:59:59" id="T02:59:59"><abbr title="2016-02-01T02:59:59+00:00">02:59:59</abbr></a>] &lt;<cite>zmatt</cite>&gt; <q>-.-</q></li>
<li class="quit">[<a href="#T03:00:24" id="T03:00:24"><abbr title="2016-02-01T03:00:24+00:00">03:00:24</abbr></a>] <span>* Geminizer (~Geminizer@cpe-76-180-4-159.buffalo.res.rr.com) Quit (Quit: Linkinus - <a href="http://linkinus.com)">http://linkinus.com)</a></span></li>
<li class="nick-change">[<a href="#T03:06:54" id="T03:06:54"><abbr title="2016-02-01T03:06:54+00:00">03:06:54</abbr></a>] <span>* hewball_ is now known as Hewball</span></li>
<li class="message">[<a href="#T03:09:26" id="T03:09:26"><abbr title="2016-02-01T03:09:26+00:00">03:09:26</abbr></a>] &lt;<cite>filt3r</cite>&gt; <q>always fun with alsa :D</q></li>
<li class="message">[<a href="#T03:09:33" id="T03:09:33"><abbr title="2016-02-01T03:09:33+00:00">03:09:33</abbr></a>] &lt;<cite>veremit</cite>&gt; <q>zmatt: just reading through <a href="https://www.element14.com/community/community/designcenter/single-board-computers/next-gen_beaglebone/blog/2013/07/06/bbb--building-a-dac">https://www.element14.com/community/community/designcenter/single-board-computers/next-gen_beaglebone/blog/2013/07/06/bbb--building-a-dac</a> which looks interesting, but possibly not very relevant lol</q></li>
<li class="message">[<a href="#T03:10:46" id="T03:10:46"><abbr title="2016-02-01T03:10:46+00:00">03:10:46</abbr></a>] &lt;<cite>veremit</cite>&gt; <q>someone else suggesting i2s on the mcasp davinci driver is. ... quirky</q></li>
<li class="message">[<a href="#T03:11:27" id="T03:11:27"><abbr title="2016-02-01T03:11:27+00:00">03:11:27</abbr></a>] &lt;<cite>zmatt</cite>&gt; <q>filt3r: do you happen to know the magic DT incantation to configure McASP for tx as clk/fs master but external hclk?</q></li>
<li class="message">[<a href="#T03:13:47" id="T03:13:47"><abbr title="2016-02-01T03:13:47+00:00">03:13:47</abbr></a>] &lt;<cite>veremit</cite>&gt; <q>ok time for zzz .. nite folks .. g/l zmatt!</q></li>
<li class="message">[<a href="#T03:14:28" id="T03:14:28"><abbr title="2016-02-01T03:14:28+00:00">03:14:28</abbr></a>] &lt;<cite>zmatt</cite>&gt; <q>nite veremit</q></li>
<li class="join">[<a href="#T03:14:39" id="T03:14:39"><abbr title="2016-02-01T03:14:39+00:00">03:14:39</abbr></a>] <span>* mikedh (~mike@node-1w7jr9srt7fyz7gkgmx336a9s.ipv6.telus.net) has joined #beagle</span></li>
<li class="message">[<a href="#T03:16:20" id="T03:16:20"><abbr title="2016-02-01T03:16:20+00:00">03:16:20</abbr></a>] &lt;<cite>filt3r</cite>&gt; <q>well its not possible from the DT, a platform driver has to call snd_soc_dai_set_sysclk(..., ..., ..., ..., SND_SOC_CLOCK_IN);</q></li>
<li class="message">[<a href="#T03:16:35" id="T03:16:35"><abbr title="2016-02-01T03:16:35+00:00">03:16:35</abbr></a>] &lt;<cite>filt3r</cite>&gt; <q>simple audio card seems to be doing this</q></li>
<li class="message">[<a href="#T03:16:44" id="T03:16:44"><abbr title="2016-02-01T03:16:44+00:00">03:16:44</abbr></a>] &lt;<cite>zmatt</cite>&gt; <q>I'm using simple audio card</q></li>
<li class="message">[<a href="#T03:16:48" id="T03:16:48"><abbr title="2016-02-01T03:16:48+00:00">03:16:48</abbr></a>] &lt;<cite>filt3r</cite>&gt; <q><a href="https://gist.github.com/pietrmar/aa35704c03f18e283652">https://gist.github.com/pietrmar/aa35704c03f18e283652</a></q></li>
<li class="message">[<a href="#T03:16:53" id="T03:16:53"><abbr title="2016-02-01T03:16:53+00:00">03:16:53</abbr></a>] &lt;<cite>filt3r</cite>&gt; <q>try this, this has worked for me</q></li>
<li class="message">[<a href="#T03:19:04" id="T03:19:04"><abbr title="2016-02-01T03:19:04+00:00">03:19:04</abbr></a>] &lt;<cite>filt3r</cite>&gt; <q>or i think it might be the default state as input and when you specify the mclk_fs property it sets it up as ouput, would be my guess from looking at the simple-card.c source now</q></li>
<li class="message">[<a href="#T03:19:18" id="T03:19:18"><abbr title="2016-02-01T03:19:18+00:00">03:19:18</abbr></a>] &lt;<cite>zmatt</cite>&gt; <q>I don't think I'm setting that one</q></li>
<li class="message">[<a href="#T03:21:05" id="T03:21:05"><abbr title="2016-02-01T03:21:05+00:00">03:21:05</abbr></a>] &lt;<cite>zmatt</cite>&gt; <q>unless I accidently uncommented it again... I've tried many things, the docs are clear as mud and the sources aren't very easy to navigate either given that I still have absolutely no overview how all this fits together :/</q></li>
<li class="message">[<a href="#T03:21:26" id="T03:21:26"><abbr title="2016-02-01T03:21:26+00:00">03:21:26</abbr></a>] &lt;<cite>zmatt</cite>&gt; <q>ah crap I did</q></li>
<li class="message">[<a href="#T03:21:52" id="T03:21:52"><abbr title="2016-02-01T03:21:52+00:00">03:21:52</abbr></a>] &lt;<cite>filt3r</cite>&gt; <q>ye i spend like one whole afternoot to get the simple-audio-card to work :D</q></li>
<li class="quit">[<a href="#T03:22:15" id="T03:22:15"><abbr title="2016-02-01T03:22:15+00:00">03:22:15</abbr></a>] <span>* mikedh (~mike@node-1w7jr9srt7fyz7gkgmx336a9s.ipv6.telus.net) Quit (Ping timeout: 240 seconds)</span></li>
<li class="message">[<a href="#T03:22:20" id="T03:22:20"><abbr title="2016-02-01T03:22:20+00:00">03:22:20</abbr></a>] &lt;<cite>filt3r</cite>&gt; <q>and i still don't think it was worth it, because it's not really flexible for any more advanced stuff</q></li>
<li class="message">[<a href="#T03:22:47" id="T03:22:47"><abbr title="2016-02-01T03:22:47+00:00">03:22:47</abbr></a>] &lt;<cite>zmatt</cite>&gt; <q>this is just a stopgap... they need audio out only for now, and they kinda need it urgent</q></li>
<li class="message">[<a href="#T03:23:14" id="T03:23:14"><abbr title="2016-02-01T03:23:14+00:00">03:23:14</abbr></a>] &lt;<cite>zmatt</cite>&gt; <q>so I figured just 1 serializer as output, ought to be doable :P</q></li>
<li class="quit">[<a href="#T03:28:15" id="T03:28:15"><abbr title="2016-02-01T03:28:15+00:00">03:28:15</abbr></a>] <span>* johanhenselmans (~localadmi@pretsense.xs4all.nl) Quit (Ping timeout: 240 seconds)</span></li>
<li class="join">[<a href="#T03:28:40" id="T03:28:40"><abbr title="2016-02-01T03:28:40+00:00">03:28:40</abbr></a>] <span>* johanhenselmans (~localadmi@pretsense.xs4all.nl) has joined #beagle</span></li>
<li class="join">[<a href="#T03:33:17" id="T03:33:17"><abbr title="2016-02-01T03:33:17+00:00">03:33:17</abbr></a>] <span>* erwill (~erwill@2601:645:4100:22ab:b93c:3ad4:90dc:d410) has joined #beagle</span></li>
<li class="message">[<a href="#T03:33:32" id="T03:33:32"><abbr title="2016-02-01T03:33:32+00:00">03:33:32</abbr></a>] &lt;<cite>zmatt</cite>&gt; <q>it is configuring hclk as input now...</q></li>
<li class="message">[<a href="#T03:35:36" id="T03:35:36"><abbr title="2016-02-01T03:35:36+00:00">03:35:36</abbr></a>] &lt;<cite>filt3r</cite>&gt; <q>isnt that what you wanted?</q></li>
<li class="message">[<a href="#T03:35:53" id="T03:35:53"><abbr title="2016-02-01T03:35:53+00:00">03:35:53</abbr></a>] &lt;<cite>zmatt</cite>&gt; <q>yeah, but your example didn't actually work otherwise (it configured 0 slots)</q></li>
<li class="message">[<a href="#T03:36:08" id="T03:36:08"><abbr title="2016-02-01T03:36:08+00:00">03:36:08</abbr></a>] &lt;<cite>zmatt</cite>&gt; <q>but mixing what I had with yours seems like it might be working</q></li>
<li class="message">[<a href="#T03:37:06" id="T03:37:06"><abbr title="2016-02-01T03:37:06+00:00">03:37:06</abbr></a>] &lt;<cite>filt3r</cite>&gt; <q>hmm strange</q></li>
<li class="message">[<a href="#T03:37:22" id="T03:37:22"><abbr title="2016-02-01T03:37:22+00:00">03:37:22</abbr></a>] &lt;<cite>filt3r</cite>&gt; <q>ohh ye</q></li>
<li class="message">[<a href="#T03:37:52" id="T03:37:52"><abbr title="2016-02-01T03:37:52+00:00">03:37:52</abbr></a>] &lt;<cite>filt3r</cite>&gt; <q>oh nvm :D</q></li>
<li class="message">[<a href="#T03:38:06" id="T03:38:06"><abbr title="2016-02-01T03:38:06+00:00">03:38:06</abbr></a>] &lt;<cite>zmatt</cite>&gt; <q>actually it still gets the clock divider wrong</q></li>
<li class="message">[<a href="#T03:38:11" id="T03:38:11"><abbr title="2016-02-01T03:38:11+00:00">03:38:11</abbr></a>] &lt;<cite>zmatt</cite>&gt; <q>I think...</q></li>
<li class="message">[<a href="#T03:38:35" id="T03:38:35"><abbr title="2016-02-01T03:38:35+00:00">03:38:35</abbr></a>] &lt;<cite>filt3r</cite>&gt; <q>you have to set system-clock-frequency in the simple audio card to your external clock</q></li>
<li class="message">[<a href="#T03:38:51" id="T03:38:51"><abbr title="2016-02-01T03:38:51+00:00">03:38:51</abbr></a>] &lt;<cite>filt3r</cite>&gt; <q>at least that was what i had to do</q></li>
<li class="message">[<a href="#T03:38:59" id="T03:38:59"><abbr title="2016-02-01T03:38:59+00:00">03:38:59</abbr></a>] &lt;<cite>zmatt</cite>&gt; <q>I did, but probably in the wrong place</q></li>
<li class="message">[<a href="#T03:39:39" id="T03:39:39"><abbr title="2016-02-01T03:39:39+00:00">03:39:39</abbr></a>] &lt;<cite>filt3r</cite>&gt; <q>also this patch was based on mainline kernel 4.4 so maybe you stuff does not work right for your kernel</q></li>
<li class="message">[<a href="#T03:39:45" id="T03:39:45"><abbr title="2016-02-01T03:39:45+00:00">03:39:45</abbr></a>] &lt;<cite>filt3r</cite>&gt; <q>*your</q></li>
<li class="message">[<a href="#T03:40:14" id="T03:40:14"><abbr title="2016-02-01T03:40:14+00:00">03:40:14</abbr></a>] &lt;<cite>zmatt</cite>&gt; <q>yeah I tried 4.1 out of curiosity but it doesn't seem to comprehend anything about your or my version</q></li>
<li class="message">[<a href="#T03:40:42" id="T03:40:42"><abbr title="2016-02-01T03:40:42+00:00">03:40:42</abbr></a>] &lt;<cite>zmatt</cite>&gt; <q>unfortunate since afaik 4.1 still has relevant non-mainlined bugfixes for other stuff</q></li>
<li class="message">[<a href="#T03:40:46" id="T03:40:46"><abbr title="2016-02-01T03:40:46+00:00">03:40:46</abbr></a>] &lt;<cite>zmatt</cite>&gt; <q>(4.1-ti)</q></li>
<li class="message">[<a href="#T03:41:03" id="T03:41:03"><abbr title="2016-02-01T03:41:03+00:00">03:41:03</abbr></a>] &lt;<cite>zmatt</cite>&gt; <q>though I'd personally prefer to move on to 4.4 also</q></li>
<li class="quit">[<a href="#T03:41:13" id="T03:41:13"><abbr title="2016-02-01T03:41:13+00:00">03:41:13</abbr></a>] <span>* erwill (~erwill@2601:645:4100:22ab:b93c:3ad4:90dc:d410) Quit (Remote host closed the connection)</span></li>
<li class="join">[<a href="#T03:44:38" id="T03:44:38"><abbr title="2016-02-01T03:44:38+00:00">03:44:38</abbr></a>] <span>* johanhenselmans_ (~localadmi@pretsense.xs4all.nl) has joined #beagle</span></li>
<li class="quit">[<a href="#T03:45:36" id="T03:45:36"><abbr title="2016-02-01T03:45:36+00:00">03:45:36</abbr></a>] <span>* johanhenselmans (~localadmi@pretsense.xs4all.nl) Quit (Ping timeout: 272 seconds)</span></li>
<li class="nick-change">[<abbr title="2016-02-01T03:45:36+00:00">03:45:36</abbr>] <span>* johanhenselmans_ is now known as johanhenselmans</span></li>
<li class="join">[<a href="#T03:50:19" id="T03:50:19"><abbr title="2016-02-01T03:50:19+00:00">03:50:19</abbr></a>] <span>* erwill (~erwill@2601:645:4100:22ab:db:5e76:8f64:f661) has joined #beagle</span></li>
<li class="join">[<a href="#T03:56:29" id="T03:56:29"><abbr title="2016-02-01T03:56:29+00:00">03:56:29</abbr></a>] <span>* isacdaavid (~isaac@187.211.213.217) has joined #beagle</span></li>
<li class="quit">[<a href="#T03:57:42" id="T03:57:42"><abbr title="2016-02-01T03:57:42+00:00">03:57:42</abbr></a>] <span>* kino2016 (76a35084@gateway/web/freenode/ip.118.163.80.132) Quit (Ping timeout: 252 seconds)</span></li>
