<li class="join">[<a href="#T00:00:36" id="T00:00:36"><abbr title="2016-01-28T00:00:36+00:00">00:00:36</abbr></a>] <span>* BeagleBot (~PircBot@ec2-50-17-196-130.compute-1.amazonaws.com) has joined #beagle</span></li>
<li class="topic">[<abbr title="2016-01-28T00:00:36+00:00">00:00:36</abbr>] <span>* Topic is '<a href="http://beagleboard.org/chat">http://beagleboard.org/chat</a> has a guide on how to ask questions and links to the logs | never ask to ask, just ask | be patient | pastebin a boot log | <a href="http://ahsoftware.de/Beaglebone_Black_Boot_explained.svg">http://ahsoftware.de/Beaglebone_Black_Boot_explained.svg</a> | <a href="http://beagleboard.org/latest-images">http://beagleboard.org/latest-images</a> | <a href="http://beagleboard.org/Support/bone101">http://beagleboard.org/Support/bone101</a> | direct bonescript/node.js questions to #beagle-bonescript | books: <a href="http://bit.ly/bbb-books'">http://bit.ly/bbb-books'</a></span></li>
<li class="topic">[<abbr title="2016-01-28T00:00:36+00:00">00:00:36</abbr>] <span>* Set by KotH!~attila@erica.kinali.ch on Wed Jul 15 13:55:07 UTC 2015</span></li>
<li class="join">[<abbr title="2016-01-28T00:00:36+00:00">00:00:36</abbr>] <span>* BeagleBot (~PircBot@ec2-50-17-196-130.compute-1.amazonaws.com) has joined #beagleboard</span></li>
<li class="join">[<abbr title="2016-01-28T00:00:36+00:00">00:00:36</abbr>] <span>* BeagleBot (~PircBot@ec2-50-17-196-130.compute-1.amazonaws.com) has joined #beaglebone</span></li>
<li class="quit">[<a href="#T00:02:26" id="T00:02:26"><abbr title="2016-01-28T00:02:26+00:00">00:02:26</abbr></a>] <span>* dwery (~dwery@nslu2-linux/dwery) Quit (Ping timeout: 240 seconds)</span></li>
<li class="quit">[<a href="#T00:02:45" id="T00:02:45"><abbr title="2016-01-28T00:02:45+00:00">00:02:45</abbr></a>] <span>* H-H-H (~H-H-H@host-92-4-92-153.as43234.net) Quit (Quit: Leaving)</span></li>
<li class="quit">[<a href="#T00:09:12" id="T00:09:12"><abbr title="2016-01-28T00:09:12+00:00">00:09:12</abbr></a>] <span>* florian (~fuchs@Maemo/community/contributor/florian) Quit (Ping timeout: 256 seconds)</span></li>
<li class="quit">[<a href="#T00:12:09" id="T00:12:09"><abbr title="2016-01-28T00:12:09+00:00">00:12:09</abbr></a>] <span>* mikedh (~mike@node-1w7jr9srt7fyz7gkgmx336a9s.ipv6.telus.net) Quit (Read error: No route to host)</span></li>
<li class="join">[<a href="#T00:12:55" id="T00:12:55"><abbr title="2016-01-28T00:12:55+00:00">00:12:55</abbr></a>] <span>* mikedh (~mike@node-1w7jr9srt7fyz7gkgmx336a9s.ipv6.telus.net) has joined #beagle</span></li>
<li class="quit">[<a href="#T00:14:18" id="T00:14:18"><abbr title="2016-01-28T00:14:18+00:00">00:14:18</abbr></a>] <span>* natsurou (~natsurou@201.240.138.227) Quit (Ping timeout: 256 seconds)</span></li>
<li class="quit">[<a href="#T00:34:08" id="T00:34:08"><abbr title="2016-01-28T00:34:08+00:00">00:34:08</abbr></a>] <span>* darkfader (~darkfader@ip3e8346be.speed.planet.nl) Quit (Quit: Read error: Connection reset by peer)</span></li>
<li class="join">[<a href="#T00:46:13" id="T00:46:13"><abbr title="2016-01-28T00:46:13+00:00">00:46:13</abbr></a>] <span>* Ivy (451d99e9@gateway/web/freenode/ip.69.29.153.233) has joined #beagle</span></li>
<li class="quit">[<abbr title="2016-01-28T00:46:13+00:00">00:46:13</abbr>] <span>* bizarro_1 (~bizarro_1@153.Red-2-136-252.dynamicIP.rima-tde.net) Quit (Quit: Leaving)</span></li>
<li class="message">[<a href="#T00:46:52" id="T00:46:52"><abbr title="2016-01-28T00:46:52+00:00">00:46:52</abbr></a>] &lt;<cite>Ivy</cite>&gt; <q>I can't for the life of me get Arch ARM to work on BBB</q></li>
<li class="quit">[<a href="#T00:48:29" id="T00:48:29"><abbr title="2016-01-28T00:48:29+00:00">00:48:29</abbr></a>] <span>* Ivy (451d99e9@gateway/web/freenode/ip.69.29.153.233) Quit (Client Quit)</span></li>
<li class="quit">[<a href="#T00:57:22" id="T00:57:22"><abbr title="2016-01-28T00:57:22+00:00">00:57:22</abbr></a>] <span>* Bumsik (~Thunderbi@adm-129-49-101-3.wi-fi.stonybrook.edu) Quit (Read error: Connection reset by peer)</span></li>
<li class="join">[<a href="#T01:05:36" id="T01:05:36"><abbr title="2016-01-28T01:05:36+00:00">01:05:36</abbr></a>] <span>* Bumsik (~Thunderbi@adm-129-49-101-3.wi-fi.stonybrook.edu) has joined #beagle</span></li>
<li class="quit">[<a href="#T01:14:47" id="T01:14:47"><abbr title="2016-01-28T01:14:47+00:00">01:14:47</abbr></a>] <span>* victortyau (~victortya@190.123.228.251) Quit (Quit: Textual IRC Client: www.textualapp.com)</span></li>
<li class="quit">[<a href="#T01:30:10" id="T01:30:10"><abbr title="2016-01-28T01:30:10+00:00">01:30:10</abbr></a>] <span>* Bumsik (~Thunderbi@adm-129-49-101-3.wi-fi.stonybrook.edu) Quit (Ping timeout: 250 seconds)</span></li>
<li class="join">[<a href="#T01:35:47" id="T01:35:47"><abbr title="2016-01-28T01:35:47+00:00">01:35:47</abbr></a>] <span>* Russ (foobar@pool-100-9-139-246.lsanca.fios.verizon.net) has joined #beagle</span></li>
<li class="quit">[<a href="#T01:37:06" id="T01:37:06"><abbr title="2016-01-28T01:37:06+00:00">01:37:06</abbr></a>] <span>* ubap (~ubap@89-71-188-226.dynamic.chello.pl) Quit (Ping timeout: 240 seconds)</span></li>
<li class="join">[<a href="#T01:59:15" id="T01:59:15"><abbr title="2016-01-28T01:59:15+00:00">01:59:15</abbr></a>] <span>* dj_pi (~dj@c-73-191-212-56.hsd1.mi.comcast.net) has joined #beagle</span></li>
