<li class="join">[<a href="#T00:00:36" id="T00:00:36"><abbr title="2016-01-25T00:00:36+00:00">00:00:36</abbr></a>] <span>* BeagleBot (~PircBot@ec2-50-17-196-130.compute-1.amazonaws.com) has joined #beagle</span></li>
<li class="topic">[<abbr title="2016-01-25T00:00:36+00:00">00:00:36</abbr>] <span>* Topic is '<a href="http://beagleboard.org/chat">http://beagleboard.org/chat</a> has a guide on how to ask questions and links to the logs | never ask to ask, just ask | be patient | pastebin a boot log | <a href="http://ahsoftware.de/Beaglebone_Black_Boot_explained.svg">http://ahsoftware.de/Beaglebone_Black_Boot_explained.svg</a> | <a href="http://beagleboard.org/latest-images">http://beagleboard.org/latest-images</a> | <a href="http://beagleboard.org/Support/bone101">http://beagleboard.org/Support/bone101</a> | direct bonescript/node.js questions to #beagle-bonescript | books: <a href="http://bit.ly/bbb-books'">http://bit.ly/bbb-books'</a></span></li>
<li class="topic">[<abbr title="2016-01-25T00:00:36+00:00">00:00:36</abbr>] <span>* Set by KotH!~attila@erica.kinali.ch on Wed Jul 15 13:55:07 UTC 2015</span></li>
<li class="join">[<abbr title="2016-01-25T00:00:36+00:00">00:00:36</abbr>] <span>* BeagleBot (~PircBot@ec2-50-17-196-130.compute-1.amazonaws.com) has joined #beagleboard</span></li>
<li class="join">[<abbr title="2016-01-25T00:00:36+00:00">00:00:36</abbr>] <span>* BeagleBot (~PircBot@ec2-50-17-196-130.compute-1.amazonaws.com) has joined #beaglebone</span></li>
<li class="quit">[<a href="#T00:02:26" id="T00:02:26"><abbr title="2016-01-25T00:02:26+00:00">00:02:26</abbr></a>] <span>* j12t (~j12t@c-50-136-206-246.hsd1.ca.comcast.net) Quit (Ping timeout: 240 seconds)</span></li>
<li class="quit">[<a href="#T00:11:46" id="T00:11:46"><abbr title="2016-01-25T00:11:46+00:00">00:11:46</abbr></a>] <span>* dwery (~dwery@nslu2-linux/dwery) Quit (Ping timeout: 250 seconds)</span></li>
<li class="quit">[<a href="#T00:17:39" id="T00:17:39"><abbr title="2016-01-25T00:17:39+00:00">00:17:39</abbr></a>] <span>* tomeff (~tomeff@ip-94-112-0-81.net.upcbroadband.cz) Quit (Quit: tomeff)</span></li>
<li class="join">[<a href="#T00:19:50" id="T00:19:50"><abbr title="2016-01-25T00:19:50+00:00">00:19:50</abbr></a>] <span>* ketas- (~ketas@123-88-235-80.dyn.estpak.ee) has joined #beaglebone</span></li>
<li class="join">[<abbr title="2016-01-25T00:19:50+00:00">00:19:50</abbr>] <span>* ketas- (~ketas@123-88-235-80.dyn.estpak.ee) has joined #beagle</span></li>
<li class="quit">[<a href="#T00:23:55" id="T00:23:55"><abbr title="2016-01-25T00:23:55+00:00">00:23:55</abbr></a>] <span>* emeb (~ericb@174-22-215-50.phnx.qwest.net) Quit (Quit: Leaving.)</span></li>
<li class="quit">[<a href="#T00:34:35" id="T00:34:35"><abbr title="2016-01-25T00:34:35+00:00">00:34:35</abbr></a>] <span>* florian (~fuchs@Maemo/community/contributor/florian) Quit (Ping timeout: 240 seconds)</span></li>
<li class="quit">[<a href="#T00:37:41" id="T00:37:41"><abbr title="2016-01-25T00:37:41+00:00">00:37:41</abbr></a>] <span>* h0ser (~h0ser@c-50-164-35-198.hsd1.pa.comcast.net) Quit (Quit: Leaving)</span></li>
<li class="quit">[<a href="#T00:39:35" id="T00:39:35"><abbr title="2016-01-25T00:39:35+00:00">00:39:35</abbr></a>] <span>* somazero (~somazero@ip72-198-38-197.ok.ok.cox.net) Quit (Quit: Leaving)</span></li>
<li class="quit">[<a href="#T00:55:28" id="T00:55:28"><abbr title="2016-01-25T00:55:28+00:00">00:55:28</abbr></a>] <span>* bizarro_1 (~bizarro_1@44.Red-83-33-190.dynamicIP.rima-tde.net) Quit (Quit: Leaving)</span></li>
<li class="quit">[<a href="#T00:57:04" id="T00:57:04"><abbr title="2016-01-25T00:57:04+00:00">00:57:04</abbr></a>] <span>* victortyau (~victortya@190.140.81.68) Quit (Quit: My Mac has gone to sleep. ZZZzzz…)</span></li>
<li class="join">[<a href="#T00:58:45" id="T00:58:45"><abbr title="2016-01-25T00:58:45+00:00">00:58:45</abbr></a>] <span>* j12t (~j12t@c-50-136-206-246.hsd1.ca.comcast.net) has joined #beagle</span></li>
<li class="quit">[<a href="#T01:03:34" id="T01:03:34"><abbr title="2016-01-25T01:03:34+00:00">01:03:34</abbr></a>] <span>* j12t (~j12t@c-50-136-206-246.hsd1.ca.comcast.net) Quit (Ping timeout: 265 seconds)</span></li>
<li class="quit">[<a href="#T01:03:54" id="T01:03:54"><abbr title="2016-01-25T01:03:54+00:00">01:03:54</abbr></a>] <span>* Cats_home (~Catslab@dsl.198.58.163.121.ebox.ca) Quit ()</span></li>
<li class="quit">[<a href="#T01:08:37" id="T01:08:37"><abbr title="2016-01-25T01:08:37+00:00">01:08:37</abbr></a>] <span>* istvan (~istvan@cpe-74-78-219-199.twcny.res.rr.com) Quit (Ping timeout: 250 seconds)</span></li>
<li class="quit">[<a href="#T01:09:23" id="T01:09:23"><abbr title="2016-01-25T01:09:23+00:00">01:09:23</abbr></a>] <span>* Devastator (~devas@unaffiliated/devastator) Quit (Read error: Connection reset by peer)</span></li>
<li class="join">[<a href="#T01:09:32" id="T01:09:32"><abbr title="2016-01-25T01:09:32+00:00">01:09:32</abbr></a>] <span>* Devastator (~devas@177.99.129.202) has joined #beagle</span></li>
<li class="quit">[<a href="#T01:09:45" id="T01:09:45"><abbr title="2016-01-25T01:09:45+00:00">01:09:45</abbr></a>] <span>* Devastator (~devas@177.99.129.202) Quit (Changing host)</span></li>
<li class="join">[<abbr title="2016-01-25T01:09:45+00:00">01:09:45</abbr>] <span>* Devastator (~devas@unaffiliated/devastator) has joined #beagle</span></li>
<li class="join">[<a href="#T01:10:35" id="T01:10:35"><abbr title="2016-01-25T01:10:35+00:00">01:10:35</abbr></a>] <span>* Shadyman (~matthew@unaffiliated/shadyman) has joined #beagle</span></li>
<li class="quit">[<a href="#T01:12:00" id="T01:12:00"><abbr title="2016-01-25T01:12:00+00:00">01:12:00</abbr></a>] <span>* stamina (~stamina@177-211-128-083.dynamic.caiway.nl) Quit (Ping timeout: 250 seconds)</span></li>
<li class="join">[<a href="#T01:14:21" id="T01:14:21"><abbr title="2016-01-25T01:14:21+00:00">01:14:21</abbr></a>] <span>* victortyau (~victortya@190.140.81.68) has joined #beagle</span></li>
<li class="quit">[<a href="#T01:19:34" id="T01:19:34"><abbr title="2016-01-25T01:19:34+00:00">01:19:34</abbr></a>] <span>* idwer (~irc@unaffiliated/idwer) Quit (Read error: Connection reset by peer)</span></li>
<li class="quit">[<a href="#T01:30:48" id="T01:30:48"><abbr title="2016-01-25T01:30:48+00:00">01:30:48</abbr></a>] <span>* ketas (~ketas@229-211-191-90.dyn.estpak.ee) Quit (Ping timeout: 264 seconds)</span></li>
<li class="join">[<a href="#T01:42:03" id="T01:42:03"><abbr title="2016-01-25T01:42:03+00:00">01:42:03</abbr></a>] <span>* j12t (~j12t@c-50-136-206-246.hsd1.ca.comcast.net) has joined #beagle</span></li>
<li class="join">[<a href="#T01:45:20" id="T01:45:20"><abbr title="2016-01-25T01:45:20+00:00">01:45:20</abbr></a>] <span>* twoten (~twoten@165.154.34.103) has joined #beagle</span></li>
<li class="message">[<a href="#T01:46:25" id="T01:46:25"><abbr title="2016-01-25T01:46:25+00:00">01:46:25</abbr></a>] &lt;<cite>twoten</cite>&gt; <q>hi, without a micro sd card my BBB does not show an angstrom console, how do I repair it?</q></li>
<li class="quit">[<a href="#T01:47:04" id="T01:47:04"><abbr title="2016-01-25T01:47:04+00:00">01:47:04</abbr></a>] <span>* j12t (~j12t@c-50-136-206-246.hsd1.ca.comcast.net) Quit (Ping timeout: 265 seconds)</span></li>
<li class="message">[<a href="#T01:47:40" id="T01:47:40"><abbr title="2016-01-25T01:47:40+00:00">01:47:40</abbr></a>] &lt;<cite>twoten</cite>&gt; <q>I'm following the instructions for the ti sdk, and my micro sd card doesn't show a console either</q></li>
<li class="message">[<a href="#T01:48:06" id="T01:48:06"><abbr title="2016-01-25T01:48:06+00:00">01:48:06</abbr></a>] &lt;<cite>twoten</cite>&gt; <q>I have to get a usb to serial uart cable first</q></li>
<li class="message">[<a href="#T01:48:29" id="T01:48:29"><abbr title="2016-01-25T01:48:29+00:00">01:48:29</abbr></a>] &lt;<cite>twoten</cite>&gt; <q>that ti sdk install is pretty complex</q></li>
<li class="join">[<a href="#T01:51:18" id="T01:51:18"><abbr title="2016-01-25T01:51:18+00:00">01:51:18</abbr></a>] <span>* ketas (~ketas@229-211-191-90.dyn.estpak.ee) has joined #beaglebone</span></li>
<li class="join">[<abbr title="2016-01-25T01:51:18+00:00">01:51:18</abbr>] <span>* ketas (~ketas@229-211-191-90.dyn.estpak.ee) has joined #beagle</span></li>
<li class="quit">[<a href="#T01:52:00" id="T01:52:00"><abbr title="2016-01-25T01:52:00+00:00">01:52:00</abbr></a>] <span>* twoten (~twoten@165.154.34.103) Quit (Quit: Leaving)</span></li>
<li class="quit">[<a href="#T02:00:20" id="T02:00:20"><abbr title="2016-01-25T02:00:20+00:00">02:00:20</abbr></a>] <span>* Bumsik (~Thunderbi@nat-130-245-194-237.resnet.stonybrook.edu) Quit (Ping timeout: 276 seconds)</span></li>
<li class="quit">[<a href="#T02:05:26" id="T02:05:26"><abbr title="2016-01-25T02:05:26+00:00">02:05:26</abbr></a>] <span>* Fleurety (~fleurety@static-ip-69-64-51-204.inaddr.ip-pool.com) Quit (Ping timeout: 265 seconds)</span></li>
<li class="join">[<a href="#T02:10:18" id="T02:10:18"><abbr title="2016-01-25T02:10:18+00:00">02:10:18</abbr></a>] <span>* Humpelstilzchen (erik@f054125037.adsl.alicedsl.de) has joined #beagle</span></li>
<li class="join">[<a href="#T02:10:38" id="T02:10:38"><abbr title="2016-01-25T02:10:38+00:00">02:10:38</abbr></a>] <span>* Fleurety (~fleurety@static-ip-69-64-51-204.inaddr.ip-pool.com) has joined #beagle</span></li>
<li class="quit">[<a href="#T02:12:12" id="T02:12:12"><abbr title="2016-01-25T02:12:12+00:00">02:12:12</abbr></a>] <span>* Defiant (erik@x55b1654d.dyn.telefonica.de) Quit (Ping timeout: 265 seconds)</span></li>
<li class="join">[<a href="#T02:16:30" id="T02:16:30"><abbr title="2016-01-25T02:16:30+00:00">02:16:30</abbr></a>] <span>* H-H-H (~H-H-H@host-92-4-86-131.as43234.net) has joined #beagle</span></li>
<li class="quit">[<a href="#T02:18:15" id="T02:18:15"><abbr title="2016-01-25T02:18:15+00:00">02:18:15</abbr></a>] <span>* Fleurety (~fleurety@static-ip-69-64-51-204.inaddr.ip-pool.com) Quit (Max SendQ exceeded)</span></li>
<li class="quit">[<a href="#T02:20:31" id="T02:20:31"><abbr title="2016-01-25T02:20:31+00:00">02:20:31</abbr></a>] <span>* victortyau (~victortya@190.140.81.68) Quit (Ping timeout: 245 seconds)</span></li>
<li class="join">[<a href="#T02:21:32" id="T02:21:32"><abbr title="2016-01-25T02:21:32+00:00">02:21:32</abbr></a>] <span>* Fleurety (~fleurety@static-ip-69-64-51-204.inaddr.ip-pool.com) has joined #beagle</span></li>
<li class="quit">[<a href="#T02:22:43" id="T02:22:43"><abbr title="2016-01-25T02:22:43+00:00">02:22:43</abbr></a>] <span>* Fleurety (~fleurety@static-ip-69-64-51-204.inaddr.ip-pool.com) Quit (Max SendQ exceeded)</span></li>
<li class="join">[<a href="#T02:25:26" id="T02:25:26"><abbr title="2016-01-25T02:25:26+00:00">02:25:26</abbr></a>] <span>* artX000 (~py@ool-1826eaa1.dyn.optonline.net) has joined #beagle</span></li>
<li class="join">[<a href="#T02:38:47" id="T02:38:47"><abbr title="2016-01-25T02:38:47+00:00">02:38:47</abbr></a>] <span>* Fleurety (~fleurety@static-ip-69-64-51-204.inaddr.ip-pool.com) has joined #beagle</span></li>
<li class="quit">[<a href="#T02:41:15" id="T02:41:15"><abbr title="2016-01-25T02:41:15+00:00">02:41:15</abbr></a>] <span>* Fleurety (~fleurety@static-ip-69-64-51-204.inaddr.ip-pool.com) Quit (Excess Flood)</span></li>
<li class="join">[<a href="#T02:41:57" id="T02:41:57"><abbr title="2016-01-25T02:41:57+00:00">02:41:57</abbr></a>] <span>* dj_pi (~dj@c-73-191-212-56.hsd1.mi.comcast.net) has joined #beagle</span></li>
<li class="join">[<a href="#T02:42:49" id="T02:42:49"><abbr title="2016-01-25T02:42:49+00:00">02:42:49</abbr></a>] <span>* j12t (~j12t@c-50-136-206-246.hsd1.ca.comcast.net) has joined #beagle</span></li>
<li class="join">[<a href="#T02:43:35" id="T02:43:35"><abbr title="2016-01-25T02:43:35+00:00">02:43:35</abbr></a>] <span>* Fleurety (~fleurety@static-ip-69-64-51-204.inaddr.ip-pool.com) has joined #beagle</span></li>
<li class="join">[<a href="#T02:44:00" id="T02:44:00"><abbr title="2016-01-25T02:44:00+00:00">02:44:00</abbr></a>] <span>* victortyau (~victortya@190.140.81.68) has joined #beagle</span></li>
<li class="join">[<a href="#T02:44:37" id="T02:44:37"><abbr title="2016-01-25T02:44:37+00:00">02:44:37</abbr></a>] <span>* j12t_ (~j12t@c-50-136-206-246.hsd1.ca.comcast.net) has joined #beagle</span></li>
<li class="quit">[<a href="#T02:45:07" id="T02:45:07"><abbr title="2016-01-25T02:45:07+00:00">02:45:07</abbr></a>] <span>* Fleurety (~fleurety@static-ip-69-64-51-204.inaddr.ip-pool.com) Quit (Max SendQ exceeded)</span></li>
<li class="quit">[<a href="#T02:47:26" id="T02:47:26"><abbr title="2016-01-25T02:47:26+00:00">02:47:26</abbr></a>] <span>* j12t (~j12t@c-50-136-206-246.hsd1.ca.comcast.net) Quit (Ping timeout: 240 seconds)</span></li>
<li class="join">[<a href="#T02:47:35" id="T02:47:35"><abbr title="2016-01-25T02:47:35+00:00">02:47:35</abbr></a>] <span>* Fleurety (~fleurety@static-ip-69-64-51-204.inaddr.ip-pool.com) has joined #beagle</span></li>
<li class="quit">[<a href="#T02:47:37" id="T02:47:37"><abbr title="2016-01-25T02:47:37+00:00">02:47:37</abbr></a>] <span>* natsurou (~natsurou@201.240.138.227) Quit (Quit: Leaving...)</span></li>
<li class="quit">[<a href="#T02:49:08" id="T02:49:08"><abbr title="2016-01-25T02:49:08+00:00">02:49:08</abbr></a>] <span>* j12t_ (~j12t@c-50-136-206-246.hsd1.ca.comcast.net) Quit (Ping timeout: 250 seconds)</span></li>
<li class="quit">[<a href="#T02:54:38" id="T02:54:38"><abbr title="2016-01-25T02:54:38+00:00">02:54:38</abbr></a>] <span>* victortyau (~victortya@190.140.81.68) Quit (Quit: Textual IRC Client: www.textualapp.com)</span></li>
