<li class="join">[<a href="#T00:00:30" id="T00:00:30"><abbr title="2016-02-03T00:00:30+00:00">00:00:30</abbr></a>] <span>* BeagleBot (~PircBot@ec2-50-17-196-130.compute-1.amazonaws.com) has joined #beagle</span></li>
<li class="topic">[<abbr title="2016-02-03T00:00:30+00:00">00:00:30</abbr>] <span>* Topic is '<a href="http://beagleboard.org/chat">http://beagleboard.org/chat</a> has a guide on how to ask questions and links to the logs | never ask to ask, just ask | be patient | pastebin a boot log | <a href="http://ahsoftware.de/Beaglebone_Black_Boot_explained.svg">http://ahsoftware.de/Beaglebone_Black_Boot_explained.svg</a> | <a href="http://beagleboard.org/latest-images">http://beagleboard.org/latest-images</a> | <a href="http://beagleboard.org/Support/bone101">http://beagleboard.org/Support/bone101</a> | direct bonescript/node.js questions to #beagle-bonescript | books: <a href="http://bit.ly/bbb-books'">http://bit.ly/bbb-books'</a></span></li>
<li class="topic">[<abbr title="2016-02-03T00:00:30+00:00">00:00:30</abbr>] <span>* Set by KotH!~attila@erica.kinali.ch on Wed Jul 15 13:55:07 UTC 2015</span></li>
<li class="join">[<abbr title="2016-02-03T00:00:30+00:00">00:00:30</abbr>] <span>* BeagleBot (~PircBot@ec2-50-17-196-130.compute-1.amazonaws.com) has joined #beagleboard</span></li>
<li class="join">[<abbr title="2016-02-03T00:00:30+00:00">00:00:30</abbr>] <span>* BeagleBot (~PircBot@ec2-50-17-196-130.compute-1.amazonaws.com) has joined #beaglebone</span></li>
<li class="quit">[<a href="#T00:14:08" id="T00:14:08"><abbr title="2016-02-03T00:14:08+00:00">00:14:08</abbr></a>] <span>* IrishGringo (~chatzilla@2601:586:c200:6eaa:f83f:6782:9465:9503) Quit (Ping timeout: 252 seconds)</span></li>
<li class="join">[<a href="#T00:14:13" id="T00:14:13"><abbr title="2016-02-03T00:14:13+00:00">00:14:13</abbr></a>] <span>* dgerlach1 (~dgerlach@192.91.75.29) has joined #beagle</span></li>
<li class="quit">[<a href="#T00:18:29" id="T00:18:29"><abbr title="2016-02-03T00:18:29+00:00">00:18:29</abbr></a>] <span>* tty0_ (~NA@unaffiliated/tty0/x-3092968) Quit (Quit: Leaving.)</span></li>
<li class="quit">[<a href="#T00:34:06" id="T00:34:06"><abbr title="2016-02-03T00:34:06+00:00">00:34:06</abbr></a>] <span>* johanhenselmans (~localadmi@pretsense.xs4all.nl) Quit (Ping timeout: 272 seconds)</span></li>
<li class="join">[<a href="#T00:34:38" id="T00:34:38"><abbr title="2016-02-03T00:34:38+00:00">00:34:38</abbr></a>] <span>* johanhenselmans (~localadmi@pretsense.xs4all.nl) has joined #beagle</span></li>
<li class="quit">[<a href="#T00:41:46" id="T00:41:46"><abbr title="2016-02-03T00:41:46+00:00">00:41:46</abbr></a>] <span>* florian (~fuchs@Maemo/community/contributor/florian) Quit (Ping timeout: 250 seconds)</span></li>
<li class="quit">[<a href="#T00:41:55" id="T00:41:55"><abbr title="2016-02-03T00:41:55+00:00">00:41:55</abbr></a>] <span>* dgerlach1 (~dgerlach@192.91.75.29) Quit (Ping timeout: 260 seconds)</span></li>
<li class="join">[<a href="#T00:49:56" id="T00:49:56"><abbr title="2016-02-03T00:49:56+00:00">00:49:56</abbr></a>] <span>* zauslande (~zauslande@66.53.81.49) has joined #beagle</span></li>
<li class="quit">[<a href="#T00:49:59" id="T00:49:59"><abbr title="2016-02-03T00:49:59+00:00">00:49:59</abbr></a>] <span>* emeb (~ericb@ip68-2-68-52.ph.ph.cox.net) Quit (Quit: Leaving.)</span></li>
<li class="quit">[<a href="#T00:50:28" id="T00:50:28"><abbr title="2016-02-03T00:50:28+00:00">00:50:28</abbr></a>] <span>* NishanthMenon__ (nmenon@nat/ti/x-wxgdhpqrpifepepw) Quit (Quit: Snow Day -- Goin home.)</span></li>
<li class="join">[<a href="#T01:16:07" id="T01:16:07"><abbr title="2016-02-03T01:16:07+00:00">01:16:07</abbr></a>] <span>* Bumsik (~Thunderbi@130.245.68.64) has joined #beagle</span></li>
<li class="join">[<a href="#T01:21:51" id="T01:21:51"><abbr title="2016-02-03T01:21:51+00:00">01:21:51</abbr></a>] <span>* tty0_ (~NA@unaffiliated/tty0/x-3092968) has joined #beagle</span></li>
<li class="quit">[<a href="#T01:25:09" id="T01:25:09"><abbr title="2016-02-03T01:25:09+00:00">01:25:09</abbr></a>] <span>* mrjazzcat (~mrjazzcat@c-50-134-253-3.hsd1.co.comcast.net) Quit (Quit: Leaving)</span></li>
<li class="quit">[<a href="#T01:27:29" id="T01:27:29"><abbr title="2016-02-03T01:27:29+00:00">01:27:29</abbr></a>] <span>* Akex_ (uid58281@gateway/web/irccloud.com/x-ywduihsjgvdujcww) Quit (Quit: Connection closed for inactivity)</span></li>
<li class="join">[<a href="#T01:32:49" id="T01:32:49"><abbr title="2016-02-03T01:32:49+00:00">01:32:49</abbr></a>] <span>* lektrik (~mayday_ja@192-171-53-253.cpe.pppoe.ca) has joined #beagle</span></li>
<li class="quit">[<a href="#T01:34:13" id="T01:34:13"><abbr title="2016-02-03T01:34:13+00:00">01:34:13</abbr></a>] <span>* lektrik (~mayday_ja@192-171-53-253.cpe.pppoe.ca) Quit (Remote host closed the connection)</span></li>
<li class="quit">[<a href="#T01:38:26" id="T01:38:26"><abbr title="2016-02-03T01:38:26+00:00">01:38:26</abbr></a>] <span>* H-H-H (~H-H-H@host-92-7-33-134.as43234.net) Quit (Ping timeout: 240 seconds)</span></li>
<li class="join">[<a href="#T01:39:16" id="T01:39:16"><abbr title="2016-02-03T01:39:16+00:00">01:39:16</abbr></a>] <span>* H-H-H (~H-H-H@host-92-7-33-134.as43234.net) has joined #beagle</span></li>
<li class="quit">[<a href="#T01:56:34" id="T01:56:34"><abbr title="2016-02-03T01:56:34+00:00">01:56:34</abbr></a>] <span>* H-H-H (~H-H-H@host-92-7-33-134.as43234.net) Quit (Ping timeout: 240 seconds)</span></li>
