<li class="join">[<a href="#T00:01:23" id="T00:01:23"><abbr title="2016-01-22T00:01:23+00:00">00:01:23</abbr></a>] <span>* BeagleBot (~PircBot@ec2-50-17-196-130.compute-1.amazonaws.com) has joined #beagle</span></li>
<li class="topic">[<abbr title="2016-01-22T00:01:23+00:00">00:01:23</abbr>] <span>* Topic is '<a href="http://beagleboard.org/chat">http://beagleboard.org/chat</a> has a guide on how to ask questions and links to the logs | never ask to ask, just ask | be patient | pastebin a boot log | <a href="http://ahsoftware.de/Beaglebone_Black_Boot_explained.svg">http://ahsoftware.de/Beaglebone_Black_Boot_explained.svg</a> | <a href="http://beagleboard.org/latest-images">http://beagleboard.org/latest-images</a> | <a href="http://beagleboard.org/Support/bone101">http://beagleboard.org/Support/bone101</a> | direct bonescript/node.js questions to #beagle-bonescript | books: <a href="http://bit.ly/bbb-books'">http://bit.ly/bbb-books'</a></span></li>
<li class="topic">[<abbr title="2016-01-22T00:01:23+00:00">00:01:23</abbr>] <span>* Set by KotH!~attila@erica.kinali.ch on Wed Jul 15 13:55:07 UTC 2015</span></li>
<li class="join">[<abbr title="2016-01-22T00:01:23+00:00">00:01:23</abbr>] <span>* BeagleBot (~PircBot@ec2-50-17-196-130.compute-1.amazonaws.com) has joined #beagleboard</span></li>
<li class="join">[<abbr title="2016-01-22T00:01:23+00:00">00:01:23</abbr>] <span>* BeagleBot (~PircBot@ec2-50-17-196-130.compute-1.amazonaws.com) has joined #beaglebone</span></li>
<li class="message">[<a href="#T00:04:36" id="T00:04:36"><abbr title="2016-01-22T00:04:36+00:00">00:04:36</abbr></a>] &lt;<cite>filt3r</cite>&gt; <q>PF: <a href="http://pastebin.com/DEAznuS1">http://pastebin.com/DEAznuS1</a></q></li>
<li class="quit">[<a href="#T00:07:32" id="T00:07:32"><abbr title="2016-01-22T00:07:32+00:00">00:07:32</abbr></a>] <span>* Peuc (~Peuc@162.222.144.149) Quit (Ping timeout: 250 seconds)</span></li>
<li class="quit">[<a href="#T00:09:06" id="T00:09:06"><abbr title="2016-01-22T00:09:06+00:00">00:09:06</abbr></a>] <span>* dwery (~dwery@nslu2-linux/dwery) Quit (Ping timeout: 240 seconds)</span></li>
<li class="join">[<a href="#T00:10:04" id="T00:10:04"><abbr title="2016-01-22T00:10:04+00:00">00:10:04</abbr></a>] <span>* Peuc (~Peuc@ip-50-21-129-191.dsl.netrevolution.com) has joined #beagle</span></li>
<li class="join">[<a href="#T00:11:12" id="T00:11:12"><abbr title="2016-01-22T00:11:12+00:00">00:11:12</abbr></a>] <span>* somazero (~somazero@ip72-198-38-197.ok.ok.cox.net) has joined #beagle</span></li>
<li class="message">[<a href="#T00:15:22" id="T00:15:22"><abbr title="2016-01-22T00:15:22+00:00">00:15:22</abbr></a>] &lt;<cite>filt3r</cite>&gt; <q>zmatt: actually after some investigating there seems to be a dummy codec defined in the kernel <a href="http://lxr.free-electrons.com/source/sound/soc/soc-utils.c#L104">http://lxr.free-electrons.com/source/sound/soc/soc-utils.c#L104</a></q></li>
<li class="quit">[<a href="#T00:16:47" id="T00:16:47"><abbr title="2016-01-22T00:16:47+00:00">00:16:47</abbr></a>] <span>* vagrantc (~vagrant@unaffiliated/vagrantc) Quit (Quit: leaving)</span></li>
<li class="quit">[<a href="#T00:17:37" id="T00:17:37"><abbr title="2016-01-22T00:17:37+00:00">00:17:37</abbr></a>] <span>* dys (~dys@ip-109-44-86-185.web.vodafone.de) Quit (Ping timeout: 265 seconds)</span></li>
<li class="message">[<a href="#T00:22:47" id="T00:22:47"><abbr title="2016-01-22T00:22:47+00:00">00:22:47</abbr></a>] &lt;<cite>zmatt</cite>&gt; <q>filt3r: I guess documenting it or putting it in sound/soc/codecs where one can easily find it was too much effort...</q></li>
<li class="join">[<a href="#T00:23:10" id="T00:23:10"><abbr title="2016-01-22T00:23:10+00:00">00:23:10</abbr></a>] <span>* dys (~dys@ip-109-41-166-39.web.vodafone.de) has joined #beagle</span></li>
<li class="quit">[<a href="#T00:24:17" id="T00:24:17"><abbr title="2016-01-22T00:24:17+00:00">00:24:17</abbr></a>] <span>* H-H-H (~H-H-H@host-92-3-60-130.as43234.net) Quit (Quit: Leaving)</span></li>
<li class="quit">[<a href="#T00:24:23" id="T00:24:23"><abbr title="2016-01-22T00:24:23+00:00">00:24:23</abbr></a>] <span>* darkfader (~darkfader@ip3e8346be.speed.planet.nl) Quit (Quit: Read error: Connection reset by peer)</span></li>
<li class="message">[<a href="#T00:24:34" id="T00:24:34"><abbr title="2016-01-22T00:24:34+00:00">00:24:34</abbr></a>] &lt;<cite>zmatt</cite>&gt; <q>the comment above it is right though, but I want to be able to specify those via DT... these codecs which do nothing more than declare some datastructures are starting to suspiciously look like small versions of board files :P</q></li>
<li class="message">[<a href="#T00:25:14" id="T00:25:14"><abbr title="2016-01-22T00:25:14+00:00">00:25:14</abbr></a>] &lt;<cite>zmatt</cite>&gt; <q>actually, in our case the constraints could also change at runtime...</q></li>
<li class="message">[<a href="#T00:26:16" id="T00:26:16"><abbr title="2016-01-22T00:26:16+00:00">00:26:16</abbr></a>] &lt;<cite>ds2</cite>&gt; <q>DT blows. enuff said.</q></li>
<li class="quit">[<a href="#T00:26:36" id="T00:26:36"><abbr title="2016-01-22T00:26:36+00:00">00:26:36</abbr></a>] <span>* florian (~fuchs@Maemo/community/contributor/florian) Quit (Ping timeout: 250 seconds)</span></li>
<li class="message">[<a href="#T00:27:02" id="T00:27:02"><abbr title="2016-01-22T00:27:02+00:00">00:27:02</abbr></a>] &lt;<cite>zmatt</cite>&gt; <q>ds2: well a board file would be worse... at least I can change DT at runtime with overlays (if the kernel doesn't panic), not so much with board files</q></li>
<li class="message">[<a href="#T00:27:26" id="T00:27:26"><abbr title="2016-01-22T00:27:26+00:00">00:27:26</abbr></a>] &lt;<cite>ds2</cite>&gt; <q>board files are infinitely more flexible</q></li>
<li class="message">[<a href="#T00:27:53" id="T00:27:53"><abbr title="2016-01-22T00:27:53+00:00">00:27:53</abbr></a>] &lt;<cite>ds2</cite>&gt; <q>you can have board files check various inputs at runtime</q></li>
<li class="message">[<a href="#T00:28:10" id="T00:28:10"><abbr title="2016-01-22T00:28:10+00:00">00:28:10</abbr></a>] &lt;<cite>ds2</cite>&gt; <q>DT just adds unneeded complications and rigidity</q></li>
<li class="message">[<a href="#T00:28:25" id="T00:28:25"><abbr title="2016-01-22T00:28:25+00:00">00:28:25</abbr></a>] &lt;<cite>ds2</cite>&gt; <q>it is a lot like the whole disaster with the pinmux</q></li>
<li class="message">[<a href="#T00:28:57" id="T00:28:57"><abbr title="2016-01-22T00:28:57+00:00">00:28:57</abbr></a>] &lt;<cite>filt3r</cite>&gt; <q>actually thaths what we have in the company, we have written a platform driver to link a codec with the mcasp using the devicetree, im kinda surprised there is nothing upstream yet for this kind of thing</q></li>
<li class="message">[<a href="#T00:33:06" id="T00:33:06"><abbr title="2016-01-22T00:33:06+00:00">00:33:06</abbr></a>] &lt;<cite>filt3r</cite>&gt; <q>or maybe there is something: <a href="http://lxr.free-electrons.com/source/Documentation/devicetree/bindings/sound/simple-card.txt">http://lxr.free-electrons.com/source/Documentation/devicetree/bindings/sound/simple-card.txt</a></q></li>
<li class="message">[<a href="#T00:33:21" id="T00:33:21"><abbr title="2016-01-22T00:33:21+00:00">00:33:21</abbr></a>] &lt;<cite>zmatt</cite>&gt; <q>filt3r: I tried using simple-audio-card but never got it to work</q></li>
<li class="message">[<a href="#T00:33:33" id="T00:33:33"><abbr title="2016-01-22T00:33:33+00:00">00:33:33</abbr></a>] &lt;<cite>zmatt</cite>&gt; <q>I might be doing something wrong, but with the crappy docs it's hard to say</q></li>
<li class="message">[<a href="#T00:34:35" id="T00:34:35"><abbr title="2016-01-22T00:34:35+00:00">00:34:35</abbr></a>] &lt;<cite>filt3r</cite>&gt; <q>hmm i think i should give this a try on the weekend</q></li>
<li class="message">[<a href="#T00:34:44" id="T00:34:44"><abbr title="2016-01-22T00:34:44+00:00">00:34:44</abbr></a>] &lt;<cite>filt3r</cite>&gt; <q>just out of curiosity</q></li>
<li class="message">[<a href="#T00:34:51" id="T00:34:51"><abbr title="2016-01-22T00:34:51+00:00">00:34:51</abbr></a>] &lt;<cite>zmatt</cite>&gt; <q>especially I still I assumed I had to reference the serializer somehow (since I had a separate dir and dit instance and it seemed to be I'd need to link them to the correct serializer)</q></li>
<li class="quit">[<a href="#T00:34:55" id="T00:34:55"><abbr title="2016-01-22T00:34:55+00:00">00:34:55</abbr></a>] <span>* behanw (~behanw@38.98.46.140) Quit (Ping timeout: 240 seconds)</span></li>
<li class="message">[<a href="#T00:34:59" id="T00:34:59"><abbr title="2016-01-22T00:34:59+00:00">00:34:59</abbr></a>] &lt;<cite>zmatt</cite>&gt; <q>*to me</q></li>
<li class="message">[<a href="#T00:35:21" id="T00:35:21"><abbr title="2016-01-22T00:35:21+00:00">00:35:21</abbr></a>] &lt;<cite>zmatt</cite>&gt; <q>maybe using dummy would work</q></li>
<li class="message">[<a href="#T00:35:24" id="T00:35:24"><abbr title="2016-01-22T00:35:24+00:00">00:35:24</abbr></a>] &lt;<cite>ds2</cite>&gt; <q>the whole ASoC subsystem is already convoluted</q></li>
<li class="message">[<a href="#T00:35:32" id="T00:35:32"><abbr title="2016-01-22T00:35:32+00:00">00:35:32</abbr></a>] &lt;<cite>zmatt</cite>&gt; <q>ASoC is insanely convoluted</q></li>
<li class="message">[<a href="#T00:35:43" id="T00:35:43"><abbr title="2016-01-22T00:35:43+00:00">00:35:43</abbr></a>] &lt;<cite>zmatt</cite>&gt; <q>I just want to enable the fucking McASP, GIMME MY STREAMS</q></li>
<li class="message">[<a href="#T00:36:47" id="T00:36:47"><abbr title="2016-01-22T00:36:47+00:00">00:36:47</abbr></a>] &lt;<cite>ds2</cite>&gt; <q>"good luck"</q></li>
<li class="message">[<a href="#T00:36:54" id="T00:36:54"><abbr title="2016-01-22T00:36:54+00:00">00:36:54</abbr></a>] &lt;<cite>zmatt</cite>&gt; <q>maybe I'll give it another try too, though I think I'd prefer to get the userland implementation working anyway since it gives extra flexibility and less overhead without any downside</q></li>
<li class="message">[<a href="#T00:37:12" id="T00:37:12"><abbr title="2016-01-22T00:37:12+00:00">00:37:12</abbr></a>] &lt;<cite>ds2</cite>&gt; <q>faught that very battle on x86 last month</q></li>
<li class="message">[<a href="#T00:39:15" id="T00:39:15"><abbr title="2016-01-22T00:39:15+00:00">00:39:15</abbr></a>] &lt;<cite>ds2</cite>&gt; <q>zmatt: what are you using the McASP for?</q></li>
<li class="message">[<a href="#T00:39:54" id="T00:39:54"><abbr title="2016-01-22T00:39:54+00:00">00:39:54</abbr></a>] &lt;<cite>zmatt</cite>&gt; <q>audio :P</q></li>
<li class="message">[<a href="#T00:40:19" id="T00:40:19"><abbr title="2016-01-22T00:40:19+00:00">00:40:19</abbr></a>] &lt;<cite>zmatt</cite>&gt; <q>specifically audio connectivity to a DSP</q></li>
<li class="message">[<a href="#T00:40:32" id="T00:40:32"><abbr title="2016-01-22T00:40:32+00:00">00:40:32</abbr></a>] &lt;<cite>ds2</cite>&gt; <q>so you need the quality</q></li>
<li class="message">[<a href="#T00:40:43" id="T00:40:43"><abbr title="2016-01-22T00:40:43+00:00">00:40:43</abbr></a>] &lt;<cite>zmatt</cite>&gt; <q>24-bit yes</q></li>
<li class="quit">[<a href="#T00:44:00" id="T00:44:00"><abbr title="2016-01-22T00:44:00+00:00">00:44:00</abbr></a>] <span>* j12t (~j12t@c-50-136-206-246.hsd1.ca.comcast.net) Quit (Read error: Connection reset by peer)</span></li>
<li class="join">[<a href="#T00:44:33" id="T00:44:33"><abbr title="2016-01-22T00:44:33+00:00">00:44:33</abbr></a>] <span>* j12t (~j12t@c-50-136-206-246.hsd1.ca.comcast.net) has joined #beagle</span></li>
<li class="message">[<a href="#T00:48:01" id="T00:48:01"><abbr title="2016-01-22T00:48:01+00:00">00:48:01</abbr></a>] &lt;<cite>zmatt</cite>&gt; <q>time to make tea!</q></li>
<li class="message">[<a href="#T00:49:19" id="T00:49:19"><abbr title="2016-01-22T00:49:19+00:00">00:49:19</abbr></a>] &lt;<cite>veremit</cite>&gt; <q>zmatt: good plan!</q></li>
<li class="quit">[<a href="#T00:49:32" id="T00:49:32"><abbr title="2016-01-22T00:49:32+00:00">00:49:32</abbr></a>] <span>* bizarro_1 (~bizarro_1@241.Red-88-19-176.staticIP.rima-tde.net) Quit (Quit: Leaving)</span></li>
<li class="message">[<a href="#T00:53:47" id="T00:53:47"><abbr title="2016-01-22T00:53:47+00:00">00:53:47</abbr></a>] &lt;<cite>GenTooMan</cite>&gt; <q>tea is good... which reminds me ... tea for me</q></li>
<li class="action">[<a href="#T00:58:00" id="T00:58:00"><abbr title="2016-01-22T00:58:00+00:00">00:58:00</abbr></a>] <span>* zmatt clearly has excellent ideas</span></li>
<li class="message">[<a href="#T00:59:49" id="T00:59:49"><abbr title="2016-01-22T00:59:49+00:00">00:59:49</abbr></a>] &lt;<cite>zmatt</cite>&gt; <q>hm, and McASP isn't actually I²S compatible in slave mode</q></li>
<li class="message">[<a href="#T01:01:20" id="T01:01:20"><abbr title="2016-01-22T01:01:20+00:00">01:01:20</abbr></a>] &lt;<cite>zmatt</cite>&gt; <q>naughty McASP :P</q></li>
<li class="message">[<a href="#T01:03:56" id="T01:03:56"><abbr title="2016-01-22T01:03:56+00:00">01:03:56</abbr></a>] &lt;<cite>filt3r</cite>&gt; <q>why?</q></li>
<li class="quit">[<a href="#T01:04:00" id="T01:04:00"><abbr title="2016-01-22T01:04:00+00:00">01:04:00</abbr></a>] <span>* terinjokes (~terinjoke@wikinews/Terinjokes) Quit (Ping timeout: 272 seconds)</span></li>
<li class="join">[<a href="#T01:04:55" id="T01:04:55"><abbr title="2016-01-22T01:04:55+00:00">01:04:55</abbr></a>] <span>* terinjokes (~terinjoke@wikinews/Terinjokes) has joined #beagle</span></li>
<li class="message">[<a href="#T01:06:00" id="T01:06:00"><abbr title="2016-01-22T01:06:00+00:00">01:06:00</abbr></a>] &lt;<cite>zmatt</cite>&gt; <q>I²S requires that the slave accepts any slot size (without preconfiguration) and simply zero-pads or truncates as necessary for its word size</q></li>
<li class="message">[<a href="#T01:06:50" id="T01:06:50"><abbr title="2016-01-22T01:06:50+00:00">01:06:50</abbr></a>] &lt;<cite>zmatt</cite>&gt; <q>McASP requires a preconfigured slot size and uses only one of the two lrck edges</q></li>
<li class="message">[<a href="#T01:08:19" id="T01:08:19"><abbr title="2016-01-22T01:08:19+00:00">01:08:19</abbr></a>] &lt;<cite>filt3r</cite>&gt; <q>ok, makes sense</q></li>
<li class="message">[<a href="#T01:08:45" id="T01:08:45"><abbr title="2016-01-22T01:08:45+00:00">01:08:45</abbr></a>] &lt;<cite>zmatt</cite>&gt; <q>also McASP specifies much tighter clock timings than I²S permits</q></li>
<li class="quit">[<a href="#T01:10:46" id="T01:10:46"><abbr title="2016-01-22T01:10:46+00:00">01:10:46</abbr></a>] <span>* ubap (~ubap@89-71-188-226.dynamic.chello.pl) Quit (Ping timeout: 240 seconds)</span></li>
<li class="join">[<a href="#T01:12:24" id="T01:12:24"><abbr title="2016-01-22T01:12:24+00:00">01:12:24</abbr></a>] <span>* TheoMurpse (~TheoMurps@cpe-72-191-48-158.satx.res.rr.com) has joined #beaglebone</span></li>
<li class="quit">[<a href="#T01:28:34" id="T01:28:34"><abbr title="2016-01-22T01:28:34+00:00">01:28:34</abbr></a>] <span>* idwer_ (~irc@unaffiliated/idwer) Quit (Remote host closed the connection)</span></li>
<li class="join">[<a href="#T01:34:04" id="T01:34:04"><abbr title="2016-01-22T01:34:04+00:00">01:34:04</abbr></a>] <span>* dj_pi (~dj@c-73-191-212-56.hsd1.mi.comcast.net) has joined #beagle</span></li>
<li class="join">[<a href="#T01:40:34" id="T01:40:34"><abbr title="2016-01-22T01:40:34+00:00">01:40:34</abbr></a>] <span>* zauslande (~zauslande@66.53.81.157) has joined #beagle</span></li>
<li class="join">[<a href="#T01:46:03" id="T01:46:03"><abbr title="2016-01-22T01:46:03+00:00">01:46:03</abbr></a>] <span>* mikedh (~mike@node-1w7jr9srt7fyz7gkgmx336a9s.ipv6.telus.net) has joined #beagle</span></li>
<li class="quit">[<a href="#T01:55:55" id="T01:55:55"><abbr title="2016-01-22T01:55:55+00:00">01:55:55</abbr></a>] <span>* TheoMurpse (~TheoMurps@cpe-72-191-48-158.satx.res.rr.com) Quit (Quit: This computer has gone to sleep)</span></li>
<li class="join">[<a href="#T01:58:36" id="T01:58:36"><abbr title="2016-01-22T01:58:36+00:00">01:58:36</abbr></a>] <span>* zot_ (~zot@104.221.28.26) has joined #beagle</span></li>
<li class="join">[<a href="#T01:58:50" id="T01:58:50"><abbr title="2016-01-22T01:58:50+00:00">01:58:50</abbr></a>] <span>* Ceriand|desktop (~Ceriand@unaffiliated/ceriand) has joined #beagle</span></li>
<li class="join">[<a href="#T02:00:10" id="T02:00:10"><abbr title="2016-01-22T02:00:10+00:00">02:00:10</abbr></a>] <span>* Devastator_ (~devas@191.34.198.128) has joined #beagle</span></li>
<li class="quit">[<a href="#T02:01:55" id="T02:01:55"><abbr title="2016-01-22T02:01:55+00:00">02:01:55</abbr></a>] <span>* Devastator (~devas@unaffiliated/devastator) Quit (Ping timeout: 240 seconds)</span></li>
<li class="quit">[<a href="#T02:01:56" id="T02:01:56"><abbr title="2016-01-22T02:01:56+00:00">02:01:56</abbr></a>] <span>* praneeth (praneeth@nat/ti/x-kpltisplzqkquheh) Quit (Ping timeout: 250 seconds)</span></li>
<li class="message">[<a href="#T02:03:41" id="T02:03:41"><abbr title="2016-01-22T02:03:41+00:00">02:03:41</abbr></a>] &lt;<cite>zmatt</cite>&gt; <q>spareribs hath arrived \o/</q></li>
<li class="quit">[<a href="#T02:04:37" id="T02:04:37"><abbr title="2016-01-22T02:04:37+00:00">02:04:37</abbr></a>] <span>* zot_ (~zot@104.221.28.26) Quit (Quit: Leaving)</span></li>
<li class="quit">[<a href="#T02:04:51" id="T02:04:51"><abbr title="2016-01-22T02:04:51+00:00">02:04:51</abbr></a>] <span>* Zot (68dd1c1a@gateway/web/freenode/ip.104.221.28.26) Quit (Ping timeout: 252 seconds)</span></li>
<li class="part">[<a href="#T02:08:30" id="T02:08:30"><abbr title="2016-01-22T02:08:30+00:00">02:08:30</abbr></a>] <span>* zauslande (~zauslande@66.53.81.157) has left #beagle</span></li>
<li class="message">[<a href="#T02:11:59" id="T02:11:59"><abbr title="2016-01-22T02:11:59+00:00">02:11:59</abbr></a>] &lt;<cite>veremit</cite>&gt; <q>zmatt trumps the tea stakes</q></li>
<li class="message">[<a href="#T02:12:08" id="T02:12:08"><abbr title="2016-01-22T02:12:08+00:00">02:12:08</abbr></a>] &lt;<cite>veremit</cite>&gt; <q>leftover pizza here (reheated)</q></li>
<li class="message">[<a href="#T02:12:27" id="T02:12:27"><abbr title="2016-01-22T02:12:27+00:00">02:12:27</abbr></a>] &lt;<cite>zmatt</cite>&gt; <q>veremit: I'm sure your reheated leftover pizza is fine too</q></li>
<li class="message">[<a href="#T02:12:36" id="T02:12:36"><abbr title="2016-01-22T02:12:36+00:00">02:12:36</abbr></a>] &lt;<cite>veremit</cite>&gt; <q>ty ^^</q></li>
<li class="message">[<a href="#T02:12:58" id="T02:12:58"><abbr title="2016-01-22T02:12:58+00:00">02:12:58</abbr></a>] &lt;<cite>veremit</cite>&gt; <q>hope so - getting quite good at the reheating bit lol</q></li>
<li class="message">[<a href="#T02:13:09" id="T02:13:09"><abbr title="2016-01-22T02:13:09+00:00">02:13:09</abbr></a>] &lt;<cite>zmatt</cite>&gt; <q>ooh, these spareribs are lookin' good and copious</q></li>
<li class="message">[<a href="#T02:13:55" id="T02:13:55"><abbr title="2016-01-22T02:13:55+00:00">02:13:55</abbr></a>] &lt;<cite>veremit</cite>&gt; <q>lol shhh</q></li>
<li class="message">[<a href="#T02:15:01" id="T02:15:01"><abbr title="2016-01-22T02:15:01+00:00">02:15:01</abbr></a>] &lt;<cite>zmatt</cite>&gt; <q>the baked chips survived the delivery quite well also</q></li>
<li class="message">[<a href="#T02:15:19" id="T02:15:19"><abbr title="2016-01-22T02:15:19+00:00">02:15:19</abbr></a>] &lt;<cite>zmatt</cite>&gt; <q>O:)</q></li>
<li class="message">[<a href="#T02:17:34" id="T02:17:34"><abbr title="2016-01-22T02:17:34+00:00">02:17:34</abbr></a>] &lt;<cite>zmatt</cite>&gt; <q>s/chips/potato slices/  (not a huge difference really other than form-factor)</q></li>
<li class="quit">[<a href="#T02:18:23" id="T02:18:23"><abbr title="2016-01-22T02:18:23+00:00">02:18:23</abbr></a>] <span>* mikedh (~mike@node-1w7jr9srt7fyz7gkgmx336a9s.ipv6.telus.net) Quit (Quit: Konversation terminated!)</span></li>
<li class="join">[<a href="#T02:18:51" id="T02:18:51"><abbr title="2016-01-22T02:18:51+00:00">02:18:51</abbr></a>] <span>* mikedh (~mike@node-1w7jr9srt7fyz7gkgmx336a9s.ipv6.telus.net) has joined #beagle</span></li>
<li class="join">[<a href="#T02:22:23" id="T02:22:23"><abbr title="2016-01-22T02:22:23+00:00">02:22:23</abbr></a>] <span>* TheoMurpse (~TheoMurps@cpe-72-191-48-158.satx.res.rr.com) has joined #beaglebone</span></li>
<li class="join">[<a href="#T02:23:11" id="T02:23:11"><abbr title="2016-01-22T02:23:11+00:00">02:23:11</abbr></a>] <span>* Humpelst1lzchen (erik@f054099063.adsl.alicedsl.de) has joined #beagle</span></li>
<li class="quit">[<a href="#T02:23:22" id="T02:23:22"><abbr title="2016-01-22T02:23:22+00:00">02:23:22</abbr></a>] <span>* TheoMurpse (~TheoMurps@cpe-72-191-48-158.satx.res.rr.com) Quit (Client Quit)</span></li>
<li class="join">[<a href="#T02:23:57" id="T02:23:57"><abbr title="2016-01-22T02:23:57+00:00">02:23:57</abbr></a>] <span>* TheoMurpse (~TheoMurps@cpe-72-191-48-158.satx.res.rr.com) has joined #beaglebone</span></li>
<li class="quit">[<a href="#T02:26:35" id="T02:26:35"><abbr title="2016-01-22T02:26:35+00:00">02:26:35</abbr></a>] <span>* Humpelstilzchen (erik@f054248174.adsl.alicedsl.de) Quit (Ping timeout: 240 seconds)</span></li>
<li class="join">[<a href="#T02:58:02" id="T02:58:02"><abbr title="2016-01-22T02:58:02+00:00">02:58:02</abbr></a>] <span>* Bumsik (~Thunderbi@adm-129-49-101-3.wi-fi.stonybrook.edu) has joined #beagle</span></li>
<li class="quit">[<a href="#T03:00:39" id="T03:00:39"><abbr title="2016-01-22T03:00:39+00:00">03:00:39</abbr></a>] <span>* emeb (~ericb@ip68-2-68-52.ph.ph.cox.net) Quit (Quit: Leaving.)</span></li>
<li class="join">[<a href="#T03:20:50" id="T03:20:50"><abbr title="2016-01-22T03:20:50+00:00">03:20:50</abbr></a>] <span>* tai271828 (~tai271828@175.41.48.77) has joined #beagle</span></li>
<li class="quit">[<a href="#T03:21:54" id="T03:21:54"><abbr title="2016-01-22T03:21:54+00:00">03:21:54</abbr></a>] <span>* dj_pi (~dj@c-73-191-212-56.hsd1.mi.comcast.net) Quit (Ping timeout: 256 seconds)</span></li>
<li class="quit">[<a href="#T03:34:07" id="T03:34:07"><abbr title="2016-01-22T03:34:07+00:00">03:34:07</abbr></a>] <span>* TheoMurpse (~TheoMurps@cpe-72-191-48-158.satx.res.rr.com) Quit (Quit: This computer has gone to sleep)</span></li>
<li class="quit">[<a href="#T03:35:10" id="T03:35:10"><abbr title="2016-01-22T03:35:10+00:00">03:35:10</abbr></a>] <span>* mag___ (mgreer@nat/google/x-sxsbulzuokwctmdy) Quit (Ping timeout: 250 seconds)</span></li>
<li class="join">[<a href="#T03:37:58" id="T03:37:58"><abbr title="2016-01-22T03:37:58+00:00">03:37:58</abbr></a>] <span>* TheoMurpse (~TheoMurps@cpe-72-191-48-158.satx.res.rr.com) has joined #beaglebone</span></li>
<li class="message">[<a href="#T03:58:29" id="T03:58:29"><abbr title="2016-01-22T03:58:29+00:00">03:58:29</abbr></a>] &lt;<cite>ds2</cite>&gt; <q>finally a easy to way to run non Android apps on an Android tablet</q></li>
<li class="quit">[<a href="#T04:00:19" id="T04:00:19"><abbr title="2016-01-22T04:00:19+00:00">04:00:19</abbr></a>] <span>* alan_o (~alan@2601:880:c000:3062:563:2edf:4148:1b1c) Quit (Quit: Leaving)</span></li>
<li class="join">[<a href="#T04:11:30" id="T04:11:30"><abbr title="2016-01-22T04:11:30+00:00">04:11:30</abbr></a>] <span>* VirG (~VirGin@c-98-207-169-231.hsd1.ca.comcast.net) has joined #beagle</span></li>
<li class="join">[<a href="#T04:26:14" id="T04:26:14"><abbr title="2016-01-22T04:26:14+00:00">04:26:14</abbr></a>] <span>* tlab (~tlab@104.235.20.192) has joined #beagle</span></li>
<li class="join">[<a href="#T04:31:20" id="T04:31:20"><abbr title="2016-01-22T04:31:20+00:00">04:31:20</abbr></a>] <span>* behanw (~behanw@97.93.161.2) has joined #beagle</span></li>
<li class="quit">[<a href="#T04:32:19" id="T04:32:19"><abbr title="2016-01-22T04:32:19+00:00">04:32:19</abbr></a>] <span>* tlab (~tlab@104.235.20.192) Quit (Quit: Leaving)</span></li>
<li class="quit">[<a href="#T04:47:29" id="T04:47:29"><abbr title="2016-01-22T04:47:29+00:00">04:47:29</abbr></a>] <span>* Akex_ (uid58281@gateway/web/irccloud.com/x-dudwpajyhzmfcmnv) Quit (Quit: Connection closed for inactivity)</span></li>
<li class="quit">[<a href="#T05:00:06" id="T05:00:06"><abbr title="2016-01-22T05:00:06+00:00">05:00:06</abbr></a>] <span>* VirG (~VirGin@c-98-207-169-231.hsd1.ca.comcast.net) Quit (Quit: Leaving.)</span></li>
<li class="join">[<a href="#T05:00:32" id="T05:00:32"><abbr title="2016-01-22T05:00:32+00:00">05:00:32</abbr></a>] <span>* snowstaff (c33cf752@gateway/web/freenode/ip.195.60.247.82) has joined #beagle</span></li>
<li class="quit">[<a href="#T05:02:12" id="T05:02:12"><abbr title="2016-01-22T05:02:12+00:00">05:02:12</abbr></a>] <span>* behanw (~behanw@97.93.161.2) Quit (Ping timeout: 250 seconds)</span></li>
<li class="quit">[<a href="#T05:08:35" id="T05:08:35"><abbr title="2016-01-22T05:08:35+00:00">05:08:35</abbr></a>] <span>* mikedh (~mike@node-1w7jr9srt7fyz7gkgmx336a9s.ipv6.telus.net) Quit (Ping timeout: 240 seconds)</span></li>
<li class="join">[<a href="#T05:09:00" id="T05:09:00"><abbr title="2016-01-22T05:09:00+00:00">05:09:00</abbr></a>] <span>* mikedh (~mike@d207-6-121-158.bchsia.telus.net) has joined #beagle</span></li>
<li class="join">[<a href="#T05:15:21" id="T05:15:21"><abbr title="2016-01-22T05:15:21+00:00">05:15:21</abbr></a>] <span>* behanw (~behanw@97.93.161.2) has joined #beagle</span></li>
<li class="quit">[<a href="#T05:17:59" id="T05:17:59"><abbr title="2016-01-22T05:17:59+00:00">05:17:59</abbr></a>] <span>* kremlin (~kremlin@unaffiliated/kremlin-) Quit (Quit: WeeChat 1.2)</span></li>
<li class="quit">[<a href="#T05:18:36" id="T05:18:36"><abbr title="2016-01-22T05:18:36+00:00">05:18:36</abbr></a>] <span>* Amynka (~frozen@gentoo/developer/amynka) Quit (Ping timeout: 272 seconds)</span></li>
<li class="join">[<a href="#T05:24:16" id="T05:24:16"><abbr title="2016-01-22T05:24:16+00:00">05:24:16</abbr></a>] <span>* skhreze (~debian@user-94-254-225-20.play-internet.pl) has joined #beagle</span></li>
<li class="join">[<a href="#T05:25:09" id="T05:25:09"><abbr title="2016-01-22T05:25:09+00:00">05:25:09</abbr></a>] <span>* natsurou (~natsurou@201.230.48.149) has joined #beagle</span></li>
<li class="join">[<a href="#T05:30:08" id="T05:30:08"><abbr title="2016-01-22T05:30:08+00:00">05:30:08</abbr></a>] <span>* Amynka (~frozen@wraeth.id.au) has joined #beagle</span></li>
<li class="join">[<a href="#T05:42:13" id="T05:42:13"><abbr title="2016-01-22T05:42:13+00:00">05:42:13</abbr></a>] <span>* kjetilh (54d395dd@gateway/web/freenode/ip.84.211.149.221) has joined #beagle</span></li>
<li class="message">[<a href="#T05:43:22" id="T05:43:22"><abbr title="2016-01-22T05:43:22+00:00">05:43:22</abbr></a>] &lt;<cite>kjetilh</cite>&gt; <q>Hi. Correction to X15 schematics: signal GPIO2_17 is wrongly named and should be GPIO2_7, connects to pad P3.</q></li>
<li class="message">[<a href="#T05:44:17" id="T05:44:17"><abbr title="2016-01-22T05:44:17+00:00">05:44:17</abbr></a>] &lt;<cite>kjetilh</cite>&gt; <q>refer processor datasheet page 98</q></li>
<li class="quit">[<a href="#T05:45:03" id="T05:45:03"><abbr title="2016-01-22T05:45:03+00:00">05:45:03</abbr></a>] <span>* kjetilh (54d395dd@gateway/web/freenode/ip.84.211.149.221) Quit (Client Quit)</span></li>
<li class="quit">[<a href="#T05:49:00" id="T05:49:00"><abbr title="2016-01-22T05:49:00+00:00">05:49:00</abbr></a>] <span>* skhreze (~debian@user-94-254-225-20.play-internet.pl) Quit (Ping timeout: 272 seconds)</span></li>
<li class="join">[<a href="#T05:50:51" id="T05:50:51"><abbr title="2016-01-22T05:50:51+00:00">05:50:51</abbr></a>] <span>* kayatwork (~kayfox@orca.zerda.net) has joined #beagle</span></li>
<li class="quit">[<a href="#T05:54:11" id="T05:54:11"><abbr title="2016-01-22T05:54:11+00:00">05:54:11</abbr></a>] <span>* kayfox (~kayfox@orca.zerda.net) Quit (Ping timeout: 264 seconds)</span></li>
<li class="quit">[<a href="#T06:13:48" id="T06:13:48"><abbr title="2016-01-22T06:13:48+00:00">06:13:48</abbr></a>] <span>* j12t (~j12t@c-50-136-206-246.hsd1.ca.comcast.net) Quit (Remote host closed the connection)</span></li>
<li class="join">[<a href="#T06:17:14" id="T06:17:14"><abbr title="2016-01-22T06:17:14+00:00">06:17:14</abbr></a>] <span>* khaarbye (54d395dd@gateway/web/freenode/ip.84.211.149.221) has joined #beagle</span></li>
<li class="join">[<a href="#T06:26:06" id="T06:26:06"><abbr title="2016-01-22T06:26:06+00:00">06:26:06</abbr></a>] <span>* BennyB_ (~heldb@host-88-217-198-167.customer.m-online.net) has joined #beagle</span></li>
<li class="join">[<a href="#T06:54:17" id="T06:54:17"><abbr title="2016-01-22T06:54:17+00:00">06:54:17</abbr></a>] <span>* jpirko (~jirka@ip-94-113-120-24.net.upcbroadband.cz) has joined #beagle</span></li>
<li class="quit">[<a href="#T07:00:53" id="T07:00:53"><abbr title="2016-01-22T07:00:53+00:00">07:00:53</abbr></a>] <span>* nighty^ (~nighty@s229123.ppp.asahi-net.or.jp) Quit (Quit: Disappears in a puff of smoke)</span></li>
<li class="join">[<a href="#T07:07:37" id="T07:07:37"><abbr title="2016-01-22T07:07:37+00:00">07:07:37</abbr></a>] <span>* NulL` (~bleh1@178.16.14.112) has joined #beagle</span></li>
<li class="quit">[<a href="#T07:13:52" id="T07:13:52"><abbr title="2016-01-22T07:13:52+00:00">07:13:52</abbr></a>] <span>* elopio (~quassel@33.93.189.91.lcy-02.canonistack.canonical.com) Quit (Ping timeout: 272 seconds)</span></li>
<li class="join">[<a href="#T07:14:34" id="T07:14:34"><abbr title="2016-01-22T07:14:34+00:00">07:14:34</abbr></a>] <span>* j12t (~j12t@c-50-136-206-246.hsd1.ca.comcast.net) has joined #beagle</span></li>
<li class="join">[<a href="#T07:18:54" id="T07:18:54"><abbr title="2016-01-22T07:18:54+00:00">07:18:54</abbr></a>] <span>* elopio (~quassel@33.93.189.91.lcy-02.canonistack.canonical.com) has joined #beagle</span></li>
<li class="quit">[<a href="#T07:18:55" id="T07:18:55"><abbr title="2016-01-22T07:18:55+00:00">07:18:55</abbr></a>] <span>* j12t (~j12t@c-50-136-206-246.hsd1.ca.comcast.net) Quit (Ping timeout: 240 seconds)</span></li>
<li class="join">[<a href="#T07:23:35" id="T07:23:35"><abbr title="2016-01-22T07:23:35+00:00">07:23:35</abbr></a>] <span>* Satheesh_ (0e8e0403@gateway/web/freenode/ip.14.142.4.3) has joined #beagle</span></li>
<li class="message">[<a href="#T07:23:40" id="T07:23:40"><abbr title="2016-01-22T07:23:40+00:00">07:23:40</abbr></a>] &lt;<cite>Satheesh_</cite>&gt; <q>hi</q></li>
<li class="message">[<a href="#T07:24:06" id="T07:24:06"><abbr title="2016-01-22T07:24:06+00:00">07:24:06</abbr></a>] &lt;<cite>Satheesh_</cite>&gt; <q>i need to use beagle board for my image vision project//</q></li>
<li class="message">[<a href="#T07:24:25" id="T07:24:25"><abbr title="2016-01-22T07:24:25+00:00">07:24:25</abbr></a>] &lt;<cite>Satheesh_</cite>&gt; <q>is beagle helpful?</q></li>
<li class="join">[<a href="#T07:27:50" id="T07:27:50"><abbr title="2016-01-22T07:27:50+00:00">07:27:50</abbr></a>] <span>* c10ud^ (~c10ud@emesene/dictator/c10ud) has joined #beagle</span></li>
<li class="quit">[<a href="#T07:28:34" id="T07:28:34"><abbr title="2016-01-22T07:28:34+00:00">07:28:34</abbr></a>] <span>* behanw (~behanw@97.93.161.2) Quit (Quit: Leaving)</span></li>
<li class="quit">[<a href="#T07:28:48" id="T07:28:48"><abbr title="2016-01-22T07:28:48+00:00">07:28:48</abbr></a>] <span>* Satheesh_ (0e8e0403@gateway/web/freenode/ip.14.142.4.3) Quit (Ping timeout: 252 seconds)</span></li>
<li class="join">[<a href="#T07:31:16" id="T07:31:16"><abbr title="2016-01-22T07:31:16+00:00">07:31:16</abbr></a>] <span>* serg_stetsuk (~serg@216-53-132-95.pool.ukrtel.net) has joined #beagle</span></li>
<li class="join">[<a href="#T07:41:27" id="T07:41:27"><abbr title="2016-01-22T07:41:27+00:00">07:41:27</abbr></a>] <span>* behanw (~behanw@97.93.161.2) has joined #beagle</span></li>
<li class="quit">[<a href="#T07:43:26" id="T07:43:26"><abbr title="2016-01-22T07:43:26+00:00">07:43:26</abbr></a>] <span>* TheoMurpse (~TheoMurps@cpe-72-191-48-158.satx.res.rr.com) Quit (Quit: Leaving)</span></li>
<li class="join">[<a href="#T07:44:10" id="T07:44:10"><abbr title="2016-01-22T07:44:10+00:00">07:44:10</abbr></a>] <span>* ubap (~ubap@89-71-188-226.dynamic.chello.pl) has joined #beagle</span></li>
<li class="message">[<a href="#T07:45:56" id="T07:45:56"><abbr title="2016-01-22T07:45:56+00:00">07:45:56</abbr></a>] &lt;<cite>khaarbye</cite>&gt; <q>entire pr2_pru0 is accessible on x15, nice... I crossed my fingers at least one pru set would be available.</q></li>
<li class="join">[<a href="#T07:54:35" id="T07:54:35"><abbr title="2016-01-22T07:54:35+00:00">07:54:35</abbr></a>] <span>* bearsh|work (~quassel@252.212.107.92.dynamic.wline.res.cust.swisscom.ch) has joined #beagle</span></li>
<li class="join">[<a href="#T07:55:52" id="T07:55:52"><abbr title="2016-01-22T07:55:52+00:00">07:55:52</abbr></a>] <span>* franz (~franz@cpe90-146-82-220.liwest.at) has joined #beagle</span></li>
<li class="quit">[<a href="#T08:04:15" id="T08:04:15"><abbr title="2016-01-22T08:04:15+00:00">08:04:15</abbr></a>] <span>* serg_stetsuk (~serg@216-53-132-95.pool.ukrtel.net) Quit (Read error: Connection reset by peer)</span></li>
<li class="join">[<a href="#T08:04:17" id="T08:04:17"><abbr title="2016-01-22T08:04:17+00:00">08:04:17</abbr></a>] <span>* serg_ (~serg@252-88-132-95.pool.ukrtel.net) has joined #beagle</span></li>
<li class="message">[<a href="#T08:04:41" id="T08:04:41"><abbr title="2016-01-22T08:04:41+00:00">08:04:41</abbr></a>] &lt;<cite>snowstaff</cite>&gt; <q>who knows, how to check JTAG emulator? (Windows sees it, but CCS - no)?? I check supply - 3.3v, but get error "SC_ERR_CTL_NO_TRG_POWER".</q></li>
<li class="message">[<a href="#T08:05:48" id="T08:05:48"><abbr title="2016-01-22T08:05:48+00:00">08:05:48</abbr></a>] &lt;<cite>snowstaff</cite>&gt; <q>i have XDS100v2 emul. Also, my post on TI forum: <a href="https://e2e.ti.com/support/development_tools/code_composer_studio/f/81/t/477276">https://e2e.ti.com/support/development_tools/code_composer_studio/f/81/t/477276</a></q></li>
<li class="quit">[<a href="#T08:11:24" id="T08:11:24"><abbr title="2016-01-22T08:11:24+00:00">08:11:24</abbr></a>] <span>* franz (~franz@cpe90-146-82-220.liwest.at) Quit (Remote host closed the connection)</span></li>
<li class="join">[<a href="#T08:15:00" id="T08:15:00"><abbr title="2016-01-22T08:15:00+00:00">08:15:00</abbr></a>] <span>* franz (~franz@cpe90-146-82-220.liwest.at) has joined #beagle</span></li>
<li class="join">[<a href="#T08:15:19" id="T08:15:19"><abbr title="2016-01-22T08:15:19+00:00">08:15:19</abbr></a>] <span>* j12t (~j12t@c-50-136-206-246.hsd1.ca.comcast.net) has joined #beagle</span></li>
<li class="join">[<a href="#T08:17:38" id="T08:17:38"><abbr title="2016-01-22T08:17:38+00:00">08:17:38</abbr></a>] <span>* florian (~fuchs@Maemo/community/contributor/florian) has joined #beagle</span></li>
<li class="quit">[<a href="#T08:19:06" id="T08:19:06"><abbr title="2016-01-22T08:19:06+00:00">08:19:06</abbr></a>] <span>* NulL` (~bleh1@178.16.14.112) Quit (Ping timeout: 272 seconds)</span></li>
<li class="join">[<a href="#T08:19:11" id="T08:19:11"><abbr title="2016-01-22T08:19:11+00:00">08:19:11</abbr></a>] <span>* NulL`` (~bleh1@178.16.15.250) has joined #beagle</span></li>
<li class="quit">[<a href="#T08:20:35" id="T08:20:35"><abbr title="2016-01-22T08:20:35+00:00">08:20:35</abbr></a>] <span>* j12t (~j12t@c-50-136-206-246.hsd1.ca.comcast.net) Quit (Ping timeout: 264 seconds)</span></li>
<li class="quit">[<a href="#T08:30:33" id="T08:30:33"><abbr title="2016-01-22T08:30:33+00:00">08:30:33</abbr></a>] <span>* Shadyman (~matthew@unaffiliated/shadyman) Quit (Quit: Leaving.)</span></li>
<li class="quit">[<a href="#T08:31:40" id="T08:31:40"><abbr title="2016-01-22T08:31:40+00:00">08:31:40</abbr></a>] <span>* franz (~franz@cpe90-146-82-220.liwest.at) Quit (Remote host closed the connection)</span></li>
<li class="quit">[<a href="#T08:31:57" id="T08:31:57"><abbr title="2016-01-22T08:31:57+00:00">08:31:57</abbr></a>] <span>* NulL`` (~bleh1@178.16.15.250) Quit (Read error: Connection reset by peer)</span></li>
<li class="join">[<a href="#T08:32:27" id="T08:32:27"><abbr title="2016-01-22T08:32:27+00:00">08:32:27</abbr></a>] <span>* ppisati (~ppisati@2-230-238-136.ip204.fastwebnet.it) has joined #beagle</span></li>
<li class="join">[<a href="#T08:42:58" id="T08:42:58"><abbr title="2016-01-22T08:42:58+00:00">08:42:58</abbr></a>] <span>* tomeff (~tomeff@ip-89-176-75-234.net.upcbroadband.cz) has joined #beagle</span></li>
<li class="join">[<abbr title="2016-01-22T08:42:58+00:00">08:42:58</abbr>] <span>* tomeff (~tomeff@ip-89-176-75-234.net.upcbroadband.cz) has joined #beagleboard</span></li>
<li class="join">[<abbr title="2016-01-22T08:42:58+00:00">08:42:58</abbr>] <span>* tomeff (~tomeff@ip-89-176-75-234.net.upcbroadband.cz) has joined #beaglebone</span></li>
<li class="join">[<a href="#T08:47:01" id="T08:47:01"><abbr title="2016-01-22T08:47:01+00:00">08:47:01</abbr></a>] <span>* Akex_ (uid58281@gateway/web/irccloud.com/x-qmkwaotzebdqhrah) has joined #beagle</span></li>
<li class="join">[<a href="#T08:54:54" id="T08:54:54"><abbr title="2016-01-22T08:54:54+00:00">08:54:54</abbr></a>] <span>* nighty^ (~nighty@q029220.ppp.asahi-net.or.jp) has joined #beagleboard</span></li>
<li class="join">[<a href="#T08:57:36" id="T08:57:36"><abbr title="2016-01-22T08:57:36+00:00">08:57:36</abbr></a>] <span>* franz (~franz@cpe90-146-82-220.liwest.at) has joined #beagle</span></li>
<li class="quit">[<a href="#T08:59:41" id="T08:59:41"><abbr title="2016-01-22T08:59:41+00:00">08:59:41</abbr></a>] <span>* nofxx (~nofxx@unaffiliated/nofxx) Quit (Ping timeout: 276 seconds)</span></li>
<li class="quit">[<a href="#T09:00:14" id="T09:00:14"><abbr title="2016-01-22T09:00:14+00:00">09:00:14</abbr></a>] <span>* Amynka (~frozen@wraeth.id.au) Quit (Changing host)</span></li>
<li class="join">[<abbr title="2016-01-22T09:00:14+00:00">09:00:14</abbr>] <span>* Amynka (~frozen@gentoo/developer/amynka) has joined #beagle</span></li>
<li class="quit">[<a href="#T09:02:20" id="T09:02:20"><abbr title="2016-01-22T09:02:20+00:00">09:02:20</abbr></a>] <span>* Darek- (darek@work.sznajder.org) Quit (Ping timeout: 250 seconds)</span></li>
<li class="join">[<a href="#T09:04:09" id="T09:04:09"><abbr title="2016-01-22T09:04:09+00:00">09:04:09</abbr></a>] <span>* Darek- (darek@work.sznajder.org) has joined #beagle</span></li>
<li class="join">[<a href="#T09:04:12" id="T09:04:12"><abbr title="2016-01-22T09:04:12+00:00">09:04:12</abbr></a>] <span>* Imlerith_ (6dc99abc@gateway/web/freenode/ip.109.201.154.188) has joined #beagle</span></li>
<li class="message">[<a href="#T09:04:47" id="T09:04:47"><abbr title="2016-01-22T09:04:47+00:00">09:04:47</abbr></a>] &lt;<cite>Imlerith_</cite>&gt; <q>hi , i m new here and would like to contribute</q></li>
<li class="quit">[<a href="#T09:08:11" id="T09:08:11"><abbr title="2016-01-22T09:08:11+00:00">09:08:11</abbr></a>] <span>* franz (~franz@cpe90-146-82-220.liwest.at) Quit (Remote host closed the connection)</span></li>
<li class="quit">[<a href="#T09:08:19" id="T09:08:19"><abbr title="2016-01-22T09:08:19+00:00">09:08:19</abbr></a>] <span>* Ceriand|desktop (~Ceriand@unaffiliated/ceriand) Quit (Ping timeout: 265 seconds)</span></li>
<li class="join">[<a href="#T09:08:58" id="T09:08:58"><abbr title="2016-01-22T09:08:58+00:00">09:08:58</abbr></a>] <span>* j12t (~j12t@c-50-136-206-246.hsd1.ca.comcast.net) has joined #beagle</span></li>
<li class="join">[<a href="#T09:09:21" id="T09:09:21"><abbr title="2016-01-22T09:09:21+00:00">09:09:21</abbr></a>] <span>* Angs (~ubuntu@85.235.3.54) has joined #beagle</span></li>
<li class="quit">[<a href="#T09:11:42" id="T09:11:42"><abbr title="2016-01-22T09:11:42+00:00">09:11:42</abbr></a>] <span>* behanw (~behanw@97.93.161.2) Quit (Ping timeout: 265 seconds)</span></li>
<li class="message">[<a href="#T09:11:56" id="T09:11:56"><abbr title="2016-01-22T09:11:56+00:00">09:11:56</abbr></a>] &lt;<cite>snowstaff</cite>&gt; <q>Imlerith, great)</q></li>
<li class="quit">[<a href="#T09:13:15" id="T09:13:15"><abbr title="2016-01-22T09:13:15+00:00">09:13:15</abbr></a>] <span>* j12t (~j12t@c-50-136-206-246.hsd1.ca.comcast.net) Quit (Ping timeout: 240 seconds)</span></li>
<li class="message">[<a href="#T09:13:39" id="T09:13:39"><abbr title="2016-01-22T09:13:39+00:00">09:13:39</abbr></a>] &lt;<cite>Imlerith_</cite>&gt; <q>can you tell me how can i start</q></li>
<li class="message">[<a href="#T09:16:30" id="T09:16:30"><abbr title="2016-01-22T09:16:30+00:00">09:16:30</abbr></a>] &lt;<cite>snowstaff</cite>&gt; <q>Imlerith, i'm newbie, like you. I don't know your skill level. I started from PRU</q></li>
<li class="message">[<a href="#T09:17:46" id="T09:17:46"><abbr title="2016-01-22T09:17:46+00:00">09:17:46</abbr></a>] &lt;<cite>snowstaff</cite>&gt; <q>u can start from this: <a href="http://boxysean.com/blog/2012/08/12/first-steps-with-the-beaglebone-pru/">http://boxysean.com/blog/2012/08/12/first-steps-with-the-beaglebone-pru/</a></q></li>
<li class="message">[<a href="#T09:20:32" id="T09:20:32"><abbr title="2016-01-22T09:20:32+00:00">09:20:32</abbr></a>] &lt;<cite>snowstaff</cite>&gt; <q>I'm working on a project to create a router.</q></li>
<li class="join">[<a href="#T09:21:49" id="T09:21:49"><abbr title="2016-01-22T09:21:49+00:00">09:21:49</abbr></a>] <span>* Small (c6af4424@gateway/web/freenode/ip.198.175.68.36) has joined #beagle</span></li>
<li class="message">[<a href="#T09:21:58" id="T09:21:58"><abbr title="2016-01-22T09:21:58+00:00">09:21:58</abbr></a>] &lt;<cite>Small</cite>&gt; <q>Hi all</q></li>
<li class="message">[<a href="#T09:22:54" id="T09:22:54"><abbr title="2016-01-22T09:22:54+00:00">09:22:54</abbr></a>] &lt;<cite>Small</cite>&gt; <q>Am looking for an app which can be installed on android phone to control BBB</q></li>
<li class="message">[<a href="#T09:23:44" id="T09:23:44"><abbr title="2016-01-22T09:23:44+00:00">09:23:44</abbr></a>] &lt;<cite>Small</cite>&gt; <q>wanted to explore android on BBB also</q></li>
<li class="message">[<a href="#T09:23:51" id="T09:23:51"><abbr title="2016-01-22T09:23:51+00:00">09:23:51</abbr></a>] &lt;<cite>Small</cite>&gt; <q>not finding a whole lot of details</q></li>
<li class="join">[<a href="#T09:24:19" id="T09:24:19"><abbr title="2016-01-22T09:24:19+00:00">09:24:19</abbr></a>] <span>* franz__ (~franz@cpe90-146-82-220.liwest.at) has joined #beagle</span></li>
<li class="join">[<a href="#T09:31:59" id="T09:31:59"><abbr title="2016-01-22T09:31:59+00:00">09:31:59</abbr></a>] <span>* bb (b6418b57@gateway/web/freenode/ip.182.65.139.87) has joined #beagle</span></li>
<li class="message">[<a href="#T09:32:01" id="T09:32:01"><abbr title="2016-01-22T09:32:01+00:00">09:32:01</abbr></a>] &lt;<cite>bb</cite>&gt; <q>hi guys]</q></li>
<li class="message">[<a href="#T09:32:18" id="T09:32:18"><abbr title="2016-01-22T09:32:18+00:00">09:32:18</abbr></a>] &lt;<cite>bb</cite>&gt; <q>i am trying to study beaglebone green and do aproject with it</q></li>
<li class="message">[<a href="#T09:32:27" id="T09:32:27"><abbr title="2016-01-22T09:32:27+00:00">09:32:27</abbr></a>] &lt;<cite>bb</cite>&gt; <q>so any suggestion as where to start</q></li>
<li class="quit">[<a href="#T09:33:21" id="T09:33:21"><abbr title="2016-01-22T09:33:21+00:00">09:33:21</abbr></a>] <span>* franz__ (~franz@cpe90-146-82-220.liwest.at) Quit (Remote host closed the connection)</span></li>
<li class="message">[<a href="#T09:34:49" id="T09:34:49"><abbr title="2016-01-22T09:34:49+00:00">09:34:49</abbr></a>] &lt;<cite>Humpelst1lzchen</cite>&gt; <q>Small: any android app that can control linux computers should do</q></li>
<li class="join">[<a href="#T09:35:47" id="T09:35:47"><abbr title="2016-01-22T09:35:47+00:00">09:35:47</abbr></a>] <span>* dwery (~dwery@nslu2-linux/dwery) has joined #beagle</span></li>
<li class="quit">[<a href="#T09:39:09" id="T09:39:09"><abbr title="2016-01-22T09:39:09+00:00">09:39:09</abbr></a>] <span>* Small (c6af4424@gateway/web/freenode/ip.198.175.68.36) Quit (Ping timeout: 252 seconds)</span></li>
<li class="quit">[<a href="#T09:44:06" id="T09:44:06"><abbr title="2016-01-22T09:44:06+00:00">09:44:06</abbr></a>] <span>* ubap (~ubap@89-71-188-226.dynamic.chello.pl) Quit (Ping timeout: 240 seconds)</span></li>
<li class="quit">[<a href="#T09:44:20" id="T09:44:20"><abbr title="2016-01-22T09:44:20+00:00">09:44:20</abbr></a>] <span>* nighty^ (~nighty@q029220.ppp.asahi-net.or.jp) Quit (Quit: Disappears in a puff of smoke)</span></li>
<li class="join">[<a href="#T09:48:39" id="T09:48:39"><abbr title="2016-01-22T09:48:39+00:00">09:48:39</abbr></a>] <span>* Ceriand|desktop (~Ceriand@unaffiliated/ceriand) has joined #beagle</span></li>
<li class="quit">[<a href="#T09:55:39" id="T09:55:39"><abbr title="2016-01-22T09:55:39+00:00">09:55:39</abbr></a>] <span>* snowstaff (c33cf752@gateway/web/freenode/ip.195.60.247.82) Quit (Ping timeout: 252 seconds)</span></li>
<li class="quit">[<a href="#T09:55:58" id="T09:55:58"><abbr title="2016-01-22T09:55:58+00:00">09:55:58</abbr></a>] <span>* magra (~manisha@192.91.75.29) Quit (Remote host closed the connection)</span></li>
<li class="join">[<a href="#T09:56:14" id="T09:56:14"><abbr title="2016-01-22T09:56:14+00:00">09:56:14</abbr></a>] <span>* magra (~manisha@192.91.75.29) has joined #beagle</span></li>
