<li class="join">[<a href="#T00:01:02" id="T00:01:02"><abbr title="2016-01-20T00:01:02+00:00">00:01:02</abbr></a>] <span>* BeagleBot (~PircBot@ec2-50-17-196-130.compute-1.amazonaws.com) has joined #beagle</span></li>
<li class="topic">[<abbr title="2016-01-20T00:01:02+00:00">00:01:02</abbr>] <span>* Topic is '<a href="http://beagleboard.org/chat">http://beagleboard.org/chat</a> has a guide on how to ask questions and links to the logs | never ask to ask, just ask | be patient | pastebin a boot log | <a href="http://ahsoftware.de/Beaglebone_Black_Boot_explained.svg">http://ahsoftware.de/Beaglebone_Black_Boot_explained.svg</a> | <a href="http://beagleboard.org/latest-images">http://beagleboard.org/latest-images</a> | <a href="http://beagleboard.org/Support/bone101">http://beagleboard.org/Support/bone101</a> | direct bonescript/node.js questions to #beagle-bonescript | books: <a href="http://bit.ly/bbb-books'">http://bit.ly/bbb-books'</a></span></li>
<li class="topic">[<abbr title="2016-01-20T00:01:02+00:00">00:01:02</abbr>] <span>* Set by KotH!~attila@erica.kinali.ch on Wed Jul 15 13:55:07 UTC 2015</span></li>
<li class="join">[<abbr title="2016-01-20T00:01:02+00:00">00:01:02</abbr>] <span>* BeagleBot (~PircBot@ec2-50-17-196-130.compute-1.amazonaws.com) has joined #beagleboard</span></li>
<li class="join">[<abbr title="2016-01-20T00:01:02+00:00">00:01:02</abbr>] <span>* BeagleBot (~PircBot@ec2-50-17-196-130.compute-1.amazonaws.com) has joined #beaglebone</span></li>
<li class="message">[<a href="#T00:01:17" id="T00:01:17"><abbr title="2016-01-20T00:01:17+00:00">00:01:17</abbr></a>] &lt;<cite>veremit</cite>&gt; <q>oh bugger .. missed him</q></li>
<li class="message">[<a href="#T00:01:41" id="T00:01:41"><abbr title="2016-01-20T00:01:41+00:00">00:01:41</abbr></a>] &lt;<cite>zmatt</cite>&gt; <q>lol @ the name of this mailing list ... <a href="https://www.ietf.org/mailman/listinfo/dsfjdssdfsd">https://www.ietf.org/mailman/listinfo/dsfjdssdfsd</a></q></li>
<li class="join">[<a href="#T00:06:42" id="T00:06:42"><abbr title="2016-01-20T00:06:42+00:00">00:06:42</abbr></a>] <span>* idwer_ (~irc@unaffiliated/idwer) has joined #beagle</span></li>
<li class="quit">[<a href="#T00:10:30" id="T00:10:30"><abbr title="2016-01-20T00:10:30+00:00">00:10:30</abbr></a>] <span>* idwer (~irc@unaffiliated/idwer) Quit (Ping timeout: 260 seconds)</span></li>
<li class="quit">[<a href="#T00:10:58" id="T00:10:58"><abbr title="2016-01-20T00:10:58+00:00">00:10:58</abbr></a>] <span>* dgerlach1 (dgerlach@nat/ti/x-yiqbvceuhzciilsl) Quit (Ping timeout: 260 seconds)</span></li>
<li class="join">[<a href="#T00:11:44" id="T00:11:44"><abbr title="2016-01-20T00:11:44+00:00">00:11:44</abbr></a>] <span>* j12t (~j12t@c-50-136-206-246.hsd1.ca.comcast.net) has joined #beagle</span></li>
<li class="message">[<a href="#T00:11:46" id="T00:11:46"><abbr title="2016-01-20T00:11:46+00:00">00:11:46</abbr></a>] &lt;<cite>zmatt</cite>&gt; <q>I do wonder why rcn-ee has a tendency to vanish like this</q></li>
<li class="message">[<a href="#T00:12:03" id="T00:12:03"><abbr title="2016-01-20T00:12:03+00:00">00:12:03</abbr></a>] &lt;<cite>veremit</cite>&gt; <q>why he doesn't get have a bouncer...</q></li>
<li class="action">[<a href="#T00:12:12" id="T00:12:12"><abbr title="2016-01-20T00:12:12+00:00">00:12:12</abbr></a>] <span>* vagrantc suspects it has something to do with work hours</span></li>
<li class="message">[<a href="#T00:12:26" id="T00:12:26"><abbr title="2016-01-20T00:12:26+00:00">00:12:26</abbr></a>] &lt;<cite>veremit</cite>&gt; <q>yes thats quite obvious, and cutting himself off</q></li>
<li class="join">[<a href="#T00:15:08" id="T00:15:08"><abbr title="2016-01-20T00:15:08+00:00">00:15:08</abbr></a>] <span>* rcn-ee (~voodoo@thief-pool2-120-251.mncable.net) has joined #beagle</span></li>
<li class="message">[<a href="#T00:15:12" id="T00:15:12"><abbr title="2016-01-20T00:15:12+00:00">00:15:12</abbr></a>] &lt;<cite>zmatt</cite>&gt; <q>wb rcn-ee</q></li>
<li class="quit">[<a href="#T00:16:28" id="T00:16:28"><abbr title="2016-01-20T00:16:28+00:00">00:16:28</abbr></a>] <span>* j12t (~j12t@c-50-136-206-246.hsd1.ca.comcast.net) Quit (Ping timeout: 265 seconds)</span></li>
<li class="message">[<a href="#T00:16:39" id="T00:16:39"><abbr title="2016-01-20T00:16:39+00:00">00:16:39</abbr></a>] &lt;<cite>veremit</cite>&gt; <q>ooo</q></li>
<li class="message">[<a href="#T00:17:00" id="T00:17:00"><abbr title="2016-01-20T00:17:00+00:00">00:17:00</abbr></a>] &lt;<cite>veremit</cite>&gt; <q>lives close to work :D lol</q></li>
<li class="nick-change">[<a href="#T00:17:19" id="T00:17:19"><abbr title="2016-01-20T00:17:19+00:00">00:17:19</abbr></a>] <span>* idwer_ is now known as idwer</span></li>
<li class="message">[<a href="#T00:17:46" id="T00:17:46"><abbr title="2016-01-20T00:17:46+00:00">00:17:46</abbr></a>] &lt;<cite>zmatt</cite>&gt; <q>bloooock.... lol, sorry, djb's fault</q></li>
<li class="message">[<a href="#T00:18:48" id="T00:18:48"><abbr title="2016-01-20T00:18:48+00:00">00:18:48</abbr></a>] &lt;<cite>zmatt</cite>&gt; <q>(<a href="http://cr.yp.to/talks/2016.01.15/slides-djb-20160115-a4.pdf">http://cr.yp.to/talks/2016.01.15/slides-djb-20160115-a4.pdf</a> search for "Tor")</q></li>
<li class="message">[<a href="#T00:28:28" id="T00:28:28"><abbr title="2016-01-20T00:28:28+00:00">00:28:28</abbr></a>] &lt;<cite>shevek</cite>&gt; <q>Is there any way to disable a cape?  I need ttyO4 most of the time, but I also need to be able to switch it off.</q></li>
<li class="message">[<a href="#T00:28:54" id="T00:28:54"><abbr title="2016-01-20T00:28:54+00:00">00:28:54</abbr></a>] &lt;<cite>veremit</cite>&gt; <q>peripherals aren't really designed to be dynamically turned on and off</q></li>
<li class="message">[<a href="#T00:29:02" id="T00:29:02"><abbr title="2016-01-20T00:29:02+00:00">00:29:02</abbr></a>] &lt;<cite>zmatt</cite>&gt; <q>sure they are</q></li>
<li class="message">[<a href="#T00:29:13" id="T00:29:13"><abbr title="2016-01-20T00:29:13+00:00">00:29:13</abbr></a>] &lt;<cite>veremit</cite>&gt; <q>zmatt; well perhaps you can advise</q></li>
<li class="join">[<a href="#T00:29:16" id="T00:29:16"><abbr title="2016-01-20T00:29:16+00:00">00:29:16</abbr></a>] <span>* zauslande (~zauslande@66.53.83.201) has joined #beagle</span></li>
<li class="message">[<a href="#T00:29:21" id="T00:29:21"><abbr title="2016-01-20T00:29:21+00:00">00:29:21</abbr></a>] &lt;<cite>shevek</cite>&gt; <q>I don't need to switch the port off, but I need to be able to use the pins as GPIO.</q></li>
<li class="message">[<a href="#T00:29:24" id="T00:29:24"><abbr title="2016-01-20T00:29:24+00:00">00:29:24</abbr></a>] &lt;<cite>zmatt</cite>&gt; <q>drivers might not be, that's not the same as peripherals not being :P</q></li>
<li class="message">[<a href="#T00:29:36" id="T00:29:36"><abbr title="2016-01-20T00:29:36+00:00">00:29:36</abbr></a>] &lt;<cite>veremit</cite>&gt; <q>zmatt: this ain't a micro :P~ that's very easy</q></li>
<li class="message">[<a href="#T00:29:46" id="T00:29:46"><abbr title="2016-01-20T00:29:46+00:00">00:29:46</abbr></a>] &lt;<cite>zmatt</cite>&gt; <q>though using an overlay and unloading it should work</q></li>
<li class="message">[<a href="#T00:29:57" id="T00:29:57"><abbr title="2016-01-20T00:29:57+00:00">00:29:57</abbr></a>] &lt;<cite>zmatt</cite>&gt; <q>(unless it doesn't and results in a kernel panic instead)</q></li>
<li class="message">[<abbr title="2016-01-20T00:29:57+00:00">00:29:57</abbr>] &lt;<cite>shevek</cite>&gt; <q>How do I unload an overlay?</q></li>
<li class="message">[<a href="#T00:30:35" id="T00:30:35"><abbr title="2016-01-20T00:30:35+00:00">00:30:35</abbr></a>] &lt;<cite>zmatt</cite>&gt; <q>if you're using bone_capemgr then no idea, I only know the new configfs mechanism</q></li>
<li class="message">[<a href="#T00:31:09" id="T00:31:09"><abbr title="2016-01-20T00:31:09+00:00">00:31:09</abbr></a>] &lt;<cite>shevek</cite>&gt; <q>Hmm, too bad.  And if I write my own overlay, is it possible to do it in a way that it can switch between them somehow?</q></li>
<li class="message">[<a href="#T00:31:32" id="T00:31:32"><abbr title="2016-01-20T00:31:32+00:00">00:31:32</abbr></a>] &lt;<cite>zmatt</cite>&gt; <q>unload one, load the other</q></li>
<li class="message">[<a href="#T00:31:45" id="T00:31:45"><abbr title="2016-01-20T00:31:45+00:00">00:31:45</abbr></a>] &lt;<cite>shevek</cite>&gt; <q>I mean switch between pin functions.</q></li>
<li class="message">[<a href="#T00:32:12" id="T00:32:12"><abbr title="2016-01-20T00:32:12+00:00">00:32:12</abbr></a>] &lt;<cite>zmatt</cite>&gt; <q>yes</q></li>
<li class="message">[<a href="#T00:32:13" id="T00:32:13"><abbr title="2016-01-20T00:32:13+00:00">00:32:13</abbr></a>] &lt;<cite>veremit</cite>&gt; <q>echo &lt;blah&gt; &gt; capemgr.slots</q></li>
<li class="message">[<a href="#T00:32:45" id="T00:32:45"><abbr title="2016-01-20T00:32:45+00:00">00:32:45</abbr></a>] &lt;<cite>zmatt</cite>&gt; <q>veremit: you can't load two overlays with conflicting pins though, so you first need to unload the previous one</q></li>
<li class="message">[<a href="#T00:33:10" id="T00:33:10"><abbr title="2016-01-20T00:33:10+00:00">00:33:10</abbr></a>] &lt;<cite>veremit</cite>&gt; <q>I'm sure the cape_mgr will balk :p</q></li>
<li class="message">[<a href="#T00:33:26" id="T00:33:26"><abbr title="2016-01-20T00:33:26+00:00">00:33:26</abbr></a>] &lt;<cite>veremit</cite>&gt; <q>and there is a load/unload interface on capemgr</q></li>
<li class="message">[<a href="#T00:33:37" id="T00:33:37"><abbr title="2016-01-20T00:33:37+00:00">00:33:37</abbr></a>] &lt;<cite>shevek</cite>&gt; <q>Yes, it does.  And I have not found a way to unload a cape, except by rebooting.</q></li>
<li class="message">[<a href="#T00:33:48" id="T00:33:48"><abbr title="2016-01-20T00:33:48+00:00">00:33:48</abbr></a>] &lt;<cite>shevek</cite>&gt; <q>There is?  How does it work?</q></li>
<li class="message">[<a href="#T00:34:05" id="T00:34:05"><abbr title="2016-01-20T00:34:05+00:00">00:34:05</abbr></a>] &lt;<cite>veremit</cite>&gt; <q>well .. it must be similar syntax</q></li>
<li class="message">[<a href="#T00:35:01" id="T00:35:01"><abbr title="2016-01-20T00:35:01+00:00">00:35:01</abbr></a>] &lt;<cite>zmatt</cite>&gt; <q>I vaguely recall there is, but don't remember the details</q></li>
<li class="message">[<a href="#T00:35:42" id="T00:35:42"><abbr title="2016-01-20T00:35:42+00:00">00:35:42</abbr></a>] &lt;<cite>maxbots|mtw</cite>&gt; <q>Hey folks, have a question. In the book "Exploring BeagleBone", the author suggests that you can "destroy" your beaglebone by removing power without shutting down. That sounds like hyperbole to me.</q></li>
<li class="message">[<a href="#T00:36:02" id="T00:36:02"><abbr title="2016-01-20T00:36:02+00:00">00:36:02</abbr></a>] &lt;<cite>maxbots|mtw</cite>&gt; <q>Can you actually do physical damage, or is it just the possibility to corrupt the image?</q></li>
<li class="message">[<a href="#T00:38:15" id="T00:38:15"><abbr title="2016-01-20T00:38:15+00:00">00:38:15</abbr></a>] &lt;<cite>zmatt</cite>&gt; <q>there is some minor concern of damage since it drops the supply rails to the cpu too fast and without regard to proper sequencing</q></li>
<li class="message">[<a href="#T00:39:15" id="T00:39:15"><abbr title="2016-01-20T00:39:15+00:00">00:39:15</abbr></a>] &lt;<cite>zmatt</cite>&gt; <q>I mostly try to do clean shutdowns out of concern of the image though (I have seen fs corruption due to casual use of the reset button)</q></li>
<li class="message">[<a href="#T00:39:56" id="T00:39:56"><abbr title="2016-01-20T00:39:56+00:00">00:39:56</abbr></a>] &lt;<cite>maxbots|mtw</cite>&gt; <q>So unlikely that there would be hardware damage, but not impossible</q></li>
<li class="message">[<a href="#T00:40:38" id="T00:40:38"><abbr title="2016-01-20T00:40:38+00:00">00:40:38</abbr></a>] &lt;<cite>veremit</cite>&gt; <q><a href="https://github.com/jadonk/validation-scripts/tree/master/test-capemgr">https://github.com/jadonk/validation-scripts/tree/master/test-capemgr</a></q></li>
<li class="message">[<a href="#T00:40:43" id="T00:40:43"><abbr title="2016-01-20T00:40:43+00:00">00:40:43</abbr></a>] &lt;<cite>veremit</cite>&gt; <q>second half of that page</q></li>
<li class="message">[<a href="#T00:40:52" id="T00:40:52"><abbr title="2016-01-20T00:40:52+00:00">00:40:52</abbr></a>] &lt;<cite>zmatt</cite>&gt; <q>right, and a clean shutdown isn't that clean either since the braindead tps65217 switches to battery power at the start of the powerdown sequence, regardless of whether a battery is present, leaving the system to run on caps during powerdown</q></li>
<li class="message">[<a href="#T00:41:53" id="T00:41:53"><abbr title="2016-01-20T00:41:53+00:00">00:41:53</abbr></a>] &lt;<cite>maxbots|mtw</cite>&gt; <q>kk</q></li>
<li class="message">[<a href="#T00:42:24" id="T00:42:24"><abbr title="2016-01-20T00:42:24+00:00">00:42:24</abbr></a>] &lt;<cite>veremit</cite>&gt; <q>shevek ^^ that page .. echo "-X" &gt; slots</q></li>
<li class="message">[<abbr title="2016-01-20T00:42:24+00:00">00:42:24</abbr>] &lt;<cite>maxbots|mtw</cite>&gt; <q>And I assume the system is not smart enough to detect the loss of power and start shutdown automatically</q></li>
<li class="message">[<a href="#T00:43:06" id="T00:43:06"><abbr title="2016-01-20T00:43:06+00:00">00:43:06</abbr></a>] &lt;<cite>zmatt</cite>&gt; <q>tps will initiate powerdown on detecting undervoltage, but it doesn't have time to do so</q></li>
<li class="message">[<a href="#T00:43:32" id="T00:43:32"><abbr title="2016-01-20T00:43:32+00:00">00:43:32</abbr></a>] &lt;<cite>shevek</cite>&gt; <q>veremit: Thanks!</q></li>
<li class="message">[<a href="#T00:43:41" id="T00:43:41"><abbr title="2016-01-20T00:43:41+00:00">00:43:41</abbr></a>] &lt;<cite>zmatt</cite>&gt; <q>for reference, this shows a shutdown: <a href="http://elinux.org/File:Bbb-c-3v3u-shutdown-dc5v-hdmi.png">http://elinux.org/File:Bbb-c-3v3u-shutdown-dc5v-hdmi.png</a></q></li>
<li class="message">[<a href="#T00:43:44" id="T00:43:44"><abbr title="2016-01-20T00:43:44+00:00">00:43:44</abbr></a>] &lt;<cite>maxbots|mtw</cite>&gt; <q>How long do the caps keep it active after power loss?</q></li>
<li class="message">[<a href="#T00:43:46" id="T00:43:46"><abbr title="2016-01-20T00:43:46+00:00">00:43:46</abbr></a>] &lt;<cite>veremit</cite>&gt; <q>not sure whether that really works .. but hey</q></li>
<li class="message">[<abbr title="2016-01-20T00:43:46+00:00">00:43:46</abbr>] &lt;<cite>zmatt</cite>&gt; <q>vs cutting power: <a href="http://elinux.org/File:Bbb-c-3v3u-powercut-hdmi.png">http://elinux.org/File:Bbb-c-3v3u-powercut-hdmi.png</a></q></li>
<li class="message">[<a href="#T00:44:06" id="T00:44:06"><abbr title="2016-01-20T00:44:06+00:00">00:44:06</abbr></a>] &lt;<cite>maxbots|mtw</cite>&gt; <q>thx zmatt</q></li>
<li class="message">[<a href="#T00:45:26" id="T00:45:26"><abbr title="2016-01-20T00:45:26+00:00">00:45:26</abbr></a>] &lt;<cite>zmatt</cite>&gt; <q>(this is actually a slightly patched bbb, but I'm not sure whether I have any useful pics of an unpatched one... I don't expect a big difference)</q></li>
<li class="message">[<a href="#T00:45:58" id="T00:45:58"><abbr title="2016-01-20T00:45:58+00:00">00:45:58</abbr></a>] &lt;<cite>shevek</cite>&gt; <q>Hmm yes.  The kernel doesn't like it, as predicted.</q></li>
<li class="message">[<a href="#T00:47:00" id="T00:47:00"><abbr title="2016-01-20T00:47:00+00:00">00:47:00</abbr></a>] &lt;<cite>zmatt</cite>&gt; <q>mind that if you have multiple overlays loaded, you can only unload them in reverse order... you can't remove one from the middle of the stack</q></li>
<li class="message">[<a href="#T00:47:55" id="T00:47:55"><abbr title="2016-01-20T00:47:55+00:00">00:47:55</abbr></a>] &lt;<cite>shevek</cite>&gt; <q>Ok, that's good to know.</q></li>
<li class="message">[<a href="#T00:54:16" id="T00:54:16"><abbr title="2016-01-20T00:54:16+00:00">00:54:16</abbr></a>] &lt;<cite>shevek</cite>&gt; <q>Hmm, it doesn't seem like I can unload the top of the stack either; the board just crashes. :-(</q></li>
<li class="quit">[<a href="#T00:55:02" id="T00:55:02"><abbr title="2016-01-20T00:55:02+00:00">00:55:02</abbr></a>] <span>* darkfader (~darkfader@ip3e8346be.speed.planet.nl) Quit (Quit: Read error: Connection reset by peer)</span></li>
<li class="message">[<a href="#T00:55:38" id="T00:55:38"><abbr title="2016-01-20T00:55:38+00:00">00:55:38</abbr></a>] &lt;<cite>zmatt</cite>&gt; <q>yeah not all drivers are too fond of runtime changes to the device tree</q></li>
<li class="message">[<a href="#T00:56:09" id="T00:56:09"><abbr title="2016-01-20T00:56:09+00:00">00:56:09</abbr></a>] &lt;<cite>zmatt</cite>&gt; <q>what kernel version are you running?</q></li>
<li class="message">[<a href="#T00:58:10" id="T00:58:10"><abbr title="2016-01-20T00:58:10+00:00">00:58:10</abbr></a>] &lt;<cite>shevek</cite>&gt; <q>3.8.13-bone71.1</q></li>
<li class="message">[<a href="#T00:58:41" id="T00:58:41"><abbr title="2016-01-20T00:58:41+00:00">00:58:41</abbr></a>] &lt;<cite>zmatt</cite>&gt; <q>ah, an ancient kernel, that probably also doesn't help</q></li>
<li class="message">[<a href="#T00:59:28" id="T00:59:28"><abbr title="2016-01-20T00:59:28+00:00">00:59:28</abbr></a>] &lt;<cite>shevek</cite>&gt; <q>I suppose it doesn't.  I would like to avoid upgrading though, but I can if I have to.</q></li>
<li class="message">[<a href="#T01:00:16" id="T01:00:16"><abbr title="2016-01-20T01:00:16+00:00">01:00:16</abbr></a>] &lt;<cite>shevek</cite>&gt; <q>(The reason is I want to put this on many boards, and upgrading all of them would take a lot of time.)</q></li>
<li class="join">[<a href="#T01:00:28" id="T01:00:28"><abbr title="2016-01-20T01:00:28+00:00">01:00:28</abbr></a>] <span>* victortyau (~victortya@190.123.228.251) has joined #beagle</span></li>
<li class="quit">[<a href="#T01:07:18" id="T01:07:18"><abbr title="2016-01-20T01:07:18+00:00">01:07:18</abbr></a>] <span>* iandow (~iandow@solution5.hsia.citycenter.com) Quit (Remote host closed the connection)</span></li>
<li class="quit">[<a href="#T01:07:26" id="T01:07:26"><abbr title="2016-01-20T01:07:26+00:00">01:07:26</abbr></a>] <span>* Akex_ (uid58281@gateway/web/irccloud.com/x-lqrehsbhxpzndorr) Quit (Quit: Connection closed for inactivity)</span></li>
<li class="join">[<a href="#T01:09:01" id="T01:09:01"><abbr title="2016-01-20T01:09:01+00:00">01:09:01</abbr></a>] <span>* iandow (~iandow@solution5.hsia.citycenter.com) has joined #beaglebone</span></li>
<li class="quit">[<a href="#T01:10:17" id="T01:10:17"><abbr title="2016-01-20T01:10:17+00:00">01:10:17</abbr></a>] <span>* vagrantc (~vagrant@unaffiliated/vagrantc) Quit (Quit: leaving)</span></li>
<li class="join">[<a href="#T01:12:37" id="T01:12:37"><abbr title="2016-01-20T01:12:37+00:00">01:12:37</abbr></a>] <span>* j12t (~j12t@c-50-136-206-246.hsd1.ca.comcast.net) has joined #beagle</span></li>
<li class="quit">[<a href="#T01:12:56" id="T01:12:56"><abbr title="2016-01-20T01:12:56+00:00">01:12:56</abbr></a>] <span>* H-H-H (~H-H-H1@host-92-4-123-242.as43234.net) Quit (Quit: Leaving)</span></li>
<li class="quit">[<a href="#T01:16:12" id="T01:16:12"><abbr title="2016-01-20T01:16:12+00:00">01:16:12</abbr></a>] <span>* iandow (~iandow@solution5.hsia.citycenter.com) Quit (Remote host closed the connection)</span></li>
<li class="quit">[<a href="#T01:17:30" id="T01:17:30"><abbr title="2016-01-20T01:17:30+00:00">01:17:30</abbr></a>] <span>* j12t (~j12t@c-50-136-206-246.hsd1.ca.comcast.net) Quit (Ping timeout: 260 seconds)</span></li>
<li class="quit">[<a href="#T01:20:06" id="T01:20:06"><abbr title="2016-01-20T01:20:06+00:00">01:20:06</abbr></a>] <span>* IrishGringo_ (~chatzilla@2601:586:c200:6eaa:60b6:df17:70ed:48aa) Quit (Ping timeout: 240 seconds)</span></li>
<li class="join">[<a href="#T01:20:11" id="T01:20:11"><abbr title="2016-01-20T01:20:11+00:00">01:20:11</abbr></a>] <span>* IrishGringo (~chatzilla@2601:586:c200:6eaa:c57c:2499:efec:6feb) has joined #beagle</span></li>
<li class="quit">[<a href="#T01:22:11" id="T01:22:11"><abbr title="2016-01-20T01:22:11+00:00">01:22:11</abbr></a>] <span>* IrishGringo (~chatzilla@2601:586:c200:6eaa:c57c:2499:efec:6feb) Quit (Excess Flood)</span></li>
<li class="join">[<a href="#T01:22:56" id="T01:22:56"><abbr title="2016-01-20T01:22:56+00:00">01:22:56</abbr></a>] <span>* IrishGringo (~chatzilla@2601:586:c200:6eaa:c57c:2499:efec:6feb) has joined #beagle</span></li>
<li class="join">[<a href="#T01:42:46" id="T01:42:46"><abbr title="2016-01-20T01:42:46+00:00">01:42:46</abbr></a>] <span>* somazero (~somazero@ip72-198-38-197.ok.ok.cox.net) has joined #beagle</span></li>
<li class="join">[<a href="#T01:47:57" id="T01:47:57"><abbr title="2016-01-20T01:47:57+00:00">01:47:57</abbr></a>] <span>* Ceriand|desktop (~Ceriand@unaffiliated/ceriand) has joined #beagle</span></li>
<li class="join">[<a href="#T01:52:08" id="T01:52:08"><abbr title="2016-01-20T01:52:08+00:00">01:52:08</abbr></a>] <span>* j12t (~j12t@c-50-136-206-246.hsd1.ca.comcast.net) has joined #beagle</span></li>
<li class="quit">[<a href="#T01:59:54" id="T01:59:54"><abbr title="2016-01-20T01:59:54+00:00">01:59:54</abbr></a>] <span>* mag__ (mgreer@nat/google/x-yzqygikccxtuacel) Quit (Ping timeout: 250 seconds)</span></li>
<li class="join">[<a href="#T02:00:05" id="T02:00:05"><abbr title="2016-01-20T02:00:05+00:00">02:00:05</abbr></a>] <span>* Devastator (~devas@191.251.170.2) has joined #beagle</span></li>
