<li class="join">[<a href="#T00:00:48" id="T00:00:48"><abbr title="2016-01-29T00:00:48+00:00">00:00:48</abbr></a>] <span>* BeagleBot (~PircBot@ec2-50-17-196-130.compute-1.amazonaws.com) has joined #beagle</span></li>
<li class="topic">[<abbr title="2016-01-29T00:00:48+00:00">00:00:48</abbr>] <span>* Topic is '<a href="http://beagleboard.org/chat">http://beagleboard.org/chat</a> has a guide on how to ask questions and links to the logs | never ask to ask, just ask | be patient | pastebin a boot log | <a href="http://ahsoftware.de/Beaglebone_Black_Boot_explained.svg">http://ahsoftware.de/Beaglebone_Black_Boot_explained.svg</a> | <a href="http://beagleboard.org/latest-images">http://beagleboard.org/latest-images</a> | <a href="http://beagleboard.org/Support/bone101">http://beagleboard.org/Support/bone101</a> | direct bonescript/node.js questions to #beagle-bonescript | books: <a href="http://bit.ly/bbb-books'">http://bit.ly/bbb-books'</a></span></li>
<li class="topic">[<abbr title="2016-01-29T00:00:48+00:00">00:00:48</abbr>] <span>* Set by KotH!~attila@erica.kinali.ch on Wed Jul 15 13:55:07 UTC 2015</span></li>
<li class="join">[<abbr title="2016-01-29T00:00:48+00:00">00:00:48</abbr>] <span>* BeagleBot (~PircBot@ec2-50-17-196-130.compute-1.amazonaws.com) has joined #beagleboard</span></li>
<li class="join">[<abbr title="2016-01-29T00:00:48+00:00">00:00:48</abbr>] <span>* BeagleBot (~PircBot@ec2-50-17-196-130.compute-1.amazonaws.com) has joined #beaglebone</span></li>
<li class="quit">[<a href="#T00:07:56" id="T00:07:56"><abbr title="2016-01-29T00:07:56+00:00">00:07:56</abbr></a>] <span>* jonco (~jc@c-24-14-14-224.hsd1.il.comcast.net) Quit (Ping timeout: 240 seconds)</span></li>
<li class="join">[<a href="#T00:10:35" id="T00:10:35"><abbr title="2016-01-29T00:10:35+00:00">00:10:35</abbr></a>] <span>* j12t (~j12t@c-50-136-206-246.hsd1.ca.comcast.net) has joined #beagle</span></li>
<li class="quit">[<a href="#T00:22:10" id="T00:22:10"><abbr title="2016-01-29T00:22:10+00:00">00:22:10</abbr></a>] <span>* H-H-H (~H-H-H@host-92-4-87-45.as43234.net) Quit (Quit: Leaving)</span></li>
<li class="quit">[<a href="#T00:25:12" id="T00:25:12"><abbr title="2016-01-29T00:25:12+00:00">00:25:12</abbr></a>] <span>* jevin (~jevin@72.12.217.220) Quit (Quit: Textual IRC Client: www.textualapp.com)</span></li>
<li class="join">[<a href="#T00:26:02" id="T00:26:02"><abbr title="2016-01-29T00:26:02+00:00">00:26:02</abbr></a>] <span>* jevin (~jevin@72.12.217.220) has joined #beagle</span></li>
<li class="quit">[<a href="#T00:26:12" id="T00:26:12"><abbr title="2016-01-29T00:26:12+00:00">00:26:12</abbr></a>] <span>* artX000 (~py@ool-1826eaa1.dyn.optonline.net) Quit (Remote host closed the connection)</span></li>
<li class="join">[<a href="#T00:26:45" id="T00:26:45"><abbr title="2016-01-29T00:26:45+00:00">00:26:45</abbr></a>] <span>* mikeiniowa (~py@ool-1826eaa1.dyn.optonline.net) has joined #beagle</span></li>
<li class="join">[<a href="#T00:27:12" id="T00:27:12"><abbr title="2016-01-29T00:27:12+00:00">00:27:12</abbr></a>] <span>* thurgood_ (~thurgood@cpe-76-90-35-193.socal.res.rr.com) has joined #beagle</span></li>
<li class="join">[<a href="#T00:29:22" id="T00:29:22"><abbr title="2016-01-29T00:29:22+00:00">00:29:22</abbr></a>] <span>* nighty^ (~nighty@q029220.ppp.asahi-net.or.jp) has joined #beagleboard</span></li>
<li class="quit">[<a href="#T00:29:36" id="T00:29:36"><abbr title="2016-01-29T00:29:36+00:00">00:29:36</abbr></a>] <span>* thurgoo__ (~thurgood@cpe-76-90-35-193.socal.res.rr.com) Quit (Ping timeout: 264 seconds)</span></li>
<li class="quit">[<a href="#T00:29:40" id="T00:29:40"><abbr title="2016-01-29T00:29:40+00:00">00:29:40</abbr></a>] <span>* mikeiniowa (~py@ool-1826eaa1.dyn.optonline.net) Quit (Remote host closed the connection)</span></li>
<li class="join">[<a href="#T00:30:17" id="T00:30:17"><abbr title="2016-01-29T00:30:17+00:00">00:30:17</abbr></a>] <span>* mikeiniowa (~py@ool-1826eaa1.dyn.optonline.net) has joined #beagle</span></li>
<li class="quit">[<a href="#T00:36:35" id="T00:36:35"><abbr title="2016-01-29T00:36:35+00:00">00:36:35</abbr></a>] <span>* nighty^ (~nighty@q029220.ppp.asahi-net.or.jp) Quit (Ping timeout: 240 seconds)</span></li>
<li class="quit">[<a href="#T00:36:40" id="T00:36:40"><abbr title="2016-01-29T00:36:40+00:00">00:36:40</abbr></a>] <span>* j12t (~j12t@c-50-136-206-246.hsd1.ca.comcast.net) Quit (Read error: Connection reset by peer)</span></li>
<li class="join">[<a href="#T00:37:08" id="T00:37:08"><abbr title="2016-01-29T00:37:08+00:00">00:37:08</abbr></a>] <span>* j12t (~j12t@c-50-136-206-246.hsd1.ca.comcast.net) has joined #beagle</span></li>
<li class="quit">[<a href="#T00:39:27" id="T00:39:27"><abbr title="2016-01-29T00:39:27+00:00">00:39:27</abbr></a>] <span>* darkfader (~darkfader@ip3e8346be.speed.planet.nl) Quit (Quit: Read error: Connection reset by peer)</span></li>
<li class="quit">[<a href="#T00:46:45" id="T00:46:45"><abbr title="2016-01-29T00:46:45+00:00">00:46:45</abbr></a>] <span>* vagrantc (~vagrant@unaffiliated/vagrantc) Quit (Ping timeout: 245 seconds)</span></li>
<li class="join">[<a href="#T00:48:00" id="T00:48:00"><abbr title="2016-01-29T00:48:00+00:00">00:48:00</abbr></a>] <span>* nighty^ (~nighty@q029220.ppp.asahi-net.or.jp) has joined #beagleboard</span></li>
<li class="join">[<a href="#T00:51:15" id="T00:51:15"><abbr title="2016-01-29T00:51:15+00:00">00:51:15</abbr></a>] <span>* CrypticGator (~CrypticGa@99-98-126-250.lightspeed.miamfl.sbcglobal.net) has joined #beagle</span></li>
<li class="join">[<a href="#T00:51:26" id="T00:51:26"><abbr title="2016-01-29T00:51:26+00:00">00:51:26</abbr></a>] <span>* OchoZero9 (~CrypticGa@99-98-126-250.lightspeed.miamfl.sbcglobal.net) has joined #beagle</span></li>
<li class="quit">[<a href="#T00:51:53" id="T00:51:53"><abbr title="2016-01-29T00:51:53+00:00">00:51:53</abbr></a>] <span>* OchoZero9 (~CrypticGa@99-98-126-250.lightspeed.miamfl.sbcglobal.net) Quit (Remote host closed the connection)</span></li>
<li class="join">[<a href="#T00:59:55" id="T00:59:55"><abbr title="2016-01-29T00:59:55+00:00">00:59:55</abbr></a>] <span>* NishanthMenon (~nmenon@pool-71-170-113-211.dllstx.fios.verizon.net) has joined #beagle</span></li>
<li class="quit">[<abbr title="2016-01-29T00:59:55+00:00">00:59:55</abbr>] <span>* NishanthMenon (~nmenon@pool-71-170-113-211.dllstx.fios.verizon.net) Quit (Changing host)</span></li>
<li class="join">[<abbr title="2016-01-29T00:59:55+00:00">00:59:55</abbr>] <span>* NishanthMenon (~nmenon@unaffiliated/nishanthmenon) has joined #beagle</span></li>
<li class="quit">[<a href="#T01:03:27" id="T01:03:27"><abbr title="2016-01-29T01:03:27+00:00">01:03:27</abbr></a>] <span>* karsun (~karsun@117.239.204.226) Quit (Ping timeout: 265 seconds)</span></li>
<li class="quit">[<a href="#T01:18:26" id="T01:18:26"><abbr title="2016-01-29T01:18:26+00:00">01:18:26</abbr></a>] <span>* nashpa (~nashpa@dliviu.plus.com) Quit (Ping timeout: 250 seconds)</span></li>
<li class="join">[<a href="#T01:27:23" id="T01:27:23"><abbr title="2016-01-29T01:27:23+00:00">01:27:23</abbr></a>] <span>* nashpa (~nashpa@dliviu.plus.com) has joined #beagle</span></li>
<li class="join">[<a href="#T01:31:42" id="T01:31:42"><abbr title="2016-01-29T01:31:42+00:00">01:31:42</abbr></a>] <span>* ktchk (~eddie6929@n219079251205.netvigator.com) has joined #beagle</span></li>
<li class="quit">[<a href="#T01:31:46" id="T01:31:46"><abbr title="2016-01-29T01:31:46+00:00">01:31:46</abbr></a>] <span>* nashpa (~nashpa@dliviu.plus.com) Quit (Ping timeout: 240 seconds)</span></li>
<li class="join">[<a href="#T01:32:49" id="T01:32:49"><abbr title="2016-01-29T01:32:49+00:00">01:32:49</abbr></a>] <span>* nashpa (~nashpa@dliviu.plus.com) has joined #beagle</span></li>
<li class="join">[<a href="#T01:36:50" id="T01:36:50"><abbr title="2016-01-29T01:36:50+00:00">01:36:50</abbr></a>] <span>* nashpa_ (~nashpa@dliviu.plus.com) has joined #beagle</span></li>
<li class="quit">[<a href="#T01:37:24" id="T01:37:24"><abbr title="2016-01-29T01:37:24+00:00">01:37:24</abbr></a>] <span>* nashpa (~nashpa@dliviu.plus.com) Quit (Ping timeout: 264 seconds)</span></li>
<li class="join">[<a href="#T01:37:59" id="T01:37:59"><abbr title="2016-01-29T01:37:59+00:00">01:37:59</abbr></a>] <span>* nashpa (~nashpa@dliviu.plus.com) has joined #beagle</span></li>
<li class="quit">[<a href="#T01:41:47" id="T01:41:47"><abbr title="2016-01-29T01:41:47+00:00">01:41:47</abbr></a>] <span>* thurgood_ (~thurgood@cpe-76-90-35-193.socal.res.rr.com) Quit (Read error: Connection reset by peer)</span></li>
<li class="quit">[<a href="#T01:42:11" id="T01:42:11"><abbr title="2016-01-29T01:42:11+00:00">01:42:11</abbr></a>] <span>* nashpa_ (~nashpa@dliviu.plus.com) Quit (Ping timeout: 264 seconds)</span></li>
<li class="join">[<a href="#T01:42:21" id="T01:42:21"><abbr title="2016-01-29T01:42:21+00:00">01:42:21</abbr></a>] <span>* thurgood_ (~thurgood@cpe-76-90-35-193.socal.res.rr.com) has joined #beagle</span></li>
<li class="quit">[<a href="#T01:42:36" id="T01:42:36"><abbr title="2016-01-29T01:42:36+00:00">01:42:36</abbr></a>] <span>* xer0x (~X0@165.225.149.90) Quit (Ping timeout: 256 seconds)</span></li>
<li class="quit">[<a href="#T01:45:11" id="T01:45:11"><abbr title="2016-01-29T01:45:11+00:00">01:45:11</abbr></a>] <span>* nashpa (~nashpa@dliviu.plus.com) Quit (Ping timeout: 264 seconds)</span></li>
<li class="join">[<a href="#T01:45:22" id="T01:45:22"><abbr title="2016-01-29T01:45:22+00:00">01:45:22</abbr></a>] <span>* xer0x (~X0@165.225.149.90) has joined #beagle</span></li>
<li class="join">[<a href="#T01:47:16" id="T01:47:16"><abbr title="2016-01-29T01:47:16+00:00">01:47:16</abbr></a>] <span>* nashpa (~nashpa@dliviu.plus.com) has joined #beagle</span></li>
<li class="quit">[<a href="#T01:47:28" id="T01:47:28"><abbr title="2016-01-29T01:47:28+00:00">01:47:28</abbr></a>] <span>* Akex_ (uid58281@gateway/web/irccloud.com/x-ywrpjdjtguxsfgau) Quit (Quit: Connection closed for inactivity)</span></li>
<li class="quit">[<a href="#T01:53:58" id="T01:53:58"><abbr title="2016-01-29T01:53:58+00:00">01:53:58</abbr></a>] <span>* nashpa (~nashpa@dliviu.plus.com) Quit (Ping timeout: 250 seconds)</span></li>
<li class="quit">[<a href="#T01:58:01" id="T01:58:01"><abbr title="2016-01-29T01:58:01+00:00">01:58:01</abbr></a>] <span>* mrjazzcat (~mrjazzcat@c-50-134-253-3.hsd1.co.comcast.net) Quit (Ping timeout: 245 seconds)</span></li>
<li class="join">[<a href="#T01:58:10" id="T01:58:10"><abbr title="2016-01-29T01:58:10+00:00">01:58:10</abbr></a>] <span>* nashpa (~nashpa@dliviu.plus.com) has joined #beagle</span></li>
