<li class="join">[<a href="#T00:00:27" id="T00:00:27"><abbr title="2016-01-31T00:00:27+00:00">00:00:27</abbr></a>] <span>* BeagleBot (~PircBot@ec2-50-17-196-130.compute-1.amazonaws.com) has joined #beagle</span></li>
<li class="topic">[<abbr title="2016-01-31T00:00:27+00:00">00:00:27</abbr>] <span>* Topic is '<a href="http://beagleboard.org/chat">http://beagleboard.org/chat</a> has a guide on how to ask questions and links to the logs | never ask to ask, just ask | be patient | pastebin a boot log | <a href="http://ahsoftware.de/Beaglebone_Black_Boot_explained.svg">http://ahsoftware.de/Beaglebone_Black_Boot_explained.svg</a> | <a href="http://beagleboard.org/latest-images">http://beagleboard.org/latest-images</a> | <a href="http://beagleboard.org/Support/bone101">http://beagleboard.org/Support/bone101</a> | direct bonescript/node.js questions to #beagle-bonescript | books: <a href="http://bit.ly/bbb-books'">http://bit.ly/bbb-books'</a></span></li>
<li class="topic">[<abbr title="2016-01-31T00:00:27+00:00">00:00:27</abbr>] <span>* Set by KotH!~attila@erica.kinali.ch on Wed Jul 15 13:55:07 UTC 2015</span></li>
<li class="join">[<abbr title="2016-01-31T00:00:27+00:00">00:00:27</abbr>] <span>* BeagleBot (~PircBot@ec2-50-17-196-130.compute-1.amazonaws.com) has joined #beagleboard</span></li>
<li class="join">[<abbr title="2016-01-31T00:00:27+00:00">00:00:27</abbr>] <span>* BeagleBot (~PircBot@ec2-50-17-196-130.compute-1.amazonaws.com) has joined #beaglebone</span></li>
<li class="quit">[<a href="#T00:02:35" id="T00:02:35"><abbr title="2016-01-31T00:02:35+00:00">00:02:35</abbr></a>] <span>* skhreze (~debian@ip-5-172-247-197.free.aero2.net.pl) Quit (Ping timeout: 245 seconds)</span></li>
<li class="quit">[<a href="#T00:05:00" id="T00:05:00"><abbr title="2016-01-31T00:05:00+00:00">00:05:00</abbr></a>] <span>* j12t (~j12t@c-50-136-206-246.hsd1.ca.comcast.net) Quit (Remote host closed the connection)</span></li>
<li class="join">[<a href="#T00:05:08" id="T00:05:08"><abbr title="2016-01-31T00:05:08+00:00">00:05:08</abbr></a>] <span>* j12t (~j12t@c-50-136-206-246.hsd1.ca.comcast.net) has joined #beagle</span></li>
<li class="quit">[<a href="#T00:06:11" id="T00:06:11"><abbr title="2016-01-31T00:06:11+00:00">00:06:11</abbr></a>] <span>* souther (~souther@2605:6400:1:fed5:22:1ac:61c0:e24e) Quit (Ping timeout: 264 seconds)</span></li>
<li class="quit">[<a href="#T00:12:14" id="T00:12:14"><abbr title="2016-01-31T00:12:14+00:00">00:12:14</abbr></a>] <span>* flo_lap (~fuchs@Maemo/community/contributor/florian) Quit (Ping timeout: 276 seconds)</span></li>
<li class="quit">[<a href="#T00:25:14" id="T00:25:14"><abbr title="2016-01-31T00:25:14+00:00">00:25:14</abbr></a>] <span>* manuel_ (~manuel@c-24-61-40-209.hsd1.ma.comcast.net) Quit (Ping timeout: 276 seconds)</span></li>
<li class="join">[<a href="#T00:29:17" id="T00:29:17"><abbr title="2016-01-31T00:29:17+00:00">00:29:17</abbr></a>] <span>* souther (~souther@2605:6400:1:fed5:22:1ac:61c0:e24e) has joined #beaglebone</span></li>
<li class="join">[<abbr title="2016-01-31T00:29:17+00:00">00:29:17</abbr>] <span>* souther (~souther@2605:6400:1:fed5:22:1ac:61c0:e24e) has joined #beagleboard</span></li>
<li class="join">[<abbr title="2016-01-31T00:29:17+00:00">00:29:17</abbr>] <span>* souther (~souther@2605:6400:1:fed5:22:1ac:61c0:e24e) has joined #beagle</span></li>
<li class="quit">[<a href="#T00:36:32" id="T00:36:32"><abbr title="2016-01-31T00:36:32+00:00">00:36:32</abbr></a>] <span>* H-H-H (~H-H-H@host-92-3-75-122.as43234.net) Quit (Quit: Leaving)</span></li>
<li class="quit">[<a href="#T00:37:06" id="T00:37:06"><abbr title="2016-01-31T00:37:06+00:00">00:37:06</abbr></a>] <span>* IrishGringo (~chatzilla@2601:586:c200:6eaa:f140:84bf:f20e:e3e4) Quit (Ping timeout: 240 seconds)</span></li>
<li class="join">[<a href="#T00:38:14" id="T00:38:14"><abbr title="2016-01-31T00:38:14+00:00">00:38:14</abbr></a>] <span>* zauslande (~zauslande@66.53.81.206) has joined #beagle</span></li>
<li class="join">[<a href="#T00:39:41" id="T00:39:41"><abbr title="2016-01-31T00:39:41+00:00">00:39:41</abbr></a>] <span>* manuel_ (~manuel@c-24-61-40-209.hsd1.ma.comcast.net) has joined #beagle</span></li>
<li class="join">[<a href="#T00:40:57" id="T00:40:57"><abbr title="2016-01-31T00:40:57+00:00">00:40:57</abbr></a>] <span>* IrishGringo (~chatzilla@c-73-49-3-5.hsd1.fl.comcast.net) has joined #beagle</span></li>
<li class="quit">[<a href="#T00:42:11" id="T00:42:11"><abbr title="2016-01-31T00:42:11+00:00">00:42:11</abbr></a>] <span>* tomeff (~tomeff@ip-94-112-0-81.net.upcbroadband.cz) Quit (Quit: tomeff)</span></li>
<li class="quit">[<a href="#T00:45:00" id="T00:45:00"><abbr title="2016-01-31T00:45:00+00:00">00:45:00</abbr></a>] <span>* darkfader (~darkfader@ip3e8346be.speed.planet.nl) Quit (Quit: darkfader)</span></li>
<li class="quit">[<a href="#T00:45:43" id="T00:45:43"><abbr title="2016-01-31T00:45:43+00:00">00:45:43</abbr></a>] <span>* IrishGringo (~chatzilla@c-73-49-3-5.hsd1.fl.comcast.net) Quit (Read error: Connection reset by peer)</span></li>
<li class="join">[<a href="#T00:51:09" id="T00:51:09"><abbr title="2016-01-31T00:51:09+00:00">00:51:09</abbr></a>] <span>* IrishGringo (~chatzilla@2601:586:c200:6eaa:f140:84bf:f20e:e3e4) has joined #beagle</span></li>
<li class="quit">[<a href="#T00:56:55" id="T00:56:55"><abbr title="2016-01-31T00:56:55+00:00">00:56:55</abbr></a>] <span>* IrishGringo (~chatzilla@2601:586:c200:6eaa:f140:84bf:f20e:e3e4) Quit (Ping timeout: 260 seconds)</span></li>
<li class="quit">[<a href="#T01:17:30" id="T01:17:30"><abbr title="2016-01-31T01:17:30+00:00">01:17:30</abbr></a>] <span>* Akex_ (uid58281@gateway/web/irccloud.com/x-vmpipsagjedqkbnx) Quit (Quit: Connection closed for inactivity)</span></li>
<li class="quit">[<a href="#T01:25:59" id="T01:25:59"><abbr title="2016-01-31T01:25:59+00:00">01:25:59</abbr></a>] <span>* manuel_ (~manuel@c-24-61-40-209.hsd1.ma.comcast.net) Quit (Quit: manuel_)</span></li>
<li class="nick-change">[<a href="#T01:27:46" id="T01:27:46"><abbr title="2016-01-31T01:27:46+00:00">01:27:46</abbr></a>] <span>* kilroi_o` is now known as kilroi_off</span></li>
<li class="part">[<a href="#T01:28:07" id="T01:28:07"><abbr title="2016-01-31T01:28:07+00:00">01:28:07</abbr></a>] <span>* zauslande (~zauslande@66.53.81.206) has left #beagle</span></li>
<li class="join">[<a href="#T01:33:20" id="T01:33:20"><abbr title="2016-01-31T01:33:20+00:00">01:33:20</abbr></a>] <span>* Bumsik (~Thunderbi@130.245.72.74) has joined #beagle</span></li>
<li class="quit">[<a href="#T01:40:05" id="T01:40:05"><abbr title="2016-01-31T01:40:05+00:00">01:40:05</abbr></a>] <span>* johanhenselmans (~localadmi@pretsense.xs4all.nl) Quit (Ping timeout: 260 seconds)</span></li>
<li class="join">[<a href="#T01:40:36" id="T01:40:36"><abbr title="2016-01-31T01:40:36+00:00">01:40:36</abbr></a>] <span>* johanhenselmans (~localadmi@pretsense.xs4all.nl) has joined #beagle</span></li>
<li class="quit">[<a href="#T01:45:36" id="T01:45:36"><abbr title="2016-01-31T01:45:36+00:00">01:45:36</abbr></a>] <span>* johanhenselmans (~localadmi@pretsense.xs4all.nl) Quit (Ping timeout: 250 seconds)</span></li>
<li class="join">[<a href="#T01:46:00" id="T01:46:00"><abbr title="2016-01-31T01:46:00+00:00">01:46:00</abbr></a>] <span>* johanhenselmans_ (~localadmi@pretsense.xs4all.nl) has joined #beagle</span></li>
<li class="quit">[<a href="#T01:48:42" id="T01:48:42"><abbr title="2016-01-31T01:48:42+00:00">01:48:42</abbr></a>] <span>* Bumsik (~Thunderbi@130.245.72.74) Quit (Ping timeout: 250 seconds)</span></li>
<li class="join">[<a href="#T01:58:37" id="T01:58:37"><abbr title="2016-01-31T01:58:37+00:00">01:58:37</abbr></a>] <span>* Fleurety (~fleurety@static-ip-69-64-51-204.inaddr.ip-pool.com) has joined #beagle</span></li>
<li class="join">[<a href="#T02:01:34" id="T02:01:34"><abbr title="2016-01-31T02:01:34+00:00">02:01:34</abbr></a>] <span>* IrishGringo (~chatzilla@c-73-49-3-5.hsd1.fl.comcast.net) has joined #beagle</span></li>
<li class="join">[<a href="#T02:15:12" id="T02:15:12"><abbr title="2016-01-31T02:15:12+00:00">02:15:12</abbr></a>] <span>* IrishGringo_ (~chatzilla@c-73-49-3-5.hsd1.fl.comcast.net) has joined #beagle</span></li>
<li class="quit">[<a href="#T02:16:15" id="T02:16:15"><abbr title="2016-01-31T02:16:15+00:00">02:16:15</abbr></a>] <span>* ghoti (~paul@hq.experiencepoint.com) Quit (Ping timeout: 240 seconds)</span></li>
<li class="quit">[<a href="#T02:16:22" id="T02:16:22"><abbr title="2016-01-31T02:16:22+00:00">02:16:22</abbr></a>] <span>* IrishGringo (~chatzilla@c-73-49-3-5.hsd1.fl.comcast.net) Quit (Ping timeout: 250 seconds)</span></li>
<li class="join">[<a href="#T02:17:34" id="T02:17:34"><abbr title="2016-01-31T02:17:34+00:00">02:17:34</abbr></a>] <span>* ghoti (~paul@hq.experiencepoint.com) has joined #beagle</span></li>
<li class="quit">[<a href="#T02:22:26" id="T02:22:26"><abbr title="2016-01-31T02:22:26+00:00">02:22:26</abbr></a>] <span>* IrishGringo_ (~chatzilla@c-73-49-3-5.hsd1.fl.comcast.net) Quit (Ping timeout: 272 seconds)</span></li>
<li class="quit">[<a href="#T02:22:41" id="T02:22:41"><abbr title="2016-01-31T02:22:41+00:00">02:22:41</abbr></a>] <span>* Angs (~ubuntu@85.235.3.54) Quit (Quit: Leaving)</span></li>
<li class="join">[<a href="#T02:28:47" id="T02:28:47"><abbr title="2016-01-31T02:28:47+00:00">02:28:47</abbr></a>] <span>* dj_pi (~dj@c-73-191-212-56.hsd1.mi.comcast.net) has joined #beagle</span></li>
<li class="join">[<a href="#T02:33:13" id="T02:33:13"><abbr title="2016-01-31T02:33:13+00:00">02:33:13</abbr></a>] <span>* Shadyman (~matthew@unaffiliated/shadyman) has joined #beagle</span></li>
<li class="message">[<a href="#T02:33:18" id="T02:33:18"><abbr title="2016-01-31T02:33:18+00:00">02:33:18</abbr></a>] &lt;<cite>yates`</cite>&gt; <q>guys, almost everything is working on our custom board now, including my network interface to the cloud, and two serial interfaces (uart1 and uart2) to on-board TPMS and GPS devices. thanks very much for all of your help, including: zmatt, veremit, filt3r, ds2, rcn, and anyone else i've left off.</q></li>
<li class="message">[<a href="#T02:33:36" id="T02:33:36"><abbr title="2016-01-31T02:33:36+00:00">02:33:36</abbr></a>] &lt;<cite>yates`</cite>&gt; <q>s/my network/the network/</q></li>
<li class="message">[<a href="#T02:33:59" id="T02:33:59"><abbr title="2016-01-31T02:33:59+00:00">02:33:59</abbr></a>] &lt;<cite>veremit</cite>&gt; <q>"pics or it never happened" lol .. great news yates` .. you've come a long way!</q></li>
<li class="message">[<a href="#T02:34:20" id="T02:34:20"><abbr title="2016-01-31T02:34:20+00:00">02:34:20</abbr></a>] &lt;<cite>yates`</cite>&gt; <q>sure, hang on..</q></li>
<li class="message">[<a href="#T02:38:17" id="T02:38:17"><abbr title="2016-01-31T02:38:17+00:00">02:38:17</abbr></a>] &lt;<cite>yates`</cite>&gt; <q><a href="http://www.digitalsignallabs.com/custom-board.png">http://www.digitalsignallabs.com/custom-board.png</a></q></li>
<li class="message">[<a href="#T02:39:08" id="T02:39:08"><abbr title="2016-01-31T02:39:08+00:00">02:39:08</abbr></a>] &lt;<cite>veremit</cite>&gt; <q>cool .. I see you got one of them telit modules ..</q></li>
<li class="message">[<a href="#T02:39:14" id="T02:39:14"><abbr title="2016-01-31T02:39:14+00:00">02:39:14</abbr></a>] &lt;<cite>yates`</cite>&gt; <q>yes.</q></li>
<li class="message">[<a href="#T02:39:31" id="T02:39:31"><abbr title="2016-01-31T02:39:31+00:00">02:39:31</abbr></a>] &lt;<cite>yates`</cite>&gt; <q>i still have to code that up.]</q></li>
<li class="message">[<a href="#T02:39:39" id="T02:39:39"><abbr title="2016-01-31T02:39:39+00:00">02:39:39</abbr></a>] &lt;<cite>veremit</cite>&gt; <q>on a uart I guess?</q></li>
<li class="message">[<a href="#T02:39:40" id="T02:39:40"><abbr title="2016-01-31T02:39:40+00:00">02:39:40</abbr></a>] &lt;<cite>yates`</cite>&gt; <q>btw, i have a question on this:</q></li>
<li class="message">[<a href="#T02:39:46" id="T02:39:46"><abbr title="2016-01-31T02:39:46+00:00">02:39:46</abbr></a>] &lt;<cite>yates`</cite>&gt; <q>yeah.</q></li>
<li class="message">[<a href="#T02:39:47" id="T02:39:47"><abbr title="2016-01-31T02:39:47+00:00">02:39:47</abbr></a>] &lt;<cite>yates`</cite>&gt; <q>uart0</q></li>
<li class="message">[<a href="#T02:40:07" id="T02:40:07"><abbr title="2016-01-31T02:40:07+00:00">02:40:07</abbr></a>] &lt;<cite>yates`</cite>&gt; <q>we're using 3 uarts - i'll have to disable its usage by the console</q></li>
<li class="message">[<a href="#T02:40:42" id="T02:40:42"><abbr title="2016-01-31T02:40:42+00:00">02:40:42</abbr></a>] &lt;<cite>yates`</cite>&gt; <q>this is somewhat off-topic too, so please ignore if not interested.</q></li>
<li class="message">[<a href="#T02:41:32" id="T02:41:32"><abbr title="2016-01-31T02:41:32+00:00">02:41:32</abbr></a>] &lt;<cite>yates`</cite>&gt; <q>there are two ways I know of to get a cellular module (e.g., this Telit) to show up as a network interface: 1) via ppp, and 2) via the QMI driver</q></li>
<li class="message">[<a href="#T02:41:53" id="T02:41:53"><abbr title="2016-01-31T02:41:53+00:00">02:41:53</abbr></a>] &lt;<cite>yates`</cite>&gt; <q>does anyone have knowledge of both and can they suggest one approach over the other?</q></li>
<li class="message">[<a href="#T02:42:15" id="T02:42:15"><abbr title="2016-01-31T02:42:15+00:00">02:42:15</abbr></a>] &lt;<cite>veremit</cite>&gt; <q>I'd probably take ppp .. depending on what you wanna do I guess</q></li>
<li class="message">[<a href="#T02:42:24" id="T02:42:24"><abbr title="2016-01-31T02:42:24+00:00">02:42:24</abbr></a>] &lt;<cite>veremit</cite>&gt; <q>its the maturer code</q></li>
<li class="message">[<a href="#T02:42:35" id="T02:42:35"><abbr title="2016-01-31T02:42:35+00:00">02:42:35</abbr></a>] &lt;<cite>yates`</cite>&gt; <q>for now, just get it to act as a network interface.</q></li>
<li class="message">[<a href="#T02:42:40" id="T02:42:40"><abbr title="2016-01-31T02:42:40+00:00">02:42:40</abbr></a>] &lt;<cite>yates`</cite>&gt; <q>yeah, that's my take too.</q></li>
<li class="message">[<a href="#T02:43:14" id="T02:43:14"><abbr title="2016-01-31T02:43:14+00:00">02:43:14</abbr></a>] &lt;<cite>yates`</cite>&gt; <q>do you know of a good example of using ppp to connect to a module like this?</q></li>
<li class="message">[<a href="#T02:43:21" id="T02:43:21"><abbr title="2016-01-31T02:43:21+00:00">02:43:21</abbr></a>] &lt;<cite>yates`</cite>&gt; <q>i.e., via AT commands?</q></li>
<li class="join">[<a href="#T02:43:26" id="T02:43:26"><abbr title="2016-01-31T02:43:26+00:00">02:43:26</abbr></a>] <span>* anujdeshpande (~anujdeshp@123.201.72.5) has joined #beagle</span></li>
<li class="message">[<a href="#T02:43:44" id="T02:43:44"><abbr title="2016-01-31T02:43:44+00:00">02:43:44</abbr></a>] &lt;<cite>veremit</cite>&gt; <q>yates`: I've not seen any myself .. but there's bound to be examples ..</q></li>
<li class="message">[<a href="#T02:43:49" id="T02:43:49"><abbr title="2016-01-31T02:43:49+00:00">02:43:49</abbr></a>] &lt;<cite>yates`</cite>&gt; <q>i will ask Telit too, but I thought I'd tap the knowledgebase here.</q></li>
<li class="message">[<a href="#T02:45:05" id="T02:45:05"><abbr title="2016-01-31T02:45:05+00:00">02:45:05</abbr></a>] &lt;<cite>veremit</cite>&gt; <q>totally random .. but <a href="http://www.zombiehugs.com/2011/04/ppp-with-telit-gm862-att/">http://www.zombiehugs.com/2011/04/ppp-with-telit-gm862-att/</a> ?</q></li>
<li class="message">[<a href="#T02:45:41" id="T02:45:41"><abbr title="2016-01-31T02:45:41+00:00">02:45:41</abbr></a>] &lt;<cite>veremit</cite>&gt; <q>it shuold be really quite easy .. I did ppp back in the dialup days</q></li>
<li class="join">[<a href="#T02:46:16" id="T02:46:16"><abbr title="2016-01-31T02:46:16+00:00">02:46:16</abbr></a>] <span>* darkfader (~darkfader@ip3e8346be.speed.planet.nl) has joined #beagle</span></li>
<li class="message">[<a href="#T02:46:21" id="T02:46:21"><abbr title="2016-01-31T02:46:21+00:00">02:46:21</abbr></a>] &lt;<cite>yates`</cite>&gt; <q>pretty easy being.. what? a week?</q></li>
<li class="message">[<a href="#T02:46:29" id="T02:46:29"><abbr title="2016-01-31T02:46:29+00:00">02:46:29</abbr></a>] &lt;<cite>yates`</cite>&gt; <q>a day?</q></li>
<li class="message">[<a href="#T02:46:35" id="T02:46:35"><abbr title="2016-01-31T02:46:35+00:00">02:46:35</abbr></a>] &lt;<cite>veremit</cite>&gt; <q>less than a week lol</q></li>
<li class="message">[<a href="#T02:46:52" id="T02:46:52"><abbr title="2016-01-31T02:46:52+00:00">02:46:52</abbr></a>] &lt;<cite>yates`</cite>&gt; <q>don't laugh.</q></li>
<li class="message">[<a href="#T02:47:12" id="T02:47:12"><abbr title="2016-01-31T02:47:12+00:00">02:47:12</abbr></a>] &lt;<cite>yates`</cite>&gt; <q>if things go well, less than a week...</q></li>
<li class="message">[<a href="#T02:47:28" id="T02:47:28"><abbr title="2016-01-31T02:47:28+00:00">02:47:28</abbr></a>] &lt;<cite>veremit</cite>&gt; <q>I was a linux noob at the time</q></li>
<li class="quit">[<a href="#T02:47:45" id="T02:47:45"><abbr title="2016-01-31T02:47:45+00:00">02:47:45</abbr></a>] <span>* Defiant (erik@x55b162f1.dyn.telefonica.de) Quit (Ping timeout: 260 seconds)</span></li>
<li class="message">[<a href="#T02:47:53" id="T02:47:53"><abbr title="2016-01-31T02:47:53+00:00">02:47:53</abbr></a>] &lt;<cite>veremit</cite>&gt; <q>and then we went adsl and bought a router</q></li>
<li class="message">[<abbr title="2016-01-31T02:47:53+00:00">02:47:53</abbr>] &lt;<cite>yates`</cite>&gt; <q>e.g., no hardware issues, no "oh shit Telit's firmware is hosed on this chip/revision", etc., etc., etc.</q></li>
<li class="message">[<a href="#T02:48:05" id="T02:48:05"><abbr title="2016-01-31T02:48:05+00:00">02:48:05</abbr></a>] &lt;<cite>veremit</cite>&gt; <q>yates`: ah yes, that b*s factor ..</q></li>
<li class="message">[<a href="#T02:48:11" id="T02:48:11"><abbr title="2016-01-31T02:48:11+00:00">02:48:11</abbr></a>] &lt;<cite>yates`</cite>&gt; <q>b*s?</q></li>
<li class="message">[<a href="#T02:48:13" id="T02:48:13"><abbr title="2016-01-31T02:48:13+00:00">02:48:13</abbr></a>] &lt;<cite>veremit</cite>&gt; <q>yes, please explain that one to my boss .. :D</q></li>
<li class="message">[<a href="#T02:48:16" id="T02:48:16"><abbr title="2016-01-31T02:48:16+00:00">02:48:16</abbr></a>] &lt;<cite>veremit</cite>&gt; <q>bullshit**</q></li>
<li class="message">[<a href="#T02:48:30" id="T02:48:30"><abbr title="2016-01-31T02:48:30+00:00">02:48:30</abbr></a>] &lt;<cite>yates`</cite>&gt; <q>i just did... lol</q></li>
<li class="message">[<a href="#T02:48:44" id="T02:48:44"><abbr title="2016-01-31T02:48:44+00:00">02:48:44</abbr></a>] &lt;<cite>GenTooMan</cite>&gt; <q>fecal excrement from a male bpvin.</q></li>
<li class="message">[<a href="#T02:48:50" id="T02:48:50"><abbr title="2016-01-31T02:48:50+00:00">02:48:50</abbr></a>] &lt;<cite>yates`</cite>&gt; <q>bovin?</q></li>
<li class="message">[<a href="#T02:49:03" id="T02:49:03"><abbr title="2016-01-31T02:49:03+00:00">02:49:03</abbr></a>] &lt;<cite>GenTooMan</cite>&gt; <q>another word for cattle</q></li>
<li class="message">[<a href="#T02:49:04" id="T02:49:04"><abbr title="2016-01-31T02:49:04+00:00">02:49:04</abbr></a>] &lt;<cite>veremit</cite>&gt; <q>bovine yes</q></li>
<li class="message">[<a href="#T02:49:28" id="T02:49:28"><abbr title="2016-01-31T02:49:28+00:00">02:49:28</abbr></a>] &lt;<cite>GenTooMan</cite>&gt; <q>I'm spelling challenged.</q></li>
<li class="message">[<a href="#T02:49:32" id="T02:49:32"><abbr title="2016-01-31T02:49:32+00:00">02:49:32</abbr></a>] &lt;<cite>GenTooMan</cite>&gt; <q>:D</q></li>
<li class="join">[<a href="#T02:50:48" id="T02:50:48"><abbr title="2016-01-31T02:50:48+00:00">02:50:48</abbr></a>] <span>* Defiant (erik@x50abd64d.dyn.telefonica.de) has joined #beagle</span></li>
<li class="message">[<a href="#T02:52:53" id="T02:52:53"><abbr title="2016-01-31T02:52:53+00:00">02:52:53</abbr></a>] &lt;<cite>yates`</cite>&gt; <q>i've been lurking on the libqmi mailing list for a few months now and they seem to have a lot of issues.</q></li>
<li class="message">[<a href="#T02:53:19" id="T02:53:19"><abbr title="2016-01-31T02:53:19+00:00">02:53:19</abbr></a>] &lt;<cite>GenTooMan</cite>&gt; <q>you mean the people or libqmi?</q></li>
<li class="message">[<a href="#T02:53:26" id="T02:53:26"><abbr title="2016-01-31T02:53:26+00:00">02:53:26</abbr></a>] &lt;<cite>yates`</cite>&gt; <q>ha ha.</q></li>
<li class="message">[<a href="#T02:53:30" id="T02:53:30"><abbr title="2016-01-31T02:53:30+00:00">02:53:30</abbr></a>] &lt;<cite>yates`</cite>&gt; <q> no, the libqmi</q></li>
<li class="message">[<a href="#T02:53:45" id="T02:53:45"><abbr title="2016-01-31T02:53:45+00:00">02:53:45</abbr></a>] &lt;<cite>yates`</cite>&gt; <q>yeah, divorce, STDs, financial, etc..</q></li>
<li class="action">[<abbr title="2016-01-31T02:53:45+00:00">02:53:45</abbr>] <span>* GenTooMan had too ask you know.</span></li>
<li class="message">[<a href="#T02:54:41" id="T02:54:41"><abbr title="2016-01-31T02:54:41+00:00">02:54:41</abbr></a>] &lt;<cite>yates`</cite>&gt; <q>signing off. good night!</q></li>
<li class="quit">[<a href="#T02:54:43" id="T02:54:43"><abbr title="2016-01-31T02:54:43+00:00">02:54:43</abbr></a>] <span>* yates` (~user@nc-71-51-249-15.dhcp.embarqhsd.net) Quit (Quit: rcirc on GNU Emacs 24.5.1)</span></li>
