<li class="join">[<a href="#T00:00:29" id="T00:00:29"><abbr title="2016-01-24T00:00:29+00:00">00:00:29</abbr></a>] <span>* BeagleBot (~PircBot@ec2-50-17-196-130.compute-1.amazonaws.com) has joined #beagle</span></li>
<li class="topic">[<abbr title="2016-01-24T00:00:29+00:00">00:00:29</abbr>] <span>* Topic is '<a href="http://beagleboard.org/chat">http://beagleboard.org/chat</a> has a guide on how to ask questions and links to the logs | never ask to ask, just ask | be patient | pastebin a boot log | <a href="http://ahsoftware.de/Beaglebone_Black_Boot_explained.svg">http://ahsoftware.de/Beaglebone_Black_Boot_explained.svg</a> | <a href="http://beagleboard.org/latest-images">http://beagleboard.org/latest-images</a> | <a href="http://beagleboard.org/Support/bone101">http://beagleboard.org/Support/bone101</a> | direct bonescript/node.js questions to #beagle-bonescript | books: <a href="http://bit.ly/bbb-books'">http://bit.ly/bbb-books'</a></span></li>
<li class="topic">[<abbr title="2016-01-24T00:00:29+00:00">00:00:29</abbr>] <span>* Set by KotH!~attila@erica.kinali.ch on Wed Jul 15 13:55:07 UTC 2015</span></li>
<li class="join">[<abbr title="2016-01-24T00:00:29+00:00">00:00:29</abbr>] <span>* BeagleBot (~PircBot@ec2-50-17-196-130.compute-1.amazonaws.com) has joined #beagleboard</span></li>
<li class="join">[<abbr title="2016-01-24T00:00:29+00:00">00:00:29</abbr>] <span>* BeagleBot (~PircBot@ec2-50-17-196-130.compute-1.amazonaws.com) has joined #beaglebone</span></li>
<li class="message">[<a href="#T00:03:57" id="T00:03:57"><abbr title="2016-01-24T00:03:57+00:00">00:03:57</abbr></a>] &lt;<cite>beltorak</cite>&gt; <q>at least I have learned a lot about it over the last week</q></li>
<li class="message">[<a href="#T00:06:01" id="T00:06:01"><abbr title="2016-01-24T00:06:01+00:00">00:06:01</abbr></a>] &lt;<cite>beltorak</cite>&gt; <q>ok; I boot up the board, and no GPIO pins are exported. There are no overlays listed in .../slots.</q></li>
<li class="message">[<a href="#T00:07:04" id="T00:07:04"><abbr title="2016-01-24T00:07:04+00:00">00:07:04</abbr></a>] &lt;<cite>beltorak</cite>&gt; <q>do I need any overlays, or should i be able to contol the export pins right now? the overlays just set up the pins according to a default, right?</q></li>
<li class="message">[<a href="#T00:10:15" id="T00:10:15"><abbr title="2016-01-24T00:10:15+00:00">00:10:15</abbr></a>] &lt;<cite>filt3r</cite>&gt; <q>im pretty sure pins are never automatically exported by the kernel, or at least i've never seen it, so you will need some script, etc. which will export the gpios you need to thte sysfs</q></li>
<li class="message">[<a href="#T00:10:26" id="T00:10:26"><abbr title="2016-01-24T00:10:26+00:00">00:10:26</abbr></a>] &lt;<cite>filt3r</cite>&gt; <q>on boot</q></li>
<li class="join">[<a href="#T00:10:27" id="T00:10:27"><abbr title="2016-01-24T00:10:27+00:00">00:10:27</abbr></a>] <span>* das (~das@168.5.80.79.rev.sfr.net) has joined #beagle</span></li>
<li class="message">[<a href="#T00:12:48" id="T00:12:48"><abbr title="2016-01-24T00:12:48+00:00">00:12:48</abbr></a>] &lt;<cite>beltorak</cite>&gt; <q>filt3r: yeah, I am trying to do it manually just to see if I can do it - I been having issues with it doing the automatic things</q></li>
<li class="quit">[<a href="#T00:13:44" id="T00:13:44"><abbr title="2016-01-24T00:13:44+00:00">00:13:44</abbr></a>] <span>* das_ (~das@55.5.80.79.rev.sfr.net) Quit (Ping timeout: 272 seconds)</span></li>
<li class="message">[<a href="#T00:16:26" id="T00:16:26"><abbr title="2016-01-24T00:16:26+00:00">00:16:26</abbr></a>] &lt;<cite>beltorak</cite>&gt; <q>what is this folder for? It seems to have lots of information about the pins... /sys/kernel/debug/pinctrl/44e10800.pinmux</q></li>
<li class="message">[<a href="#T00:22:52" id="T00:22:52"><abbr title="2016-01-24T00:22:52+00:00">00:22:52</abbr></a>] &lt;<cite>filt3r</cite>&gt; <q>it seems to contain information about the pinmux config</q></li>
<li class="message">[<a href="#T00:23:24" id="T00:23:24"><abbr title="2016-01-24T00:23:24+00:00">00:23:24</abbr></a>] &lt;<cite>beltorak</cite>&gt; <q>yeah, that's what I'm thinking</q></li>
<li class="message">[<a href="#T00:24:45" id="T00:24:45"><abbr title="2016-01-24T00:24:45+00:00">00:24:45</abbr></a>] &lt;<cite>beltorak</cite>&gt; <q>I've been trying my tests on pin 68 and 26 (p8 10 and 14); pinmux-pins seems to indicate that 68 is assigned to the ethernet?? pin 68 (44e10910.0): 4a100000.ethernet (GPIO UNCLAIMED) function cpsw_default group cpsw_default</q></li>
<li class="message">[<a href="#T00:25:05" id="T00:25:05"><abbr title="2016-01-24T00:25:05+00:00">00:25:05</abbr></a>] &lt;<cite>beltorak</cite>&gt; <q>what is "cpsw"? is that "cape software"?</q></li>
<li class="message">[<a href="#T00:27:31" id="T00:27:31"><abbr title="2016-01-24T00:27:31+00:00">00:27:31</abbr></a>] &lt;<cite>filt3r</cite>&gt; <q><a href="http://processors.wiki.ti.com/index.php/AM335x_CPSW_(Ethernet)_Driver's_Guide">http://processors.wiki.ti.com/index.php/AM335x_CPSW_(Ethernet)_Driver's_Guide</a></q></li>
<li class="message">[<a href="#T00:27:49" id="T00:27:49"><abbr title="2016-01-24T00:27:49+00:00">00:27:49</abbr></a>] &lt;<cite>beltorak</cite>&gt; <q>ohhh.... i've been confusing pin numbers.... that folder has kernel pin numbers, not gpio pin numbers</q></li>
<li class="message">[<a href="#T00:28:02" id="T00:28:02"><abbr title="2016-01-24T00:28:02+00:00">00:28:02</abbr></a>] &lt;<cite>filt3r</cite>&gt; <q>ye probably not</q></li>
<li class="message">[<a href="#T00:28:06" id="T00:28:06"><abbr title="2016-01-24T00:28:06+00:00">00:28:06</abbr></a>] &lt;<cite>filt3r</cite>&gt; <q>give me a sec</q></li>
<li class="message">[<a href="#T00:28:46" id="T00:28:46"><abbr title="2016-01-24T00:28:46+00:00">00:28:46</abbr></a>] &lt;<cite>beltorak</cite>&gt; <q><a href="http://quabr.com/27477732/misunderstanding-beaglebone-gpio-pinmux">http://quabr.com/27477732/misunderstanding-beaglebone-gpio-pinmux</a></q></li>
<li class="message">[<a href="#T00:29:06" id="T00:29:06"><abbr title="2016-01-24T00:29:06+00:00">00:29:06</abbr></a>] &lt;<cite>veremit</cite>&gt; <q>beltorak: YES! sorry if I didn't convey that yetserday lol</q></li>
<li class="message">[<a href="#T00:29:08" id="T00:29:08"><abbr title="2016-01-24T00:29:08+00:00">00:29:08</abbr></a>] &lt;<cite>beltorak</cite>&gt; <q>there's a link in the answer to valvers that i'm reading now</q></li>
<li class="message">[<a href="#T00:29:21" id="T00:29:21"><abbr title="2016-01-24T00:29:21+00:00">00:29:21</abbr></a>] &lt;<cite>veremit</cite>&gt; <q>hence I was going on about a spreadsheet</q></li>
<li class="message">[<a href="#T00:29:40" id="T00:29:40"><abbr title="2016-01-24T00:29:40+00:00">00:29:40</abbr></a>] &lt;<cite>veremit</cite>&gt; <q>in the kernel, gpios are numbered linearly . but they have no correlation to pins on the processor even lol</q></li>
<li class="message">[<a href="#T00:29:45" id="T00:29:45"><abbr title="2016-01-24T00:29:45+00:00">00:29:45</abbr></a>] &lt;<cite>beltorak</cite>&gt; <q>where's that spreadsheet again? I'm just starting to put together some bookmarks</q></li>
<li class="message">[<a href="#T00:29:49" id="T00:29:49"><abbr title="2016-01-24T00:29:49+00:00">00:29:49</abbr></a>] &lt;<cite>veremit</cite>&gt; <q>so you need a table :)</q></li>
<li class="message">[<a href="#T00:29:57" id="T00:29:57"><abbr title="2016-01-24T00:29:57+00:00">00:29:57</abbr></a>] &lt;<cite>veremit</cite>&gt; <q>zmatt .. where ARE you :P lol</q></li>
<li class="message">[<a href="#T00:30:01" id="T00:30:01"><abbr title="2016-01-24T00:30:01+00:00">00:30:01</abbr></a>] &lt;<cite>beltorak</cite>&gt; <q>lol</q></li>
<li class="message">[<a href="#T00:30:05" id="T00:30:05"><abbr title="2016-01-24T00:30:05+00:00">00:30:05</abbr></a>] &lt;<cite>veremit</cite>&gt; <q>zmatt</q></li>
<li class="message">[<a href="#T00:30:07" id="T00:30:07"><abbr title="2016-01-24T00:30:07+00:00">00:30:07</abbr></a>] &lt;<cite>veremit</cite>&gt; <q>zmatt</q></li>
<li class="message">[<a href="#T00:30:20" id="T00:30:20"><abbr title="2016-01-24T00:30:20+00:00">00:30:20</abbr></a>] &lt;<cite>filt3r</cite>&gt; <q>p8_10 should be gpio2_4 and p8_14 should be gpio0_26</q></li>
<li class="message">[<a href="#T00:30:23" id="T00:30:23"><abbr title="2016-01-24T00:30:23+00:00">00:30:23</abbr></a>] &lt;<cite>veremit</cite>&gt; <q>its on his page somewhere .. but I can't remember the links</q></li>
<li class="message">[<a href="#T00:30:36" id="T00:30:36"><abbr title="2016-01-24T00:30:36+00:00">00:30:36</abbr></a>] &lt;<cite>filt3r</cite>&gt; <q>so you need to export (2 * 32 + 4) and 26</q></li>
<li class="message">[<a href="#T00:33:03" id="T00:33:03"><abbr title="2016-01-24T00:33:03+00:00">00:33:03</abbr></a>] &lt;<cite>filt3r</cite>&gt; <q>there is a table in the bbb system reference manual on page 84 for p8 and on page 86 for p9</q></li>
<li class="message">[<a href="#T00:33:43" id="T00:33:43"><abbr title="2016-01-24T00:33:43+00:00">00:33:43</abbr></a>] &lt;<cite>beltorak</cite>&gt; <q>..... ok... so that's making a little more sense</q></li>
<li class="message">[<a href="#T00:34:59" id="T00:34:59"><abbr title="2016-01-24T00:34:59+00:00">00:34:59</abbr></a>] &lt;<cite>filt3r</cite>&gt; <q><a href="https://github.com/CircuitCo/BeagleBone-Black/blob/master/BBB_SRM.pdf?raw=true">https://github.com/CircuitCo/BeagleBone-Black/blob/master/BBB_SRM.pdf?raw=true</a> this should be the latest one</q></li>
<li class="message">[<a href="#T00:36:30" id="T00:36:30"><abbr title="2016-01-24T00:36:30+00:00">00:36:30</abbr></a>] &lt;<cite>veremit</cite>&gt; <q>filt3r+++ thats it</q></li>
<li class="message">[<a href="#T00:36:37" id="T00:36:37"><abbr title="2016-01-24T00:36:37+00:00">00:36:37</abbr></a>] &lt;<cite>veremit</cite>&gt; <q>see I know it when I see it lol</q></li>
<li class="message">[<a href="#T00:36:47" id="T00:36:47"><abbr title="2016-01-24T00:36:47+00:00">00:36:47</abbr></a>] &lt;<cite>veremit</cite>&gt; <q>but i have nearly been up 20odd hours :/</q></li>
<li class="quit">[<a href="#T00:41:54" id="T00:41:54"><abbr title="2016-01-24T00:41:54+00:00">00:41:54</abbr></a>] <span>* Russ (~russ@172.56.16.191) Quit (Ping timeout: 256 seconds)</span></li>
<li class="message">[<a href="#T00:45:51" id="T00:45:51"><abbr title="2016-01-24T00:45:51+00:00">00:45:51</abbr></a>] &lt;<cite>beltorak</cite>&gt; <q>yikes veremit; you should get some sleep; lol</q></li>
<li class="message">[<a href="#T00:46:07" id="T00:46:07"><abbr title="2016-01-24T00:46:07+00:00">00:46:07</abbr></a>] &lt;<cite>veremit</cite>&gt; <q>yea .. bit of food then definitely bed lol</q></li>
<li class="message">[<a href="#T00:50:37" id="T00:50:37"><abbr title="2016-01-24T00:50:37+00:00">00:50:37</abbr></a>] &lt;<cite>veremit</cite>&gt; <q>I think one complication arises, because you don't (or do you) use the same references in the DT file as you do in sysfs?</q></li>
<li class="message">[<a href="#T00:51:08" id="T00:51:08"><abbr title="2016-01-24T00:51:08+00:00">00:51:08</abbr></a>] &lt;<cite>veremit</cite>&gt; <q>actually .. since the kernel does both .. you'da thought ..</q></li>
<li class="action">[<a href="#T00:51:24" id="T00:51:24"><abbr title="2016-01-24T00:51:24+00:00">00:51:24</abbr></a>] <span>* veremit pulls up the SRM .. since I downlaoded it before ..</span></li>
<li class="message">[<a href="#T00:51:52" id="T00:51:52"><abbr title="2016-01-24T00:51:52+00:00">00:51:52</abbr></a>] &lt;<cite>beltorak</cite>&gt; <q>veremit: I'm not sure what you mean... can you give me an example?</q></li>
<li class="message">[<a href="#T00:54:42" id="T00:54:42"><abbr title="2016-01-24T00:54:42+00:00">00:54:42</abbr></a>] &lt;<cite>veremit</cite>&gt; <q>beltorak: don't worry .. pretty sure I'm talkin drivel .. lol</q></li>
<li class="message">[<a href="#T00:54:53" id="T00:54:53"><abbr title="2016-01-24T00:54:53+00:00">00:54:53</abbr></a>] &lt;<cite>beltorak</cite>&gt; <q>lol</q></li>
<li class="message">[<a href="#T00:56:46" id="T00:56:46"><abbr title="2016-01-24T00:56:46+00:00">00:56:46</abbr></a>] &lt;<cite>veremit</cite>&gt; <q>where are gpio nodes under sys?</q></li>
<li class="message">[<a href="#T00:57:00" id="T00:57:00"><abbr title="2016-01-24T00:57:00+00:00">00:57:00</abbr></a>] &lt;<cite>veremit</cite>&gt; <q>ah got it</q></li>
<li class="message">[<a href="#T00:57:08" id="T00:57:08"><abbr title="2016-01-24T00:57:08+00:00">00:57:08</abbr></a>] &lt;<cite>veremit</cite>&gt; <q>./sys/class/gpio</q></li>
<li class="message">[<a href="#T00:57:11" id="T00:57:11"><abbr title="2016-01-24T00:57:11+00:00">00:57:11</abbr></a>] &lt;<cite>beltorak</cite>&gt; <q>ok; so going by the SRM, P8_14 is (kernel) gpio bank 0 position 26 (gpio0[26]) aka gpio 26; P8_10 is (kernel) gpio bank 2 position 4 (gpio2[4]) aka gpio 60....</q></li>
<li class="message">[<a href="#T00:57:15" id="T00:57:15"><abbr title="2016-01-24T00:57:15+00:00">00:57:15</abbr></a>] &lt;<cite>beltorak</cite>&gt; <q>is that right?</q></li>
<li class="message">[<a href="#T00:58:05" id="T00:58:05"><abbr title="2016-01-24T00:58:05+00:00">00:58:05</abbr></a>] &lt;<cite>veremit</cite>&gt; <q>sounds roughly right yeah</q></li>
<li class="message">[<a href="#T00:58:18" id="T00:58:18"><abbr title="2016-01-24T00:58:18+00:00">00:58:18</abbr></a>] &lt;<cite>filt3r</cite>&gt; <q>gpio2_4 is (2 * 32 + 4 =) 68</q></li>
<li class="message">[<a href="#T00:58:26" id="T00:58:26"><abbr title="2016-01-24T00:58:26+00:00">00:58:26</abbr></a>] &lt;<cite>veremit</cite>&gt; <q>and I can see on mine .. gpiochip0, gpiochip32 ..</q></li>
<li class="message">[<a href="#T00:58:44" id="T00:58:44"><abbr title="2016-01-24T00:58:44+00:00">00:58:44</abbr></a>] &lt;<cite>filt3r</cite>&gt; <q>echo 68 &gt; export</q></li>
<li class="message">[<a href="#T00:58:50" id="T00:58:50"><abbr title="2016-01-24T00:58:50+00:00">00:58:50</abbr></a>] &lt;<cite>filt3r</cite>&gt; <q>than you should see a folder gpio68</q></li>
<li class="message">[<a href="#T00:58:52" id="T00:58:52"><abbr title="2016-01-24T00:58:52+00:00">00:58:52</abbr></a>] &lt;<cite>veremit</cite>&gt; <q>aha .. thats it</q></li>
<li class="message">[<a href="#T00:59:00" id="T00:59:00"><abbr title="2016-01-24T00:59:00+00:00">00:59:00</abbr></a>] &lt;<cite>veremit</cite>&gt; <q>yes I got gpio50 for some reason lol</q></li>
