<li class="join">[<a href="#T00:00:32" id="T00:00:32"><abbr title="2016-01-26T00:00:32+00:00">00:00:32</abbr></a>] <span>* BeagleBot (~PircBot@ec2-50-17-196-130.compute-1.amazonaws.com) has joined #beagle</span></li>
<li class="topic">[<abbr title="2016-01-26T00:00:32+00:00">00:00:32</abbr>] <span>* Topic is '<a href="http://beagleboard.org/chat">http://beagleboard.org/chat</a> has a guide on how to ask questions and links to the logs | never ask to ask, just ask | be patient | pastebin a boot log | <a href="http://ahsoftware.de/Beaglebone_Black_Boot_explained.svg">http://ahsoftware.de/Beaglebone_Black_Boot_explained.svg</a> | <a href="http://beagleboard.org/latest-images">http://beagleboard.org/latest-images</a> | <a href="http://beagleboard.org/Support/bone101">http://beagleboard.org/Support/bone101</a> | direct bonescript/node.js questions to #beagle-bonescript | books: <a href="http://bit.ly/bbb-books'">http://bit.ly/bbb-books'</a></span></li>
<li class="topic">[<abbr title="2016-01-26T00:00:32+00:00">00:00:32</abbr>] <span>* Set by KotH!~attila@erica.kinali.ch on Wed Jul 15 13:55:07 UTC 2015</span></li>
<li class="join">[<abbr title="2016-01-26T00:00:32+00:00">00:00:32</abbr>] <span>* BeagleBot (~PircBot@ec2-50-17-196-130.compute-1.amazonaws.com) has joined #beagleboard</span></li>
<li class="join">[<abbr title="2016-01-26T00:00:32+00:00">00:00:32</abbr>] <span>* BeagleBot (~PircBot@ec2-50-17-196-130.compute-1.amazonaws.com) has joined #beaglebone</span></li>
<li class="message">[<a href="#T00:01:31" id="T00:01:31"><abbr title="2016-01-26T00:01:31+00:00">00:01:31</abbr></a>] &lt;<cite>yates</cite>&gt; <q>i.e., are there other changes to the kernel code itself required to properly excise this function?</q></li>
<li class="quit">[<a href="#T00:01:50" id="T00:01:50"><abbr title="2016-01-26T00:01:50+00:00">00:01:50</abbr></a>] <span>* Bumsik (~Thunderbi@130.245.73.42) Quit (Ping timeout: 250 seconds)</span></li>
<li class="message">[<a href="#T00:02:49" id="T00:02:49"><abbr title="2016-01-26T00:02:49+00:00">00:02:49</abbr></a>] &lt;<cite>zmatt</cite>&gt; <q>the kernel probably doesn't care about it at all, the DT node just declares the existence of that EEPROM on the specified i2c bus and lets the kernel know which driver to use for it</q></li>
<li class="message">[<a href="#T00:03:17" id="T00:03:17"><abbr title="2016-01-26T00:03:17+00:00">00:03:17</abbr></a>] &lt;<cite>zmatt</cite>&gt; <q>if you leave it you'll probably just get an error somewhere in your kernel log</q></li>
<li class="join">[<a href="#T00:03:30" id="T00:03:30"><abbr title="2016-01-26T00:03:30+00:00">00:03:30</abbr></a>] <span>* idwer_ (~irc@unaffiliated/idwer) has joined #beagle</span></li>
<li class="message">[<a href="#T00:04:12" id="T00:04:12"><abbr title="2016-01-26T00:04:12+00:00">00:04:12</abbr></a>] &lt;<cite>zmatt</cite>&gt; <q>I would excise it though, along with capemgr</q></li>
<li class="join">[<a href="#T00:04:20" id="T00:04:20"><abbr title="2016-01-26T00:04:20+00:00">00:04:20</abbr></a>] <span>* Bumsik (~Thunderbi@adm-129-49-101-3.wi-fi.stonybrook.edu) has joined #beagle</span></li>
<li class="message">[<a href="#T00:04:26" id="T00:04:26"><abbr title="2016-01-26T00:04:26+00:00">00:04:26</abbr></a>] &lt;<cite>yates</cite>&gt; <q>so where is the code that actually uses it?</q></li>
<li class="quit">[<a href="#T00:05:02" id="T00:05:02"><abbr title="2016-01-26T00:05:02+00:00">00:05:02</abbr></a>] <span>* DJW|Home (~djwillis@cpc2-trow6-2-0-cust204.aztw.cable.virginm.net) Quit (Read error: Connection reset by peer)</span></li>
<li class="message">[<abbr title="2016-01-26T00:05:02+00:00">00:05:02</abbr>] &lt;<cite>zmatt</cite>&gt; <q>since the node is labeled it's possible there are references to it elsewhere in the DT, you might want to do a quick search for those</q></li>
<li class="join">[<a href="#T00:05:29" id="T00:05:29"><abbr title="2016-01-26T00:05:29+00:00">00:05:29</abbr></a>] <span>* DJW|Home (~djwillis@cpc2-trow6-2-0-cust204.aztw.cable.virginm.net) has joined #beagle</span></li>
<li class="message">[<a href="#T00:06:02" id="T00:06:02"><abbr title="2016-01-26T00:06:02+00:00">00:06:02</abbr></a>] &lt;<cite>zmatt</cite>&gt; <q>the code that "uses" it is the driver that declared it can support "at,24c256" devices</q></li>
<li class="message">[<a href="#T00:06:12" id="T00:06:12"><abbr title="2016-01-26T00:06:12+00:00">00:06:12</abbr></a>] &lt;<cite>filt3r</cite>&gt; <q>if some driver/module requires the baseboard_eeprom it will reference it in its own dt node, so in that case if you would remove the baseboard_eeprom node and another DT node would require it (which seems not to be the case) you would get an error while compiling the devicetree anyways, and what the kernel does when the baseboard_eeprom is there but the actual hardware is not there depends on the driver, because the kernel will probe the driver</q></li>
<li class="message">[<abbr title="2016-01-26T00:06:12+00:00">00:06:12</abbr>] &lt;<cite>filt3r</cite>&gt; <q>but the driver will not find the device since its not attached, and the driver will probably give an error if its written nicely, also what zmatt said</q></li>
<li class="quit">[<a href="#T00:07:06" id="T00:07:06"><abbr title="2016-01-26T00:07:06+00:00">00:07:06</abbr></a>] <span>* idwer (~irc@unaffiliated/idwer) Quit (Ping timeout: 240 seconds)</span></li>
<li class="message">[<a href="#T00:07:37" id="T00:07:37"><abbr title="2016-01-26T00:07:37+00:00">00:07:37</abbr></a>] &lt;<cite>zmatt</cite>&gt; <q>the driver will handle it gracefully, since just below it there are similar declarations for eeproms at all four possible addresses for CAPE eeproms</q></li>
<li class="message">[<a href="#T00:07:51" id="T00:07:51"><abbr title="2016-01-26T00:07:51+00:00">00:07:51</abbr></a>] &lt;<cite>zmatt</cite>&gt; <q>and obviously the kernel works fine without 4 eeproms attached</q></li>
<li class="quit">[<a href="#T00:09:47" id="T00:09:47"><abbr title="2016-01-26T00:09:47+00:00">00:09:47</abbr></a>] <span>* florian (~fuchs@Maemo/community/contributor/florian) Quit (Ping timeout: 264 seconds)</span></li>
<li class="message">[<a href="#T00:13:58" id="T00:13:58"><abbr title="2016-01-26T00:13:58+00:00">00:13:58</abbr></a>] &lt;<cite>filt3r</cite>&gt; <q>in the case of the eeprom driver it just assumes the devices are there but if you try to read from nonexistend eeprom devices it just times out because the hardware is obviously not there</q></li>
<li class="message">[<a href="#T00:14:06" id="T00:14:06"><abbr title="2016-01-26T00:14:06+00:00">00:14:06</abbr></a>] &lt;<cite>filt3r</cite>&gt; <q>*at24 driver</q></li>
<li class="message">[<a href="#T00:18:49" id="T00:18:49"><abbr title="2016-01-26T00:18:49+00:00">00:18:49</abbr></a>] &lt;<cite>yates</cite>&gt; <q>is "Bad to the Bone" recommended?</q></li>
<li class="message">[<a href="#T00:20:48" id="T00:20:48"><abbr title="2016-01-26T00:20:48+00:00">00:20:48</abbr></a>] &lt;<cite>yates</cite>&gt; <q>nix that.</q></li>
<li class="message">[<a href="#T00:21:45" id="T00:21:45"><abbr title="2016-01-26T00:21:45+00:00">00:21:45</abbr></a>] &lt;<cite>yates</cite>&gt; <q>i'm trying to digest what ya'll have said. there still seems to be something lacking in how all this hangs together, but i'm too ignorant to ask the right questions.</q></li>
<li class="message">[<a href="#T00:23:06" id="T00:23:06"><abbr title="2016-01-26T00:23:06+00:00">00:23:06</abbr></a>] &lt;<cite>zmatt</cite>&gt; <q>woohoo, my first McASP-from-userspace test... three error irqs and an assertion failed \o/</q></li>
<li class="message">[<a href="#T00:23:48" id="T00:23:48"><abbr title="2016-01-26T00:23:48+00:00">00:23:48</abbr></a>] &lt;<cite>yates</cite>&gt; <q>e.g., capemgr obviosly depends on cape_eepromX, 0 &lt;= X &lt;= 3, but i see no connection in the .dtsi</q></li>
<li class="message">[<a href="#T00:23:54" id="T00:23:54"><abbr title="2016-01-26T00:23:54+00:00">00:23:54</abbr></a>] &lt;<cite>zmatt</cite>&gt; <q>the streams are still running though, presumably all zeros</q></li>
<li class="message">[<a href="#T00:25:16" id="T00:25:16"><abbr title="2016-01-26T00:25:16+00:00">00:25:16</abbr></a>] &lt;<cite>yates</cite>&gt; <q>bone_capemgr, that is.</q></li>
<li class="message">[<a href="#T00:26:32" id="T00:26:32"><abbr title="2016-01-26T00:26:32+00:00">00:26:32</abbr></a>] &lt;<cite>yates</cite>&gt; <q>ah, i see it now.</q></li>
<li class="message">[<a href="#T00:26:39" id="T00:26:39"><abbr title="2016-01-26T00:26:39+00:00">00:26:39</abbr></a>] &lt;<cite>yates</cite>&gt; <q>cape0_data, ...</q></li>
<li class="quit">[<a href="#T00:26:41" id="T00:26:41"><abbr title="2016-01-26T00:26:41+00:00">00:26:41</abbr></a>] <span>* nerdboy (~sarnold@gentoo/developer/nerdboy) Quit (Excess Flood)</span></li>
<li class="message">[<a href="#T00:26:50" id="T00:26:50"><abbr title="2016-01-26T00:26:50+00:00">00:26:50</abbr></a>] &lt;<cite>yates</cite>&gt; <q>this seems really twisted..</q></li>
<li class="join">[<a href="#T00:27:16" id="T00:27:16"><abbr title="2016-01-26T00:27:16+00:00">00:27:16</abbr></a>] <span>* nerdboy (~sarnold@gatekeeper.gentoogeek.org) has joined #beagle</span></li>
<li class="join">[<a href="#T00:27:35" id="T00:27:35"><abbr title="2016-01-26T00:27:35+00:00">00:27:35</abbr></a>] <span>* mythos (~mythos@unaffiliated/mythos) has joined #beagle</span></li>
<li class="quit">[<a href="#T00:27:36" id="T00:27:36"><abbr title="2016-01-26T00:27:36+00:00">00:27:36</abbr></a>] <span>* nerdboy (~sarnold@gatekeeper.gentoogeek.org) Quit (Changing host)</span></li>
<li class="join">[<abbr title="2016-01-26T00:27:36+00:00">00:27:36</abbr>] <span>* nerdboy (~sarnold@gentoo/developer/nerdboy) has joined #beagle</span></li>
<li class="message">[<a href="#T00:28:20" id="T00:28:20"><abbr title="2016-01-26T00:28:20+00:00">00:28:20</abbr></a>] &lt;<cite>yates</cite>&gt; <q>also, should i modify (patch) the dtsi files themselves in the kernel, or use the overlay shadowing method you mentioned sometime ago, zmatt</q></li>
<li class="message">[<a href="#T00:28:47" id="T00:28:47"><abbr title="2016-01-26T00:28:47+00:00">00:28:47</abbr></a>] &lt;<cite>yates</cite>&gt; <q>remove or modify a node via an overlay, that is.</q></li>
<li class="message">[<a href="#T00:29:05" id="T00:29:05"><abbr title="2016-01-26T00:29:05+00:00">00:29:05</abbr></a>] &lt;<cite>zmatt</cite>&gt; <q>create a new dts, reuse the parts that are still relevant</q></li>
<li class="message">[<a href="#T00:29:29" id="T00:29:29"><abbr title="2016-01-26T00:29:29+00:00">00:29:29</abbr></a>] &lt;<cite>zmatt</cite>&gt; <q>take example of the existing files, since they already cover multiple boards by factoring out common parts into dtsi files</q></li>
<li class="message">[<a href="#T00:29:56" id="T00:29:56"><abbr title="2016-01-26T00:29:56+00:00">00:29:56</abbr></a>] &lt;<cite>zmatt</cite>&gt; <q>you can also include a dtsi and override parts of it, including removing properties or nodes</q></li>
<li class="message">[<a href="#T00:30:08" id="T00:30:08"><abbr title="2016-01-26T00:30:08+00:00">00:30:08</abbr></a>] &lt;<cite>zmatt</cite>&gt; <q>whichever is more convenient</q></li>
<li class="message">[<a href="#T00:30:52" id="T00:30:52"><abbr title="2016-01-26T00:30:52+00:00">00:30:52</abbr></a>] &lt;<cite>zmatt</cite>&gt; <q>don't use overlays, using them to change properties or remove nodes rarely if ever works.  overlays should at best be considered a development tool, not something for production code</q></li>
<li class="message">[<a href="#T00:32:04" id="T00:32:04"><abbr title="2016-01-26T00:32:04+00:00">00:32:04</abbr></a>] &lt;<cite>yates</cite>&gt; <q>"which files" is also confusing to me. the kernel build produces dtb for all these: <a href="http://paste.fedoraproject.org/314712/45376827">http://paste.fedoraproject.org/314712/45376827</a></q></li>
<li class="message">[<a href="#T00:32:12" id="T00:32:12"><abbr title="2016-01-26T00:32:12+00:00">00:32:12</abbr></a>] &lt;<cite>filt3r</cite>&gt; <q>well from a semantics point of view it would even make sens to create a new devicetree file(s) based on the bbb DT files since i think you have a completle different board probably with a different name</q></li>
<li class="message">[<a href="#T00:32:14" id="T00:32:14"><abbr title="2016-01-26T00:32:14+00:00">00:32:14</abbr></a>] &lt;<cite>yates</cite>&gt; <q>which ones are relevent to the BBB?</q></li>
<li class="nick-change">[<a href="#T00:32:15" id="T00:32:15"><abbr title="2016-01-26T00:32:15+00:00">00:32:15</abbr></a>] <span>* idwer_ is now known as idwer</span></li>
<li class="message">[<a href="#T00:32:28" id="T00:32:28"><abbr title="2016-01-26T00:32:28+00:00">00:32:28</abbr></a>] &lt;<cite>filt3r</cite>&gt; <q>am335x-boneblack.dtb</q></li>
<li class="message">[<a href="#T00:32:55" id="T00:32:55"><abbr title="2016-01-26T00:32:55+00:00">00:32:55</abbr></a>] &lt;<cite>yates</cite>&gt; <q>filt3r: all the others are not used for the bbb build?</q></li>
<li class="quit">[<a href="#T00:33:02" id="T00:33:02"><abbr title="2016-01-26T00:33:02+00:00">00:33:02</abbr></a>] <span>* jzaw (~jzaw@loki.dzki.co.uk) Quit (Ping timeout: 250 seconds)</span></li>
<li class="message">[<a href="#T00:33:03" id="T00:33:03"><abbr title="2016-01-26T00:33:03+00:00">00:33:03</abbr></a>] &lt;<cite>yates</cite>&gt; <q>s/all the others/none of the others/</q></li>
<li class="message">[<a href="#T00:33:09" id="T00:33:09"><abbr title="2016-01-26T00:33:09+00:00">00:33:09</abbr></a>] &lt;<cite>filt3r</cite>&gt; <q>no</q></li>
<li class="message">[<a href="#T00:33:21" id="T00:33:21"><abbr title="2016-01-26T00:33:21+00:00">00:33:21</abbr></a>] &lt;<cite>yates</cite>&gt; <q>ok, thanks - that helps alot.</q></li>
<li class="message">[<a href="#T00:33:26" id="T00:33:26"><abbr title="2016-01-26T00:33:26+00:00">00:33:26</abbr></a>] &lt;<cite>yates</cite>&gt; <q>step 1a, sort of thing...</q></li>
<li class="message">[<a href="#T00:33:33" id="T00:33:33"><abbr title="2016-01-26T00:33:33+00:00">00:33:33</abbr></a>] &lt;<cite>zmatt</cite>&gt; <q>yates: there are a few variants e.g. for people who don't need eMMC and want to free up those pins for other uses</q></li>
<li class="quit">[<a href="#T00:33:46" id="T00:33:46"><abbr title="2016-01-26T00:33:46+00:00">00:33:46</abbr></a>] <span>* mrjazzcat (~mrjazzcat@50.134.253.3) Quit (Ping timeout: 272 seconds)</span></li>
<li class="message">[<a href="#T00:34:18" id="T00:34:18"><abbr title="2016-01-26T00:34:18+00:00">00:34:18</abbr></a>] &lt;<cite>yates</cite>&gt; <q>i see</q></li>
<li class="join">[<a href="#T00:34:45" id="T00:34:45"><abbr title="2016-01-26T00:34:45+00:00">00:34:45</abbr></a>] <span>* victortyau (~victortya@190.123.228.251) has joined #beagle</span></li>
<li class="quit">[<a href="#T00:34:46" id="T00:34:46"><abbr title="2016-01-26T00:34:46+00:00">00:34:46</abbr></a>] <span>* twoten (~twoten@165.154.34.103) Quit (Ping timeout: 250 seconds)</span></li>
<li class="join">[<a href="#T00:34:55" id="T00:34:55"><abbr title="2016-01-26T00:34:55+00:00">00:34:55</abbr></a>] <span>* jzaw (~jzaw@loki.dzki.co.uk) has joined #beagle</span></li>
<li class="quit">[<a href="#T00:35:23" id="T00:35:23"><abbr title="2016-01-26T00:35:23+00:00">00:35:23</abbr></a>] <span>* thaolx (~newhanoia@123.16.123.207) Quit (Ping timeout: 265 seconds)</span></li>
<li class="quit">[<a href="#T00:36:14" id="T00:36:14"><abbr title="2016-01-26T00:36:14+00:00">00:36:14</abbr></a>] <span>* citylight2 (~me@84.111.153.0) Quit (Ping timeout: 276 seconds)</span></li>
<li class="quit">[<a href="#T00:36:24" id="T00:36:24"><abbr title="2016-01-26T00:36:24+00:00">00:36:24</abbr></a>] <span>* Bumsik (~Thunderbi@adm-129-49-101-3.wi-fi.stonybrook.edu) Quit (Quit: Bumsik)</span></li>
<li class="join">[<a href="#T00:38:25" id="T00:38:25"><abbr title="2016-01-26T00:38:25+00:00">00:38:25</abbr></a>] <span>* Bumsik (~Thunderbi@adm-129-49-101-3.wi-fi.stonybrook.edu) has joined #beagle</span></li>
<li class="message">[<a href="#T00:38:57" id="T00:38:57"><abbr title="2016-01-26T00:38:57+00:00">00:38:57</abbr></a>] &lt;<cite>filt3r</cite>&gt; <q>yates: just out of curiosity, which kernel are you using?</q></li>
<li class="message">[<a href="#T00:39:04" id="T00:39:04"><abbr title="2016-01-26T00:39:04+00:00">00:39:04</abbr></a>] &lt;<cite>yates</cite>&gt; <q>4.4.0-bone2</q></li>
<li class="message">[<a href="#T00:39:51" id="T00:39:51"><abbr title="2016-01-26T00:39:51+00:00">00:39:51</abbr></a>] &lt;<cite>yates</cite>&gt; <q>using this as a guide: <a href="https://eewiki.net/display/linuxonarm/BeagleBone+Black">https://eewiki.net/display/linuxonarm/BeagleBone+Black</a></q></li>
<li class="message">[<a href="#T00:40:22" id="T00:40:22"><abbr title="2016-01-26T00:40:22+00:00">00:40:22</abbr></a>] &lt;<cite>yates</cite>&gt; <q>i've essentially encapsulted this guide into gnumake files</q></li>
<li class="message">[<a href="#T00:41:58" id="T00:41:58"><abbr title="2016-01-26T00:41:58+00:00">00:41:58</abbr></a>] &lt;<cite>yates</cite>&gt; <q>what you say about a new board name etc. would probably be more slick/ideal, but we're pretty close to a bbb and it seems the shorted path to working system is to be a bbb</q></li>
<li class="message">[<a href="#T00:42:03" id="T00:42:03"><abbr title="2016-01-26T00:42:03+00:00">00:42:03</abbr></a>] &lt;<cite>yates</cite>&gt; <q>emulate a bbb, that is</q></li>
<li class="message">[<a href="#T00:42:28" id="T00:42:28"><abbr title="2016-01-26T00:42:28+00:00">00:42:28</abbr></a>] &lt;<cite>yates</cite>&gt; <q>we are removing the board ID EEPROM and the HDMI chip.</q></li>
<li class="message">[<a href="#T00:42:58" id="T00:42:58"><abbr title="2016-01-26T00:42:58+00:00">00:42:58</abbr></a>] &lt;<cite>yates</cite>&gt; <q>s/shorted/shortest/</q></li>
<li class="message">[<a href="#T00:44:07" id="T00:44:07"><abbr title="2016-01-26T00:44:07+00:00">00:44:07</abbr></a>] &lt;<cite>yates</cite>&gt; <q>we're repurposing uart0, adding uart1/2, and adding an i2c, in addition</q></li>
<li class="message">[<a href="#T00:44:16" id="T00:44:16"><abbr title="2016-01-26T00:44:16+00:00">00:44:16</abbr></a>] &lt;<cite>yates</cite>&gt; <q>that's about it.</q></li>
<li class="message">[<a href="#T00:44:28" id="T00:44:28"><abbr title="2016-01-26T00:44:28+00:00">00:44:28</abbr></a>] &lt;<cite>zmatt</cite>&gt; <q>I'd have kept the EEPROM (or at least some form of it) ... they cost next to nothing and it's rather convenient to have a place to store board identification and serial number</q></li>
<li class="message">[<a href="#T00:44:46" id="T00:44:46"><abbr title="2016-01-26T00:44:46+00:00">00:44:46</abbr></a>] &lt;<cite>yates</cite>&gt; <q>yeah, i've been rolling that same thought over in my mind.</q></li>
<li class="message">[<a href="#T00:44:56" id="T00:44:56"><abbr title="2016-01-26T00:44:56+00:00">00:44:56</abbr></a>] &lt;<cite>yates</cite>&gt; <q>we do need a way to identify boards uniquely.</q></li>
<li class="join">[<a href="#T00:45:04" id="T00:45:04"><abbr title="2016-01-26T00:45:04+00:00">00:45:04</abbr></a>] <span>* citylight2 (~me@84.111.153.0) has joined #beagle</span></li>
<li class="message">[<a href="#T00:45:25" id="T00:45:25"><abbr title="2016-01-26T00:45:25+00:00">00:45:25</abbr></a>] &lt;<cite>zmatt</cite>&gt; <q>well you can use the MAC address</q></li>
<li class="message">[<a href="#T00:45:38" id="T00:45:38"><abbr title="2016-01-26T00:45:38+00:00">00:45:38</abbr></a>] &lt;<cite>yates</cite>&gt; <q>does the PHY provide that?</q></li>
<li class="message">[<a href="#T00:45:51" id="T00:45:51"><abbr title="2016-01-26T00:45:51+00:00">00:45:51</abbr></a>] &lt;<cite>zmatt</cite>&gt; <q>the am335x</q></li>
<li class="message">[<a href="#T00:46:00" id="T00:46:00"><abbr title="2016-01-26T00:46:00+00:00">00:46:00</abbr></a>] &lt;<cite>yates</cite>&gt; <q>uniquely?</q></li>
<li class="message">[<a href="#T00:46:16" id="T00:46:16"><abbr title="2016-01-26T00:46:16+00:00">00:46:16</abbr></a>] &lt;<cite>zmatt</cite>&gt; <q>it has 3 MAC addresses allocated from TI's range</q></li>
<li class="message">[<a href="#T00:46:28" id="T00:46:28"><abbr title="2016-01-26T00:46:28+00:00">00:46:28</abbr></a>] &lt;<cite>yates</cite>&gt; <q>that's in the board eeprom, right? i saw it</q></li>
<li class="message">[<a href="#T00:46:31" id="T00:46:31"><abbr title="2016-01-26T00:46:31+00:00">00:46:31</abbr></a>] &lt;<cite>zmatt</cite>&gt; <q>no</q></li>
<li class="message">[<a href="#T00:46:43" id="T00:46:43"><abbr title="2016-01-26T00:46:43+00:00">00:46:43</abbr></a>] &lt;<cite>zmatt</cite>&gt; <q>burned into eFUSE in the processor itself</q></li>
<li class="message">[<a href="#T00:46:55" id="T00:46:55"><abbr title="2016-01-26T00:46:55+00:00">00:46:55</abbr></a>] &lt;<cite>yates</cite>&gt; <q>MAC[HDR_NUM_MAC_ADDR][MAC_ALEN] or somesuch</q></li>
<li class="message">[<a href="#T00:47:06" id="T00:47:06"><abbr title="2016-01-26T00:47:06+00:00">00:47:06</abbr></a>] &lt;<cite>yates</cite>&gt; <q>the board data isn't used? i noticed it was blank.</q></li>
<li class="message">[<a href="#T00:47:27" id="T00:47:27"><abbr title="2016-01-26T00:47:27+00:00">00:47:27</abbr></a>] &lt;<cite>yates</cite>&gt; <q>the eFUSE? hadn't notcied that yet..</q></li>
<li class="message">[<a href="#T00:47:39" id="T00:47:39"><abbr title="2016-01-26T00:47:39+00:00">00:47:39</abbr></a>] &lt;<cite>zmatt</cite>&gt; <q>for reasons that elude me there are ways to override the MAC address, but normally that's never used</q></li>
<li class="message">[<a href="#T00:48:21" id="T00:48:21"><abbr title="2016-01-26T00:48:21+00:00">00:48:21</abbr></a>] &lt;<cite>zmatt</cite>&gt; <q>the primary location is in the control module, which has two fields containing the start and end of the MAC address range for the processor</q></li>
<li class="message">[<a href="#T00:48:57" id="T00:48:57"><abbr title="2016-01-26T00:48:57+00:00">00:48:57</abbr></a>] &lt;<cite>yates</cite>&gt; <q>this comes preset from the factory (TI)?</q></li>
<li class="message">[<a href="#T00:49:13" id="T00:49:13"><abbr title="2016-01-26T00:49:13+00:00">00:49:13</abbr></a>] &lt;<cite>yates</cite>&gt; <q>that would be a good choice for an id, yes.</q></li>
<li class="message">[<a href="#T00:49:26" id="T00:49:26"><abbr title="2016-01-26T00:49:26+00:00">00:49:26</abbr></a>] &lt;<cite>zmatt</cite>&gt; <q><a href="https://github.com/dutchanddutch/jbang/blob/master/include/ti/subarctic/ctrl.h#L415">https://github.com/dutchanddutch/jbang/blob/master/include/ti/subarctic/ctrl.h#L415</a></q></li>
<li class="quit">[<a href="#T00:49:55" id="T00:49:55"><abbr title="2016-01-26T00:49:55+00:00">00:49:55</abbr></a>] <span>* vagrantc (~vagrant@unaffiliated/vagrantc) Quit (Quit: leaving)</span></li>
<li class="quit">[<a href="#T00:50:22" id="T00:50:22"><abbr title="2016-01-26T00:50:22+00:00">00:50:22</abbr></a>] <span>* jzaw (~jzaw@loki.dzki.co.uk) Quit (Ping timeout: 250 seconds)</span></li>
<li class="join">[<a href="#T00:52:25" id="T00:52:25"><abbr title="2016-01-26T00:52:25+00:00">00:52:25</abbr></a>] <span>* jzaw (~jzaw@loki.dzki.co.uk) has joined #beagle</span></li>
<li class="join">[<a href="#T00:57:39" id="T00:57:39"><abbr title="2016-01-26T00:57:39+00:00">00:57:39</abbr></a>] <span>* ipmonger_ (~ipmonger@2601:41:c401:1c59:407f:c21a:9463:b389) has joined #beagle</span></li>
<li class="quit">[<a href="#T00:58:00" id="T00:58:00"><abbr title="2016-01-26T00:58:00+00:00">00:58:00</abbr></a>] <span>* jzaw (~jzaw@loki.dzki.co.uk) Quit (Excess Flood)</span></li>
<li class="join">[<a href="#T00:58:55" id="T00:58:55"><abbr title="2016-01-26T00:58:55+00:00">00:58:55</abbr></a>] <span>* jzaw (~jzaw@loki.dzki.co.uk) has joined #beagle</span></li>
<li class="quit">[<a href="#T01:01:42" id="T01:01:42"><abbr title="2016-01-26T01:01:42+00:00">01:01:42</abbr></a>] <span>* ipmonger_ (~ipmonger@2601:41:c401:1c59:407f:c21a:9463:b389) Quit (Client Quit)</span></li>
<li class="nick-change">[<a href="#T01:07:12" id="T01:07:12"><abbr title="2016-01-26T01:07:12+00:00">01:07:12</abbr></a>] <span>* kilroi is now known as kilroi_off</span></li>
<li class="join">[<a href="#T01:07:44" id="T01:07:44"><abbr title="2016-01-26T01:07:44+00:00">01:07:44</abbr></a>] <span>* Cats_home (~Catslab@dsl.198.58.163.121.ebox.ca) has joined #beagle</span></li>
<li class="quit">[<a href="#T01:15:30" id="T01:15:30"><abbr title="2016-01-26T01:15:30+00:00">01:15:30</abbr></a>] <span>* Bumsik (~Thunderbi@adm-129-49-101-3.wi-fi.stonybrook.edu) Quit (Ping timeout: 250 seconds)</span></li>
<li class="join">[<a href="#T01:20:41" id="T01:20:41"><abbr title="2016-01-26T01:20:41+00:00">01:20:41</abbr></a>] <span>* dj_pi (~dj@73.191.212.56) has joined #beagle</span></li>
<li class="quit">[<a href="#T01:25:14" id="T01:25:14"><abbr title="2016-01-26T01:25:14+00:00">01:25:14</abbr></a>] <span>* emeb (~ericb@ip68-2-68-52.ph.ph.cox.net) Quit (Quit: Leaving.)</span></li>
<li class="join">[<a href="#T01:30:53" id="T01:30:53"><abbr title="2016-01-26T01:30:53+00:00">01:30:53</abbr></a>] <span>* zauslande (~zauslande@66.53.83.128) has joined #beagle</span></li>
<li class="quit">[<a href="#T01:43:22" id="T01:43:22"><abbr title="2016-01-26T01:43:22+00:00">01:43:22</abbr></a>] <span>* kayatwork (~kayfox@orca.zerda.net) Quit (Quit: Computer, end program.)</span></li>
<li class="join">[<a href="#T01:49:51" id="T01:49:51"><abbr title="2016-01-26T01:49:51+00:00">01:49:51</abbr></a>] <span>* Micro|MTW (~microbote@162.207.216.237) has joined #beagle</span></li>
<li class="join">[<a href="#T01:54:55" id="T01:54:55"><abbr title="2016-01-26T01:54:55+00:00">01:54:55</abbr></a>] <span>* Sara (183906c2@gateway/web/freenode/ip.24.57.6.194) has joined #beagle</span></li>
<li class="message">[<a href="#T01:55:03" id="T01:55:03"><abbr title="2016-01-26T01:55:03+00:00">01:55:03</abbr></a>] &lt;<cite>Sara</cite>&gt; <q>My beagle bone isnt connecting to my computer anymore</q></li>
<li class="quit">[<a href="#T01:55:16" id="T01:55:16"><abbr title="2016-01-26T01:55:16+00:00">01:55:16</abbr></a>] <span>* Sara (183906c2@gateway/web/freenode/ip.24.57.6.194) Quit (Client Quit)</span></li>
<li class="join">[<a href="#T01:55:41" id="T01:55:41"><abbr title="2016-01-26T01:55:41+00:00">01:55:41</abbr></a>] <span>* Sara (183906c2@gateway/web/freenode/ip.24.57.6.194) has joined #beagle</span></li>
<li class="message">[<a href="#T01:55:48" id="T01:55:48"><abbr title="2016-01-26T01:55:48+00:00">01:55:48</abbr></a>] &lt;<cite>Sara</cite>&gt; <q>I need help</q></li>
<li class="message">[<a href="#T01:56:00" id="T01:56:00"><abbr title="2016-01-26T01:56:00+00:00">01:56:00</abbr></a>] &lt;<cite>Sara</cite>&gt; <q>My beaglebone isnt connecting to m computer anymore</q></li>
<li class="join">[<a href="#T01:56:13" id="T01:56:13"><abbr title="2016-01-26T01:56:13+00:00">01:56:13</abbr></a>] <span>* EvilDave (46beb19d@gateway/web/freenode/ip.70.190.177.157) has joined #beagle</span></li>
<li class="message">[<a href="#T01:56:32" id="T01:56:32"><abbr title="2016-01-26T01:56:32+00:00">01:56:32</abbr></a>] &lt;<cite>Sara</cite>&gt; <q>I have all the needed files downloaded..its not that thats the problem its not even blinking when I connect it via usb</q></li>
<li class="message">[<a href="#T01:58:50" id="T01:58:50"><abbr title="2016-01-26T01:58:50+00:00">01:58:50</abbr></a>] &lt;<cite>Sara</cite>&gt; <q>What can i do to fix it??</q></li>
<li class="message">[<a href="#T01:58:53" id="T01:58:53"><abbr title="2016-01-26T01:58:53+00:00">01:58:53</abbr></a>] &lt;<cite>Sara</cite>&gt; <q>;</q></li>
<li class="join">[<a href="#T02:00:19" id="T02:00:19"><abbr title="2016-01-26T02:00:19+00:00">02:00:19</abbr></a>] <span>* Devastator_ (~devas@177.133.182.39) has joined #beagle</span></li>
<li class="join">[<a href="#T02:00:35" id="T02:00:35"><abbr title="2016-01-26T02:00:35+00:00">02:00:35</abbr></a>] <span>* tty0_ (~NA@unaffiliated/tty0/x-3092968) has joined #beagle</span></li>
<li class="quit">[<a href="#T02:00:47" id="T02:00:47"><abbr title="2016-01-26T02:00:47+00:00">02:00:47</abbr></a>] <span>* Devastator (~devas@unaffiliated/devastator) Quit (Ping timeout: 264 seconds)</span></li>
<li class="quit">[<a href="#T02:09:32" id="T02:09:32"><abbr title="2016-01-26T02:09:32+00:00">02:09:32</abbr></a>] <span>* Humpelstilzchen (erik@f054125037.adsl.alicedsl.de) Quit (Ping timeout: 256 seconds)</span></li>
<li class="quit">[<a href="#T02:12:39" id="T02:12:39"><abbr title="2016-01-26T02:12:39+00:00">02:12:39</abbr></a>] <span>* Sara (183906c2@gateway/web/freenode/ip.24.57.6.194) Quit ()</span></li>
<li class="join">[<a href="#T02:12:50" id="T02:12:50"><abbr title="2016-01-26T02:12:50+00:00">02:12:50</abbr></a>] <span>* Defiant (erik@f054024161.adsl.alicedsl.de) has joined #beagle</span></li>
<li class="message">[<a href="#T02:14:10" id="T02:14:10"><abbr title="2016-01-26T02:14:10+00:00">02:14:10</abbr></a>] &lt;<cite>veremit</cite>&gt; <q>Sara...</q></li>
<li class="message">[<a href="#T02:19:01" id="T02:19:01"><abbr title="2016-01-26T02:19:01+00:00">02:19:01</abbr></a>] &lt;<cite>veremit</cite>&gt; <q>well if you won't stick around</q></li>
<li class="quit">[<a href="#T02:20:24" id="T02:20:24"><abbr title="2016-01-26T02:20:24+00:00">02:20:24</abbr></a>] <span>* EvilDave (46beb19d@gateway/web/freenode/ip.70.190.177.157) Quit (Ping timeout: 252 seconds)</span></li>
<li class="quit">[<a href="#T02:23:02" id="T02:23:02"><abbr title="2016-01-26T02:23:02+00:00">02:23:02</abbr></a>] <span>* nashpa (~nashpa@dliviu.plus.com) Quit (Quit: Going away)</span></li>
<li class="join">[<a href="#T02:23:54" id="T02:23:54"><abbr title="2016-01-26T02:23:54+00:00">02:23:54</abbr></a>] <span>* nashpa (~nashpa@dliviu.plus.com) has joined #beagle</span></li>
<li class="join">[<a href="#T02:33:46" id="T02:33:46"><abbr title="2016-01-26T02:33:46+00:00">02:33:46</abbr></a>] <span>* Bumsik (~Thunderbi@nat-130-245-194-237.resnet.stonybrook.edu) has joined #beagle</span></li>
<li class="quit">[<abbr title="2016-01-26T02:33:46+00:00">02:33:46</abbr>] <span>* johanhenselmans (~localadmi@pretsense.xs4all.nl) Quit (Ping timeout: 240 seconds)</span></li>
<li class="quit">[<abbr title="2016-01-26T02:33:46+00:00">02:33:46</abbr>] <span>* idwer (~irc@unaffiliated/idwer) Quit (Read error: Connection reset by peer)</span></li>
<li class="join">[<a href="#T02:36:15" id="T02:36:15"><abbr title="2016-01-26T02:36:15+00:00">02:36:15</abbr></a>] <span>* johanhenselmans (~localadmi@pretsense.xs4all.nl) has joined #beagle</span></li>
<li class="join">[<a href="#T02:36:43" id="T02:36:43"><abbr title="2016-01-26T02:36:43+00:00">02:36:43</abbr></a>] <span>* ayjay (~puppy@216.106.132.27) has joined #beagle</span></li>
<li class="action">[<a href="#T02:36:46" id="T02:36:46"><abbr title="2016-01-26T02:36:46+00:00">02:36:46</abbr></a>] <span>* ayjay is back</span></li>
<li class="join">[<a href="#T02:37:54" id="T02:37:54"><abbr title="2016-01-26T02:37:54+00:00">02:37:54</abbr></a>] <span>* kayatwork (~kayfox@orca.zerda.net) has joined #beagle</span></li>
<li class="join">[<a href="#T02:40:21" id="T02:40:21"><abbr title="2016-01-26T02:40:21+00:00">02:40:21</abbr></a>] <span>* tai271828 (~tai271828@175.41.48.77) has joined #beagle</span></li>
<li class="message">[<a href="#T02:40:46" id="T02:40:46"><abbr title="2016-01-26T02:40:46+00:00">02:40:46</abbr></a>] &lt;<cite>Micro|MTW</cite>&gt; <q>evening all.  just got my BB Black and was trying to update the firmware.  found the special instruction to make this change in the uEnv.txt file.  #cmdline=init=/opt/scripts/tools/eMMC/init-eMMC-flasher-v3.sh   I cant find that command line to remove the comment statement from.  Any clue?  did the rules change?</q></li>
<li class="message">[<a href="#T02:42:50" id="T02:42:50"><abbr title="2016-01-26T02:42:50+00:00">02:42:50</abbr></a>] &lt;<cite>Cats_home</cite>&gt; <q>if you can't find it, add it</q></li>
<li class="message">[<a href="#T02:43:23" id="T02:43:23"><abbr title="2016-01-26T02:43:23+00:00">02:43:23</abbr></a>] &lt;<cite>Cats_home</cite>&gt; <q>it's just a command line to launch the emmc flasher to install the image from the SD card to the emmc</q></li>
<li class="message">[<a href="#T02:43:35" id="T02:43:35"><abbr title="2016-01-26T02:43:35+00:00">02:43:35</abbr></a>] &lt;<cite>Micro|MTW</cite>&gt; <q>:)  if all else fails cheat?  add to the front or back of the text file?</q></li>
<li class="quit">[<a href="#T02:53:48" id="T02:53:48"><abbr title="2016-01-26T02:53:48+00:00">02:53:48</abbr></a>] <span>* j12t (~j12t@c-50-136-206-246.hsd1.ca.comcast.net) Quit (Remote host closed the connection)</span></li>
<li class="quit">[<a href="#T02:59:23" id="T02:59:23"><abbr title="2016-01-26T02:59:23+00:00">02:59:23</abbr></a>] <span>* Bumsik (~Thunderbi@nat-130-245-194-237.resnet.stonybrook.edu) Quit (Quit: Bumsik)</span></li>
<li class="quit">[<a href="#T03:04:01" id="T03:04:01"><abbr title="2016-01-26T03:04:01+00:00">03:04:01</abbr></a>] <span>* TheoMurpse (~TheoMurps@cpe-72-191-48-158.satx.res.rr.com) Quit (Quit: This computer has gone to sleep)</span></li>
<li class="join">[<a href="#T03:05:07" id="T03:05:07"><abbr title="2016-01-26T03:05:07+00:00">03:05:07</abbr></a>] <span>* j12t (~j12t@c-50-136-206-246.hsd1.ca.comcast.net) has joined #beagle</span></li>
<li class="join">[<a href="#T03:07:41" id="T03:07:41"><abbr title="2016-01-26T03:07:41+00:00">03:07:41</abbr></a>] <span>* johanhenselmans_ (~localadmi@pretsense.xs4all.nl) has joined #beagle</span></li>
<li class="quit">[<a href="#T03:08:59" id="T03:08:59"><abbr title="2016-01-26T03:08:59+00:00">03:08:59</abbr></a>] <span>* johanhenselmans (~localadmi@pretsense.xs4all.nl) Quit (Ping timeout: 276 seconds)</span></li>
<li class="nick-change">[<abbr title="2016-01-26T03:08:59+00:00">03:08:59</abbr>] <span>* johanhenselmans_ is now known as johanhenselmans</span></li>
<li class="message">[<a href="#T03:11:04" id="T03:11:04"><abbr title="2016-01-26T03:11:04+00:00">03:11:04</abbr></a>] &lt;<cite>Zephyr1138</cite>&gt; <q>What is the maximum supported resolution for the HDMI port? is 1920x1080 to high of a monitor resolution?</q></li>
<li class="quit">[<a href="#T03:18:22" id="T03:18:22"><abbr title="2016-01-26T03:18:22+00:00">03:18:22</abbr></a>] <span>* victortyau (~victortya@190.123.228.251) Quit (Quit: My Mac has gone to sleep. ZZZzzz…)</span></li>
<li class="join">[<a href="#T03:18:36" id="T03:18:36"><abbr title="2016-01-26T03:18:36+00:00">03:18:36</abbr></a>] <span>* victortyau (~victortya@190.123.228.251) has joined #beagle</span></li>
<li class="quit">[<a href="#T03:18:42" id="T03:18:42"><abbr title="2016-01-26T03:18:42+00:00">03:18:42</abbr></a>] <span>* victortyau (~victortya@190.123.228.251) Quit (Client Quit)</span></li>
<li class="join">[<a href="#T03:22:42" id="T03:22:42"><abbr title="2016-01-26T03:22:42+00:00">03:22:42</abbr></a>] <span>* twoten (~twoten@165.154.34.103) has joined #beagle</span></li>
<li class="quit">[<a href="#T03:26:02" id="T03:26:02"><abbr title="2016-01-26T03:26:02+00:00">03:26:02</abbr></a>] <span>* dj_pi (~dj@73.191.212.56) Quit (Ping timeout: 272 seconds)</span></li>
<li class="message">[<a href="#T03:31:29" id="T03:31:29"><abbr title="2016-01-26T03:31:29+00:00">03:31:29</abbr></a>] &lt;<cite>yates</cite>&gt; <q>ayjay: where's rick?</q></li>
<li class="message">[<a href="#T03:36:24" id="T03:36:24"><abbr title="2016-01-26T03:36:24+00:00">03:36:24</abbr></a>] &lt;<cite>ayjay</cite>&gt; <q>prob with morty</q></li>
<li class="quit">[<a href="#T03:42:30" id="T03:42:30"><abbr title="2016-01-26T03:42:30+00:00">03:42:30</abbr></a>] <span>* twoten (~twoten@165.154.34.103) Quit (Ping timeout: 272 seconds)</span></li>
<li class="join">[<a href="#T03:46:03" id="T03:46:03"><abbr title="2016-01-26T03:46:03+00:00">03:46:03</abbr></a>] <span>* twoten (~twoten@165.154.34.103) has joined #beagle</span></li>
<li class="quit">[<a href="#T03:46:18" id="T03:46:18"><abbr title="2016-01-26T03:46:18+00:00">03:46:18</abbr></a>] <span>* twoten (~twoten@165.154.34.103) Quit (Client Quit)</span></li>
<li class="quit">[<a href="#T03:50:37" id="T03:50:37"><abbr title="2016-01-26T03:50:37+00:00">03:50:37</abbr></a>] <span>* johanhenselmans (~localadmi@pretsense.xs4all.nl) Quit (Read error: Connection reset by peer)</span></li>
<li class="join">[<a href="#T03:51:19" id="T03:51:19"><abbr title="2016-01-26T03:51:19+00:00">03:51:19</abbr></a>] <span>* johanhenselmans (~localadmi@pretsense.xs4all.nl) has joined #beagle</span></li>
