<li class="join">[<a href="#T00:02:00" id="T00:02:00"><abbr title="2016-01-19T00:02:00+00:00">00:02:00</abbr></a>] <span>* BeagleBot (~PircBot@ec2-50-17-196-130.compute-1.amazonaws.com) has joined #beagle</span></li>
<li class="topic">[<abbr title="2016-01-19T00:02:00+00:00">00:02:00</abbr>] <span>* Topic is '<a href="http://beagleboard.org/chat">http://beagleboard.org/chat</a> has a guide on how to ask questions and links to the logs | never ask to ask, just ask | be patient | pastebin a boot log | <a href="http://ahsoftware.de/Beaglebone_Black_Boot_explained.svg">http://ahsoftware.de/Beaglebone_Black_Boot_explained.svg</a> | <a href="http://beagleboard.org/latest-images">http://beagleboard.org/latest-images</a> | <a href="http://beagleboard.org/Support/bone101">http://beagleboard.org/Support/bone101</a> | direct bonescript/node.js questions to #beagle-bonescript | books: <a href="http://bit.ly/bbb-books'">http://bit.ly/bbb-books'</a></span></li>
<li class="topic">[<abbr title="2016-01-19T00:02:00+00:00">00:02:00</abbr>] <span>* Set by KotH!~attila@erica.kinali.ch on Wed Jul 15 13:55:07 UTC 2015</span></li>
<li class="join">[<abbr title="2016-01-19T00:02:00+00:00">00:02:00</abbr>] <span>* BeagleBot (~PircBot@ec2-50-17-196-130.compute-1.amazonaws.com) has joined #beagleboard</span></li>
<li class="join">[<abbr title="2016-01-19T00:02:00+00:00">00:02:00</abbr>] <span>* BeagleBot (~PircBot@ec2-50-17-196-130.compute-1.amazonaws.com) has joined #beaglebone</span></li>
<li class="join">[<a href="#T00:05:12" id="T00:05:12"><abbr title="2016-01-19T00:05:12+00:00">00:05:12</abbr></a>] <span>* j12t (~j12t@c-50-136-206-246.hsd1.ca.comcast.net) has joined #beagle</span></li>
<li class="join">[<a href="#T00:05:45" id="T00:05:45"><abbr title="2016-01-19T00:05:45+00:00">00:05:45</abbr></a>] <span>* bradfa (~andrew@clr-vpn01.kodakalaris.com) has joined #beagle</span></li>
<li class="quit">[<a href="#T00:07:52" id="T00:07:52"><abbr title="2016-01-19T00:07:52+00:00">00:07:52</abbr></a>] <span>* j12t (~j12t@c-50-136-206-246.hsd1.ca.comcast.net) Quit (Remote host closed the connection)</span></li>
<li class="quit">[<a href="#T00:11:14" id="T00:11:14"><abbr title="2016-01-19T00:11:14+00:00">00:11:14</abbr></a>] <span>* ocamlman (~ocamlman@cpe-74-78-219-199.twcny.res.rr.com) Quit (Ping timeout: 256 seconds)</span></li>
<li class="quit">[<a href="#T00:19:14" id="T00:19:14"><abbr title="2016-01-19T00:19:14+00:00">00:19:14</abbr></a>] <span>* jkridner (~jkridner@pdpc/supporter/active/jkridner) Quit (Remote host closed the connection)</span></li>
<li class="message">[<a href="#T00:19:39" id="T00:19:39"><abbr title="2016-01-19T00:19:39+00:00">00:19:39</abbr></a>] &lt;<cite>veremit</cite>&gt; <q>hmm I didn't see him slip in</q></li>
<li class="quit">[<a href="#T00:22:59" id="T00:22:59"><abbr title="2016-01-19T00:22:59+00:00">00:22:59</abbr></a>] <span>* florian (~fuchs@Maemo/community/contributor/florian) Quit (Ping timeout: 260 seconds)</span></li>
<li class="join">[<a href="#T00:29:26" id="T00:29:26"><abbr title="2016-01-19T00:29:26+00:00">00:29:26</abbr></a>] <span>* malk315 (47e93e71@gateway/web/freenode/ip.71.233.62.113) has joined #beagle</span></li>
<li class="message">[<a href="#T00:32:45" id="T00:32:45"><abbr title="2016-01-19T00:32:45+00:00">00:32:45</abbr></a>] &lt;<cite>malk315</cite>&gt; <q>I have a beaglebone black running latest debian from 11-03-15 kernel 3.8.13-bone79 and I'm able to activate spi1 with echoing BB-SPIDEV1 into slots and I'm using the SPI just fine but what I find interesting is that there is no /lib/firemware/BB-SPIDEV1-00A0.dtbo and simply no BB-SPIDEV1-00A0.dtbo anywhere on the filesystem...  but yet the capemgr thinks it has a BB-SPIDEV1-00A0.dtbo somewhere but dmesg doesn't show the path to where</q></li>
<li class="message">[<a href="#T00:32:55" id="T00:32:55"><abbr title="2016-01-19T00:32:55+00:00">00:32:55</abbr></a>] &lt;<cite>malk315</cite>&gt; <q>it is as if all .dtbo files are just inside the kernel</q></li>
<li class="message">[<a href="#T00:33:41" id="T00:33:41"><abbr title="2016-01-19T00:33:41+00:00">00:33:41</abbr></a>] &lt;<cite>malk315</cite>&gt; <q>So now I have no idea what .dtbo files that aren't even in /lib/firmware may be available for me to use pre-built.  Anyone know how to find out what .dtbo setups are just "built in" to the kernel?</q></li>
<li class="message">[<a href="#T00:34:52" id="T00:34:52"><abbr title="2016-01-19T00:34:52+00:00">00:34:52</abbr></a>] &lt;<cite>malk315</cite>&gt; <q>I've got an overlay I made to use the eqep2B encoder hardware and I made the .dts and built it into a .dtbo and copied to /lib/firmware to use that hardware no problem.  But for the life of me I don't see the spidev .dtbo file anywhere on the system.  Used the find command everywhere and even mounted and looked in the FAT partition that isn't mounted because I disabled my HDMI.</q></li>
<li class="message">[<a href="#T00:35:48" id="T00:35:48"><abbr title="2016-01-19T00:35:48+00:00">00:35:48</abbr></a>] &lt;<cite>malk315</cite>&gt; <q>Hoping to know what .dtbo setups may be available without having to get the kernel source or some other source from Robert Nelson's git repository...  I'm quite preplexed here hoping someone knows a quite answer.  Haven't been able to find much w/ googling.</q></li>
<li class="message">[<a href="#T00:36:14" id="T00:36:14"><abbr title="2016-01-19T00:36:14+00:00">00:36:14</abbr></a>] &lt;<cite>veremit</cite>&gt; <q>i think spi-dev disappeared ..</q></li>
<li class="message">[<a href="#T00:36:28" id="T00:36:28"><abbr title="2016-01-19T00:36:28+00:00">00:36:28</abbr></a>] &lt;<cite>veremit</cite>&gt; <q>but I have no dt on my live beagle atm</q></li>
<li class="action">[<a href="#T00:37:26" id="T00:37:26"><abbr title="2016-01-19T00:37:26+00:00">00:37:26</abbr></a>] <span>* GenTooMan just looks confused of course that could be normal for him.</span></li>
<li class="quit">[<a href="#T00:42:12" id="T00:42:12"><abbr title="2016-01-19T00:42:12+00:00">00:42:12</abbr></a>] <span>* ayjay (~ajp@216.106.132.27) Quit (Quit: Leaving)</span></li>
<li class="quit">[<a href="#T00:47:38" id="T00:47:38"><abbr title="2016-01-19T00:47:38+00:00">00:47:38</abbr></a>] <span>* NishanthMenon (~nmenon@unaffiliated/nishanthmenon) Quit (Quit: I am a very redundant person.)</span></li>
<li class="join">[<a href="#T00:48:52" id="T00:48:52"><abbr title="2016-01-19T00:48:52+00:00">00:48:52</abbr></a>] <span>* Maxz (~felipe@201.218.139.7) has joined #beagle</span></li>
<li class="quit">[<a href="#T00:49:41" id="T00:49:41"><abbr title="2016-01-19T00:49:41+00:00">00:49:41</abbr></a>] <span>* dwery (~dwery@nslu2-linux/dwery) Quit (Ping timeout: 276 seconds)</span></li>
<li class="quit">[<a href="#T00:59:09" id="T00:59:09"><abbr title="2016-01-19T00:59:09+00:00">00:59:09</abbr></a>] <span>* vagrantc (~vagrant@unaffiliated/vagrantc) Quit (Quit: leaving)</span></li>
<li class="quit">[<a href="#T01:01:16" id="T01:01:16"><abbr title="2016-01-19T01:01:16+00:00">01:01:16</abbr></a>] <span>* bkearns (~bkearns@216.75.239.130) Quit (Quit: Leaving.)</span></li>
<li class="join">[<a href="#T01:03:33" id="T01:03:33"><abbr title="2016-01-19T01:03:33+00:00">01:03:33</abbr></a>] <span>* nashpa (~nashpa@dliviu.plus.com) has joined #beagle</span></li>
<li class="quit">[<a href="#T01:05:43" id="T01:05:43"><abbr title="2016-01-19T01:05:43+00:00">01:05:43</abbr></a>] <span>* manuel_ (~manuel@ip5f5b2220.dynamic.kabel-deutschland.de) Quit (Quit: manuel_)</span></li>
<li class="join">[<a href="#T01:09:44" id="T01:09:44"><abbr title="2016-01-19T01:09:44+00:00">01:09:44</abbr></a>] <span>* manuel_ (~manuel@ip5f5b2220.dynamic.kabel-deutschland.de) has joined #beagle</span></li>
<li class="quit">[<a href="#T01:13:34" id="T01:13:34"><abbr title="2016-01-19T01:13:34+00:00">01:13:34</abbr></a>] <span>* thurgood_ (~thurgood@67-198-113-218.static.grandenetworks.net) Quit (Remote host closed the connection)</span></li>
<li class="quit">[<a href="#T01:24:17" id="T01:24:17"><abbr title="2016-01-19T01:24:17+00:00">01:24:17</abbr></a>] <span>* Bumsik (~Thunderbi@nat-130-245-194-237.resnet.stonybrook.edu) Quit (Quit: Bumsik)</span></li>
<li class="join">[<a href="#T01:29:52" id="T01:29:52"><abbr title="2016-01-19T01:29:52+00:00">01:29:52</abbr></a>] <span>* jkridner (~jkridner@pdpc/supporter/active/jkridner) has joined #beagle</span></li>
<li class="mode">[<abbr title="2016-01-19T01:29:52+00:00">01:29:52</abbr>] <span>* ChanServ sets mode +o jkridner</span></li>
<li class="quit">[<a href="#T01:35:11" id="T01:35:11"><abbr title="2016-01-19T01:35:11+00:00">01:35:11</abbr></a>] <span>* jkridner (~jkridner@pdpc/supporter/active/jkridner) Quit (Ping timeout: 276 seconds)</span></li>
<li class="quit">[<a href="#T01:47:01" id="T01:47:01"><abbr title="2016-01-19T01:47:01+00:00">01:47:01</abbr></a>] <span>* manuel_ (~manuel@ip5f5b2220.dynamic.kabel-deutschland.de) Quit (Quit: manuel_)</span></li>
<li class="join">[<a href="#T02:01:53" id="T02:01:53"><abbr title="2016-01-19T02:01:53+00:00">02:01:53</abbr></a>] <span>* veremit|2 (~kvirc@195.99.33.117) has joined #beagle</span></li>
<li class="quit">[<a href="#T02:01:58" id="T02:01:58"><abbr title="2016-01-19T02:01:58+00:00">02:01:58</abbr></a>] <span>* veremit (~kvirc@unaffiliated/veremit) Quit (Disconnected by services)</span></li>
<li class="nick-change">[<abbr title="2016-01-19T02:01:58+00:00">02:01:58</abbr>] <span>* veremit|2 is now known as veremit</span></li>
<li class="quit">[<a href="#T02:01:59" id="T02:01:59"><abbr title="2016-01-19T02:01:59+00:00">02:01:59</abbr></a>] <span>* veremit (~kvirc@195.99.33.117) Quit (Changing host)</span></li>
<li class="join">[<abbr title="2016-01-19T02:01:59+00:00">02:01:59</abbr>] <span>* veremit (~kvirc@unaffiliated/veremit) has joined #beagle</span></li>
<li class="join">[<a href="#T02:07:14" id="T02:07:14"><abbr title="2016-01-19T02:07:14+00:00">02:07:14</abbr></a>] <span>* j12t (~j12t@c-50-136-206-246.hsd1.ca.comcast.net) has joined #beagle</span></li>
<li class="quit">[<a href="#T02:08:45" id="T02:08:45"><abbr title="2016-01-19T02:08:45+00:00">02:08:45</abbr></a>] <span>* Zephyr1138 (~wasinger@67-6-216-122.hlrn.qwest.net) Quit (Quit: Leaving)</span></li>
<li class="quit">[<a href="#T02:13:05" id="T02:13:05"><abbr title="2016-01-19T02:13:05+00:00">02:13:05</abbr></a>] <span>* emeb (~ericb@ip68-2-68-52.ph.ph.cox.net) Quit (Quit: Leaving.)</span></li>
<li class="nick-change">[<a href="#T02:15:42" id="T02:15:42"><abbr title="2016-01-19T02:15:42+00:00">02:15:42</abbr></a>] <span>* kilroi_o` is now known as kilroi_off</span></li>
<li class="quit">[<a href="#T02:19:42" id="T02:19:42"><abbr title="2016-01-19T02:19:42+00:00">02:19:42</abbr></a>] <span>* malk315 (47e93e71@gateway/web/freenode/ip.71.233.62.113) Quit (Quit: Page closed)</span></li>
<li class="quit">[<a href="#T02:27:40" id="T02:27:40"><abbr title="2016-01-19T02:27:40+00:00">02:27:40</abbr></a>] <span>* idwer (~irc@unaffiliated/idwer) Quit (Remote host closed the connection)</span></li>
<li class="quit">[<a href="#T02:27:42" id="T02:27:42"><abbr title="2016-01-19T02:27:42+00:00">02:27:42</abbr></a>] <span>* matrixboy (082a120a@gateway/web/freenode/ip.8.42.18.10) Quit (Ping timeout: 252 seconds)</span></li>
<li class="join">[<a href="#T02:28:25" id="T02:28:25"><abbr title="2016-01-19T02:28:25+00:00">02:28:25</abbr></a>] <span>* zauslande (~zauslande@66.53.80.30) has joined #beagle</span></li>
<li class="quit">[<a href="#T02:30:01" id="T02:30:01"><abbr title="2016-01-19T02:30:01+00:00">02:30:01</abbr></a>] <span>* Humpelstilzchen (erik@f054109178.adsl.alicedsl.de) Quit (Ping timeout: 265 seconds)</span></li>
<li class="join">[<a href="#T02:30:40" id="T02:30:40"><abbr title="2016-01-19T02:30:40+00:00">02:30:40</abbr></a>] <span>* tai271828 (~tai271828@175.41.48.77) has joined #beagle</span></li>
<li class="join">[<a href="#T02:35:36" id="T02:35:36"><abbr title="2016-01-19T02:35:36+00:00">02:35:36</abbr></a>] <span>* Humpelstilzchen (erik@f054186146.adsl.alicedsl.de) has joined #beagle</span></li>
<li class="quit">[<a href="#T02:41:41" id="T02:41:41"><abbr title="2016-01-19T02:41:41+00:00">02:41:41</abbr></a>] <span>* j12t (~j12t@c-50-136-206-246.hsd1.ca.comcast.net) Quit (Remote host closed the connection)</span></li>
<li class="part">[<a href="#T03:11:25" id="T03:11:25"><abbr title="2016-01-19T03:11:25+00:00">03:11:25</abbr></a>] <span>* zauslande (~zauslande@66.53.80.30) has left #beagle</span></li>
<li class="quit">[<a href="#T03:27:26" id="T03:27:26"><abbr title="2016-01-19T03:27:26+00:00">03:27:26</abbr></a>] <span>* Akex_ (uid58281@gateway/web/irccloud.com/x-dwxxtxmbnhqqsvyb) Quit (Quit: Connection closed for inactivity)</span></li>
<li class="join">[<a href="#T03:36:48" id="T03:36:48"><abbr title="2016-01-19T03:36:48+00:00">03:36:48</abbr></a>] <span>* phil (7ca89a44@gateway/web/freenode/ip.124.168.154.68) has joined #beagle</span></li>
<li class="nick-change">[<a href="#T03:37:12" id="T03:37:12"><abbr title="2016-01-19T03:37:12+00:00">03:37:12</abbr></a>] <span>* phil is now known as Guest93566</span></li>
<li class="message">[<a href="#T03:37:52" id="T03:37:52"><abbr title="2016-01-19T03:37:52+00:00">03:37:52</abbr></a>] &lt;<cite>Guest93566</cite>&gt; <q>Hi, Does anyone here have any experience modifying PCB layout for BBB ?</q></li>
<li class="quit">[<a href="#T03:46:02" id="T03:46:02"><abbr title="2016-01-19T03:46:02+00:00">03:46:02</abbr></a>] <span>* Maxz (~felipe@201.218.139.7) Quit (Quit: Textual IRC Client: www.textualapp.com)</span></li>
<li class="quit">[<a href="#T03:47:12" id="T03:47:12"><abbr title="2016-01-19T03:47:12+00:00">03:47:12</abbr></a>] <span>* caffeinic (crazyed@wrongplanet/CrazyEddy) Quit (Remote host closed the connection)</span></li>
<li class="join">[<a href="#T03:53:23" id="T03:53:23"><abbr title="2016-01-19T03:53:23+00:00">03:53:23</abbr></a>] <span>* caffeinic (crazyed@wrongplanet/CrazyEddy) has joined #beagle</span></li>
<li class="message">[<a href="#T03:59:49" id="T03:59:49"><abbr title="2016-01-19T03:59:49+00:00">03:59:49</abbr></a>] &lt;<cite>shevek</cite>&gt; <q>The Beaglebone green has 4 different BB-BONE-PRU-* device tree overlay files.  What's the difference between them?</q></li>
<li class="quit">[<a href="#T04:25:56" id="T04:25:56"><abbr title="2016-01-19T04:25:56+00:00">04:25:56</abbr></a>] <span>* thaolx (~newhanoia@123.16.123.207) Quit (Read error: Connection reset by peer)</span></li>
<li class="message">[<a href="#T04:32:45" id="T04:32:45"><abbr title="2016-01-19T04:32:45+00:00">04:32:45</abbr></a>] &lt;<cite>yates</cite>&gt; <q>veremit: you have no dt? how did you manage that? are you running the debian build, or some mod of it?</q></li>
<li class="quit">[<a href="#T04:34:05" id="T04:34:05"><abbr title="2016-01-19T04:34:05+00:00">04:34:05</abbr></a>] <span>* chainsawbike (~chainsawb@unaffiliated/chainsawbike) Quit (Quit: yep... i broke it good that time...)</span></li>
<li class="join">[<a href="#T04:34:31" id="T04:34:31"><abbr title="2016-01-19T04:34:31+00:00">04:34:31</abbr></a>] <span>* chainsawbike (~chainsawb@unaffiliated/chainsawbike) has joined #beagle</span></li>
<li class="message">[<a href="#T04:34:32" id="T04:34:32"><abbr title="2016-01-19T04:34:32+00:00">04:34:32</abbr></a>] &lt;<cite>zmatt</cite>&gt; <q>yates: probably a kernel that predates DT</q></li>
<li class="message">[<a href="#T04:37:13" id="T04:37:13"><abbr title="2016-01-19T04:37:13+00:00">04:37:13</abbr></a>] &lt;<cite>zmatt</cite>&gt; <q>(or at least predates support for board files being dropped)</q></li>
<li class="join">[<a href="#T04:41:14" id="T04:41:14"><abbr title="2016-01-19T04:41:14+00:00">04:41:14</abbr></a>] <span>* j12t (~j12t@c-50-136-206-246.hsd1.ca.comcast.net) has joined #beagle</span></li>
<li class="message">[<a href="#T04:52:31" id="T04:52:31"><abbr title="2016-01-19T04:52:31+00:00">04:52:31</abbr></a>] &lt;<cite>yates</cite>&gt; <q>apart from managing capes, what do i need dt for?</q></li>
<li class="message">[<a href="#T04:52:38" id="T04:52:38"><abbr title="2016-01-19T04:52:38+00:00">04:52:38</abbr></a>] &lt;<cite>yates</cite>&gt; <q>we have no capes..</q></li>
<li class="message">[<a href="#T04:52:53" id="T04:52:53"><abbr title="2016-01-19T04:52:53+00:00">04:52:53</abbr></a>] &lt;<cite>yates</cite>&gt; <q>(at the risk of asking a stupid question...)</q></li>
<li class="message">[<a href="#T04:54:46" id="T04:54:46"><abbr title="2016-01-19T04:54:46+00:00">04:54:46</abbr></a>] &lt;<cite>shevek</cite>&gt; <q>yates: The kernel uses the dt to define what hardware it runs on. You need dt overlays for capes (changes in the default hardware).</q></li>
<li class="message">[<a href="#T04:56:31" id="T04:56:31"><abbr title="2016-01-19T04:56:31+00:00">04:56:31</abbr></a>] &lt;<cite>yates</cite>&gt; <q>is there a good doc on the dt? (and hopefully up-to-date?)</q></li>
<li class="message">[<a href="#T04:57:12" id="T04:57:12"><abbr title="2016-01-19T04:57:12+00:00">04:57:12</abbr></a>] &lt;<cite>yates</cite>&gt; <q>is a dt used in all linux distros these days? e.g., in something like ubuntu?</q></li>
<li class="message">[<a href="#T04:57:49" id="T04:57:49"><abbr title="2016-01-19T04:57:49+00:00">04:57:49</abbr></a>] &lt;<cite>zmatt</cite>&gt; <q>it is not distro-dependent but architecture-dependent</q></li>
<li class="message">[<a href="#T04:58:13" id="T04:58:13"><abbr title="2016-01-19T04:58:13+00:00">04:58:13</abbr></a>] &lt;<cite>yates</cite>&gt; <q>so if i'm running ubuntu on an x86_64, there is a dt?</q></li>
<li class="message">[<a href="#T04:58:24" id="T04:58:24"><abbr title="2016-01-19T04:58:24+00:00">04:58:24</abbr></a>] &lt;<cite>zmatt</cite>&gt; <q>x86 doesn't use DT but gets data structures with a similar purpose from BIOS</q></li>
<li class="message">[<a href="#T04:58:43" id="T04:58:43"><abbr title="2016-01-19T04:58:43+00:00">04:58:43</abbr></a>] &lt;<cite>zmatt</cite>&gt; <q>DT originally comes from PowerPC</q></li>
<li class="message">[<a href="#T04:59:31" id="T04:59:31"><abbr title="2016-01-19T04:59:31+00:00">04:59:31</abbr></a>] &lt;<cite>zmatt</cite>&gt; <q>specifically, it originally represented the Device Tree from Open Firmware</q></li>
<li class="message">[<a href="#T04:59:57" id="T04:59:57"><abbr title="2016-01-19T04:59:57+00:00">04:59:57</abbr></a>] &lt;<cite>yates</cite>&gt; <q>so does the dt define things like how much dram is on-board and where it is mapped?</q></li>
<li class="message">[<a href="#T05:00:17" id="T05:00:17"><abbr title="2016-01-19T05:00:17+00:00">05:00:17</abbr></a>] &lt;<cite>zmatt</cite>&gt; <q>linux imported these by running a tiny tool that scraped the Open Firmware device tree and turned it into a "flattened device tree" data structure that was then passed to the kernel</q></li>
<li class="message">[<a href="#T05:00:57" id="T05:00:57"><abbr title="2016-01-19T05:00:57+00:00">05:00:57</abbr></a>] &lt;<cite>zmatt</cite>&gt; <q>ARM systems usually don't use OpenFirmware (the OPLC laptop being an exception) but the same data structure stuck into a file is now known as the dtb</q></li>
<li class="message">[<a href="#T05:01:08" id="T05:01:08"><abbr title="2016-01-19T05:01:08+00:00">05:01:08</abbr></a>] &lt;<cite>zmatt</cite>&gt; <q>yes</q></li>
<li class="message">[<a href="#T05:01:32" id="T05:01:32"><abbr title="2016-01-19T05:01:32+00:00">05:01:32</abbr></a>] &lt;<cite>zmatt</cite>&gt; <q>there's a dummy entry in most DTs for RAM but it's overwritten by u-boot (or even added if missing)</q></li>
<li class="message">[<a href="#T05:02:08" id="T05:02:08"><abbr title="2016-01-19T05:02:08+00:00">05:02:08</abbr></a>] &lt;<cite>zmatt</cite>&gt; <q>in most DTBs I mean</q></li>
<li class="message">[<a href="#T05:03:22" id="T05:03:22"><abbr title="2016-01-19T05:03:22+00:00">05:03:22</abbr></a>] &lt;<cite>zmatt</cite>&gt; <q>wait I'm misrepresenting the history... it comes from Sun (Open Boot) so I presume it was originally for SPARC</q></li>
<li class="quit">[<a href="#T05:05:18" id="T05:05:18"><abbr title="2016-01-19T05:05:18+00:00">05:05:18</abbr></a>] <span>* WhileTrue (292697f1@gateway/web/freenode/ip.41.38.151.241) Quit (Quit: Page closed)</span></li>
<li class="message">[<a href="#T05:06:00" id="T05:06:00"><abbr title="2016-01-19T05:06:00+00:00">05:06:00</abbr></a>] &lt;<cite>yates</cite>&gt; <q>before there was a dt, how was the information in the dt incorporated into a build?</q></li>
<li class="message">[<a href="#T05:06:12" id="T05:06:12"><abbr title="2016-01-19T05:06:12+00:00">05:06:12</abbr></a>] &lt;<cite>zmatt</cite>&gt; <q>board files</q></li>
<li class="message">[<a href="#T05:06:15" id="T05:06:15"><abbr title="2016-01-19T05:06:15+00:00">05:06:15</abbr></a>] &lt;<cite>yates</cite>&gt; <q>board support files?</q></li>
<li class="message">[<a href="#T05:06:24" id="T05:06:24"><abbr title="2016-01-19T05:06:24+00:00">05:06:24</abbr></a>] &lt;<cite>yates</cite>&gt; <q>(bsp's)</q></li>
<li class="message">[<a href="#T05:08:14" id="T05:08:14"><abbr title="2016-01-19T05:08:14+00:00">05:08:14</abbr></a>] &lt;<cite>yates</cite>&gt; <q>so the dt mechanism provides a way to use the same kernel with different board variations without having to rebuild the kernel?</q></li>
<li class="message">[<a href="#T05:08:43" id="T05:08:43"><abbr title="2016-01-19T05:08:43+00:00">05:08:43</abbr></a>] &lt;<cite>zmatt</cite>&gt; <q>yes</q></li>
<li class="message">[<a href="#T05:09:58" id="T05:09:58"><abbr title="2016-01-19T05:09:58+00:00">05:09:58</abbr></a>] &lt;<cite>zmatt</cite>&gt; <q>for an old-style kernel example for the beaglebone you could dig up a 3.2 kernel, I think that was per-DT</q></li>
<li class="message">[<a href="#T05:10:09" id="T05:10:09"><abbr title="2016-01-19T05:10:09+00:00">05:10:09</abbr></a>] &lt;<cite>yates</cite>&gt; <q>pre-DT</q></li>
<li class="message">[<a href="#T05:10:12" id="T05:10:12"><abbr title="2016-01-19T05:10:12+00:00">05:10:12</abbr></a>] &lt;<cite>zmatt</cite>&gt; <q>that</q></li>
<li class="message">[<a href="#T05:10:30" id="T05:10:30"><abbr title="2016-01-19T05:10:30+00:00">05:10:30</abbr></a>] &lt;<cite>yates</cite>&gt; <q>does angstrom use dt's?</q></li>
<li class="message">[<a href="#T05:10:48" id="T05:10:48"><abbr title="2016-01-19T05:10:48+00:00">05:10:48</abbr></a>] &lt;<cite>zmatt</cite>&gt; <q>I have no idea, I'm not that deeply into archeology</q></li>
<li class="message">[<abbr title="2016-01-19T05:10:48+00:00">05:10:48</abbr>] &lt;<cite>yates</cite>&gt; <q>current angstrom</q></li>
<li class="message">[<a href="#T05:10:58" id="T05:10:58"><abbr title="2016-01-19T05:10:58+00:00">05:10:58</abbr></a>] &lt;<cite>yates</cite>&gt; <q>huh? :)</q></li>
<li class="message">[<a href="#T05:11:01" id="T05:11:01"><abbr title="2016-01-19T05:11:01+00:00">05:11:01</abbr></a>] &lt;<cite>zmatt</cite>&gt; <q>if they use a current kernel, then no</q></li>
<li class="message">[<a href="#T05:11:07" id="T05:11:07"><abbr title="2016-01-19T05:11:07+00:00">05:11:07</abbr></a>] &lt;<cite>zmatt</cite>&gt; <q>eh</q></li>
<li class="message">[<a href="#T05:11:09" id="T05:11:09"><abbr title="2016-01-19T05:11:09+00:00">05:11:09</abbr></a>] &lt;<cite>zmatt</cite>&gt; <q>then yes</q></li>
<li class="message">[<a href="#T05:11:35" id="T05:11:35"><abbr title="2016-01-19T05:11:35+00:00">05:11:35</abbr></a>] &lt;<cite>yates</cite>&gt; <q>are you implying angstrom is a relic? :)</q></li>
<li class="join">[<a href="#T05:13:39" id="T05:13:39"><abbr title="2016-01-19T05:13:39+00:00">05:13:39</abbr></a>] <span>* vagrantc (~vagrant@unaffiliated/vagrantc) has joined #beagle</span></li>
<li class="message">[<a href="#T05:13:56" id="T05:13:56"><abbr title="2016-01-19T05:13:56+00:00">05:13:56</abbr></a>] &lt;<cite>zmatt</cite>&gt; <q>I have no idea really, often people using angstrom on the BBB run something ancient.  non-DT is also a relic, so if the kernel is recent the answer to your question is not dependent on distro</q></li>
<li class="message">[<a href="#T05:14:16" id="T05:14:16"><abbr title="2016-01-19T05:14:16+00:00">05:14:16</abbr></a>] &lt;<cite>yates</cite>&gt; <q>i see</q></li>
<li class="join">[<a href="#T05:14:22" id="T05:14:22"><abbr title="2016-01-19T05:14:22+00:00">05:14:22</abbr></a>] <span>* Bumsik (~Thunderbi@adm-129-49-101-3.wi-fi.stonybrook.edu) has joined #beagle</span></li>
<li class="message">[<a href="#T05:14:31" id="T05:14:31"><abbr title="2016-01-19T05:14:31+00:00">05:14:31</abbr></a>] &lt;<cite>yates</cite>&gt; <q>the 1000-question interrogation ends...</q></li>
<li class="message">[<a href="#T05:14:36" id="T05:14:36"><abbr title="2016-01-19T05:14:36+00:00">05:14:36</abbr></a>] &lt;<cite>yates</cite>&gt; <q>sorry.</q></li>
<li class="message">[<a href="#T05:14:51" id="T05:14:51"><abbr title="2016-01-19T05:14:51+00:00">05:14:51</abbr></a>] &lt;<cite>zmatt</cite>&gt; <q>some people still maintain things were better in Ye Olde Days</q></li>
<li class="message">[<a href="#T05:14:58" id="T05:14:58"><abbr title="2016-01-19T05:14:58+00:00">05:14:58</abbr></a>] &lt;<cite>yates</cite>&gt; <q>verily</q></li>
<li class="message">[<a href="#T05:15:47" id="T05:15:47"><abbr title="2016-01-19T05:15:47+00:00">05:15:47</abbr></a>] &lt;<cite>yates</cite>&gt; <q>i'm wondering what, if anything, i might need to change in the dt from that provided with the rcn bbb build</q></li>
<li class="message">[<a href="#T05:15:51" id="T05:15:51"><abbr title="2016-01-19T05:15:51+00:00">05:15:51</abbr></a>] &lt;<cite>yates</cite>&gt; <q>for our board</q></li>
<li class="message">[<a href="#T05:16:37" id="T05:16:37"><abbr title="2016-01-19T05:16:37+00:00">05:16:37</abbr></a>] &lt;<cite>yates</cite>&gt; <q>can i just remove the dto's? we don't use capes.</q></li>
<li class="message">[<a href="#T05:17:07" id="T05:17:07"><abbr title="2016-01-19T05:17:07+00:00">05:17:07</abbr></a>] &lt;<cite>yates</cite>&gt; <q>we took out the hdmi framer</q></li>
<li class="message">[<a href="#T05:17:24" id="T05:17:24"><abbr title="2016-01-19T05:17:24+00:00">05:17:24</abbr></a>] &lt;<cite>yates</cite>&gt; <q>the board id eeprom</q></li>
<li class="message">[<abbr title="2016-01-19T05:17:24+00:00">05:17:24</abbr>] &lt;<cite>zmatt</cite>&gt; <q>dtbos, yes I actually never include bone_capemgr in my kernel builds (I do enable support for overlays but normally never use them)</q></li>
<li class="message">[<a href="#T05:17:44" id="T05:17:44"><abbr title="2016-01-19T05:17:44+00:00">05:17:44</abbr></a>] &lt;<cite>zmatt</cite>&gt; <q>then you should at least remove those from DT</q></li>
<li class="message">[<a href="#T05:18:13" id="T05:18:13"><abbr title="2016-01-19T05:18:13+00:00">05:18:13</abbr></a>] &lt;<cite>yates</cite>&gt; <q>does u-boot share this with the kernal somehow?</q></li>
<li class="message">[<a href="#T05:18:17" id="T05:18:17"><abbr title="2016-01-19T05:18:17+00:00">05:18:17</abbr></a>] &lt;<cite>yates</cite>&gt; <q>kernel</q></li>
<li class="message">[<a href="#T05:18:44" id="T05:18:44"><abbr title="2016-01-19T05:18:44+00:00">05:18:44</abbr></a>] &lt;<cite>yates</cite>&gt; <q>ok, thanks</q></li>
<li class="message">[<a href="#T05:19:15" id="T05:19:15"><abbr title="2016-01-19T05:19:15+00:00">05:19:15</abbr></a>] &lt;<cite>zmatt</cite>&gt; <q>u-boot loads the DTB, makes a few modifications (RAM size is the only one I can think of right now) and passes the final result to the kernel, somewhat similar to an initramfs</q></li>
<li class="message">[<a href="#T05:19:59" id="T05:19:59"><abbr title="2016-01-19T05:19:59+00:00">05:19:59</abbr></a>] &lt;<cite>zmatt</cite>&gt; <q>no idea why RAM size is special-cased in this way, I see no real reason for it</q></li>
<li class="message">[<a href="#T05:20:08" id="T05:20:08"><abbr title="2016-01-19T05:20:08+00:00">05:20:08</abbr></a>] &lt;<cite>zmatt</cite>&gt; <q>it's not like u-boot can auto-detect it</q></li>
<li class="message">[<a href="#T05:20:21" id="T05:20:21"><abbr title="2016-01-19T05:20:21+00:00">05:20:21</abbr></a>] &lt;<cite>yates</cite>&gt; <q>can't autodetect?</q></li>
<li class="message">[<a href="#T05:20:25" id="T05:20:25"><abbr title="2016-01-19T05:20:25+00:00">05:20:25</abbr></a>] &lt;<cite>zmatt</cite>&gt; <q>(well I suppose in theory it might be able so)</q></li>
<li class="message">[<a href="#T05:20:33" id="T05:20:33"><abbr title="2016-01-19T05:20:33+00:00">05:20:33</abbr></a>] &lt;<cite>zmatt</cite>&gt; <q>I doubt it does that though</q></li>
<li class="message">[<a href="#T05:20:40" id="T05:20:40"><abbr title="2016-01-19T05:20:40+00:00">05:20:40</abbr></a>] &lt;<cite>zmatt</cite>&gt; <q>but maybe I'm wrong</q></li>
<li class="message">[<a href="#T05:21:24" id="T05:21:24"><abbr title="2016-01-19T05:21:24+00:00">05:21:24</abbr></a>] &lt;<cite>yates</cite>&gt; <q>maybe it saves time</q></li>
<li class="message">[<a href="#T05:21:27" id="T05:21:27"><abbr title="2016-01-19T05:21:27+00:00">05:21:27</abbr></a>] &lt;<cite>zmatt</cite>&gt; <q>but like everything else that's soldered onto the board, there's not really any good reason to try to detect it at runtime</q></li>
<li class="message">[<a href="#T05:21:28" id="T05:21:28"><abbr title="2016-01-19T05:21:28+00:00">05:21:28</abbr></a>] &lt;<cite>yates</cite>&gt; <q>boot time</q></li>
<li class="message">[<a href="#T05:22:13" id="T05:22:13"><abbr title="2016-01-19T05:22:13+00:00">05:22:13</abbr></a>] &lt;<cite>zmatt</cite>&gt; <q>no, fixing the correct value in the DTB will always be faster (though the difference will be negligible either way)</q></li>
<li class="message">[<a href="#T05:22:19" id="T05:22:19"><abbr title="2016-01-19T05:22:19+00:00">05:22:19</abbr></a>] &lt;<cite>yates</cite>&gt; <q>btw, i noticed my dram test code runs through about 4Mb/s. does that sound really slow or is it reasonable?</q></li>
<li class="message">[<a href="#T05:22:23" id="T05:22:23"><abbr title="2016-01-19T05:22:23+00:00">05:22:23</abbr></a>] &lt;<cite>zmatt</cite>&gt; <q>not having to do fixups would also save code</q></li>
<li class="message">[<a href="#T05:22:29" id="T05:22:29"><abbr title="2016-01-19T05:22:29+00:00">05:22:29</abbr></a>] &lt;<cite>yates</cite>&gt; <q>zmatt: yeah, that's what i mean.</q></li>
<li class="message">[<a href="#T05:22:42" id="T05:22:42"><abbr title="2016-01-19T05:22:42+00:00">05:22:42</abbr></a>] &lt;<cite>yates</cite>&gt; <q>having the ram size will improve (decrease) boot time.</q></li>
<li class="message">[<a href="#T05:23:30" id="T05:23:30"><abbr title="2016-01-19T05:23:30+00:00">05:23:30</abbr></a>] &lt;<cite>yates</cite>&gt; <q>no, wait. it's more like 8 MB/s (above was a typo: meant 4 MB/s)</q></li>
<li class="message">[<a href="#T05:24:24" id="T05:24:24"><abbr title="2016-01-19T05:24:24+00:00">05:24:24</abbr></a>] &lt;<cite>yates</cite>&gt; <q>it does a write to all 512MB, then a read from all 512MB in about 2 minute</q></li>
<li class="join">[<a href="#T05:24:36" id="T05:24:36"><abbr title="2016-01-19T05:24:36+00:00">05:24:36</abbr></a>] <span>* skhreze (~debian@user-94-254-227-49.play-internet.pl) has joined #beagle</span></li>
<li class="message">[<a href="#T05:25:18" id="T05:25:18"><abbr title="2016-01-19T05:25:18+00:00">05:25:18</abbr></a>] &lt;<cite>yates</cite>&gt; <q>what is the peak data rate of a ddr3 running at 800 MHz (400 MHz PLL) anyway?</q></li>
<li class="message">[<a href="#T05:25:52" id="T05:25:52"><abbr title="2016-01-19T05:25:52+00:00">05:25:52</abbr></a>] &lt;<cite>yates</cite>&gt; <q>800M transfers/second?</q></li>
<li class="message">[<a href="#T05:25:55" id="T05:25:55"><abbr title="2016-01-19T05:25:55+00:00">05:25:55</abbr></a>] &lt;<cite>zmatt</cite>&gt; <q>theoretical peak bandwidth for DDR3-800 is 1.49 GB/s and I'd kinda expect sequential writes or reads to come within a reasonable factor thereof</q></li>
<li class="message">[<a href="#T05:26:04" id="T05:26:04"><abbr title="2016-01-19T05:26:04+00:00">05:26:04</abbr></a>] &lt;<cite>zmatt</cite>&gt; <q>especially writes</q></li>
<li class="message">[<a href="#T05:26:23" id="T05:26:23"><abbr title="2016-01-19T05:26:23+00:00">05:26:23</abbr></a>] &lt;<cite>shevek</cite>&gt; <q>zmatt: The privileged writes to the pad control I/O don't work for me; I get kernel errors. Now I'm trying to let the PRU write for me, but it doesn't seem to have any effect. Should I check my PRU program, or is it not supposed to work?</q></li>
<li class="message">[<a href="#T05:27:12" id="T05:27:12"><abbr title="2016-01-19T05:27:12+00:00">05:27:12</abbr></a>] &lt;<cite>zmatt</cite>&gt; <q>shevek: huh, that's odd</q></li>
<li class="message">[<a href="#T05:27:18" id="T05:27:18"><abbr title="2016-01-19T05:27:18+00:00">05:27:18</abbr></a>] &lt;<cite>yates</cite>&gt; <q>how would you get this srot of performance? via dma's?</q></li>
<li class="message">[<a href="#T05:27:23" id="T05:27:23"><abbr title="2016-01-19T05:27:23+00:00">05:27:23</abbr></a>] &lt;<cite>yates</cite>&gt; <q>sort</q></li>
<li class="message">[<a href="#T05:27:43" id="T05:27:43"><abbr title="2016-01-19T05:27:43+00:00">05:27:43</abbr></a>] &lt;<cite>yates</cite>&gt; <q>i noticed that's what the TI dram test gel file functions do (edma's)</q></li>
<li class="message">[<a href="#T05:27:51" id="T05:27:51"><abbr title="2016-01-19T05:27:51+00:00">05:27:51</abbr></a>] &lt;<cite>zmatt</cite>&gt; <q>yates: do you have the MMU enabled yet?</q></li>
<li class="message">[<a href="#T05:27:54" id="T05:27:54"><abbr title="2016-01-19T05:27:54+00:00">05:27:54</abbr></a>] &lt;<cite>yates</cite>&gt; <q>no</q></li>
<li class="message">[<a href="#T05:28:16" id="T05:28:16"><abbr title="2016-01-19T05:28:16+00:00">05:28:16</abbr></a>] &lt;<cite>zmatt</cite>&gt; <q>yeah but that's because doing RAM access directly from GEL would be _really_ excruciatingly slow</q></li>
<li class="message">[<a href="#T05:28:30" id="T05:28:30"><abbr title="2016-01-19T05:28:30+00:00">05:28:30</abbr></a>] &lt;<cite>shevek</cite>&gt; <q>zmatt: The errors? Yes, I had not expected them either. Especially because they're from the kernel, which I didn't touch. It was saying something about THUMB2 and dumping a lot of numbers.</q></li>
<li class="message">[<a href="#T05:29:07" id="T05:29:07"><abbr title="2016-01-19T05:29:07+00:00">05:29:07</abbr></a>] &lt;<cite>yates</cite>&gt; <q>i noticed doing a memory fill, via the normal CCS memory command, is really, REALLY slow... it would have taken hours to complete</q></li>
<li class="message">[<a href="#T05:29:53" id="T05:29:53"><abbr title="2016-01-19T05:29:53+00:00">05:29:53</abbr></a>] &lt;<cite>zmatt</cite>&gt; <q>shevek: well the kernel does report bus errors</q></li>
<li class="message">[<a href="#T05:29:58" id="T05:29:58"><abbr title="2016-01-19T05:29:58+00:00">05:29:58</abbr></a>] &lt;<cite>zmatt</cite>&gt; <q>shevek: do you have a log?</q></li>
<li class="message">[<a href="#T05:30:13" id="T05:30:13"><abbr title="2016-01-19T05:30:13+00:00">05:30:13</abbr></a>] &lt;<cite>zmatt</cite>&gt; <q>yates: last I benched it it was less than 10 KB/s</q></li>
<li class="message">[<a href="#T05:30:19" id="T05:30:19"><abbr title="2016-01-19T05:30:19+00:00">05:30:19</abbr></a>] &lt;<cite>zmatt</cite>&gt; <q>to perform a JTAG upload</q></li>
<li class="message">[<a href="#T05:30:50" id="T05:30:50"><abbr title="2016-01-19T05:30:50+00:00">05:30:50</abbr></a>] &lt;<cite>shevek</cite>&gt; <q>zmatt: No, it was this afternoon, I closed all the windows already.  And changed to code to use the PRU instead, so it's not very easy to reproduce.</q></li>
<li class="message">[<a href="#T05:31:14" id="T05:31:14"><abbr title="2016-01-19T05:31:14+00:00">05:31:14</abbr></a>] &lt;<cite>zmatt</cite>&gt; <q>shevek: PRU probably generates unprivileged accesses</q></li>
<li class="message">[<a href="#T05:31:18" id="T05:31:18"><abbr title="2016-01-19T05:31:18+00:00">05:31:18</abbr></a>] &lt;<cite>zmatt</cite>&gt; <q>control module ignores those</q></li>
<li class="message">[<a href="#T05:31:25" id="T05:31:25"><abbr title="2016-01-19T05:31:25+00:00">05:31:25</abbr></a>] &lt;<cite>shevek</cite>&gt; <q>Yes, that's what it looks like.</q></li>
<li class="message">[<a href="#T05:31:30" id="T05:31:30"><abbr title="2016-01-19T05:31:30+00:00">05:31:30</abbr></a>] &lt;<cite>zmatt</cite>&gt; <q>or well, ignores unprivileged writes</q></li>
<li class="message">[<a href="#T05:32:48" id="T05:32:48"><abbr title="2016-01-19T05:32:48+00:00">05:32:48</abbr></a>] &lt;<cite>zmatt</cite>&gt; <q>yates: even on theoretical grounds the max speed is less than 4 MB/s, or less than 2 MB/s if using an FT2232H (like most cheap jtag adapters), or less than 1 MB/s if you also don't want to exceed the max jtag clock speed stated in the datasheet</q></li>
<li class="message">[<a href="#T05:33:24" id="T05:33:24"><abbr title="2016-01-19T05:33:24+00:00">05:33:24</abbr></a>] &lt;<cite>shevek</cite>&gt; <q>zmatt: But earlier I got bus errors as well; they just happen as a signal to the process.  This was broadcast to all terminals, similar to an Oops.</q></li>
<li class="message">[<a href="#T05:33:31" id="T05:33:31"><abbr title="2016-01-19T05:33:31+00:00">05:33:31</abbr></a>] &lt;<cite>zmatt</cite>&gt; <q>shevek: odd</q></li>
<li class="message">[<a href="#T05:35:26" id="T05:35:26"><abbr title="2016-01-19T05:35:26+00:00">05:35:26</abbr></a>] &lt;<cite>shevek</cite>&gt; <q>But well, it's time for bed.  I'll think more about it tomorrow.</q></li>
<li class="message">[<a href="#T05:36:36" id="T05:36:36"><abbr title="2016-01-19T05:36:36+00:00">05:36:36</abbr></a>] &lt;<cite>zmatt</cite>&gt; <q>I'll also do a quick test to see if recent kernels broke it somehow</q></li>
<li class="quit">[<a href="#T05:46:55" id="T05:46:55"><abbr title="2016-01-19T05:46:55+00:00">05:46:55</abbr></a>] <span>* skhreze (~debian@user-94-254-227-49.play-internet.pl) Quit (Ping timeout: 240 seconds)</span></li>
<li class="quit">[<a href="#T05:48:39" id="T05:48:39"><abbr title="2016-01-19T05:48:39+00:00">05:48:39</abbr></a>] <span>* j12t (~j12t@c-50-136-206-246.hsd1.ca.comcast.net) Quit (Remote host closed the connection)</span></li>
<li class="join">[<a href="#T05:56:34" id="T05:56:34"><abbr title="2016-01-19T05:56:34+00:00">05:56:34</abbr></a>] <span>* j12t (~j12t@c-50-136-206-246.hsd1.ca.comcast.net) has joined #beagle</span></li>
<li class="quit">[<a href="#T06:01:23" id="T06:01:23"><abbr title="2016-01-19T06:01:23+00:00">06:01:23</abbr></a>] <span>* j12t (~j12t@c-50-136-206-246.hsd1.ca.comcast.net) Quit (Ping timeout: 264 seconds)</span></li>
<li class="quit">[<a href="#T06:08:41" id="T06:08:41"><abbr title="2016-01-19T06:08:41+00:00">06:08:41</abbr></a>] <span>* Bumsik (~Thunderbi@adm-129-49-101-3.wi-fi.stonybrook.edu) Quit (Quit: Bumsik)</span></li>
<li class="join">[<a href="#T06:10:24" id="T06:10:24"><abbr title="2016-01-19T06:10:24+00:00">06:10:24</abbr></a>] <span>* Bumsik (~Thunderbi@adm-129-49-101-3.wi-fi.stonybrook.edu) has joined #beagle</span></li>
<li class="quit">[<a href="#T06:11:23" id="T06:11:23"><abbr title="2016-01-19T06:11:23+00:00">06:11:23</abbr></a>] <span>* vagrantc (~vagrant@unaffiliated/vagrantc) Quit (Ping timeout: 255 seconds)</span></li>
<li class="join">[<a href="#T06:19:42" id="T06:19:42"><abbr title="2016-01-19T06:19:42+00:00">06:19:42</abbr></a>] <span>* bkearns (~bkearns@c-73-223-194-179.hsd1.ca.comcast.net) has joined #beagle</span></li>
<li class="quit">[<a href="#T06:21:27" id="T06:21:27"><abbr title="2016-01-19T06:21:27+00:00">06:21:27</abbr></a>] <span>* bizarro_1 (~bizarro_1@156.Red-83-37-33.dynamicIP.rima-tde.net) Quit (Quit: Leaving)</span></li>
<li class="join">[<a href="#T06:32:31" id="T06:32:31"><abbr title="2016-01-19T06:32:31+00:00">06:32:31</abbr></a>] <span>* BennyB_ (~heldb@host-88-217-198-167.customer.m-online.net) has joined #beagle</span></li>
<li class="quit">[<a href="#T06:35:45" id="T06:35:45"><abbr title="2016-01-19T06:35:45+00:00">06:35:45</abbr></a>] <span>* Bumsik (~Thunderbi@adm-129-49-101-3.wi-fi.stonybrook.edu) Quit (Quit: Bumsik)</span></li>
<li class="join">[<a href="#T06:37:32" id="T06:37:32"><abbr title="2016-01-19T06:37:32+00:00">06:37:32</abbr></a>] <span>* Bumsik (~Thunderbi@adm-129-49-101-3.wi-fi.stonybrook.edu) has joined #beagle</span></li>
<li class="join">[<a href="#T06:44:13" id="T06:44:13"><abbr title="2016-01-19T06:44:13+00:00">06:44:13</abbr></a>] <span>* jpirko (~jirka@ip-94-113-120-24.net.upcbroadband.cz) has joined #beagle</span></li>
<li class="join">[<a href="#T06:57:19" id="T06:57:19"><abbr title="2016-01-19T06:57:19+00:00">06:57:19</abbr></a>] <span>* j12t (~j12t@c-50-136-206-246.hsd1.ca.comcast.net) has joined #beagle</span></li>
<li class="quit">[<a href="#T07:02:29" id="T07:02:29"><abbr title="2016-01-19T07:02:29+00:00">07:02:29</abbr></a>] <span>* bkearns (~bkearns@c-73-223-194-179.hsd1.ca.comcast.net) Quit (Quit: Leaving.)</span></li>
<li class="quit">[<a href="#T07:03:04" id="T07:03:04"><abbr title="2016-01-19T07:03:04+00:00">07:03:04</abbr></a>] <span>* j12t (~j12t@c-50-136-206-246.hsd1.ca.comcast.net) Quit (Ping timeout: 245 seconds)</span></li>
<li class="quit">[<a href="#T07:03:21" id="T07:03:21"><abbr title="2016-01-19T07:03:21+00:00">07:03:21</abbr></a>] <span>* darkfader (~darkfader@ip3e8346be.speed.planet.nl) Quit (Quit: darkfader)</span></li>
<li class="join">[<a href="#T07:16:28" id="T07:16:28"><abbr title="2016-01-19T07:16:28+00:00">07:16:28</abbr></a>] <span>* ubap_ (~AndChat26@188.146.139.200.nat.umts.dynamic.t-mobile.pl) has joined #beagle</span></li>
<li class="quit">[<a href="#T07:17:09" id="T07:17:09"><abbr title="2016-01-19T07:17:09+00:00">07:17:09</abbr></a>] <span>* BennyB_ (~heldb@host-88-217-198-167.customer.m-online.net) Quit (Remote host closed the connection)</span></li>
<li class="join">[<a href="#T07:19:29" id="T07:19:29"><abbr title="2016-01-19T07:19:29+00:00">07:19:29</abbr></a>] <span>* c10ud^ (~c10ud@emesene/dictator/c10ud) has joined #beagle</span></li>
<li class="join">[<a href="#T07:22:04" id="T07:22:04"><abbr title="2016-01-19T07:22:04+00:00">07:22:04</abbr></a>] <span>* NulL` (~bleh1@46.226.185.82) has joined #beagle</span></li>
<li class="join">[<a href="#T07:24:00" id="T07:24:00"><abbr title="2016-01-19T07:24:00+00:00">07:24:00</abbr></a>] <span>* BennyB_ (~heldb@host-88-217-198-167.customer.m-online.net) has joined #beagle</span></li>
<li class="message">[<a href="#T07:39:22" id="T07:39:22"><abbr title="2016-01-19T07:39:22+00:00">07:39:22</abbr></a>] &lt;<cite>ds2</cite>&gt; <q>PCB layouts for the beagle are easy to change :D</q></li>
<li class="join">[<a href="#T07:42:36" id="T07:42:36"><abbr title="2016-01-19T07:42:36+00:00">07:42:36</abbr></a>] <span>* lyakh (~lyakh@xdsl-81-173-136-213.netcologne.de) has joined #beagle</span></li>
<li class="join">[<a href="#T07:45:37" id="T07:45:37"><abbr title="2016-01-19T07:45:37+00:00">07:45:37</abbr></a>] <span>* rob_w (~bob@unaffiliated/rob-w/x-1112029) has joined #beagle</span></li>
<li class="join">[<a href="#T07:59:22" id="T07:59:22"><abbr title="2016-01-19T07:59:22+00:00">07:59:22</abbr></a>] <span>* j12t (~j12t@c-50-136-206-246.hsd1.ca.comcast.net) has joined #beagle</span></li>
<li class="quit">[<a href="#T08:04:03" id="T08:04:03"><abbr title="2016-01-19T08:04:03+00:00">08:04:03</abbr></a>] <span>* j12t (~j12t@c-50-136-206-246.hsd1.ca.comcast.net) Quit (Ping timeout: 260 seconds)</span></li>
<li class="join">[<a href="#T08:04:34" id="T08:04:34"><abbr title="2016-01-19T08:04:34+00:00">08:04:34</abbr></a>] <span>* TheoMurpse (~TheoMurps@cpe-72-191-48-158.satx.res.rr.com) has joined #beaglebone</span></li>
<li class="quit">[<a href="#T08:08:15" id="T08:08:15"><abbr title="2016-01-19T08:08:15+00:00">08:08:15</abbr></a>] <span>* Guest93566 (7ca89a44@gateway/web/freenode/ip.124.168.154.68) Quit (Quit: Page closed)</span></li>
<li class="join">[<a href="#T08:16:27" id="T08:16:27"><abbr title="2016-01-19T08:16:27+00:00">08:16:27</abbr></a>] <span>* florian (~fuchs@Maemo/community/contributor/florian) has joined #beagle</span></li>
<li class="join">[<a href="#T08:24:33" id="T08:24:33"><abbr title="2016-01-19T08:24:33+00:00">08:24:33</abbr></a>] <span>* bearsh|work (~quassel@252.212.107.92.dynamic.wline.res.cust.swisscom.ch) has joined #beagle</span></li>
<li class="quit">[<a href="#T08:25:28" id="T08:25:28"><abbr title="2016-01-19T08:25:28+00:00">08:25:28</abbr></a>] <span>* NulL` (~bleh1@46.226.185.82) Quit (Ping timeout: 272 seconds)</span></li>
<li class="join">[<a href="#T08:40:50" id="T08:40:50"><abbr title="2016-01-19T08:40:50+00:00">08:40:50</abbr></a>] <span>* tomeff (~tomeff@ip-89-176-75-234.net.upcbroadband.cz) has joined #beagle</span></li>
<li class="join">[<a href="#T08:40:51" id="T08:40:51"><abbr title="2016-01-19T08:40:51+00:00">08:40:51</abbr></a>] <span>* tomeff (~tomeff@ip-89-176-75-234.net.upcbroadband.cz) has joined #beagleboard</span></li>
<li class="join">[<abbr title="2016-01-19T08:40:51+00:00">08:40:51</abbr>] <span>* tomeff (~tomeff@ip-89-176-75-234.net.upcbroadband.cz) has joined #beaglebone</span></li>
<li class="join">[<a href="#T08:52:50" id="T08:52:50"><abbr title="2016-01-19T08:52:50+00:00">08:52:50</abbr></a>] <span>* ppisati (~ppisati@2-230-238-136.ip204.fastwebnet.it) has joined #beagle</span></li>
<li class="join">[<a href="#T09:00:26" id="T09:00:26"><abbr title="2016-01-19T09:00:26+00:00">09:00:26</abbr></a>] <span>* j12t (~j12t@c-50-136-206-246.hsd1.ca.comcast.net) has joined #beagle</span></li>
<li class="quit">[<a href="#T09:05:05" id="T09:05:05"><abbr title="2016-01-19T09:05:05+00:00">09:05:05</abbr></a>] <span>* j12t (~j12t@c-50-136-206-246.hsd1.ca.comcast.net) Quit (Ping timeout: 260 seconds)</span></li>
<li class="quit">[<a href="#T09:25:12" id="T09:25:12"><abbr title="2016-01-19T09:25:12+00:00">09:25:12</abbr></a>] <span>* BennyB_ (~heldb@host-88-217-198-167.customer.m-online.net) Quit (Remote host closed the connection)</span></li>
<li class="join">[<a href="#T09:26:03" id="T09:26:03"><abbr title="2016-01-19T09:26:03+00:00">09:26:03</abbr></a>] <span>* Akex_ (uid58281@gateway/web/irccloud.com/x-hgvuymhydawcxiim) has joined #beagle</span></li>
<li class="quit">[<a href="#T09:26:28" id="T09:26:28"><abbr title="2016-01-19T09:26:28+00:00">09:26:28</abbr></a>] <span>* SpeedEvil (~quassel@tor/regular/SpeedEvil) Quit (Ping timeout: 248 seconds)</span></li>
<li class="quit">[<a href="#T09:34:23" id="T09:34:23"><abbr title="2016-01-19T09:34:23+00:00">09:34:23</abbr></a>] <span>* TheoMurpse (~TheoMurps@cpe-72-191-48-158.satx.res.rr.com) Quit (Quit: Leaving)</span></li>
<li class="join">[<a href="#T09:35:50" id="T09:35:50"><abbr title="2016-01-19T09:35:50+00:00">09:35:50</abbr></a>] <span>* BennyB_ (~heldb@host-88-217-198-167.customer.m-online.net) has joined #beagle</span></li>
<li class="quit">[<a href="#T09:45:47" id="T09:45:47"><abbr title="2016-01-19T09:45:47+00:00">09:45:47</abbr></a>] <span>* BennyB_ (~heldb@host-88-217-198-167.customer.m-online.net) Quit (Remote host closed the connection)</span></li>
<li class="join">[<a href="#T09:49:59" id="T09:49:59"><abbr title="2016-01-19T09:49:59+00:00">09:49:59</abbr></a>] <span>* SpeedEvil (~quassel@tor/regular/SpeedEvil) has joined #beagle</span></li>
<li class="join">[<a href="#T09:51:21" id="T09:51:21"><abbr title="2016-01-19T09:51:21+00:00">09:51:21</abbr></a>] <span>* BennyB_ (~heldb@host-88-217-198-167.customer.m-online.net) has joined #beagle</span></li>
<li class="quit">[<a href="#T09:55:17" id="T09:55:17"><abbr title="2016-01-19T09:55:17+00:00">09:55:17</abbr></a>] <span>* magra (~manisha@192.91.75.30) Quit (Remote host closed the connection)</span></li>
<li class="join">[<a href="#T09:55:40" id="T09:55:40"><abbr title="2016-01-19T09:55:40+00:00">09:55:40</abbr></a>] <span>* magra (manisha@nat/ti/x-zuajbsoeazalytmy) has joined #beagle</span></li>
<li class="join">[<a href="#T09:58:47" id="T09:58:47"><abbr title="2016-01-19T09:58:47+00:00">09:58:47</abbr></a>] <span>* thurgood_ (~thurgood@65-36-122-62.dyn.grandenetworks.net) has joined #beagle</span></li>
<li class="join">[<a href="#T10:01:13" id="T10:01:13"><abbr title="2016-01-19T10:01:13+00:00">10:01:13</abbr></a>] <span>* j12t (~j12t@c-50-136-206-246.hsd1.ca.comcast.net) has joined #beagle</span></li>
<li class="quit">[<a href="#T10:05:48" id="T10:05:48"><abbr title="2016-01-19T10:05:48+00:00">10:05:48</abbr></a>] <span>* j12t (~j12t@c-50-136-206-246.hsd1.ca.comcast.net) Quit (Ping timeout: 265 seconds)</span></li>
<li class="join">[<a href="#T10:06:19" id="T10:06:19"><abbr title="2016-01-19T10:06:19+00:00">10:06:19</abbr></a>] <span>* manuel_ (~manuel@ip5f5b2220.dynamic.kabel-deutschland.de) has joined #beagle</span></li>
<li class="quit">[<a href="#T10:13:11" id="T10:13:11"><abbr title="2016-01-19T10:13:11+00:00">10:13:11</abbr></a>] <span>* tai271828 (~tai271828@175.41.48.77) Quit (Quit: Leaving)</span></li>
<li class="join">[<a href="#T10:22:36" id="T10:22:36"><abbr title="2016-01-19T10:22:36+00:00">10:22:36</abbr></a>] <span>* snowSTAFF (c33cf752@gateway/web/freenode/ip.195.60.247.82) has joined #beagle</span></li>
<li class="message">[<a href="#T10:24:13" id="T10:24:13"><abbr title="2016-01-19T10:24:13+00:00">10:24:13</abbr></a>] &lt;<cite>zmatt</cite>&gt; <q>yates: edma should have an easy time flooding EMIF, though it always needs a source and a destination hence to perform sustained sequential writes (or sustained sequential reads) you'd need another L3 target to serve as source (resp destination).  OCMC RAM would be an obvious choice</q></li>
<li class="quit">[<a href="#T10:24:26" id="T10:24:26"><abbr title="2016-01-19T10:24:26+00:00">10:24:26</abbr></a>] <span>* Shadyman (~matthew@unaffiliated/shadyman) Quit (Quit: Leaving.)</span></li>
<li class="message">[<a href="#T10:26:29" id="T10:26:29"><abbr title="2016-01-19T10:26:29+00:00">10:26:29</abbr></a>] &lt;<cite>zmatt</cite>&gt; <q>yates: I'd expect the cortex-a8 can also sustain writes provided the memory type is normal, reads may be trickier though enabling L2 cache and using Neon or the PLE ought to work I think</q></li>
<li class="join">[<a href="#T10:27:59" id="T10:27:59"><abbr title="2016-01-19T10:27:59+00:00">10:27:59</abbr></a>] <span>* stamina (~stamina@177-211-128-083.dynamic.caiway.nl) has joined #beaglebone</span></li>
<li class="join">[<a href="#T10:38:43" id="T10:38:43"><abbr title="2016-01-19T10:38:43+00:00">10:38:43</abbr></a>] <span>* berton (~fabio@177.127.4.194) has joined #beagle</span></li>
<li class="quit">[<a href="#T10:45:42" id="T10:45:42"><abbr title="2016-01-19T10:45:42+00:00">10:45:42</abbr></a>] <span>* Ceriand|desktop (~Ceriand@unaffiliated/ceriand) Quit (Quit: Leaving.)</span></li>
<li class="quit">[<a href="#T10:56:35" id="T10:56:35"><abbr title="2016-01-19T10:56:35+00:00">10:56:35</abbr></a>] <span>* ubap_ (~AndChat26@188.146.139.200.nat.umts.dynamic.t-mobile.pl) Quit (Ping timeout: 264 seconds)</span></li>
<li class="join">[<a href="#T11:01:36" id="T11:01:36"><abbr title="2016-01-19T11:01:36+00:00">11:01:36</abbr></a>] <span>* j12t (~j12t@c-50-136-206-246.hsd1.ca.comcast.net) has joined #beagle</span></li>
<li class="quit">[<a href="#T11:05:11" id="T11:05:11"><abbr title="2016-01-19T11:05:11+00:00">11:05:11</abbr></a>] <span>* thurgood_ (~thurgood@65-36-122-62.dyn.grandenetworks.net) Quit (Remote host closed the connection)</span></li>
<li class="join">[<a href="#T11:05:50" id="T11:05:50"><abbr title="2016-01-19T11:05:50+00:00">11:05:50</abbr></a>] <span>* darkfader (~darkfader@ip3e8346be.speed.planet.nl) has joined #beagle</span></li>
<li class="quit">[<a href="#T11:05:58" id="T11:05:58"><abbr title="2016-01-19T11:05:58+00:00">11:05:58</abbr></a>] <span>* baoboa (~baoboa@gw-ics.u-strasbg.fr) Quit (Remote host closed the connection)</span></li>
<li class="quit">[<a href="#T11:06:42" id="T11:06:42"><abbr title="2016-01-19T11:06:42+00:00">11:06:42</abbr></a>] <span>* j12t (~j12t@c-50-136-206-246.hsd1.ca.comcast.net) Quit (Ping timeout: 265 seconds)</span></li>
<li class="quit">[<a href="#T11:12:38" id="T11:12:38"><abbr title="2016-01-19T11:12:38+00:00">11:12:38</abbr></a>] <span>* BennyB_ (~heldb@host-88-217-198-167.customer.m-online.net) Quit (Remote host closed the connection)</span></li>
<li class="quit">[<a href="#T11:15:12" id="T11:15:12"><abbr title="2016-01-19T11:15:12+00:00">11:15:12</abbr></a>] <span>* nyo_ (~nyo@host210-131-dynamic.61-82-r.retail.telecomitalia.it) Quit (Ping timeout: 272 seconds)</span></li>
<li class="join">[<a href="#T11:23:57" id="T11:23:57"><abbr title="2016-01-19T11:23:57+00:00">11:23:57</abbr></a>] <span>* dwery (~dwery@nslu2-linux/dwery) has joined #beagle</span></li>
<li class="join">[<a href="#T11:25:17" id="T11:25:17"><abbr title="2016-01-19T11:25:17+00:00">11:25:17</abbr></a>] <span>* nyo_ (~nyo@host24-186-dynamic.35-79-r.retail.telecomitalia.it) has joined #beagle</span></li>
<li class="quit">[<a href="#T11:27:28" id="T11:27:28"><abbr title="2016-01-19T11:27:28+00:00">11:27:28</abbr></a>] <span>* manuel_ (~manuel@ip5f5b2220.dynamic.kabel-deutschland.de) Quit (Quit: manuel_)</span></li>
<li class="join">[<a href="#T12:02:22" id="T12:02:22"><abbr title="2016-01-19T12:02:22+00:00">12:02:22</abbr></a>] <span>* BennyB_ (~heldb@host-88-217-198-167.customer.m-online.net) has joined #beagle</span></li>
<li class="join">[<a href="#T12:02:25" id="T12:02:25"><abbr title="2016-01-19T12:02:25+00:00">12:02:25</abbr></a>] <span>* j12t (~j12t@c-50-136-206-246.hsd1.ca.comcast.net) has joined #beagle</span></li>
<li class="quit">[<a href="#T12:06:46" id="T12:06:46"><abbr title="2016-01-19T12:06:46+00:00">12:06:46</abbr></a>] <span>* j12t (~j12t@c-50-136-206-246.hsd1.ca.comcast.net) Quit (Ping timeout: 240 seconds)</span></li>
<li class="join">[<a href="#T12:26:39" id="T12:26:39"><abbr title="2016-01-19T12:26:39+00:00">12:26:39</abbr></a>] <span>* thurgood_ (~thurgood@67-198-113-218.static.grandenetworks.net) has joined #beagle</span></li>
<li class="quit">[<a href="#T12:33:59" id="T12:33:59"><abbr title="2016-01-19T12:33:59+00:00">12:33:59</abbr></a>] <span>* BennyB_ (~heldb@host-88-217-198-167.customer.m-online.net) Quit (Remote host closed the connection)</span></li>
<li class="join">[<a href="#T12:34:17" id="T12:34:17"><abbr title="2016-01-19T12:34:17+00:00">12:34:17</abbr></a>] <span>* BennyB_ (~heldb@host-88-217-198-167.customer.m-online.net) has joined #beagle</span></li>
<li class="quit">[<a href="#T12:35:38" id="T12:35:38"><abbr title="2016-01-19T12:35:38+00:00">12:35:38</abbr></a>] <span>* VirG (~VirGin@c-73-25-235-187.hsd1.or.comcast.net) Quit (Ping timeout: 250 seconds)</span></li>
<li class="message">[<a href="#T12:58:21" id="T12:58:21"><abbr title="2016-01-19T12:58:21+00:00">12:58:21</abbr></a>] &lt;<cite>yates</cite>&gt; <q>zmatt: where did you get the 1.49GB/s figure?</q></li>
<li class="message">[<a href="#T13:00:25" id="T13:00:25"><abbr title="2016-01-19T13:00:25+00:00">13:00:25</abbr></a>] &lt;<cite>yates</cite>&gt; <q>also, if you're in a loop that requires, say, 20 cycles per loop, how would you get close to this with sequential r/w's at 960 MHz? 960/20 = 48 MB/s.</q></li>
<li class="message">[<a href="#T13:00:57" id="T13:00:57"><abbr title="2016-01-19T13:00:57+00:00">13:00:57</abbr></a>] &lt;<cite>zmatt</cite>&gt; <q>800e6 * 2 B / 1024^3</q></li>
<li class="message">[<a href="#T13:01:43" id="T13:01:43"><abbr title="2016-01-19T13:01:43+00:00">13:01:43</abbr></a>] &lt;<cite>zmatt</cite>&gt; <q>of course for sequential access some time is lost due to row switching</q></li>
<li class="message">[<a href="#T13:02:28" id="T13:02:28"><abbr title="2016-01-19T13:02:28+00:00">13:02:28</abbr></a>] &lt;<cite>yates</cite>&gt; <q>where did 1024^3 come from?</q></li>
<li class="message">[<a href="#T13:02:33" id="T13:02:33"><abbr title="2016-01-19T13:02:33+00:00">13:02:33</abbr></a>] &lt;<cite>zmatt</cite>&gt; <q>converting from bytes to GB</q></li>
<li class="quit">[<a href="#T13:02:58" id="T13:02:58"><abbr title="2016-01-19T13:02:58+00:00">13:02:58</abbr></a>] <span>* snowSTAFF (c33cf752@gateway/web/freenode/ip.195.60.247.82) Quit (Ping timeout: 252 seconds)</span></li>
<li class="message">[<a href="#T13:03:02" id="T13:03:02"><abbr title="2016-01-19T13:03:02+00:00">13:03:02</abbr></a>] &lt;<cite>yates</cite>&gt; <q>i see</q></li>
<li class="message">[<a href="#T13:03:10" id="T13:03:10"><abbr title="2016-01-19T13:03:10+00:00">13:03:10</abbr></a>] &lt;<cite>yates</cite>&gt; <q>makes sense.</q></li>
<li class="message">[<a href="#T13:03:20" id="T13:03:20"><abbr title="2016-01-19T13:03:20+00:00">13:03:20</abbr></a>] &lt;<cite>zmatt</cite>&gt; <q>and the cortex-a8 can haul 16 bytes per cycle afaik</q></li>
<li class="join">[<a href="#T13:03:25" id="T13:03:25"><abbr title="2016-01-19T13:03:25+00:00">13:03:25</abbr></a>] <span>* j12t (~j12t@c-50-136-206-246.hsd1.ca.comcast.net) has joined #beagle</span></li>
<li class="message">[<a href="#T13:03:41" id="T13:03:41"><abbr title="2016-01-19T13:03:41+00:00">13:03:41</abbr></a>] &lt;<cite>yates</cite>&gt; <q>so we'd be up to 96 MB/s in that loop.</q></li>
<li class="message">[<a href="#T13:03:50" id="T13:03:50"><abbr title="2016-01-19T13:03:50+00:00">13:03:50</abbr></a>] &lt;<cite>yates</cite>&gt; <q>no,wait.</q></li>
<li class="message">[<a href="#T13:03:55" id="T13:03:55"><abbr title="2016-01-19T13:03:55+00:00">13:03:55</abbr></a>] &lt;<cite>yates</cite>&gt; <q>16 BYTES...</q></li>
<li class="message">[<a href="#T13:04:02" id="T13:04:02"><abbr title="2016-01-19T13:04:02+00:00">13:04:02</abbr></a>] &lt;<cite>zmatt</cite>&gt; <q>also, why is that loop taking so many cycles?</q></li>
<li class="message">[<a href="#T13:04:21" id="T13:04:21"><abbr title="2016-01-19T13:04:21+00:00">13:04:21</abbr></a>] &lt;<cite>yates</cite>&gt; <q>let's not go there right now.</q></li>
<li class="message">[<a href="#T13:04:37" id="T13:04:37"><abbr title="2016-01-19T13:04:37+00:00">13:04:37</abbr></a>] &lt;<cite>yates</cite>&gt; <q>how would you get 16 bytes per transfer just using register reads/writes?</q></li>
<li class="message">[<a href="#T13:04:43" id="T13:04:43"><abbr title="2016-01-19T13:04:43+00:00">13:04:43</abbr></a>] &lt;<cite>zmatt</cite>&gt; <q>neon</q></li>
<li class="message">[<a href="#T13:05:16" id="T13:05:16"><abbr title="2016-01-19T13:05:16+00:00">13:05:16</abbr></a>] &lt;<cite>zmatt</cite>&gt; <q>the integer unit can only transfer 8 bytes per cycle</q></li>
<li class="message">[<a href="#T13:05:38" id="T13:05:38"><abbr title="2016-01-19T13:05:38+00:00">13:05:38</abbr></a>] &lt;<cite>zmatt</cite>&gt; <q>though not sustained</q></li>
<li class="message">[<a href="#T13:06:58" id="T13:06:58"><abbr title="2016-01-19T13:06:58+00:00">13:06:58</abbr></a>] &lt;<cite>zmatt</cite>&gt; <q>however if you just want to stress RAM you can play foul by enabling L2 cache and performing the RAM test with a stride between each access that causes each one to touch a different cache line</q></li>
<li class="message">[<a href="#T13:07:03" id="T13:07:03"><abbr title="2016-01-19T13:07:03+00:00">13:07:03</abbr></a>] &lt;<cite>yates</cite>&gt; <q>8 bytes using, e.g., ldrd?</q></li>
<li class="message">[<a href="#T13:07:56" id="T13:07:56"><abbr title="2016-01-19T13:07:56+00:00">13:07:56</abbr></a>] &lt;<cite>zmatt</cite>&gt; <q>I'm not sure about ldrd, ldm/stm however does use it for all but the first one or two transfers</q></li>
<li class="quit">[<a href="#T13:08:34" id="T13:08:34"><abbr title="2016-01-19T13:08:34+00:00">13:08:34</abbr></a>] <span>* j12t (~j12t@c-50-136-206-246.hsd1.ca.comcast.net) Quit (Ping timeout: 272 seconds)</span></li>
<li class="message">[<a href="#T13:09:24" id="T13:09:24"><abbr title="2016-01-19T13:09:24+00:00">13:09:24</abbr></a>] &lt;<cite>zmatt</cite>&gt; <q>(due to static scheduling the cpu assumes the address is misaligned)</q></li>
<li class="message">[<a href="#T13:10:09" id="T13:10:09"><abbr title="2016-01-19T13:10:09+00:00">13:10:09</abbr></a>] &lt;<cite>yates</cite>&gt; <q>are the neon instructions part of main cpu? or is neon a coprocessor of some sort? i.e., can i just put neon instructions along with thumb/arm and get a speedup?</q></li>
<li class="message">[<a href="#T13:10:13" id="T13:10:13"><abbr title="2016-01-19T13:10:13+00:00">13:10:13</abbr></a>] &lt;<cite>zmatt</cite>&gt; <q>when using the cacheline trick however I'd just use ldr/str</q></li>
<li class="message">[<a href="#T13:11:42" id="T13:11:42"><abbr title="2016-01-19T13:11:42+00:00">13:11:42</abbr></a>] &lt;<cite>zmatt</cite>&gt; <q>neon code can be freely intermixed with arm/thumb code, it executes on a coprocessor hence requires register transfers if you want to do your computation in the integer unit</q></li>
<li class="message">[<a href="#T13:12:15" id="T13:12:15"><abbr title="2016-01-19T13:12:15+00:00">13:12:15</abbr></a>] &lt;<cite>zmatt</cite>&gt; <q>transferring from arm regs to neon regs is nearly free, the opposite direction incurs the worst pipeline bubble the cortex-a8 has</q></li>
<li class="message">[<a href="#T13:14:06" id="T13:14:06"><abbr title="2016-01-19T13:14:06+00:00">13:14:06</abbr></a>] &lt;<cite>zmatt</cite>&gt; <q>for more insight into cortex-a8 performance I suggest this paper -&gt; <a href="https://web.archive.org/web/20150101062932/http://www.arm.com/files/pdf/A8_Paper.pdf">https://web.archive.org/web/20150101062932/http://www.arm.com/files/pdf/A8_Paper.pdf</a></q></li>
<li class="join">[<a href="#T13:16:17" id="T13:16:17"><abbr title="2016-01-19T13:16:17+00:00">13:16:17</abbr></a>] <span>* bostondriver (~mcambria@68.128.155.223) has joined #beagle</span></li>
<li class="message">[<a href="#T13:16:39" id="T13:16:39"><abbr title="2016-01-19T13:16:39+00:00">13:16:39</abbr></a>] &lt;<cite>yates</cite>&gt; <q>is neon on the am3352?</q></li>
<li class="message">[<a href="#T13:16:50" id="T13:16:50"><abbr title="2016-01-19T13:16:50+00:00">13:16:50</abbr></a>] &lt;<cite>yates</cite>&gt; <q>(we're not using the am3358/9)</q></li>
<li class="message">[<a href="#T13:17:15" id="T13:17:15"><abbr title="2016-01-19T13:17:15+00:00">13:17:15</abbr></a>] &lt;<cite>zmatt</cite>&gt; <q>afaik the cortex-a8 subsystem is the same on all am335x versions</q></li>
<li class="message">[<a href="#T13:18:28" id="T13:18:28"><abbr title="2016-01-19T13:18:28+00:00">13:18:28</abbr></a>] &lt;<cite>zmatt</cite>&gt; <q>you can check the datasheet to be sure of course</q></li>
<li class="quit">[<a href="#T13:19:52" id="T13:19:52"><abbr title="2016-01-19T13:19:52+00:00">13:19:52</abbr></a>] <span>* BennyB_ (~heldb@host-88-217-198-167.customer.m-online.net) Quit (Remote host closed the connection)</span></li>
<li class="message">[<a href="#T13:23:18" id="T13:23:18"><abbr title="2016-01-19T13:23:18+00:00">13:23:18</abbr></a>] &lt;<cite>yates</cite>&gt; <q>so you're saying you should be able to get 960M/20 transfers/s * 16 B/transfer = 768 MB/s just using assembly with the mmu/cache off?</q></li>
<li class="message">[<a href="#T13:23:39" id="T13:23:39"><abbr title="2016-01-19T13:23:39+00:00">13:23:39</abbr></a>] &lt;<cite>yates</cite>&gt; <q>(not using neon)</q></li>
<li class="message">[<a href="#T13:23:47" id="T13:23:47"><abbr title="2016-01-19T13:23:47+00:00">13:23:47</abbr></a>] &lt;<cite>zmatt</cite>&gt; <q>no</q></li>
<li class="message">[<a href="#T13:24:09" id="T13:24:09"><abbr title="2016-01-19T13:24:09+00:00">13:24:09</abbr></a>] &lt;<cite>zmatt</cite>&gt; <q>you will not get any sort of performance with mmu off, with or without neon</q></li>
<li class="message">[<a href="#T13:26:18" id="T13:26:18"><abbr title="2016-01-19T13:26:18+00:00">13:26:18</abbr></a>] &lt;<cite>yates</cite>&gt; <q>does that have to do with the procesing treating SRAM as "strongly ordered" type with mmu off?</q></li>
<li class="message">[<a href="#T13:26:25" id="T13:26:25"><abbr title="2016-01-19T13:26:25+00:00">13:26:25</abbr></a>] &lt;<cite>yates</cite>&gt; <q>processor</q></li>
<li class="message">[<a href="#T13:26:44" id="T13:26:44"><abbr title="2016-01-19T13:26:44+00:00">13:26:44</abbr></a>] &lt;<cite>zmatt</cite>&gt; <q>treating all data access as strongly-ordered, yes</q></li>
<li class="message">[<a href="#T13:26:58" id="T13:26:58"><abbr title="2016-01-19T13:26:58+00:00">13:26:58</abbr></a>] &lt;<cite>yates</cite>&gt; <q>you mean SRAM and DRAM?</q></li>
<li class="message">[<a href="#T13:27:12" id="T13:27:12"><abbr title="2016-01-19T13:27:12+00:00">13:27:12</abbr></a>] &lt;<cite>zmatt</cite>&gt; <q>the cpu can't tell the difference</q></li>
<li class="message">[<a href="#T13:29:22" id="T13:29:22"><abbr title="2016-01-19T13:29:22+00:00">13:29:22</abbr></a>] &lt;<cite>zmatt</cite>&gt; <q>sram, dram, peripherals... to the cpu it's just one big 4 GB address space</q></li>
<li class="join">[<a href="#T13:30:03" id="T13:30:03"><abbr title="2016-01-19T13:30:03+00:00">13:30:03</abbr></a>] <span>* wgrant_ (~wgrant@ubuntu/member/wgrant) has joined #beagle</span></li>
<li class="quit">[<a href="#T13:30:26" id="T13:30:26"><abbr title="2016-01-19T13:30:26+00:00">13:30:26</abbr></a>] <span>* wgrant (~wgrant@ubuntu/member/wgrant) Quit (Ping timeout: 240 seconds)</span></li>
<li class="join">[<a href="#T13:31:59" id="T13:31:59"><abbr title="2016-01-19T13:31:59+00:00">13:31:59</abbr></a>] <span>* BennyB_ (~heldb@host-88-217-198-167.customer.m-online.net) has joined #beagle</span></li>
<li class="message">[<a href="#T13:32:13" id="T13:32:13"><abbr title="2016-01-19T13:32:13+00:00">13:32:13</abbr></a>] &lt;<cite>yates</cite>&gt; <q>do you suggest i read about these concepts (e.g., strongly ordered) in the a8 trm chapter 3, "System Control Processor"? or is there a better source?</q></li>
<li class="message">[<a href="#T13:32:28" id="T13:32:28"><abbr title="2016-01-19T13:32:28+00:00">13:32:28</abbr></a>] &lt;<cite>yates</cite>&gt; <q>or better place</q></li>
<li class="message">[<a href="#T13:33:34" id="T13:33:34"><abbr title="2016-01-19T13:33:34+00:00">13:33:34</abbr></a>] &lt;<cite>yates</cite>&gt; <q>let me re-ask this question: so you're saying you should be able to get 960M/20 transfers/s * 16 B/transfer = 768 MB/s just using assembly with the mmu/cache ON?</q></li>
<li class="message">[<a href="#T13:37:49" id="T13:37:49"><abbr title="2016-01-19T13:37:49+00:00">13:37:49</abbr></a>] &lt;<cite>zmatt</cite>&gt; <q>if you write 16 bytes per 20 cycles then yes (with or without cache), though I don't see why you're assuming those particular numbers.  reading is a bit more complicated due to potential for cpu stalls</q></li>
<li class="message">[<a href="#T13:40:44" id="T13:40:44"><abbr title="2016-01-19T13:40:44+00:00">13:40:44</abbr></a>] &lt;<cite>zmatt</cite>&gt; <q>reading 16 bytes per iteration sequentially with cache enabled would cause the cpu to stall on a linefill once per 4 iterations, though you may be able to prevent it using the preload instructon (PLD)</q></li>
<li class="message">[<a href="#T13:42:13" id="T13:42:13"><abbr title="2016-01-19T13:42:13+00:00">13:42:13</abbr></a>] &lt;<cite>zmatt</cite>&gt; <q>the authoritive source for info about memory types is the chapter "Memory types and attributes and the memory order model" in the ARM architecture reference manual</q></li>
<li class="message">[<a href="#T13:44:29" id="T13:44:29"><abbr title="2016-01-19T13:44:29+00:00">13:44:29</abbr></a>] &lt;<cite>zmatt</cite>&gt; <q>I wouldn't spend too much time reading about the memory order model though, but understanding the restrictions imposed on the cpu by Device and Strongly-ordered memory types is useful</q></li>
<li class="message">[<a href="#T13:45:24" id="T13:45:24"><abbr title="2016-01-19T13:45:24+00:00">13:45:24</abbr></a>] &lt;<cite>zmatt</cite>&gt; <q>(you can skip all yada about coherency or shareability, it's not important for the cortex-a8)</q></li>
<li class="quit">[<a href="#T13:47:27" id="T13:47:27"><abbr title="2016-01-19T13:47:27+00:00">13:47:27</abbr></a>] <span>* Akex_ (uid58281@gateway/web/irccloud.com/x-hgvuymhydawcxiim) Quit (Quit: Connection closed for inactivity)</span></li>
<li class="join">[<a href="#T13:52:56" id="T13:52:56"><abbr title="2016-01-19T13:52:56+00:00">13:52:56</abbr></a>] <span>* manuel__ (~manuel@x5ce1336b.dyn.telefonica.de) has joined #beagle</span></li>
<li class="join">[<a href="#T13:59:55" id="T13:59:55"><abbr title="2016-01-19T13:59:55+00:00">13:59:55</abbr></a>] <span>* Akex_ (uid58281@gateway/web/irccloud.com/x-tfjgmdcwdfrlrhad) has joined #beagle</span></li>
<li class="quit">[<a href="#T14:01:03" id="T14:01:03"><abbr title="2016-01-19T14:01:03+00:00">14:01:03</abbr></a>] <span>* manuel__ (~manuel@x5ce1336b.dyn.telefonica.de) Quit (Quit: manuel__)</span></li>
<li class="join">[<a href="#T14:03:54" id="T14:03:54"><abbr title="2016-01-19T14:03:54+00:00">14:03:54</abbr></a>] <span>* j12t (~j12t@c-50-136-206-246.hsd1.ca.comcast.net) has joined #beagle</span></li>
<li class="join">[<a href="#T14:04:40" id="T14:04:40"><abbr title="2016-01-19T14:04:40+00:00">14:04:40</abbr></a>] <span>* luan_ (uid114221@gateway/web/irccloud.com/x-rsdeayssahrkzyda) has joined #beagle</span></li>
<li class="join">[<a href="#T14:07:06" id="T14:07:06"><abbr title="2016-01-19T14:07:06+00:00">14:07:06</abbr></a>] <span>* webdaford (~daford@ool-457262aa.dyn.optonline.net) has joined #beagle</span></li>
<li class="quit">[<a href="#T14:07:12" id="T14:07:12"><abbr title="2016-01-19T14:07:12+00:00">14:07:12</abbr></a>] <span>* webdaford (~daford@ool-457262aa.dyn.optonline.net) Quit (Client Quit)</span></li>
<li class="join">[<a href="#T14:07:30" id="T14:07:30"><abbr title="2016-01-19T14:07:30+00:00">14:07:30</abbr></a>] <span>* H-H-H1 (~H-H-H1@host-92-4-123-242.as43234.net) has joined #beagle</span></li>
<li class="quit">[<a href="#T14:08:06" id="T14:08:06"><abbr title="2016-01-19T14:08:06+00:00">14:08:06</abbr></a>] <span>* j12t (~j12t@c-50-136-206-246.hsd1.ca.comcast.net) Quit (Ping timeout: 240 seconds)</span></li>
<li class="join">[<a href="#T14:15:03" id="T14:15:03"><abbr title="2016-01-19T14:15:03+00:00">14:15:03</abbr></a>] <span>* nerienna (~nerienna@p5491F402.dip0.t-ipconnect.de) has joined #beagle</span></li>
<li class="join">[<a href="#T14:19:50" id="T14:19:50"><abbr title="2016-01-19T14:19:50+00:00">14:19:50</abbr></a>] <span>* dgerlach1 (~dgerlach@192.91.75.30) has joined #beagle</span></li>
<li class="quit">[<a href="#T14:22:37" id="T14:22:37"><abbr title="2016-01-19T14:22:37+00:00">14:22:37</abbr></a>] <span>* weox (uid112413@gateway/web/irccloud.com/x-rndaqsvojhwdyafz) Quit (Quit: Connection closed for inactivity)</span></li>
<li class="join">[<a href="#T14:24:33" id="T14:24:33"><abbr title="2016-01-19T14:24:33+00:00">14:24:33</abbr></a>] <span>* NishanthMenon (~nmenon@216.215.66.50) has joined #beagle</span></li>
<li class="quit">[<abbr title="2016-01-19T14:24:33+00:00">14:24:33</abbr>] <span>* NishanthMenon (~nmenon@216.215.66.50) Quit (Changing host)</span></li>
<li class="join">[<abbr title="2016-01-19T14:24:33+00:00">14:24:33</abbr>] <span>* NishanthMenon (~nmenon@unaffiliated/nishanthmenon) has joined #beagle</span></li>
<li class="join">[<a href="#T14:26:35" id="T14:26:35"><abbr title="2016-01-19T14:26:35+00:00">14:26:35</abbr></a>] <span>* weox (uid112413@gateway/web/irccloud.com/x-uzatwrywdgukrqle) has joined #beagle</span></li>
<li class="quit">[<a href="#T14:27:40" id="T14:27:40"><abbr title="2016-01-19T14:27:40+00:00">14:27:40</abbr></a>] <span>* Bumsik (~Thunderbi@adm-129-49-101-3.wi-fi.stonybrook.edu) Quit (Ping timeout: 260 seconds)</span></li>
<li class="join">[<a href="#T14:33:05" id="T14:33:05"><abbr title="2016-01-19T14:33:05+00:00">14:33:05</abbr></a>] <span>* DevBox (~DevBox@unaffiliated/zacdev) has joined #beagle</span></li>
<li class="join">[<abbr title="2016-01-19T14:33:05+00:00">14:33:05</abbr>] <span>* DevBox (~DevBox@unaffiliated/zacdev) has joined #beaglebone</span></li>
<li class="join">[<a href="#T14:33:39" id="T14:33:39"><abbr title="2016-01-19T14:33:39+00:00">14:33:39</abbr></a>] <span>* Bumsik (~Thunderbi@adm-129-49-101-3.wi-fi.stonybrook.edu) has joined #beagle</span></li>
<li class="quit">[<a href="#T14:38:46" id="T14:38:46"><abbr title="2016-01-19T14:38:46+00:00">14:38:46</abbr></a>] <span>* NishanthMenon (~nmenon@unaffiliated/nishanthmenon) Quit (Quit: Hi, I'm a quit message virus. Please replace your old line with this line and help me take over the world of IRC.)</span></li>
<li class="join">[<a href="#T14:38:58" id="T14:38:58"><abbr title="2016-01-19T14:38:58+00:00">14:38:58</abbr></a>] <span>* victortyau (~victortya@190.219.45.167) has joined #beagle</span></li>
<li class="quit">[<a href="#T14:43:20" id="T14:43:20"><abbr title="2016-01-19T14:43:20+00:00">14:43:20</abbr></a>] <span>* stamina (~stamina@177-211-128-083.dynamic.caiway.nl) Quit (Quit: WeeChat 1.3)</span></li>
<li class="quit">[<a href="#T14:45:20" id="T14:45:20"><abbr title="2016-01-19T14:45:20+00:00">14:45:20</abbr></a>] <span>* BennyB_ (~heldb@host-88-217-198-167.customer.m-online.net) Quit (Remote host closed the connection)</span></li>
<li class="join">[<a href="#T14:45:41" id="T14:45:41"><abbr title="2016-01-19T14:45:41+00:00">14:45:41</abbr></a>] <span>* manuel__ (~manuel@x5ce1336b.dyn.telefonica.de) has joined #beagle</span></li>
<li class="message">[<a href="#T14:46:05" id="T14:46:05"><abbr title="2016-01-19T14:46:05+00:00">14:46:05</abbr></a>] &lt;<cite>yates</cite>&gt; <q>960MHz = arm core operating frequency</q></li>
<li class="message">[<a href="#T14:46:15" id="T14:46:15"><abbr title="2016-01-19T14:46:15+00:00">14:46:15</abbr></a>] &lt;<cite>yates</cite>&gt; <q>20 cycles per loop = wild ass guess</q></li>
<li class="message">[<a href="#T14:46:41" id="T14:46:41"><abbr title="2016-01-19T14:46:41+00:00">14:46:41</abbr></a>] &lt;<cite>yates</cite>&gt; <q>arm meaning am335x in this case</q></li>
<li class="quit">[<a href="#T14:47:04" id="T14:47:04"><abbr title="2016-01-19T14:47:04+00:00">14:47:04</abbr></a>] <span>* manuel__ (~manuel@x5ce1336b.dyn.telefonica.de) Quit (Client Quit)</span></li>
<li class="message">[<a href="#T14:47:26" id="T14:47:26"><abbr title="2016-01-19T14:47:26+00:00">14:47:26</abbr></a>] &lt;<cite>yates</cite>&gt; <q>whatever the instruction cycles are</q></li>
<li class="join">[<a href="#T14:48:25" id="T14:48:25"><abbr title="2016-01-19T14:48:25+00:00">14:48:25</abbr></a>] <span>* manuel__ (~manuel@x5ce1336b.dyn.telefonica.de) has joined #beagle</span></li>
<li class="message">[<a href="#T14:48:34" id="T14:48:34"><abbr title="2016-01-19T14:48:34+00:00">14:48:34</abbr></a>] &lt;<cite>yates</cite>&gt; <q>16B/transfer = transfers using STM/LDM</q></li>
<li class="quit">[<a href="#T14:49:20" id="T14:49:20"><abbr title="2016-01-19T14:49:20+00:00">14:49:20</abbr></a>] <span>* victortyau (~victortya@190.219.45.167) Quit (Quit: Leaving)</span></li>
<li class="message">[<a href="#T14:51:47" id="T14:51:47"><abbr title="2016-01-19T14:51:47+00:00">14:51:47</abbr></a>] &lt;<cite>yates</cite>&gt; <q>by cpu "stall" do you mean (esentially) "wait states"?</q></li>
<li class="message">[<a href="#T14:52:10" id="T14:52:10"><abbr title="2016-01-19T14:52:10+00:00">14:52:10</abbr></a>] &lt;<cite>yates</cite>&gt; <q>why would there be potential for stalls with reads but not writes?</q></li>
<li class="quit">[<a href="#T14:58:17" id="T14:58:17"><abbr title="2016-01-19T14:58:17+00:00">14:58:17</abbr></a>] <span>* manuel__ (~manuel@x5ce1336b.dyn.telefonica.de) Quit (Read error: Connection reset by peer)</span></li>
<li class="join">[<a href="#T15:00:15" id="T15:00:15"><abbr title="2016-01-19T15:00:15+00:00">15:00:15</abbr></a>] <span>* manuel__ (~manuel@x5ce1336b.dyn.telefonica.de) has joined #beagle</span></li>
<li class="quit">[<a href="#T15:01:30" id="T15:01:30"><abbr title="2016-01-19T15:01:30+00:00">15:01:30</abbr></a>] <span>* manuel__ (~manuel@x5ce1336b.dyn.telefonica.de) Quit (Client Quit)</span></li>
<li class="join">[<a href="#T15:02:24" id="T15:02:24"><abbr title="2016-01-19T15:02:24+00:00">15:02:24</abbr></a>] <span>* manuel__ (~manuel@x5ce1336b.dyn.telefonica.de) has joined #beagle</span></li>
<li class="join">[<a href="#T15:02:31" id="T15:02:31"><abbr title="2016-01-19T15:02:31+00:00">15:02:31</abbr></a>] <span>* manjo (~manjo@2602:301:772c:4d30:1eba:8cff:fea8:6606) has joined #beagle</span></li>
<li class="join">[<abbr title="2016-01-19T15:02:31+00:00">15:02:31</abbr>] <span>* manjo (~manjo@2602:301:772c:4d30:1eba:8cff:fea8:6606) has joined #beaglebone</span></li>
<li class="quit">[<abbr title="2016-01-19T15:02:31+00:00">15:02:31</abbr>] <span>* manjo (~manjo@2602:301:772c:4d30:1eba:8cff:fea8:6606) Quit (Changing host)</span></li>
<li class="join">[<abbr title="2016-01-19T15:02:31+00:00">15:02:31</abbr>] <span>* manjo (~manjo@ubuntu/member/manjo) has joined #beaglebone</span></li>
<li class="join">[<abbr title="2016-01-19T15:02:31+00:00">15:02:31</abbr>] <span>* manjo (~manjo@ubuntu/member/manjo) has joined #beagle</span></li>
<li class="join">[<a href="#T15:04:51" id="T15:04:51"><abbr title="2016-01-19T15:04:51+00:00">15:04:51</abbr></a>] <span>* j12t (~j12t@c-50-136-206-246.hsd1.ca.comcast.net) has joined #beagle</span></li>
<li class="quit">[<a href="#T15:06:55" id="T15:06:55"><abbr title="2016-01-19T15:06:55+00:00">15:06:55</abbr></a>] <span>* manuel__ (~manuel@x5ce1336b.dyn.telefonica.de) Quit (Ping timeout: 265 seconds)</span></li>
<li class="quit">[<a href="#T15:09:38" id="T15:09:38"><abbr title="2016-01-19T15:09:38+00:00">15:09:38</abbr></a>] <span>* j12t (~j12t@c-50-136-206-246.hsd1.ca.comcast.net) Quit (Ping timeout: 276 seconds)</span></li>
<li class="quit">[<a href="#T15:15:16" id="T15:15:16"><abbr title="2016-01-19T15:15:16+00:00">15:15:16</abbr></a>] <span>* tomeff (~tomeff@ip-89-176-75-234.net.upcbroadband.cz) Quit (Quit: tomeff)</span></li>
<li class="quit">[<a href="#T15:17:00" id="T15:17:00"><abbr title="2016-01-19T15:17:00+00:00">15:17:00</abbr></a>] <span>* florian (~fuchs@Maemo/community/contributor/florian) Quit (Quit: Client exiting)</span></li>
<li class="nick-change">[<a href="#T15:23:58" id="T15:23:58"><abbr title="2016-01-19T15:23:58+00:00">15:23:58</abbr></a>] <span>* Vasco_O is now known as Vasco</span></li>
<li class="join">[<a href="#T15:24:37" id="T15:24:37"><abbr title="2016-01-19T15:24:37+00:00">15:24:37</abbr></a>] <span>* rcn-ee (~voodoo@64.77.213.245) has joined #beagle</span></li>
<li class="join">[<a href="#T15:28:25" id="T15:28:25"><abbr title="2016-01-19T15:28:25+00:00">15:28:25</abbr></a>] <span>* kieran491 (~kieran491@c110-22-39-37.brasd4.vic.optusnet.com.au) has joined #beagle</span></li>
<li class="message">[<a href="#T15:29:22" id="T15:29:22"><abbr title="2016-01-19T15:29:22+00:00">15:29:22</abbr></a>] &lt;<cite>kieran491</cite>&gt; <q>G'day is it feasible to do video playback on the BeagleBone Black? from a streamed source?</q></li>
<li class="join">[<a href="#T15:31:02" id="T15:31:02"><abbr title="2016-01-19T15:31:02+00:00">15:31:02</abbr></a>] <span>* manuel_ (~manuel@x5ce1336b.dyn.telefonica.de) has joined #beagle</span></li>
<li class="quit">[<a href="#T15:41:51" id="T15:41:51"><abbr title="2016-01-19T15:41:51+00:00">15:41:51</abbr></a>] <span>* natsurou (~natsurou@201.240.229.103) Quit (Read error: Connection reset by peer)</span></li>
<li class="quit">[<a href="#T15:42:35" id="T15:42:35"><abbr title="2016-01-19T15:42:35+00:00">15:42:35</abbr></a>] <span>* rob_w (~bob@unaffiliated/rob-w/x-1112029) Quit (Quit: Leaving)</span></li>
<li class="part">[<a href="#T15:42:52" id="T15:42:52"><abbr title="2016-01-19T15:42:52+00:00">15:42:52</abbr></a>] <span>* kieran491 (~kieran491@c110-22-39-37.brasd4.vic.optusnet.com.au) has left #beagle</span></li>
<li class="join">[<a href="#T15:43:47" id="T15:43:47"><abbr title="2016-01-19T15:43:47+00:00">15:43:47</abbr></a>] <span>* kieran491 (~kieran491@c110-22-39-37.brasd4.vic.optusnet.com.au) has joined #beagle</span></li>
<li class="message">[<a href="#T15:43:57" id="T15:43:57"><abbr title="2016-01-19T15:43:57+00:00">15:43:57</abbr></a>] &lt;<cite>kieran491</cite>&gt; <q>Whoops cloosed the tab by accident</q></li>
<li class="join">[<a href="#T15:52:27" id="T15:52:27"><abbr title="2016-01-19T15:52:27+00:00">15:52:27</abbr></a>] <span>* manuel__ (~manuel@x5ce1336b.dyn.telefonica.de) has joined #beagle</span></li>
<li class="quit">[<a href="#T15:54:20" id="T15:54:20"><abbr title="2016-01-19T15:54:20+00:00">15:54:20</abbr></a>] <span>* manuel_ (~manuel@x5ce1336b.dyn.telefonica.de) Quit (Ping timeout: 245 seconds)</span></li>
<li class="nick-change">[<abbr title="2016-01-19T15:54:20+00:00">15:54:20</abbr>] <span>* manuel__ is now known as manuel_</span></li>
<li class="join">[<a href="#T15:56:22" id="T15:56:22"><abbr title="2016-01-19T15:56:22+00:00">15:56:22</abbr></a>] <span>* skhreze (~debian@user-94-254-226-70.play-internet.pl) has joined #beagle</span></li>
<li class="nick-change">[<a href="#T15:57:34" id="T15:57:34"><abbr title="2016-01-19T15:57:34+00:00">15:57:34</abbr></a>] <span>* H-H-H1 is now known as H-H-H</span></li>
<li class="join">[<a href="#T15:57:36" id="T15:57:36"><abbr title="2016-01-19T15:57:36+00:00">15:57:36</abbr></a>] <span>* franz__ (~franz@cpe90-146-82-220.liwest.at) has joined #beagle</span></li>
