<li class="join">[<a href="#T00:00:36" id="T00:00:36"><abbr title="2016-01-21T00:00:36+00:00">00:00:36</abbr></a>] <span>* BeagleBot (~PircBot@ec2-50-17-196-130.compute-1.amazonaws.com) has joined #beagle</span></li>
<li class="topic">[<abbr title="2016-01-21T00:00:36+00:00">00:00:36</abbr>] <span>* Topic is '<a href="http://beagleboard.org/chat">http://beagleboard.org/chat</a> has a guide on how to ask questions and links to the logs | never ask to ask, just ask | be patient | pastebin a boot log | <a href="http://ahsoftware.de/Beaglebone_Black_Boot_explained.svg">http://ahsoftware.de/Beaglebone_Black_Boot_explained.svg</a> | <a href="http://beagleboard.org/latest-images">http://beagleboard.org/latest-images</a> | <a href="http://beagleboard.org/Support/bone101">http://beagleboard.org/Support/bone101</a> | direct bonescript/node.js questions to #beagle-bonescript | books: <a href="http://bit.ly/bbb-books'">http://bit.ly/bbb-books'</a></span></li>
<li class="topic">[<abbr title="2016-01-21T00:00:36+00:00">00:00:36</abbr>] <span>* Set by KotH!~attila@erica.kinali.ch on Wed Jul 15 13:55:07 UTC 2015</span></li>
<li class="join">[<abbr title="2016-01-21T00:00:36+00:00">00:00:36</abbr>] <span>* BeagleBot (~PircBot@ec2-50-17-196-130.compute-1.amazonaws.com) has joined #beagleboard</span></li>
<li class="join">[<abbr title="2016-01-21T00:00:36+00:00">00:00:36</abbr>] <span>* BeagleBot (~PircBot@ec2-50-17-196-130.compute-1.amazonaws.com) has joined #beaglebone</span></li>
<li class="quit">[<a href="#T00:03:41" id="T00:03:41"><abbr title="2016-01-21T00:03:41+00:00">00:03:41</abbr></a>] <span>* johanhenselmans (~localadmi@pretsense.xs4all.nl) Quit (Ping timeout: 276 seconds)</span></li>
<li class="quit">[<a href="#T00:04:22" id="T00:04:22"><abbr title="2016-01-21T00:04:22+00:00">00:04:22</abbr></a>] <span>* artX000 (~py@ool-1826eaa1.dyn.optonline.net) Quit (Remote host closed the connection)</span></li>
<li class="join">[<a href="#T00:10:12" id="T00:10:12"><abbr title="2016-01-21T00:10:12+00:00">00:10:12</abbr></a>] <span>* m1kesm1th (~m1kesm1th@188.166.44.227) has joined #beagle</span></li>
<li class="quit">[<a href="#T00:10:22" id="T00:10:22"><abbr title="2016-01-21T00:10:22+00:00">00:10:22</abbr></a>] <span>* pmezydlo (5947b13d@gateway/web/freenode/ip.89.71.177.61) Quit (Quit: Page closed)</span></li>
<li class="quit">[<a href="#T00:10:50" id="T00:10:50"><abbr title="2016-01-21T00:10:50+00:00">00:10:50</abbr></a>] <span>* m1kesm1th (~m1kesm1th@188.166.44.227) Quit (*.net *.split)</span></li>
<li class="join">[<a href="#T00:10:58" id="T00:10:58"><abbr title="2016-01-21T00:10:58+00:00">00:10:58</abbr></a>] <span>* m1kesm1th (~m1kesm1th@188.166.44.227) has joined #beagle</span></li>
<li class="join">[<a href="#T00:12:42" id="T00:12:42"><abbr title="2016-01-21T00:12:42+00:00">00:12:42</abbr></a>] <span>* idwer_ (~irc@unaffiliated/idwer) has joined #beagle</span></li>
<li class="join">[<a href="#T00:12:49" id="T00:12:49"><abbr title="2016-01-21T00:12:49+00:00">00:12:49</abbr></a>] <span>* IrishGringo (~chatzilla@2601:586:c200:6eaa:ad6c:b1a:fac3:c184) has joined #beagle</span></li>
<li class="quit">[<a href="#T00:13:46" id="T00:13:46"><abbr title="2016-01-21T00:13:46+00:00">00:13:46</abbr></a>] <span>* Bumsik (~Thunderbi@adm-129-49-101-3.wi-fi.stonybrook.edu) Quit (Ping timeout: 272 seconds)</span></li>
<li class="join">[<a href="#T00:15:33" id="T00:15:33"><abbr title="2016-01-21T00:15:33+00:00">00:15:33</abbr></a>] <span>* artX000 (~py@ool-1826eaa1.dyn.optonline.net) has joined #beagle</span></li>
<li class="quit">[<a href="#T00:16:18" id="T00:16:18"><abbr title="2016-01-21T00:16:18+00:00">00:16:18</abbr></a>] <span>* idwer (~irc@unaffiliated/idwer) Quit (Ping timeout: 250 seconds)</span></li>
<li class="join">[<a href="#T00:20:38" id="T00:20:38"><abbr title="2016-01-21T00:20:38+00:00">00:20:38</abbr></a>] <span>* johanhenselmans (~localadmi@pretsense.xs4all.nl) has joined #beagle</span></li>
<li class="quit">[<a href="#T00:21:26" id="T00:21:26"><abbr title="2016-01-21T00:21:26+00:00">00:21:26</abbr></a>] <span>* dj_pi (~dj@c-73-191-212-56.hsd1.mi.comcast.net) Quit (Ping timeout: 240 seconds)</span></li>
<li class="join">[<a href="#T00:29:48" id="T00:29:48"><abbr title="2016-01-21T00:29:48+00:00">00:29:48</abbr></a>] <span>* Bumsik (~Thunderbi@130.245.72.76) has joined #beagle</span></li>
<li class="quit">[<a href="#T00:31:25" id="T00:31:25"><abbr title="2016-01-21T00:31:25+00:00">00:31:25</abbr></a>] <span>* plaw (~plaw@ucalegon.bleeter.id.au) Quit (Changing host)</span></li>
<li class="join">[<abbr title="2016-01-21T00:31:25+00:00">00:31:25</abbr>] <span>* plaw (~plaw@guifications/user/plaw) has joined #beagle</span></li>
<li class="join">[<a href="#T00:35:31" id="T00:35:31"><abbr title="2016-01-21T00:35:31+00:00">00:35:31</abbr></a>] <span>* somazero (~somazero@ip72-198-38-197.ok.ok.cox.net) has joined #beagle</span></li>
<li class="quit">[<a href="#T00:39:56" id="T00:39:56"><abbr title="2016-01-21T00:39:56+00:00">00:39:56</abbr></a>] <span>* alexanderhiam (~ahiam@c-24-147-39-41.hsd1.nh.comcast.net) Quit (Remote host closed the connection)</span></li>
<li class="join">[<a href="#T00:45:27" id="T00:45:27"><abbr title="2016-01-21T00:45:27+00:00">00:45:27</abbr></a>] <span>* CathyInBlue (~garrett@172.78.38.37) has joined #beagle</span></li>
<li class="quit">[<a href="#T00:50:49" id="T00:50:49"><abbr title="2016-01-21T00:50:49+00:00">00:50:49</abbr></a>] <span>* idwer_ (~irc@unaffiliated/idwer) Quit (Remote host closed the connection)</span></li>
<li class="quit">[<a href="#T00:51:36" id="T00:51:36"><abbr title="2016-01-21T00:51:36+00:00">00:51:36</abbr></a>] <span>* bradfa (~andrew@clr-vpn01.kodakalaris.com) Quit (Quit: Lost terminal)</span></li>
<li class="quit">[<a href="#T00:57:22" id="T00:57:22"><abbr title="2016-01-21T00:57:22+00:00">00:57:22</abbr></a>] <span>* iandow (~iandow@solution3.hsia.citycenter.com) Quit (Remote host closed the connection)</span></li>
