<li class="join">[<a href="#T00:00:37" id="T00:00:37"><abbr title="2016-02-02T00:00:37+00:00">00:00:37</abbr></a>] <span>* BeagleBot (~PircBot@ec2-50-17-196-130.compute-1.amazonaws.com) has joined #beagle</span></li>
<li class="topic">[<abbr title="2016-02-02T00:00:37+00:00">00:00:37</abbr>] <span>* Topic is '<a href="http://beagleboard.org/chat">http://beagleboard.org/chat</a> has a guide on how to ask questions and links to the logs | never ask to ask, just ask | be patient | pastebin a boot log | <a href="http://ahsoftware.de/Beaglebone_Black_Boot_explained.svg">http://ahsoftware.de/Beaglebone_Black_Boot_explained.svg</a> | <a href="http://beagleboard.org/latest-images">http://beagleboard.org/latest-images</a> | <a href="http://beagleboard.org/Support/bone101">http://beagleboard.org/Support/bone101</a> | direct bonescript/node.js questions to #beagle-bonescript | books: <a href="http://bit.ly/bbb-books'">http://bit.ly/bbb-books'</a></span></li>
<li class="topic">[<abbr title="2016-02-02T00:00:37+00:00">00:00:37</abbr>] <span>* Set by KotH!~attila@erica.kinali.ch on Wed Jul 15 13:55:07 UTC 2015</span></li>
<li class="join">[<abbr title="2016-02-02T00:00:37+00:00">00:00:37</abbr>] <span>* BeagleBot (~PircBot@ec2-50-17-196-130.compute-1.amazonaws.com) has joined #beagleboard</span></li>
<li class="join">[<abbr title="2016-02-02T00:00:37+00:00">00:00:37</abbr>] <span>* BeagleBot (~PircBot@ec2-50-17-196-130.compute-1.amazonaws.com) has joined #beaglebone</span></li>
<li class="quit">[<a href="#T00:07:45" id="T00:07:45"><abbr title="2016-02-02T00:07:45+00:00">00:07:45</abbr></a>] <span>* tomeff (~tomeff@ip-94-112-0-81.net.upcbroadband.cz) Quit (Quit: tomeff)</span></li>
<li class="quit">[<a href="#T00:10:46" id="T00:10:46"><abbr title="2016-02-02T00:10:46+00:00">00:10:46</abbr></a>] <span>* LetoThe2nd (~jd@unaffiliated/letothe2nd) Quit (Ping timeout: 240 seconds)</span></li>
<li class="quit">[<a href="#T00:14:28" id="T00:14:28"><abbr title="2016-02-02T00:14:28+00:00">00:14:28</abbr></a>] <span>* jomar (~jm@0xffffff.de) Quit (Ping timeout: 248 seconds)</span></li>
<li class="join">[<a href="#T00:15:56" id="T00:15:56"><abbr title="2016-02-02T00:15:56+00:00">00:15:56</abbr></a>] <span>* LetoThe2nd (~jd@212.227.97.93) has joined #beagle</span></li>
<li class="join">[<a href="#T00:16:21" id="T00:16:21"><abbr title="2016-02-02T00:16:21+00:00">00:16:21</abbr></a>] <span>* jomar (~jm@0xffffff.de) has joined #beagle</span></li>
<li class="join">[<a href="#T00:19:56" id="T00:19:56"><abbr title="2016-02-02T00:19:56+00:00">00:19:56</abbr></a>] <span>* Cats_home (~Catslab@dsl.198.58.163.121.ebox.ca) has joined #beagle</span></li>
<li class="quit">[<a href="#T00:24:00" id="T00:24:00"><abbr title="2016-02-02T00:24:00+00:00">00:24:00</abbr></a>] <span>* dwery (~dwery@nslu2-linux/dwery) Quit (Ping timeout: 256 seconds)</span></li>
<li class="join">[<a href="#T00:24:42" id="T00:24:42"><abbr title="2016-02-02T00:24:42+00:00">00:24:42</abbr></a>] <span>* dwery (~dwery@nslu2-linux/dwery) has joined #beagle</span></li>
<li class="join">[<a href="#T00:35:03" id="T00:35:03"><abbr title="2016-02-02T00:35:03+00:00">00:35:03</abbr></a>] <span>* penth (~rachel@c-68-81-92-61.hsd1.pa.comcast.net) has joined #beagle</span></li>
<li class="quit">[<a href="#T00:40:30" id="T00:40:30"><abbr title="2016-02-02T00:40:30+00:00">00:40:30</abbr></a>] <span>* karsun (~karsun@123.201.110.122) Quit (Ping timeout: 245 seconds)</span></li>
<li class="quit">[<a href="#T00:45:59" id="T00:45:59"><abbr title="2016-02-02T00:45:59+00:00">00:45:59</abbr></a>] <span>* penth (~rachel@c-68-81-92-61.hsd1.pa.comcast.net) Quit (Quit: Leaving)</span></li>
<li class="quit">[<a href="#T00:48:46" id="T00:48:46"><abbr title="2016-02-02T00:48:46+00:00">00:48:46</abbr></a>] <span>* johanhenselmans (~localadmi@pretsense.xs4all.nl) Quit (Ping timeout: 250 seconds)</span></li>
<li class="join">[<a href="#T00:49:08" id="T00:49:08"><abbr title="2016-02-02T00:49:08+00:00">00:49:08</abbr></a>] <span>* johanhenselmans_ (~localadmi@pretsense.xs4all.nl) has joined #beagle</span></li>
<li class="quit">[<a href="#T00:52:12" id="T00:52:12"><abbr title="2016-02-02T00:52:12+00:00">00:52:12</abbr></a>] <span>* mikeiniowa (~py@ool-1826eaa1.dyn.optonline.net) Quit (Remote host closed the connection)</span></li>
<li class="quit">[<a href="#T01:03:25" id="T01:03:25"><abbr title="2016-02-02T01:03:25+00:00">01:03:25</abbr></a>] <span>* dwery (~dwery@nslu2-linux/dwery) Quit (Ping timeout: 245 seconds)</span></li>
<li class="join">[<a href="#T01:03:43" id="T01:03:43"><abbr title="2016-02-02T01:03:43+00:00">01:03:43</abbr></a>] <span>* mikeiniowa (~py@ool-1826eaa1.dyn.optonline.net) has joined #beagle</span></li>
<li class="quit">[<a href="#T01:10:35" id="T01:10:35"><abbr title="2016-02-02T01:10:35+00:00">01:10:35</abbr></a>] <span>* florian (~fuchs@Maemo/community/contributor/florian) Quit (Ping timeout: 265 seconds)</span></li>
<li class="quit">[<a href="#T01:16:26" id="T01:16:26"><abbr title="2016-02-02T01:16:26+00:00">01:16:26</abbr></a>] <span>* dys (~dys@ip-109-41-166-39.web.vodafone.de) Quit (Ping timeout: 240 seconds)</span></li>
<li class="quit">[<a href="#T01:16:52" id="T01:16:52"><abbr title="2016-02-02T01:16:52+00:00">01:16:52</abbr></a>] <span>* emeb (~ericb@ip68-2-68-52.ph.ph.cox.net) Quit (Quit: Leaving.)</span></li>
<li class="quit">[<a href="#T01:17:29" id="T01:17:29"><abbr title="2016-02-02T01:17:29+00:00">01:17:29</abbr></a>] <span>* Akex_ (uid58281@gateway/web/irccloud.com/x-cbpxqepauwcesxrq) Quit (Quit: Connection closed for inactivity)</span></li>
<li class="quit">[<a href="#T01:20:14" id="T01:20:14"><abbr title="2016-02-02T01:20:14+00:00">01:20:14</abbr></a>] <span>* Bumsik (~Thunderbi@adm-129-49-101-58.wi-fi.stonybrook.edu) Quit (Ping timeout: 252 seconds)</span></li>
<li class="quit">[<a href="#T01:30:22" id="T01:30:22"><abbr title="2016-02-02T01:30:22+00:00">01:30:22</abbr></a>] <span>* ikmaak (~ikmaak@541F7D85.cm-5-8b.dynamic.ziggo.nl) Quit (Ping timeout: 250 seconds)</span></li>
<li class="join">[<a href="#T01:31:44" id="T01:31:44"><abbr title="2016-02-02T01:31:44+00:00">01:31:44</abbr></a>] <span>* ikmaak (~ikmaak@541F7D85.cm-5-8b.dynamic.ziggo.nl) has joined #beagle</span></li>
<li class="quit">[<a href="#T01:32:14" id="T01:32:14"><abbr title="2016-02-02T01:32:14+00:00">01:32:14</abbr></a>] <span>* devtea (~tdreyer1@unaffiliated/tdreyer1) Quit (Remote host closed the connection)</span></li>
<li class="quit">[<a href="#T01:36:39" id="T01:36:39"><abbr title="2016-02-02T01:36:39+00:00">01:36:39</abbr></a>] <span>* victortyau (~victortya@190.123.228.251) Quit (Read error: Connection reset by peer)</span></li>
<li class="join">[<a href="#T01:37:34" id="T01:37:34"><abbr title="2016-02-02T01:37:34+00:00">01:37:34</abbr></a>] <span>* Bumsik (~Thunderbi@130.245.68.188) has joined #beagle</span></li>
<li class="quit">[<a href="#T01:46:17" id="T01:46:17"><abbr title="2016-02-02T01:46:17+00:00">01:46:17</abbr></a>] <span>* linkedinyou (~linkediny@unaffiliated/linkedinyou) Quit (Quit: linkedinyou)</span></li>
<li class="join">[<a href="#T01:54:02" id="T01:54:02"><abbr title="2016-02-02T01:54:02+00:00">01:54:02</abbr></a>] <span>* devtea (~tdreyer1@unaffiliated/tdreyer1) has joined #beagle</span></li>
<li class="quit">[<a href="#T01:58:16" id="T01:58:16"><abbr title="2016-02-02T01:58:16+00:00">01:58:16</abbr></a>] <span>* devtea (~tdreyer1@unaffiliated/tdreyer1) Quit (Remote host closed the connection)</span></li>
<li class="quit">[<a href="#T01:58:17" id="T01:58:17"><abbr title="2016-02-02T01:58:17+00:00">01:58:17</abbr></a>] <span>* mrjazzcat (~mrjazzcat@c-50-134-253-3.hsd1.co.comcast.net) Quit (Remote host closed the connection)</span></li>
<li class="join">[<a href="#T02:02:22" id="T02:02:22"><abbr title="2016-02-02T02:02:22+00:00">02:02:22</abbr></a>] <span>* mrjazzcat (~mrjazzcat@c-50-134-253-3.hsd1.co.comcast.net) has joined #beagle</span></li>
<li class="join">[<a href="#T02:02:28" id="T02:02:28"><abbr title="2016-02-02T02:02:28+00:00">02:02:28</abbr></a>] <span>* devtea (~tdreyer1@unaffiliated/tdreyer1) has joined #beagle</span></li>
<li class="join">[<a href="#T02:04:33" id="T02:04:33"><abbr title="2016-02-02T02:04:33+00:00">02:04:33</abbr></a>] <span>* dys (~dys@ip-109-41-166-39.web.vodafone.de) has joined #beagle</span></li>
<li class="quit">[<a href="#T02:11:26" id="T02:11:26"><abbr title="2016-02-02T02:11:26+00:00">02:11:26</abbr></a>] <span>* ft (~ft@shell.chaostreff-dortmund.de) Quit (Ping timeout: 240 seconds)</span></li>
<li class="join">[<a href="#T02:12:19" id="T02:12:19"><abbr title="2016-02-02T02:12:19+00:00">02:12:19</abbr></a>] <span>* ft (~ft@shell.chaostreff-dortmund.de) has joined #beagle</span></li>
<li class="join">[<a href="#T02:21:19" id="T02:21:19"><abbr title="2016-02-02T02:21:19+00:00">02:21:19</abbr></a>] <span>* zauslande (~zauslande@66.53.81.34) has joined #beagle</span></li>
<li class="quit">[<a href="#T02:21:22" id="T02:21:22"><abbr title="2016-02-02T02:21:22+00:00">02:21:22</abbr></a>] <span>* drkfdr (~darkfader@2001:610:600:896d:98ae:d428:7196:31e) Quit (Quit: drkfdr)</span></li>
<li class="join">[<a href="#T02:26:36" id="T02:26:36"><abbr title="2016-02-02T02:26:36+00:00">02:26:36</abbr></a>] <span>* VirG (~VirGin@c-98-207-169-231.hsd1.ca.comcast.net) has joined #beagle</span></li>
<li class="quit">[<a href="#T02:29:14" id="T02:29:14"><abbr title="2016-02-02T02:29:14+00:00">02:29:14</abbr></a>] <span>* demok (~okan@139.179.138.45) Quit (Ping timeout: 256 seconds)</span></li>
<li class="join">[<a href="#T02:38:03" id="T02:38:03"><abbr title="2016-02-02T02:38:03+00:00">02:38:03</abbr></a>] <span>* Ceriand|desktop (~Ceriand@unaffiliated/ceriand) has joined #beagle</span></li>
<li class="quit">[<a href="#T02:45:19" id="T02:45:19"><abbr title="2016-02-02T02:45:19+00:00">02:45:19</abbr></a>] <span>* Humpelstilzchen (erik@f054021108.adsl.alicedsl.de) Quit (Ping timeout: 265 seconds)</span></li>
<li class="join">[<a href="#T02:45:49" id="T02:45:49"><abbr title="2016-02-02T02:45:49+00:00">02:45:49</abbr></a>] <span>* Defiant (erik@f054178039.adsl.alicedsl.de) has joined #beagle</span></li>
<li class="message">[<a href="#T03:01:04" id="T03:01:04"><abbr title="2016-02-02T03:01:04+00:00">03:01:04</abbr></a>] &lt;<cite>ds2</cite>&gt; <q>amazing how much better a proper ADC samples compared to the onboard Bone ADC</q></li>
<li class="message">[<a href="#T03:01:19" id="T03:01:19"><abbr title="2016-02-02T03:01:19+00:00">03:01:19</abbr></a>] &lt;<cite>ds2</cite>&gt; <q>pure prestine data at 8MHz</q></li>
<li class="quit">[<a href="#T03:14:29" id="T03:14:29"><abbr title="2016-02-02T03:14:29+00:00">03:14:29</abbr></a>] <span>* VirG (~VirGin@c-98-207-169-231.hsd1.ca.comcast.net) Quit (Quit: Leaving.)</span></li>
<li class="quit">[<a href="#T03:15:55" id="T03:15:55"><abbr title="2016-02-02T03:15:55+00:00">03:15:55</abbr></a>] <span>* johanhenselmans_ (~localadmi@pretsense.xs4all.nl) Quit (Ping timeout: 240 seconds)</span></li>
<li class="join">[<a href="#T03:19:13" id="T03:19:13"><abbr title="2016-02-02T03:19:13+00:00">03:19:13</abbr></a>] <span>* johanhenselmans (~localadmi@pretsense.xs4all.nl) has joined #beagle</span></li>
<li class="join">[<a href="#T03:20:20" id="T03:20:20"><abbr title="2016-02-02T03:20:20+00:00">03:20:20</abbr></a>] <span>* divine (~divine@2001:470:8247:1::42) has joined #beaglebone</span></li>
<li class="join">[<a href="#T03:41:13" id="T03:41:13"><abbr title="2016-02-02T03:41:13+00:00">03:41:13</abbr></a>] <span>* nighty^_ (~cp@www.taiyolabs.com) has joined #beagle</span></li>
<li class="join">[<abbr title="2016-02-02T03:41:13+00:00">03:41:13</abbr>] <span>* nighty^_ (~cp@www.taiyolabs.com) has joined #beagleboard</span></li>
<li class="join">[<a href="#T03:44:45" id="T03:44:45"><abbr title="2016-02-02T03:44:45+00:00">03:44:45</abbr></a>] <span>* trevychase (~trev@107-128-226-86.lightspeed.rcsntx.sbcglobal.net) has joined #beagle</span></li>
<li class="join">[<a href="#T04:22:31" id="T04:22:31"><abbr title="2016-02-02T04:22:31+00:00">04:22:31</abbr></a>] <span>* drkfdr (~darkfader@ip3e8346be.speed.planet.nl) has joined #beagle</span></li>
<li class="quit">[<a href="#T04:23:45" id="T04:23:45"><abbr title="2016-02-02T04:23:45+00:00">04:23:45</abbr></a>] <span>* weox (uid112413@gateway/web/irccloud.com/x-sgfxpinwgzfyrota) Quit (Quit: Connection closed for inactivity)</span></li>
<li class="quit">[<a href="#T04:25:28" id="T04:25:28"><abbr title="2016-02-02T04:25:28+00:00">04:25:28</abbr></a>] <span>* mrjazzcat (~mrjazzcat@c-50-134-253-3.hsd1.co.comcast.net) Quit (Quit: Leaving)</span></li>
<li class="join">[<a href="#T04:45:39" id="T04:45:39"><abbr title="2016-02-02T04:45:39+00:00">04:45:39</abbr></a>] <span>* snowstaff (c33cf752@gateway/web/freenode/ip.195.60.247.82) has joined #beagle</span></li>
<li class="message">[<a href="#T04:45:44" id="T04:45:44"><abbr title="2016-02-02T04:45:44+00:00">04:45:44</abbr></a>] &lt;<cite>snowstaff</cite>&gt; <q>good morning</q></li>
<li class="message">[<a href="#T04:57:47" id="T04:57:47"><abbr title="2016-02-02T04:57:47+00:00">04:57:47</abbr></a>] &lt;<cite>trevychase</cite>&gt; <q>or, good night!</q></li>
<li class="message">[<a href="#T04:59:26" id="T04:59:26"><abbr title="2016-02-02T04:59:26+00:00">04:59:26</abbr></a>] &lt;<cite>snowstaff</cite>&gt; <q>try)</q></li>
<li class="message">[<a href="#T04:59:53" id="T04:59:53"><abbr title="2016-02-02T04:59:53+00:00">04:59:53</abbr></a>] &lt;<cite>snowstaff</cite>&gt; <q>true*)</q></li>
<li class="quit">[<a href="#T05:16:11" id="T05:16:11"><abbr title="2016-02-02T05:16:11+00:00">05:16:11</abbr></a>] <span>* vagrantc (~vagrant@unaffiliated/vagrantc) Quit (Quit: leaving)</span></li>
<li class="quit">[<a href="#T05:17:43" id="T05:17:43"><abbr title="2016-02-02T05:17:43+00:00">05:17:43</abbr></a>] <span>* NishanthMenon (~nmenon@unaffiliated/nishanthmenon) Quit (Quit: You may get an opportunity for advancement today.  Get off IRC!)</span></li>
<li class="quit">[<a href="#T05:19:00" id="T05:19:00"><abbr title="2016-02-02T05:19:00+00:00">05:19:00</abbr></a>] <span>* thow (~thow@97e01330.skybroadband.com) Quit (Ping timeout: 248 seconds)</span></li>
<li class="quit">[<a href="#T05:37:50" id="T05:37:50"><abbr title="2016-02-02T05:37:50+00:00">05:37:50</abbr></a>] <span>* trevychase (~trev@107-128-226-86.lightspeed.rcsntx.sbcglobal.net) Quit (Ping timeout: 246 seconds)</span></li>
<li class="quit">[<a href="#T05:45:23" id="T05:45:23"><abbr title="2016-02-02T05:45:23+00:00">05:45:23</abbr></a>] <span>* Shadyman (~matthew@unaffiliated/shadyman) Quit (Quit: Leaving.)</span></li>
<li class="join">[<a href="#T05:46:41" id="T05:46:41"><abbr title="2016-02-02T05:46:41+00:00">05:46:41</abbr></a>] <span>* thow (~thow@5ec3ad3c.skybroadband.com) has joined #beagle</span></li>
<li class="join">[<a href="#T06:11:52" id="T06:11:52"><abbr title="2016-02-02T06:11:52+00:00">06:11:52</abbr></a>] <span>* Giri (0e8bbb6e@gateway/web/freenode/ip.14.139.187.110) has joined #beagle</span></li>
<li class="join">[<a href="#T06:15:10" id="T06:15:10"><abbr title="2016-02-02T06:15:10+00:00">06:15:10</abbr></a>] <span>* poffs (~poffs@46.174.191.25) has joined #beagle</span></li>
<li class="quit">[<a href="#T06:17:51" id="T06:17:51"><abbr title="2016-02-02T06:17:51+00:00">06:17:51</abbr></a>] <span>* Giri (0e8bbb6e@gateway/web/freenode/ip.14.139.187.110) Quit (Ping timeout: 252 seconds)</span></li>
<li class="join">[<a href="#T06:18:37" id="T06:18:37"><abbr title="2016-02-02T06:18:37+00:00">06:18:37</abbr></a>] <span>* BennyB_ (~heldb@host-88-217-198-167.customer.m-online.net) has joined #beagle</span></li>
<li class="quit">[<a href="#T06:21:10" id="T06:21:10"><abbr title="2016-02-02T06:21:10+00:00">06:21:10</abbr></a>] <span>* Mounicq (~Thunderbi@130.230.21.109.rev.sfr.net) Quit (Ping timeout: 260 seconds)</span></li>
<li class="join">[<a href="#T06:21:30" id="T06:21:30"><abbr title="2016-02-02T06:21:30+00:00">06:21:30</abbr></a>] <span>* Mounicq (~Thunderbi@130.230.21.109.rev.sfr.net) has joined #beagle</span></li>
<li class="quit">[<a href="#T06:23:14" id="T06:23:14"><abbr title="2016-02-02T06:23:14+00:00">06:23:14</abbr></a>] <span>* zauslande (~zauslande@66.53.81.34) Quit (Quit: ChatZilla 0.9.90.1 [Firefox 28.0/20140314220517])</span></li>
<li class="join">[<a href="#T06:34:24" id="T06:34:24"><abbr title="2016-02-02T06:34:24+00:00">06:34:24</abbr></a>] <span>* VirG (~VirGin@c-98-207-169-231.hsd1.ca.comcast.net) has joined #beagle</span></li>
<li class="join">[<a href="#T06:34:54" id="T06:34:54"><abbr title="2016-02-02T06:34:54+00:00">06:34:54</abbr></a>] <span>* IrishGringo (~chatzilla@2601:586:c200:6eaa:4585:724b:e465:552c) has joined #beagle</span></li>
<li class="quit">[<a href="#T06:36:31" id="T06:36:31"><abbr title="2016-02-02T06:36:31+00:00">06:36:31</abbr></a>] <span>* VirG (~VirGin@c-98-207-169-231.hsd1.ca.comcast.net) Quit (Client Quit)</span></li>
<li class="quit">[<a href="#T06:36:36" id="T06:36:36"><abbr title="2016-02-02T06:36:36+00:00">06:36:36</abbr></a>] <span>* j12t (~j12t@c-50-136-206-246.hsd1.ca.comcast.net) Quit (Remote host closed the connection)</span></li>
<li class="join">[<a href="#T06:37:05" id="T06:37:05"><abbr title="2016-02-02T06:37:05+00:00">06:37:05</abbr></a>] <span>* j12t (~j12t@c-50-136-206-246.hsd1.ca.comcast.net) has joined #beagle</span></li>
<li class="join">[<a href="#T06:44:50" id="T06:44:50"><abbr title="2016-02-02T06:44:50+00:00">06:44:50</abbr></a>] <span>* weox (uid112413@gateway/web/irccloud.com/x-cmpzwwqjqzzgwpzf) has joined #beagle</span></li>
<li class="join">[<a href="#T06:49:04" id="T06:49:04"><abbr title="2016-02-02T06:49:04+00:00">06:49:04</abbr></a>] <span>* hani (272cba62@gateway/web/freenode/ip.39.44.186.98) has joined #beagle</span></li>
<li class="join">[<a href="#T06:49:28" id="T06:49:28"><abbr title="2016-02-02T06:49:28+00:00">06:49:28</abbr></a>] <span>* Lord_ (272cba62@gateway/web/freenode/ip.39.44.186.98) has joined #beagle</span></li>
<li class="message">[<a href="#T06:50:29" id="T06:50:29"><abbr title="2016-02-02T06:50:29+00:00">06:50:29</abbr></a>] &lt;<cite>hani</cite>&gt; <q>hellow...my beagle board is getting haet up after connecting it with machine.. why is this so?</q></li>
<li class="message">[<a href="#T06:50:54" id="T06:50:54"><abbr title="2016-02-02T06:50:54+00:00">06:50:54</abbr></a>] &lt;<cite>hani</cite>&gt; <q>its like burnung heat up...</q></li>
<li class="message">[<a href="#T06:51:34" id="T06:51:34"><abbr title="2016-02-02T06:51:34+00:00">06:51:34</abbr></a>] &lt;<cite>hani</cite>&gt; <q>after 2 or 3 minutes</q></li>
<li class="message">[<a href="#T06:52:58" id="T06:52:58"><abbr title="2016-02-02T06:52:58+00:00">06:52:58</abbr></a>] &lt;<cite>hani</cite>&gt; <q>???</q></li>
<li class="quit">[<a href="#T06:59:24" id="T06:59:24"><abbr title="2016-02-02T06:59:24+00:00">06:59:24</abbr></a>] <span>* Bumsik (~Thunderbi@130.245.68.188) Quit (Ping timeout: 252 seconds)</span></li>
<li class="quit">[<a href="#T07:01:51" id="T07:01:51"><abbr title="2016-02-02T07:01:51+00:00">07:01:51</abbr></a>] <span>* hani (272cba62@gateway/web/freenode/ip.39.44.186.98) Quit (Ping timeout: 252 seconds)</span></li>
<li class="join">[<a href="#T07:03:13" id="T07:03:13"><abbr title="2016-02-02T07:03:13+00:00">07:03:13</abbr></a>] <span>* hani (272cba62@gateway/web/freenode/ip.39.44.186.98) has joined #beagle</span></li>
<li class="quit">[<a href="#T07:09:55" id="T07:09:55"><abbr title="2016-02-02T07:09:55+00:00">07:09:55</abbr></a>] <span>* IrishGringo (~chatzilla@2601:586:c200:6eaa:4585:724b:e465:552c) Quit (Ping timeout: 240 seconds)</span></li>
<li class="quit">[<a href="#T07:11:06" id="T07:11:06"><abbr title="2016-02-02T07:11:06+00:00">07:11:06</abbr></a>] <span>* bahar (~bahar@unaffiliated/bahar) Quit (Ping timeout: 240 seconds)</span></li>
<li class="quit">[<a href="#T07:13:57" id="T07:13:57"><abbr title="2016-02-02T07:13:57+00:00">07:13:57</abbr></a>] <span>* hani (272cba62@gateway/web/freenode/ip.39.44.186.98) Quit (Ping timeout: 252 seconds)</span></li>
<li class="join">[<a href="#T07:14:54" id="T07:14:54"><abbr title="2016-02-02T07:14:54+00:00">07:14:54</abbr></a>] <span>* IrishGringo (~chatzilla@2601:586:c200:6eaa:4585:724b:e465:552c) has joined #beagle</span></li>
<li class="join">[<a href="#T07:20:25" id="T07:20:25"><abbr title="2016-02-02T07:20:25+00:00">07:20:25</abbr></a>] <span>* NulL` (~bleh1@87.254.83.8) has joined #beagle</span></li>
<li class="join">[<a href="#T07:20:48" id="T07:20:48"><abbr title="2016-02-02T07:20:48+00:00">07:20:48</abbr></a>] <span>* Bumsik (~Thunderbi@nat-130-245-193-68.resnet.stonybrook.edu) has joined #beagle</span></li>
<li class="join">[<a href="#T07:21:17" id="T07:21:17"><abbr title="2016-02-02T07:21:17+00:00">07:21:17</abbr></a>] <span>* MK (272cba62@gateway/web/freenode/ip.39.44.186.98) has joined #beagle</span></li>
<li class="nick-change">[<a href="#T07:21:40" id="T07:21:40"><abbr title="2016-02-02T07:21:40+00:00">07:21:40</abbr></a>] <span>* MK is now known as Guest55982</span></li>
<li class="join">[<a href="#T07:22:34" id="T07:22:34"><abbr title="2016-02-02T07:22:34+00:00">07:22:34</abbr></a>] <span>* c10ud^ (~c10ud@emesene/dictator/c10ud) has joined #beagle</span></li>
<li class="join">[<a href="#T07:25:23" id="T07:25:23"><abbr title="2016-02-02T07:25:23+00:00">07:25:23</abbr></a>] <span>* florian (~fuchs@Maemo/community/contributor/florian) has joined #beagle</span></li>
<li class="quit">[<a href="#T07:36:30" id="T07:36:30"><abbr title="2016-02-02T07:36:30+00:00">07:36:30</abbr></a>] <span>* Guest55982 (272cba62@gateway/web/freenode/ip.39.44.186.98) Quit (Ping timeout: 252 seconds)</span></li>
<li class="join">[<a href="#T07:37:24" id="T07:37:24"><abbr title="2016-02-02T07:37:24+00:00">07:37:24</abbr></a>] <span>* bahar (~bahar@207-237-11-14.c3-0.wsd-ubr1.qens-wsd.ny.cable.rcn.com) has joined #beagle</span></li>
<li class="quit">[<a href="#T07:45:57" id="T07:45:57"><abbr title="2016-02-02T07:45:57+00:00">07:45:57</abbr></a>] <span>* 7GHABX5G3 (~frV@home.miradou.com) Quit (Ping timeout: 265 seconds)</span></li>
<li class="quit">[<a href="#T07:46:45" id="T07:46:45"><abbr title="2016-02-02T07:46:45+00:00">07:46:45</abbr></a>] <span>* florian (~fuchs@Maemo/community/contributor/florian) Quit (Ping timeout: 245 seconds)</span></li>
<li class="join">[<a href="#T07:46:50" id="T07:46:50"><abbr title="2016-02-02T07:46:50+00:00">07:46:50</abbr></a>] <span>* frv_ (~frV@home.miradou.com) has joined #beagle</span></li>
<li class="quit">[<a href="#T07:47:22" id="T07:47:22"><abbr title="2016-02-02T07:47:22+00:00">07:47:22</abbr></a>] <span>* Lord_ (272cba62@gateway/web/freenode/ip.39.44.186.98) Quit (Quit: Page closed)</span></li>
<li class="join">[<a href="#T07:52:01" id="T07:52:01"><abbr title="2016-02-02T07:52:01+00:00">07:52:01</abbr></a>] <span>* jpirko (~jirka@ip-94-113-120-24.net.upcbroadband.cz) has joined #beagle</span></li>
<li class="quit">[<a href="#T07:52:12" id="T07:52:12"><abbr title="2016-02-02T07:52:12+00:00">07:52:12</abbr></a>] <span>* IrishGringo (~chatzilla@2601:586:c200:6eaa:4585:724b:e465:552c) Quit (Ping timeout: 252 seconds)</span></li>
<li class="quit">[<a href="#T07:53:33" id="T07:53:33"><abbr title="2016-02-02T07:53:33+00:00">07:53:33</abbr></a>] <span>* snowstaff (c33cf752@gateway/web/freenode/ip.195.60.247.82) Quit (Ping timeout: 252 seconds)</span></li>
<li class="join">[<a href="#T08:03:45" id="T08:03:45"><abbr title="2016-02-02T08:03:45+00:00">08:03:45</abbr></a>] <span>* Akex_ (uid58281@gateway/web/irccloud.com/x-kcfeibgwyhwoytjp) has joined #beagle</span></li>
<li class="quit">[<a href="#T08:07:23" id="T08:07:23"><abbr title="2016-02-02T08:07:23+00:00">08:07:23</abbr></a>] <span>* nofxx (~nofxx@unaffiliated/nofxx) Quit (Ping timeout: 264 seconds)</span></li>
<li class="quit">[<a href="#T08:19:16" id="T08:19:16"><abbr title="2016-02-02T08:19:16+00:00">08:19:16</abbr></a>] <span>* SpeedEvil (~quassel@tor/regular/SpeedEvil) Quit (Ping timeout: 248 seconds)</span></li>
<li class="join">[<a href="#T08:21:13" id="T08:21:13"><abbr title="2016-02-02T08:21:13+00:00">08:21:13</abbr></a>] <span>* florian (~fuchs@Maemo/community/contributor/florian) has joined #beagle</span></li>
<li class="quit">[<a href="#T08:22:10" id="T08:22:10"><abbr title="2016-02-02T08:22:10+00:00">08:22:10</abbr></a>] <span>* NulL` (~bleh1@87.254.83.8) Quit (Ping timeout: 245 seconds)</span></li>
<li class="join">[<a href="#T08:23:25" id="T08:23:25"><abbr title="2016-02-02T08:23:25+00:00">08:23:25</abbr></a>] <span>* serg_stetsuk (~serg@16-12-132-95.pool.ukrtel.net) has joined #beagle</span></li>
<li class="join">[<a href="#T08:31:44" id="T08:31:44"><abbr title="2016-02-02T08:31:44+00:00">08:31:44</abbr></a>] <span>* AxonetBE (~anonymous@d51530F99.static.telenet.be) has joined #beagle</span></li>
<li class="join">[<a href="#T08:31:52" id="T08:31:52"><abbr title="2016-02-02T08:31:52+00:00">08:31:52</abbr></a>] <span>* ppisati (~ppisati@2-230-238-136.ip204.fastwebnet.it) has joined #beagle</span></li>
<li class="quit">[<a href="#T08:33:49" id="T08:33:49"><abbr title="2016-02-02T08:33:49+00:00">08:33:49</abbr></a>] <span>* c10ud^ (~c10ud@emesene/dictator/c10ud) Quit (Read error: Connection reset by peer)</span></li>
<li class="join">[<a href="#T08:35:18" id="T08:35:18"><abbr title="2016-02-02T08:35:18+00:00">08:35:18</abbr></a>] <span>* dwery (~dwery@nslu2-linux/dwery) has joined #beagle</span></li>
<li class="message">[<a href="#T08:40:38" id="T08:40:38"><abbr title="2016-02-02T08:40:38+00:00">08:40:38</abbr></a>] &lt;<cite>poffs</cite>&gt; <q>is it possible to put a second ethernet connection on a BBB? need details on driver requirements, too, if possible... hoping to use it with openbsd to make my BBB into a PF firewall</q></li>
<li class="message">[<a href="#T08:41:18" id="T08:41:18"><abbr title="2016-02-02T08:41:18+00:00">08:41:18</abbr></a>] &lt;<cite>Defiant</cite>&gt; <q>poffs: USB?</q></li>
<li class="message">[<a href="#T08:41:52" id="T08:41:52"><abbr title="2016-02-02T08:41:52+00:00">08:41:52</abbr></a>] &lt;<cite>poffs</cite>&gt; <q>Defiant, i never considered that option. yes it is an option for me. my usb port is not being used.</q></li>
<li class="join">[<a href="#T08:43:04" id="T08:43:04"><abbr title="2016-02-02T08:43:04+00:00">08:43:04</abbr></a>] <span>* tomeff (~tomeff@ip-89-176-75-234.net.upcbroadband.cz) has joined #beagle</span></li>
<li class="join">[<abbr title="2016-02-02T08:43:04+00:00">08:43:04</abbr>] <span>* tomeff (~tomeff@ip-89-176-75-234.net.upcbroadband.cz) has joined #beagleboard</span></li>
<li class="join">[<abbr title="2016-02-02T08:43:04+00:00">08:43:04</abbr>] <span>* tomeff (~tomeff@ip-89-176-75-234.net.upcbroadband.cz) has joined #beaglebone</span></li>
<li class="message">[<a href="#T08:44:45" id="T08:44:45"><abbr title="2016-02-02T08:44:45+00:00">08:44:45</abbr></a>] &lt;<cite>poffs</cite>&gt; <q>gonna hit up #openbsd asking about usb ethernet drivers</q></li>
<li class="message">[<a href="#T08:45:22" id="T08:45:22"><abbr title="2016-02-02T08:45:22+00:00">08:45:22</abbr></a>] &lt;<cite>Defiant</cite>&gt; <q>poffs: did you check if the usb port works under openbsd?</q></li>
<li class="message">[<a href="#T08:45:56" id="T08:45:56"><abbr title="2016-02-02T08:45:56+00:00">08:45:56</abbr></a>] &lt;<cite>poffs</cite>&gt; <q>no lol</q></li>
<li class="message">[<a href="#T08:50:54" id="T08:50:54"><abbr title="2016-02-02T08:50:54+00:00">08:50:54</abbr></a>] &lt;<cite>tbr</cite>&gt; <q>also performance will be rather limited</q></li>
<li class="quit">[<a href="#T08:52:06" id="T08:52:06"><abbr title="2016-02-02T08:52:06+00:00">08:52:06</abbr></a>] <span>* divine (~divine@2001:470:8247:1::42) Quit (Ping timeout: 240 seconds)</span></li>
<li class="quit">[<a href="#T08:53:14" id="T08:53:14"><abbr title="2016-02-02T08:53:14+00:00">08:53:14</abbr></a>] <span>* arianepaola_ (~ariane@unaffiliated/arianepaola) Quit (Ping timeout: 250 seconds)</span></li>
<li class="join">[<a href="#T08:55:20" id="T08:55:20"><abbr title="2016-02-02T08:55:20+00:00">08:55:20</abbr></a>] <span>* arianepaola (~ariane@unaffiliated/arianepaola) has joined #beagle</span></li>
<li class="join">[<a href="#T08:58:10" id="T08:58:10"><abbr title="2016-02-02T08:58:10+00:00">08:58:10</abbr></a>] <span>* SpeedEvil (~quassel@tor/regular/SpeedEvil) has joined #beagle</span></li>
<li class="quit">[<a href="#T08:59:06" id="T08:59:06"><abbr title="2016-02-02T08:59:06+00:00">08:59:06</abbr></a>] <span>* wgrant (~wgrant@ubuntu/member/wgrant) Quit (Ping timeout: 240 seconds)</span></li>
<li class="join">[<a href="#T08:59:42" id="T08:59:42"><abbr title="2016-02-02T08:59:42+00:00">08:59:42</abbr></a>] <span>* c10ud^ (~c10ud@emesene/dictator/c10ud) has joined #beagle</span></li>
<li class="join">[<a href="#T09:02:46" id="T09:02:46"><abbr title="2016-02-02T09:02:46+00:00">09:02:46</abbr></a>] <span>* wgrant (~wgrant@ubuntu/member/wgrant) has joined #beagle</span></li>
<li class="join">[<a href="#T09:53:58" id="T09:53:58"><abbr title="2016-02-02T09:53:58+00:00">09:53:58</abbr></a>] <span>* serg__ (~serg@7-46-132-95.pool.ukrtel.net) has joined #beagle</span></li>
<li class="quit">[<a href="#T09:53:59" id="T09:53:59"><abbr title="2016-02-02T09:53:59+00:00">09:53:59</abbr></a>] <span>* serg_stetsuk (~serg@16-12-132-95.pool.ukrtel.net) Quit (Read error: Connection reset by peer)</span></li>
<li class="quit">[<a href="#T09:57:56" id="T09:57:56"><abbr title="2016-02-02T09:57:56+00:00">09:57:56</abbr></a>] <span>* Ceriand|desktop (~Ceriand@unaffiliated/ceriand) Quit (Quit: Leaving.)</span></li>
<li class="join">[<a href="#T09:58:00" id="T09:58:00"><abbr title="2016-02-02T09:58:00+00:00">09:58:00</abbr></a>] <span>* panto (~panto@lan.nucleusys.com) has joined #beagle</span></li>
<li class="quit">[<a href="#T09:58:17" id="T09:58:17"><abbr title="2016-02-02T09:58:17+00:00">09:58:17</abbr></a>] <span>* panto (~panto@lan.nucleusys.com) Quit (Remote host closed the connection)</span></li>
<li class="join">[<a href="#T09:59:03" id="T09:59:03"><abbr title="2016-02-02T09:59:03+00:00">09:59:03</abbr></a>] <span>* c10ud^^ (~c10ud@emesene/dictator/c10ud) has joined #beagle</span></li>
<li class="join">[<a href="#T10:00:58" id="T10:00:58"><abbr title="2016-02-02T10:00:58+00:00">10:00:58</abbr></a>] <span>* panto (~panto@lan.nucleusys.com) has joined #beagle</span></li>
<li class="quit">[<a href="#T10:02:35" id="T10:02:35"><abbr title="2016-02-02T10:02:35+00:00">10:02:35</abbr></a>] <span>* c10ud^ (~c10ud@emesene/dictator/c10ud) Quit (Ping timeout: 276 seconds)</span></li>
<li class="join">[<a href="#T10:32:41" id="T10:32:41"><abbr title="2016-02-02T10:32:41+00:00">10:32:41</abbr></a>] <span>* conman_ (ca81f094@gateway/web/freenode/ip.202.129.240.148) has joined #beagle</span></li>
<li class="message">[<a href="#T10:32:53" id="T10:32:53"><abbr title="2016-02-02T10:32:53+00:00">10:32:53</abbr></a>] &lt;<cite>conman_</cite>&gt; <q>hey i am a noob here</q></li>
<li class="message">[<a href="#T10:33:11" id="T10:33:11"><abbr title="2016-02-02T10:33:11+00:00">10:33:11</abbr></a>] &lt;<cite>conman_</cite>&gt; <q> want to know how to connect camera cape with bbb</q></li>
<li class="quit">[<a href="#T10:33:47" id="T10:33:47"><abbr title="2016-02-02T10:33:47+00:00">10:33:47</abbr></a>] <span>* Bumsik (~Thunderbi@nat-130-245-193-68.resnet.stonybrook.edu) Quit (Quit: Bumsik)</span></li>
<li class="message">[<a href="#T10:34:22" id="T10:34:22"><abbr title="2016-02-02T10:34:22+00:00">10:34:22</abbr></a>] &lt;<cite>tbr</cite>&gt; <q>I think the camera cape might need hw modifications, depending on hw revision</q></li>
<li class="message">[<a href="#T10:35:30" id="T10:35:30"><abbr title="2016-02-02T10:35:30+00:00">10:35:30</abbr></a>] &lt;<cite>conman_</cite>&gt; <q>what kind of modification?</q></li>
<li class="message">[<a href="#T10:35:47" id="T10:35:47"><abbr title="2016-02-02T10:35:47+00:00">10:35:47</abbr></a>] &lt;<cite>tbr</cite>&gt; <q>"Note: This cape is functional with BeagleBone Black but requires boot from SD card."</q></li>
<li class="message">[<a href="#T10:35:49" id="T10:35:49"><abbr title="2016-02-02T10:35:49+00:00">10:35:49</abbr></a>] &lt;<cite>conman_</cite>&gt; <q>its the same camera cape thats been provided by BBB</q></li>
<li class="message">[<a href="#T10:37:08" id="T10:37:08"><abbr title="2016-02-02T10:37:08+00:00">10:37:08</abbr></a>] &lt;<cite>conman_</cite>&gt; <q>yeah i am using debian OS... and booting from sd card as well</q></li>
<li class="message">[<a href="#T10:37:39" id="T10:37:39"><abbr title="2016-02-02T10:37:39+00:00">10:37:39</abbr></a>] &lt;<cite>conman_</cite>&gt; <q>i dont know weather the camera cape is functional or not!</q></li>
<li class="message">[<a href="#T10:37:51" id="T10:37:51"><abbr title="2016-02-02T10:37:51+00:00">10:37:51</abbr></a>] &lt;<cite>conman_</cite>&gt; <q>how to check if it is working fine?</q></li>
<li class="message">[<a href="#T10:38:16" id="T10:38:16"><abbr title="2016-02-02T10:38:16+00:00">10:38:16</abbr></a>] &lt;<cite>conman_</cite>&gt; <q>and yeah i am using 5v 2amp adapter to power up BBB</q></li>
<li class="message">[<a href="#T10:39:07" id="T10:39:07"><abbr title="2016-02-02T10:39:07+00:00">10:39:07</abbr></a>] &lt;<cite>tbr</cite>&gt; <q>you could try if an old angstrom image works with it</q></li>
<li class="message">[<a href="#T10:39:28" id="T10:39:28"><abbr title="2016-02-02T10:39:28+00:00">10:39:28</abbr></a>] &lt;<cite>conman_</cite>&gt; <q>i tried with it, but it doesnt</q></li>
<li class="message">[<abbr title="2016-02-02T10:39:28+00:00">10:39:28</abbr>] &lt;<cite>tbr</cite>&gt; <q>not sure if the current debian images work, there you should check for DT overlays</q></li>
<li class="message">[<a href="#T10:40:01" id="T10:40:01"><abbr title="2016-02-02T10:40:01+00:00">10:40:01</abbr></a>] &lt;<cite>conman_</cite>&gt; <q>moreover i have been provided with the driver cd which contains:</q></li>
<li class="message">[<a href="#T10:40:05" id="T10:40:05"><abbr title="2016-02-02T10:40:05+00:00">10:40:05</abbr></a>] &lt;<cite>conman_</cite>&gt; <q>drivers</q></li>
<li class="message">[<a href="#T10:40:23" id="T10:40:23"><abbr title="2016-02-02T10:40:23+00:00">10:40:23</abbr></a>] &lt;<cite>conman_</cite>&gt; <q>as well as os prebuilt image for the same</q></li>
<li class="message">[<a href="#T10:40:39" id="T10:40:39"><abbr title="2016-02-02T10:40:39+00:00">10:40:39</abbr></a>] &lt;<cite>tbr</cite>&gt; <q>well, just use that then</q></li>
<li class="message">[<a href="#T10:40:49" id="T10:40:49"><abbr title="2016-02-02T10:40:49+00:00">10:40:49</abbr></a>] &lt;<cite>conman_</cite>&gt; <q>but it doesnot support USB so i m not able to access any of the thing</q></li>
<li class="message">[<a href="#T10:40:55" id="T10:40:55"><abbr title="2016-02-02T10:40:55+00:00">10:40:55</abbr></a>] &lt;<cite>tbr</cite>&gt; <q>if you need more info about the HW, look at the SRM file:///home/dm8tbr/Downloads/BeagleBone-3.1MP-Camera-RevA2-srm.pdf</q></li>
<li class="message">[<a href="#T10:40:58" id="T10:40:58"><abbr title="2016-02-02T10:40:58+00:00">10:40:58</abbr></a>] &lt;<cite>tbr</cite>&gt; <q>err</q></li>
<li class="message">[<a href="#T10:41:09" id="T10:41:09"><abbr title="2016-02-02T10:41:09+00:00">10:41:09</abbr></a>] &lt;<cite>tbr</cite>&gt; <q><a href="https://github.com/CircuitCo/BeagleBone-3.1MP-Camera/blob/master/BeagleBone-3.1MP-Camera-RevA2-srm.pdf?raw=true">https://github.com/CircuitCo/BeagleBone-3.1MP-Camera/blob/master/BeagleBone-3.1MP-Camera-RevA2-srm.pdf?raw=true</a></q></li>
<li class="join">[<a href="#T10:41:39" id="T10:41:39"><abbr title="2016-02-02T10:41:39+00:00">10:41:39</abbr></a>] <span>* Angs (~ubuntu@85.235.3.54) has joined #beagle</span></li>
<li class="join">[<a href="#T10:51:00" id="T10:51:00"><abbr title="2016-02-02T10:51:00+00:00">10:51:00</abbr></a>] <span>* Bumsik (~Thunderbi@nat-130-245-193-68.resnet.stonybrook.edu) has joined #beagle</span></li>
<li class="quit">[<a href="#T10:54:44" id="T10:54:44"><abbr title="2016-02-02T10:54:44+00:00">10:54:44</abbr></a>] <span>* Bumsik (~Thunderbi@nat-130-245-193-68.resnet.stonybrook.edu) Quit (Client Quit)</span></li>
<li class="quit">[<a href="#T10:55:54" id="T10:55:54"><abbr title="2016-02-02T10:55:54+00:00">10:55:54</abbr></a>] <span>* das (~das@232.5.80.79.rev.sfr.net) Quit (Ping timeout: 265 seconds)</span></li>
<li class="join">[<a href="#T10:56:51" id="T10:56:51"><abbr title="2016-02-02T10:56:51+00:00">10:56:51</abbr></a>] <span>* Bumsik (~Thunderbi@nat-130-245-193-68.resnet.stonybrook.edu) has joined #beagle</span></li>
