<li class="join">[<a href="#T00:00:54" id="T00:00:54"><abbr title="2017-12-22T00:00:54+00:00">00:00:54</abbr></a>] <span>* BeagleBot (~PircBot@52.26.75.20) has joined #beagle</span></li>
<li class="topic">[<abbr title="2017-12-22T00:00:54+00:00">00:00:54</abbr>] <span>* Topic is '<a href="http://bbb.io/chat">http://bbb.io/chat</a> has a guide on how to ask questions and links to the logs | never ask to ask, just ask | be patient | pastebin a boot log | <a href="http://bbb.io/boot">http://bbb.io/boot</a> | <a href="http://bbb.io/start">http://bbb.io/start</a> | <a href="http://bbb.io/latest">http://bbb.io/latest</a> | <a href="http://bbb.io/bone101">http://bbb.io/bone101</a> | books: <a href="http://bbb.io/books'">http://bbb.io/books'</a></span></li>
<li class="topic">[<abbr title="2017-12-22T00:00:54+00:00">00:00:54</abbr>] <span>* Set by jkridner!~jkridner@pdpc/supporter/active/jkridner on Wed May 24 15:57:17 UTC 2017</span></li>
<li class="join">[<abbr title="2017-12-22T00:00:54+00:00">00:00:54</abbr>] <span>* BeagleBot (~PircBot@52.26.75.20) has joined #beagleboard</span></li>
<li class="join">[<abbr title="2017-12-22T00:00:54+00:00">00:00:54</abbr>] <span>* BeagleBot (~PircBot@52.26.75.20) has joined #beaglebone</span></li>
<li class="quit">[<a href="#T00:02:56" id="T00:02:56"><abbr title="2017-12-22T00:02:56+00:00">00:02:56</abbr></a>] <span>* florian (~florian_k@Maemo/community/contributor/florian) Quit (Ping timeout: 240 seconds)</span></li>
<li class="quit">[<a href="#T00:32:49" id="T00:32:49"><abbr title="2017-12-22T00:32:49+00:00">00:32:49</abbr></a>] <span>* GenTooMan (~cyberman@2601:547:4380:2fe0:21f:d0ff:fe26:7344) Quit (Ping timeout: 265 seconds)</span></li>
<li class="join">[<a href="#T00:43:00" id="T00:43:00"><abbr title="2017-12-22T00:43:00+00:00">00:43:00</abbr></a>] <span>* jjulian_ (~jjulian@93.181.11.187) has joined #beaglebone</span></li>
<li class="quit">[<a href="#T00:45:26" id="T00:45:26"><abbr title="2017-12-22T00:45:26+00:00">00:45:26</abbr></a>] <span>* jjulian (~jjulian@i5DB50FF8.pool.tripleplugandplay.com) Quit (Ping timeout: 240 seconds)</span></li>
<li class="join">[<a href="#T00:57:27" id="T00:57:27"><abbr title="2017-12-22T00:57:27+00:00">00:57:27</abbr></a>] <span>* maxton_ (~maxton@129.10.9.100) has joined #beagle</span></li>
<li class="quit">[<a href="#T01:01:50" id="T01:01:50"><abbr title="2017-12-22T01:01:50+00:00">01:01:50</abbr></a>] <span>* maxton (~maxton@155.33.77.248) Quit (Ping timeout: 272 seconds)</span></li>
<li class="quit">[<a href="#T01:05:08" id="T01:05:08"><abbr title="2017-12-22T01:05:08+00:00">01:05:08</abbr></a>] <span>* NulL`` (~bleh1@92.39.198.220) Quit (Ping timeout: 252 seconds)</span></li>
<li class="join">[<a href="#T01:07:33" id="T01:07:33"><abbr title="2017-12-22T01:07:33+00:00">01:07:33</abbr></a>] <span>* nighty-- (~nighty@kyotolabs.asahinet.com) has joined #beagleboard</span></li>
<li class="join">[<a href="#T01:08:04" id="T01:08:04"><abbr title="2017-12-22T01:08:04+00:00">01:08:04</abbr></a>] <span>* DvD (57073b67@gateway/web/freenode/ip.87.7.59.103) has joined #beagle</span></li>
<li class="nick-change">[<a href="#T01:08:28" id="T01:08:28"><abbr title="2017-12-22T01:08:28+00:00">01:08:28</abbr></a>] <span>* DvD is now known as Guest7931</span></li>
<li class="quit">[<a href="#T01:12:45" id="T01:12:45"><abbr title="2017-12-22T01:12:45+00:00">01:12:45</abbr></a>] <span>* Guest7931 (57073b67@gateway/web/freenode/ip.87.7.59.103) Quit (Ping timeout: 260 seconds)</span></li>
<li class="quit">[<a href="#T01:16:14" id="T01:16:14"><abbr title="2017-12-22T01:16:14+00:00">01:16:14</abbr></a>] <span>* nighty- (~nighty@s229123.ppp.asahi-net.or.jp) Quit (Remote host closed the connection)</span></li>
<li class="join">[<a href="#T01:38:40" id="T01:38:40"><abbr title="2017-12-22T01:38:40+00:00">01:38:40</abbr></a>] <span>* vagrantc (~vagrant@unaffiliated/vagrantc) has joined #beagle</span></li>
<li class="quit">[<a href="#T01:44:50" id="T01:44:50"><abbr title="2017-12-22T01:44:50+00:00">01:44:50</abbr></a>] <span>* overlord_tm (~andraz@89-212-104-188.dynamic.t-2.net) Quit (Ping timeout: 265 seconds)</span></li>
<li class="quit">[<a href="#T02:00:00" id="T02:00:00"><abbr title="2017-12-22T02:00:00+00:00">02:00:00</abbr></a>] <span>* Guest38498 (ad15c3aa@gateway/web/freenode/ip.173.21.195.170) Quit (Ping timeout: 260 seconds)</span></li>
<li class="join">[<a href="#T02:12:04" id="T02:12:04"><abbr title="2017-12-22T02:12:04+00:00">02:12:04</abbr></a>] <span>* GenTooMan (~cyberman@2601:547:4380:2fe0:21f:d0ff:fe26:7344) has joined #beagle</span></li>
<li class="quit">[<a href="#T02:31:11" id="T02:31:11"><abbr title="2017-12-22T02:31:11+00:00">02:31:11</abbr></a>] <span>* Humpelstilzchen (erik@p4FD030E9.dip0.t-ipconnect.de) Quit (Ping timeout: 264 seconds)</span></li>
<li class="join">[<a href="#T02:36:26" id="T02:36:26"><abbr title="2017-12-22T02:36:26+00:00">02:36:26</abbr></a>] <span>* Humpelstilzchen (erik@p4FD03727.dip0.t-ipconnect.de) has joined #beagle</span></li>
<li class="quit">[<a href="#T02:37:56" id="T02:37:56"><abbr title="2017-12-22T02:37:56+00:00">02:37:56</abbr></a>] <span>* knttl (~knttl@dyndsl-091-096-248-156.ewe-ip-backbone.de) Quit (Ping timeout: 240 seconds)</span></li>
<li class="join">[<a href="#T02:40:20" id="T02:40:20"><abbr title="2017-12-22T02:40:20+00:00">02:40:20</abbr></a>] <span>* knttl (~knttl@dyndsl-091-096-131-152.ewe-ip-backbone.de) has joined #beagle</span></li>
<li class="join">[<a href="#T02:44:02" id="T02:44:02"><abbr title="2017-12-22T02:44:02+00:00">02:44:02</abbr></a>] <span>* Guiri (~Anonymous@unaffiliated/guiri) has joined #beagleboard</span></li>
<li class="join">[<a href="#T02:44:40" id="T02:44:40"><abbr title="2017-12-22T02:44:40+00:00">02:44:40</abbr></a>] <span>* Guiri (~Anonymous@unaffiliated/guiri) has joined #beagle</span></li>
<li class="part">[<a href="#T02:44:44" id="T02:44:44"><abbr title="2017-12-22T02:44:44+00:00">02:44:44</abbr></a>] <span>* Guiri (~Anonymous@unaffiliated/guiri) has left #beagleboard</span></li>
<li class="quit">[<a href="#T02:52:57" id="T02:52:57"><abbr title="2017-12-22T02:52:57+00:00">02:52:57</abbr></a>] <span>* RenHoek (~dwhite@dsl-dhcp-conrtxxahrg-209-169-103-39.consolidated.net) Quit (Remote host closed the connection)</span></li>
<li class="join">[<a href="#T03:07:27" id="T03:07:27"><abbr title="2017-12-22T03:07:27+00:00">03:07:27</abbr></a>] <span>* RenHoek (~dwhite@dsl-dhcp-conrtxxahrg-209-169-103-39.consolidated.net) has joined #beaglebone</span></li>
<li class="join">[<a href="#T03:09:04" id="T03:09:04"><abbr title="2017-12-22T03:09:04+00:00">03:09:04</abbr></a>] <span>* Dunedan (~dunedan@unaffiliated/dunedan) has joined #beagle</span></li>
<li class="quit">[<a href="#T03:11:25" id="T03:11:25"><abbr title="2017-12-22T03:11:25+00:00">03:11:25</abbr></a>] <span>* vagrantc (~vagrant@unaffiliated/vagrantc) Quit (Quit: leaving)</span></li>
<li class="quit">[<a href="#T03:12:48" id="T03:12:48"><abbr title="2017-12-22T03:12:48+00:00">03:12:48</abbr></a>] <span>* Dunedan_ (~dunedan@unaffiliated/dunedan) Quit (Ping timeout: 265 seconds)</span></li>
<li class="join">[<a href="#T03:53:26" id="T03:53:26"><abbr title="2017-12-22T03:53:26+00:00">03:53:26</abbr></a>] <span>* puzzles (~puzzles@c-73-160-247-47.hsd1.nj.comcast.net) has joined #beagle</span></li>
<li class="join">[<a href="#T04:17:03" id="T04:17:03"><abbr title="2017-12-22T04:17:03+00:00">04:17:03</abbr></a>] <span>* ktchk (~eddie6929@168.70.72.177) has joined #beagle</span></li>
<li class="quit">[<a href="#T04:18:11" id="T04:18:11"><abbr title="2017-12-22T04:18:11+00:00">04:18:11</abbr></a>] <span>* rizzo (~RizzoTheR@p4FFED909.dip0.t-ipconnect.de) Quit (Ping timeout: 252 seconds)</span></li>
<li class="quit">[<a href="#T04:20:44" id="T04:20:44"><abbr title="2017-12-22T04:20:44+00:00">04:20:44</abbr></a>] <span>* GenTooMan (~cyberman@2601:547:4380:2fe0:21f:d0ff:fe26:7344) Quit (Quit: Leaving)</span></li>
<li class="quit">[<a href="#T04:46:55" id="T04:46:55"><abbr title="2017-12-22T04:46:55+00:00">04:46:55</abbr></a>] <span>* Belxjander (~Belxjande@sourcemage/Mage/Abh-Elementalist) Quit (Ping timeout: 256 seconds)</span></li>
<li class="join">[<a href="#T04:54:06" id="T04:54:06"><abbr title="2017-12-22T04:54:06+00:00">04:54:06</abbr></a>] <span>* Belxjander (~Belxjande@sourcemage/Mage/Abh-Elementalist) has joined #beaglebone</span></li>
<li class="quit">[<a href="#T05:00:03" id="T05:00:03"><abbr title="2017-12-22T05:00:03+00:00">05:00:03</abbr></a>] <span>* Shadyman (~matthew@unaffiliated/shadyman) Quit (Quit: Leaving.)</span></li>
<li class="join">[<a href="#T05:01:57" id="T05:01:57"><abbr title="2017-12-22T05:01:57+00:00">05:01:57</abbr></a>] <span>* Shadyman (~matthew@unaffiliated/shadyman) has joined #beagle</span></li>
<li class="part">[<a href="#T05:07:21" id="T05:07:21"><abbr title="2017-12-22T05:07:21+00:00">05:07:21</abbr></a>] <span>* puzzles (~puzzles@c-73-160-247-47.hsd1.nj.comcast.net) has left #beagle</span></li>
<li class="join">[<a href="#T05:07:26" id="T05:07:26"><abbr title="2017-12-22T05:07:26+00:00">05:07:26</abbr></a>] <span>* puzzles (~puzzles@c-73-160-247-47.hsd1.nj.comcast.net) has joined #beagle</span></li>
<li class="quit">[<a href="#T05:15:29" id="T05:15:29"><abbr title="2017-12-22T05:15:29+00:00">05:15:29</abbr></a>] <span>* navidr (uid112413@gateway/web/irccloud.com/x-vxbcwlxynueptsik) Quit (Quit: Connection closed for inactivity)</span></li>
<li class="quit">[<a href="#T05:28:51" id="T05:28:51"><abbr title="2017-12-22T05:28:51+00:00">05:28:51</abbr></a>] <span>* ktchk (~eddie6929@168.70.72.177) Quit (Remote host closed the connection)</span></li>
<li class="join">[<a href="#T06:13:19" id="T06:13:19"><abbr title="2017-12-22T06:13:19+00:00">06:13:19</abbr></a>] <span>* Ceriand|desktop (~Ceriand@unaffiliated/ceriand) has joined #beagle</span></li>
<li class="quit">[<a href="#T06:13:37" id="T06:13:37"><abbr title="2017-12-22T06:13:37+00:00">06:13:37</abbr></a>] <span>* Belxjander (~Belxjande@sourcemage/Mage/Abh-Elementalist) Quit (Ping timeout: 256 seconds)</span></li>
<li class="join">[<a href="#T06:15:37" id="T06:15:37"><abbr title="2017-12-22T06:15:37+00:00">06:15:37</abbr></a>] <span>* Belxjander (~Belxjande@sourcemage/Mage/Abh-Elementalist) has joined #beaglebone</span></li>
<li class="join">[<a href="#T07:11:01" id="T07:11:01"><abbr title="2017-12-22T07:11:01+00:00">07:11:01</abbr></a>] <span>* LarreaMikel (~Thunderbi@158.227.0.241) has joined #beagle</span></li>
<li class="quit">[<a href="#T07:11:04" id="T07:11:04"><abbr title="2017-12-22T07:11:04+00:00">07:11:04</abbr></a>] <span>* maxton_ (~maxton@129.10.9.100) Quit (Ping timeout: 272 seconds)</span></li>
<li class="join">[<a href="#T07:12:07" id="T07:12:07"><abbr title="2017-12-22T07:12:07+00:00">07:12:07</abbr></a>] <span>* thinkfat (~matze@p4FEBA777.dip0.t-ipconnect.de) has joined #beagle</span></li>
<li class="join">[<a href="#T07:13:44" id="T07:13:44"><abbr title="2017-12-22T07:13:44+00:00">07:13:44</abbr></a>] <span>* yegorich (~yegorich@mail.visionsystems.de) has joined #beagle</span></li>
<li class="join">[<a href="#T07:16:46" id="T07:16:46"><abbr title="2017-12-22T07:16:46+00:00">07:16:46</abbr></a>] <span>* maxton (~maxton@155.33.78.170) has joined #beagle</span></li>
<li class="quit">[<a href="#T07:19:25" id="T07:19:25"><abbr title="2017-12-22T07:19:25+00:00">07:19:25</abbr></a>] <span>* thinkfat (~matze@p4FEBA777.dip0.t-ipconnect.de) Quit (Quit: Konversation terminated!)</span></li>
<li class="join">[<a href="#T07:19:59" id="T07:19:59"><abbr title="2017-12-22T07:19:59+00:00">07:19:59</abbr></a>] <span>* NulL` (~bleh1@92.39.198.220) has joined #beagle</span></li>
<li class="join">[<a href="#T07:29:08" id="T07:29:08"><abbr title="2017-12-22T07:29:08+00:00">07:29:08</abbr></a>] <span>* chomwitt (~chomwitt@2a02:587:dc08:a00:5d62:de18:5084:4933) has joined #beagle</span></li>
<li class="join">[<a href="#T07:39:41" id="T07:39:41"><abbr title="2017-12-22T07:39:41+00:00">07:39:41</abbr></a>] <span>* c10ud (~c10ud@emesene/dictator/c10ud) has joined #beagle</span></li>
<li class="join">[<a href="#T07:41:20" id="T07:41:20"><abbr title="2017-12-22T07:41:20+00:00">07:41:20</abbr></a>] <span>* nerienna (~nerienna@p5498E2DC.dip0.t-ipconnect.de) has joined #beagle</span></li>
<li class="join">[<a href="#T07:54:17" id="T07:54:17"><abbr title="2017-12-22T07:54:17+00:00">07:54:17</abbr></a>] <span>* Nick123 (5bc9721c@gateway/web/freenode/ip.91.201.114.28) has joined #beagle</span></li>
<li class="message">[<a href="#T07:55:35" id="T07:55:35"><abbr title="2017-12-22T07:55:35+00:00">07:55:35</abbr></a>] &lt;<cite>Nick123</cite>&gt; <q>Hi. I got a problem with eth0 on BBB. Can somebody help with fixing it or understanding it deeper?</q></li>
<li class="quit">[<a href="#T08:00:25" id="T08:00:25"><abbr title="2017-12-22T08:00:25+00:00">08:00:25</abbr></a>] <span>* c10ud (~c10ud@emesene/dictator/c10ud) Quit (Ping timeout: 240 seconds)</span></li>
<li class="join">[<a href="#T08:01:43" id="T08:01:43"><abbr title="2017-12-22T08:01:43+00:00">08:01:43</abbr></a>] <span>* c10ud (~c10ud@emesene/dictator/c10ud) has joined #beagle</span></li>
<li class="join">[<a href="#T08:11:37" id="T08:11:37"><abbr title="2017-12-22T08:11:37+00:00">08:11:37</abbr></a>] <span>* Akex_ (~Akex_@tou07-2-78-225-57-119.fbx.proxad.net) has joined #beagle</span></li>
<li class="quit">[<a href="#T08:13:18" id="T08:13:18"><abbr title="2017-12-22T08:13:18+00:00">08:13:18</abbr></a>] <span>* NulL` (~bleh1@92.39.198.220) Quit (Ping timeout: 240 seconds)</span></li>
<li class="join">[<a href="#T08:28:17" id="T08:28:17"><abbr title="2017-12-22T08:28:17+00:00">08:28:17</abbr></a>] <span>* Ionakka (~ionakka@62.183.198.241) has joined #beagle</span></li>
<li class="join">[<a href="#T08:44:35" id="T08:44:35"><abbr title="2017-12-22T08:44:35+00:00">08:44:35</abbr></a>] <span>* florian (~florian_k@Maemo/community/contributor/florian) has joined #beagle</span></li>
<li class="quit">[<a href="#T08:49:37" id="T08:49:37"><abbr title="2017-12-22T08:49:37+00:00">08:49:37</abbr></a>] <span>* marcheu (~marcheu@annarchy.freedesktop.org) Quit (Remote host closed the connection)</span></li>
<li class="join">[<a href="#T08:51:11" id="T08:51:11"><abbr title="2017-12-22T08:51:11+00:00">08:51:11</abbr></a>] <span>* lyakh (~lyakh@cable-84-44-207-202.netcologne.de) has joined #beagle</span></li>
<li class="join">[<a href="#T08:58:12" id="T08:58:12"><abbr title="2017-12-22T08:58:12+00:00">08:58:12</abbr></a>] <span>* Paul_ (cb90da03@gateway/web/freenode/ip.203.144.218.3) has joined #beagle</span></li>
<li class="message">[<a href="#T08:58:39" id="T08:58:39"><abbr title="2017-12-22T08:58:39+00:00">08:58:39</abbr></a>] &lt;<cite>Paul_</cite>&gt; <q>help</q></li>
<li class="quit">[<a href="#T08:59:49" id="T08:59:49"><abbr title="2017-12-22T08:59:49+00:00">08:59:49</abbr></a>] <span>* schuyler (~schuyler@192.91.101.31) Quit (Remote host closed the connection)</span></li>
<li class="message">[<a href="#T08:59:51" id="T08:59:51"><abbr title="2017-12-22T08:59:51+00:00">08:59:51</abbr></a>] &lt;<cite>Paul_</cite>&gt; <q>I wonder that the pinout of beaglebone black between the webpage and manual guide are different?</q></li>
<li class="join">[<a href="#T09:00:13" id="T09:00:13"><abbr title="2017-12-22T09:00:13+00:00">09:00:13</abbr></a>] <span>* schuyler (~schuyler@192.91.75.30) has joined #beagle</span></li>
<li class="message">[<a href="#T09:02:10" id="T09:02:10"><abbr title="2017-12-22T09:02:10+00:00">09:02:10</abbr></a>] &lt;<cite>Paul_</cite>&gt; <q>Why the pinout name of beaglebone black between webpage and manual pdf are different?</q></li>
<li class="message">[<a href="#T09:03:51" id="T09:03:51"><abbr title="2017-12-22T09:03:51+00:00">09:03:51</abbr></a>] &lt;<cite>Paul_</cite>&gt; <q>For example, pin number P8_21 shows on website is GPIO_62, but in the manual guide shows GPIO1_30 ???</q></li>
<li class="quit">[<a href="#T09:05:04" id="T09:05:04"><abbr title="2017-12-22T09:05:04+00:00">09:05:04</abbr></a>] <span>* Paul_ (cb90da03@gateway/web/freenode/ip.203.144.218.3) Quit (Quit: Page closed)</span></li>
<li class="join">[<a href="#T09:05:32" id="T09:05:32"><abbr title="2017-12-22T09:05:32+00:00">09:05:32</abbr></a>] <span>* Paul_ (cb90da03@gateway/web/freenode/ip.203.144.218.3) has joined #beagle</span></li>
<li class="message">[<a href="#T09:05:39" id="T09:05:39"><abbr title="2017-12-22T09:05:39+00:00">09:05:39</abbr></a>] &lt;<cite>tbr</cite>&gt; <q>hohum, really?</q></li>
<li class="message">[<a href="#T09:06:10" id="T09:06:10"><abbr title="2017-12-22T09:06:10+00:00">09:06:10</abbr></a>] &lt;<cite>tbr</cite>&gt; <q>ah that might just be *yet* another numbering scheme</q></li>
<li class="message">[<a href="#T09:06:48" id="T09:06:48"><abbr title="2017-12-22T09:06:48+00:00">09:06:48</abbr></a>] &lt;<cite>Paul_</cite>&gt; <q>What do you mean by another numbering schematic?</q></li>
<li class="join">[<a href="#T09:07:00" id="T09:07:00"><abbr title="2017-12-22T09:07:00+00:00">09:07:00</abbr></a>] <span>* overlord_tm (~andraz@storitve.energetika.net) has joined #beagle</span></li>
<li class="message">[<a href="#T09:08:48" id="T09:08:48"><abbr title="2017-12-22T09:08:48+00:00">09:08:48</abbr></a>] &lt;<cite>Paul_</cite>&gt; <q>This link for manual guide "<a href="https://cdn.sparkfun.com/datasheets/Dev/Beagle/e14%20BBB_SRM_rev%200.9.pdf"">https://cdn.sparkfun.com/datasheets/Dev/Beagle/e14%20BBB_SRM_rev%200.9.pdf"</a></q></li>
<li class="message">[<a href="#T09:09:03" id="T09:09:03"><abbr title="2017-12-22T09:09:03+00:00">09:09:03</abbr></a>] &lt;<cite>Paul_</cite>&gt; <q>and this link for website "<a href="http://beagleboard.org/support/bone101"">http://beagleboard.org/support/bone101"</a></q></li>
<li class="message">[<a href="#T09:09:29" id="T09:09:29"><abbr title="2017-12-22T09:09:29+00:00">09:09:29</abbr></a>] &lt;<cite>Paul_</cite>&gt; <q>Why GPIO pins name are different between 2 sources?</q></li>
<li class="join">[<a href="#T09:10:56" id="T09:10:56"><abbr title="2017-12-22T09:10:56+00:00">09:10:56</abbr></a>] <span>* jpirko (~jirka@89.103.16.224) has joined #beagle</span></li>
<li class="message">[<a href="#T09:11:43" id="T09:11:43"><abbr title="2017-12-22T09:11:43+00:00">09:11:43</abbr></a>] &lt;<cite>tbr</cite>&gt; <q>There are 3 naming conventions at play, at least: P(8|9_XY;  GPIOx_y; GPIO_zzz</q></li>
<li class="quit">[<a href="#T09:12:50" id="T09:12:50"><abbr title="2017-12-22T09:12:50+00:00">09:12:50</abbr></a>] <span>* Nick123 (5bc9721c@gateway/web/freenode/ip.91.201.114.28) Quit (Ping timeout: 260 seconds)</span></li>
<li class="message">[<a href="#T09:12:59" id="T09:12:59"><abbr title="2017-12-22T09:12:59+00:00">09:12:59</abbr></a>] &lt;<cite>tbr</cite>&gt; <q>I suspect the first one to be physical naming on the layout, the second one naming based on the SoC internal banking and logic (see TRM?), while the last one is probably some Linux kernel thing. Just guessing.</q></li>
<li class="message">[<a href="#T09:16:55" id="T09:16:55"><abbr title="2017-12-22T09:16:55+00:00">09:16:55</abbr></a>] &lt;<cite>Paul_</cite>&gt; <q>Thank you, it's very helpful.</q></li>
<li class="quit">[<a href="#T09:33:51" id="T09:33:51"><abbr title="2017-12-22T09:33:51+00:00">09:33:51</abbr></a>] <span>* Ceriand|desktop (~Ceriand@unaffiliated/ceriand) Quit (Ping timeout: 248 seconds)</span></li>
<li class="join">[<a href="#T09:36:05" id="T09:36:05"><abbr title="2017-12-22T09:36:05+00:00">09:36:05</abbr></a>] <span>* Ceriand|desktop (~Ceriand@unaffiliated/ceriand) has joined #beagle</span></li>
<li class="quit">[<a href="#T09:47:42" id="T09:47:42"><abbr title="2017-12-22T09:47:42+00:00">09:47:42</abbr></a>] <span>* Belxjander (~Belxjande@sourcemage/Mage/Abh-Elementalist) Quit (Ping timeout: 248 seconds)</span></li>
<li class="join">[<a href="#T09:50:23" id="T09:50:23"><abbr title="2017-12-22T09:50:23+00:00">09:50:23</abbr></a>] <span>* Belxjander (~Belxjande@sourcemage/Mage/Abh-Elementalist) has joined #beaglebone</span></li>
<li class="message">[<a href="#T10:10:51" id="T10:10:51"><abbr title="2017-12-22T10:10:51+00:00">10:10:51</abbr></a>] &lt;<cite>zmatt</cite>&gt; <q>Paul_: 1*32+30 = 62</q></li>
<li class="message">[<a href="#T10:11:35" id="T10:11:35"><abbr title="2017-12-22T10:11:35+00:00">10:11:35</abbr></a>] &lt;<cite>zmatt</cite>&gt; <q>the first numbering scheme uses "pin 30 of GPIO controller 1", the second numbering scheme numbers all gpios sequentially</q></li>
<li class="message">[<a href="#T10:14:52" id="T10:14:52"><abbr title="2017-12-22T10:14:52+00:00">10:14:52</abbr></a>] &lt;<cite>zmatt</cite>&gt; <q>and what tbr said is correct too, the sequential numbering is what the linux kernel uses</q></li>
<li class="message">[<a href="#T10:15:31" id="T10:15:31"><abbr title="2017-12-22T10:15:31+00:00">10:15:31</abbr></a>] &lt;<cite>Paul_</cite>&gt; <q>I got it, thank you</q></li>
<li class="message">[<a href="#T10:16:45" id="T10:16:45"><abbr title="2017-12-22T10:16:45+00:00">10:16:45</abbr></a>] &lt;<cite>zmatt</cite>&gt; <q>(though actually it doesn't guarantee stable numbering at all, technically you're supposed to look up the base gpio number of a gpio controller via udev or sysfs, not assume it's 32 * gpio controller number)</q></li>
<li class="quit">[<a href="#T10:19:37" id="T10:19:37"><abbr title="2017-12-22T10:19:37+00:00">10:19:37</abbr></a>] <span>* ferdna (~ferdna@cpe-69-23-129-162.elp.res.rr.com) Quit (Quit: Leaving)</span></li>
<li class="message">[<a href="#T10:19:40" id="T10:19:40"><abbr title="2017-12-22T10:19:40+00:00">10:19:40</abbr></a>] &lt;<cite>Paul_</cite>&gt; <q>If I want to use the name in my schematic, which sources should I reference?</q></li>
<li class="message">[<a href="#T10:19:58" id="T10:19:58"><abbr title="2017-12-22T10:19:58+00:00">10:19:58</abbr></a>] &lt;<cite>zmatt</cite>&gt; <q>GPIO1_30</q></li>
<li class="message">[<a href="#T10:20:06" id="T10:20:06"><abbr title="2017-12-22T10:20:06+00:00">10:20:06</abbr></a>] &lt;<cite>Paul_</cite>&gt; <q>OK</q></li>
<li class="quit">[<a href="#T10:21:01" id="T10:21:01"><abbr title="2017-12-22T10:21:01+00:00">10:21:01</abbr></a>] <span>* fred_tv (~fred_tv@host242-32-static.242-95-b.business.telecomitalia.it) Quit (Quit: Leaving)</span></li>
<li class="quit">[<a href="#T10:24:47" id="T10:24:47"><abbr title="2017-12-22T10:24:47+00:00">10:24:47</abbr></a>] <span>* Belxjander (~Belxjande@sourcemage/Mage/Abh-Elementalist) Quit (Ping timeout: 240 seconds)</span></li>
<li class="join">[<a href="#T10:26:55" id="T10:26:55"><abbr title="2017-12-22T10:26:55+00:00">10:26:55</abbr></a>] <span>* Belxjander (~Belxjande@sourcemage/Mage/Abh-Elementalist) has joined #beaglebone</span></li>
<li class="quit">[<a href="#T10:28:23" id="T10:28:23"><abbr title="2017-12-22T10:28:23+00:00">10:28:23</abbr></a>] <span>* Ceriand|desktop (~Ceriand@unaffiliated/ceriand) Quit (Quit: Leaving.)</span></li>
<li class="quit">[<a href="#T10:31:35" id="T10:31:35"><abbr title="2017-12-22T10:31:35+00:00">10:31:35</abbr></a>] <span>* Paul_ (cb90da03@gateway/web/freenode/ip.203.144.218.3) Quit (Ping timeout: 260 seconds)</span></li>
<li class="quit">[<a href="#T10:36:37" id="T10:36:37"><abbr title="2017-12-22T10:36:37+00:00">10:36:37</abbr></a>] <span>* Shadyman (~matthew@unaffiliated/shadyman) Quit (Quit: Leaving.)</span></li>
<li class="join">[<a href="#T11:15:35" id="T11:15:35"><abbr title="2017-12-22T11:15:35+00:00">11:15:35</abbr></a>] <span>* beng-nl (~beng-nl@pc-020965.clients.vu.nl) has joined #beagle</span></li>
<li class="quit">[<a href="#T11:17:51" id="T11:17:51"><abbr title="2017-12-22T11:17:51+00:00">11:17:51</abbr></a>] <span>* beng-nl_ (~beng-nl@pc-020965.clients.vu.nl) Quit (Ping timeout: 260 seconds)</span></li>
<li class="quit">[<a href="#T11:25:23" id="T11:25:23"><abbr title="2017-12-22T11:25:23+00:00">11:25:23</abbr></a>] <span>* nighty-- (~nighty@kyotolabs.asahinet.com) Quit (Quit: Disappears in a puff of smoke)</span></li>
<li class="quit">[<a href="#T11:25:51" id="T11:25:51"><abbr title="2017-12-22T11:25:51+00:00">11:25:51</abbr></a>] <span>* CrazyEddy (crazyed@wrongplanet/CrazyEddy) Quit (Ping timeout: 248 seconds)</span></li>
<li class="quit">[<a href="#T11:27:33" id="T11:27:33"><abbr title="2017-12-22T11:27:33+00:00">11:27:33</abbr></a>] <span>* c10ud (~c10ud@emesene/dictator/c10ud) Quit (Ping timeout: 256 seconds)</span></li>
<li class="join">[<a href="#T11:32:52" id="T11:32:52"><abbr title="2017-12-22T11:32:52+00:00">11:32:52</abbr></a>] <span>* navidr (uid112413@gateway/web/irccloud.com/x-ssleyzjzivbtomzp) has joined #beagle</span></li>
<li class="join">[<a href="#T11:35:19" id="T11:35:19"><abbr title="2017-12-22T11:35:19+00:00">11:35:19</abbr></a>] <span>* rizzo (~RizzoTheR@p54B6BA17.dip0.t-ipconnect.de) has joined #beagle</span></li>
<li class="join">[<a href="#T11:38:16" id="T11:38:16"><abbr title="2017-12-22T11:38:16+00:00">11:38:16</abbr></a>] <span>* CrazyEddy (crazyed@wrongplanet/CrazyEddy) has joined #beagle</span></li>
<li class="join">[<a href="#T11:39:00" id="T11:39:00"><abbr title="2017-12-22T11:39:00+00:00">11:39:00</abbr></a>] <span>* mikeiniowa (~py@169.48.236.23.bc.googleusercontent.com) has joined #beagle</span></li>
<li class="join">[<a href="#T11:51:24" id="T11:51:24"><abbr title="2017-12-22T11:51:24+00:00">11:51:24</abbr></a>] <span>* c10ud (~c10ud@emesene/dictator/c10ud) has joined #beagle</span></li>
<li class="join">[<a href="#T12:13:48" id="T12:13:48"><abbr title="2017-12-22T12:13:48+00:00">12:13:48</abbr></a>] <span>* NishanthMenon (~nmenon@192.91.101.30) has joined #beagle</span></li>
<li class="quit">[<abbr title="2017-12-22T12:13:48+00:00">12:13:48</abbr>] <span>* NishanthMenon (~nmenon@192.91.101.30) Quit (Changing host)</span></li>
<li class="join">[<abbr title="2017-12-22T12:13:48+00:00">12:13:48</abbr>] <span>* NishanthMenon (~nmenon@unaffiliated/nishanthmenon) has joined #beagle</span></li>
<li class="quit">[<a href="#T12:22:14" id="T12:22:14"><abbr title="2017-12-22T12:22:14+00:00">12:22:14</abbr></a>] <span>* LarreaMikel (~Thunderbi@158.227.0.241) Quit (Quit: LarreaMikel)</span></li>
<li class="join">[<a href="#T12:22:54" id="T12:22:54"><abbr title="2017-12-22T12:22:54+00:00">12:22:54</abbr></a>] <span>* LarreaMikel (~Thunderbi@158.227.0.241) has joined #beagle</span></li>
<li class="quit">[<a href="#T12:47:09" id="T12:47:09"><abbr title="2017-12-22T12:47:09+00:00">12:47:09</abbr></a>] <span>* Ionakka (~ionakka@62.183.198.241) Quit (Quit: -.-)</span></li>
<li class="quit">[<a href="#T12:49:19" id="T12:49:19"><abbr title="2017-12-22T12:49:19+00:00">12:49:19</abbr></a>] <span>* jpirko (~jirka@89.103.16.224) Quit (Quit: Leaving)</span></li>
<li class="quit">[<a href="#T13:11:40" id="T13:11:40"><abbr title="2017-12-22T13:11:40+00:00">13:11:40</abbr></a>] <span>* CrazyEddy (crazyed@wrongplanet/CrazyEddy) Quit (Ping timeout: 252 seconds)</span></li>
<li class="quit">[<a href="#T13:28:11" id="T13:28:11"><abbr title="2017-12-22T13:28:11+00:00">13:28:11</abbr></a>] <span>* kuldeep (~kuldeep@unaffiliated/kuldeepdhaka) Quit (Ping timeout: 263 seconds)</span></li>
<li class="join">[<a href="#T13:33:03" id="T13:33:03"><abbr title="2017-12-22T13:33:03+00:00">13:33:03</abbr></a>] <span>* kuldeep (~kuldeep@unaffiliated/kuldeepdhaka) has joined #beagle</span></li>
<li class="join">[<a href="#T13:33:18" id="T13:33:18"><abbr title="2017-12-22T13:33:18+00:00">13:33:18</abbr></a>] <span>* nighty- (~nighty@s229123.ppp.asahi-net.or.jp) has joined #beagleboard</span></li>
<li class="join">[<a href="#T13:40:49" id="T13:40:49"><abbr title="2017-12-22T13:40:49+00:00">13:40:49</abbr></a>] <span>* fred_tv (~fred_tv@host242-32-static.242-95-b.business.telecomitalia.it) has joined #beagle</span></li>
<li class="join">[<a href="#T13:43:17" id="T13:43:17"><abbr title="2017-12-22T13:43:17+00:00">13:43:17</abbr></a>] <span>* serg_stetsuk (~serg@46-133-40-253.dialup.umc.net.ua) has joined #beagle</span></li>
