<li class="join">[<a href="#T00:00:46" id="T00:00:46"><abbr title="2017-04-27T00:00:46+00:00">00:00:46</abbr></a>] <span>* BeagleBot (~PircBot@52.26.75.20) has joined #beagle</span></li>
<li class="topic">[<abbr title="2017-04-27T00:00:46+00:00">00:00:46</abbr>] <span>* Topic is '<a href="http://bbb.io/chat">http://bbb.io/chat</a> has a guide on how to ask questions and links to the logs | never ask to ask, just ask | be patient | pastebin a boot log | <a href="http://bbb.io/boot">http://bbb.io/boot</a> | <a href="http://bbb.io/latest">http://bbb.io/latest</a> | <a href="http://bbb.io/bone101">http://bbb.io/bone101</a> | books: <a href="http://bbb.io/books'">http://bbb.io/books'</a></span></li>
<li class="topic">[<abbr title="2017-04-27T00:00:46+00:00">00:00:46</abbr>] <span>* Set by jkridner|pd!~jkridner@pdpc/supporter/active/jkridner on Tue Sep 27 16:53:23 UTC 2016</span></li>
<li class="join">[<abbr title="2017-04-27T00:00:46+00:00">00:00:46</abbr>] <span>* BeagleBot (~PircBot@52.26.75.20) has joined #beagleboard</span></li>
<li class="join">[<abbr title="2017-04-27T00:00:46+00:00">00:00:46</abbr>] <span>* BeagleBot (~PircBot@52.26.75.20) has joined #beaglebone</span></li>
<li class="quit">[<a href="#T00:09:31" id="T00:09:31"><abbr title="2017-04-27T00:09:31+00:00">00:09:31</abbr></a>] <span>* brokaw (~textual@216-188-254-66.dyn.grandenetworks.net) Quit (Quit: My MacBook has gone to sleep. ZZZzzz…)</span></li>
<li class="quit">[<a href="#T00:11:36" id="T00:11:36"><abbr title="2017-04-27T00:11:36+00:00">00:11:36</abbr></a>] <span>* chomwitt (~chomwitt@athedsl-351412.home.otenet.gr) Quit (Ping timeout: 240 seconds)</span></li>
<li class="quit">[<a href="#T00:12:52" id="T00:12:52"><abbr title="2017-04-27T00:12:52+00:00">00:12:52</abbr></a>] <span>* lolsborn (~lolsborn@184-100-159-3.ptld.qwest.net) Quit (Remote host closed the connection)</span></li>
<li class="join">[<a href="#T00:13:09" id="T00:13:09"><abbr title="2017-04-27T00:13:09+00:00">00:13:09</abbr></a>] <span>* lolsborn (~lolsborn@184-100-159-3.ptld.qwest.net) has joined #beaglebone</span></li>
<li class="quit">[<a href="#T00:13:27" id="T00:13:27"><abbr title="2017-04-27T00:13:27+00:00">00:13:27</abbr></a>] <span>* lolsborn (~lolsborn@184-100-159-3.ptld.qwest.net) Quit (Remote host closed the connection)</span></li>
<li class="join">[<a href="#T00:13:59" id="T00:13:59"><abbr title="2017-04-27T00:13:59+00:00">00:13:59</abbr></a>] <span>* lolsborn (~lolsborn@184-100-159-3.ptld.qwest.net) has joined #beaglebone</span></li>
<li class="join">[<a href="#T00:16:14" id="T00:16:14"><abbr title="2017-04-27T00:16:14+00:00">00:16:14</abbr></a>] <span>* Soopaman (~soopaman@198.16.243.21) has joined #beagle</span></li>
<li class="join">[<a href="#T00:17:58" id="T00:17:58"><abbr title="2017-04-27T00:17:58+00:00">00:17:58</abbr></a>] <span>* dgerlach1 (~dgerlach@192.91.75.12) has joined #beagle</span></li>
<li class="quit">[<a href="#T00:18:53" id="T00:18:53"><abbr title="2017-04-27T00:18:53+00:00">00:18:53</abbr></a>] <span>* lolsborn (~lolsborn@184-100-159-3.ptld.qwest.net) Quit (Ping timeout: 260 seconds)</span></li>
<li class="quit">[<a href="#T00:23:52" id="T00:23:52"><abbr title="2017-04-27T00:23:52+00:00">00:23:52</abbr></a>] <span>* jkridner (~jkridner@pdpc/supporter/active/jkridner) Quit (Remote host closed the connection)</span></li>
<li class="join">[<a href="#T00:24:26" id="T00:24:26"><abbr title="2017-04-27T00:24:26+00:00">00:24:26</abbr></a>] <span>* jkridner (~jkridner@pdpc/supporter/active/jkridner) has joined #beagle</span></li>
<li class="mode">[<a href="#T00:24:27" id="T00:24:27"><abbr title="2017-04-27T00:24:27+00:00">00:24:27</abbr></a>] <span>* ChanServ sets mode +o jkridner</span></li>
<li class="quit">[<a href="#T00:28:47" id="T00:28:47"><abbr title="2017-04-27T00:28:47+00:00">00:28:47</abbr></a>] <span>* jkridner (~jkridner@pdpc/supporter/active/jkridner) Quit (Ping timeout: 240 seconds)</span></li>
<li class="quit">[<a href="#T00:41:11" id="T00:41:11"><abbr title="2017-04-27T00:41:11+00:00">00:41:11</abbr></a>] <span>* sellout- (~Adium@174-16-140-242.hlrn.qwest.net) Quit (Quit: Leaving.)</span></li>
<li class="join">[<a href="#T00:41:20" id="T00:41:20"><abbr title="2017-04-27T00:41:20+00:00">00:41:20</abbr></a>] <span>* sellout- (~Adium@174-16-140-242.hlrn.qwest.net) has joined #beagle</span></li>
<li class="quit">[<a href="#T00:41:59" id="T00:41:59"><abbr title="2017-04-27T00:41:59+00:00">00:41:59</abbr></a>] <span>* sellout- (~Adium@174-16-140-242.hlrn.qwest.net) Quit (Client Quit)</span></li>
<li class="join">[<a href="#T00:42:37" id="T00:42:37"><abbr title="2017-04-27T00:42:37+00:00">00:42:37</abbr></a>] <span>* sellout- (~Adium@174-16-140-242.hlrn.qwest.net) has joined #beagle</span></li>
<li class="join">[<a href="#T00:43:54" id="T00:43:54"><abbr title="2017-04-27T00:43:54+00:00">00:43:54</abbr></a>] <span>* nighty-- (~nighty@d246113.ppp.asahi-net.or.jp) has joined #beagleboard</span></li>
<li class="quit">[<a href="#T00:54:43" id="T00:54:43"><abbr title="2017-04-27T00:54:43+00:00">00:54:43</abbr></a>] <span>* Set_ (Set_@ip68-226-150-239.lf.br.cox.net) Quit ()</span></li>
<li class="join">[<a href="#T01:02:06" id="T01:02:06"><abbr title="2017-04-27T01:02:06+00:00">01:02:06</abbr></a>] <span>* dj_pi (~dj_pi@c-68-43-191-59.hsd1.mi.comcast.net) has joined #beagle</span></li>
<li class="quit">[<a href="#T01:04:18" id="T01:04:18"><abbr title="2017-04-27T01:04:18+00:00">01:04:18</abbr></a>] <span>* tty0_ (~NA@unaffiliated/tty0/x-3092968) Quit (Quit: Leaving.)</span></li>
<li class="join">[<a href="#T01:04:33" id="T01:04:33"><abbr title="2017-04-27T01:04:33+00:00">01:04:33</abbr></a>] <span>* tty0_ (~NA@unaffiliated/tty0/x-3092968) has joined #beagle</span></li>
<li class="join">[<a href="#T01:18:28" id="T01:18:28"><abbr title="2017-04-27T01:18:28+00:00">01:18:28</abbr></a>] <span>* jkridner (~jkridner@pdpc/supporter/active/jkridner) has joined #beagle</span></li>
<li class="mode">[<a href="#T01:18:29" id="T01:18:29"><abbr title="2017-04-27T01:18:29+00:00">01:18:29</abbr></a>] <span>* ChanServ sets mode +o jkridner</span></li>
<li class="quit">[<a href="#T01:20:07" id="T01:20:07"><abbr title="2017-04-27T01:20:07+00:00">01:20:07</abbr></a>] <span>* Humpelstilzchen (erik@x4e366366.dyn.telefonica.de) Quit (Read error: Connection reset by peer)</span></li>
<li class="quit">[<a href="#T01:20:21" id="T01:20:21"><abbr title="2017-04-27T01:20:21+00:00">01:20:21</abbr></a>] <span>* zeekhuge (uid205649@gateway/web/irccloud.com/x-nkvkhddtifsdnwyl) Quit (Quit: Connection closed for inactivity)</span></li>
<li class="join">[<a href="#T01:21:55" id="T01:21:55"><abbr title="2017-04-27T01:21:55+00:00">01:21:55</abbr></a>] <span>* Humpelstilzchen (erik@x4e32adc1.dyn.telefonica.de) has joined #beagle</span></li>
<li class="quit">[<a href="#T01:22:51" id="T01:22:51"><abbr title="2017-04-27T01:22:51+00:00">01:22:51</abbr></a>] <span>* jkridner (~jkridner@pdpc/supporter/active/jkridner) Quit (Ping timeout: 260 seconds)</span></li>
<li class="quit">[<a href="#T01:30:16" id="T01:30:16"><abbr title="2017-04-27T01:30:16+00:00">01:30:16</abbr></a>] <span>* Soopaman (~soopaman@198.16.243.21) Quit (Quit: Leaving.)</span></li>
<li class="join">[<a href="#T01:37:26" id="T01:37:26"><abbr title="2017-04-27T01:37:26+00:00">01:37:26</abbr></a>] <span>* brokaw (~textual@216-188-254-66.dyn.grandenetworks.net) has joined #beagle</span></li>
<li class="quit">[<a href="#T01:38:54" id="T01:38:54"><abbr title="2017-04-27T01:38:54+00:00">01:38:54</abbr></a>] <span>* ayjay_t (ajp@71-88-60-246.static.nwtn.ct.charter.com) Quit (Read error: Connection reset by peer)</span></li>
<li class="join">[<a href="#T01:39:22" id="T01:39:22"><abbr title="2017-04-27T01:39:22+00:00">01:39:22</abbr></a>] <span>* ayjay_t (ajp@71-88-60-246.static.nwtn.ct.charter.com) has joined #beagle</span></li>
<li class="join">[<a href="#T01:40:30" id="T01:40:30"><abbr title="2017-04-27T01:40:30+00:00">01:40:30</abbr></a>] <span>* Soopaman (~soopaman@198.16.243.21) has joined #beagle</span></li>
<li class="join">[<a href="#T01:41:46" id="T01:41:46"><abbr title="2017-04-27T01:41:46+00:00">01:41:46</abbr></a>] <span>* jkridner (~jkridner@pdpc/supporter/active/jkridner) has joined #beagle</span></li>
<li class="mode">[<abbr title="2017-04-27T01:41:46+00:00">01:41:46</abbr>] <span>* ChanServ sets mode +o jkridner</span></li>
<li class="join">[<a href="#T01:46:52" id="T01:46:52"><abbr title="2017-04-27T01:46:52+00:00">01:46:52</abbr></a>] <span>* thinkfat (~matze@p579DD639.dip0.t-ipconnect.de) has joined #beagle</span></li>
<li class="quit">[<a href="#T01:50:02" id="T01:50:02"><abbr title="2017-04-27T01:50:02+00:00">01:50:02</abbr></a>] <span>* thinkfat_ (~matze@p579DCF05.dip0.t-ipconnect.de) Quit (Ping timeout: 258 seconds)</span></li>
<li class="quit">[<a href="#T01:58:43" id="T01:58:43"><abbr title="2017-04-27T01:58:43+00:00">01:58:43</abbr></a>] <span>* Soopaman (~soopaman@198.16.243.21) Quit (Quit: Leaving.)</span></li>
<li class="join">[<a href="#T02:12:40" id="T02:12:40"><abbr title="2017-04-27T02:12:40+00:00">02:12:40</abbr></a>] <span>* florian__ (~fuchs@Maemo/community/contributor/florian) has joined #beagle</span></li>
<li class="join">[<a href="#T02:13:06" id="T02:13:06"><abbr title="2017-04-27T02:13:06+00:00">02:13:06</abbr></a>] <span>* fnlkj (~fnlkj@vps-16.205.170.217.stwvps.net) has joined #beagle</span></li>
<li class="quit">[<a href="#T02:15:39" id="T02:15:39"><abbr title="2017-04-27T02:15:39+00:00">02:15:39</abbr></a>] <span>* florian_kc (~fuchs@Maemo/community/contributor/florian) Quit (Ping timeout: 240 seconds)</span></li>
<li class="quit">[<a href="#T02:17:22" id="T02:17:22"><abbr title="2017-04-27T02:17:22+00:00">02:17:22</abbr></a>] <span>* cc0_ (~cc0_@c-174-53-187-122.hsd1.mn.comcast.net) Quit (Ping timeout: 246 seconds)</span></li>
<li class="join">[<a href="#T02:18:26" id="T02:18:26"><abbr title="2017-04-27T02:18:26+00:00">02:18:26</abbr></a>] <span>* cc0_ (~cc0_@c-174-53-187-122.hsd1.mn.comcast.net) has joined #beagle</span></li>
<li class="quit">[<a href="#T02:23:41" id="T02:23:41"><abbr title="2017-04-27T02:23:41+00:00">02:23:41</abbr></a>] <span>* dj_pi (~dj_pi@c-68-43-191-59.hsd1.mi.comcast.net) Quit (Ping timeout: 255 seconds)</span></li>
<li class="join">[<a href="#T02:24:45" id="T02:24:45"><abbr title="2017-04-27T02:24:45+00:00">02:24:45</abbr></a>] <span>* Soopaman (~soopaman@198.16.243.21) has joined #beagle</span></li>
<li class="quit">[<a href="#T02:28:54" id="T02:28:54"><abbr title="2017-04-27T02:28:54+00:00">02:28:54</abbr></a>] <span>* divine (~divine@2001:470:8247:1::31) Quit (Remote host closed the connection)</span></li>
<li class="join">[<a href="#T02:35:55" id="T02:35:55"><abbr title="2017-04-27T02:35:55+00:00">02:35:55</abbr></a>] <span>* rthille-ciena (~rthille@24.130.42.159) has joined #beagle</span></li>
<li class="join">[<a href="#T02:51:08" id="T02:51:08"><abbr title="2017-04-27T02:51:08+00:00">02:51:08</abbr></a>] <span>* faddah (~faddah@2601:1c2:500:c30:706d:de40:2a23:2ead) has joined #beagleboard</span></li>
<li class="quit">[<a href="#T03:10:18" id="T03:10:18"><abbr title="2017-04-27T03:10:18+00:00">03:10:18</abbr></a>] <span>* rthille-ciena (~rthille@24.130.42.159) Quit (Quit: Leaving.)</span></li>
<li class="join">[<a href="#T03:12:48" id="T03:12:48"><abbr title="2017-04-27T03:12:48+00:00">03:12:48</abbr></a>] <span>* rthille-ciena (~rthille@24.130.42.159) has joined #beagle</span></li>
<li class="action">[<a href="#T03:22:22" id="T03:22:22"><abbr title="2017-04-27T03:22:22+00:00">03:22:22</abbr></a>] <span>* jkridner is finally updating <a href="https://beagleboard.org/getting-started">https://beagleboard.org/getting-started</a></span></li>
<li class="message">[<a href="#T03:22:38" id="T03:22:38"><abbr title="2017-04-27T03:22:38+00:00">03:22:38</abbr></a>] &lt;<cite>jkridner</cite>&gt; <q>I'm currently editing Step #1: <a href="http://jadonk.github.io/beaglebone-getting-started/START.htm#step1">http://jadonk.github.io/beaglebone-getting-started/START.htm#step1</a></q></li>
<li class="message">[<a href="#T03:22:51" id="T03:22:51"><abbr title="2017-04-27T03:22:51+00:00">03:22:51</abbr></a>] &lt;<cite>jkridner</cite>&gt; <q>that github.io page contains my work-in-progress.</q></li>
<li class="message">[<a href="#T03:22:55" id="T03:22:55"><abbr title="2017-04-27T03:22:55+00:00">03:22:55</abbr></a>] &lt;<cite>jkridner</cite>&gt; <q>comments welcome.</q></li>
<li class="message">[<a href="#T03:24:49" id="T03:24:49"><abbr title="2017-04-27T03:24:49+00:00">03:24:49</abbr></a>] &lt;<cite>jkridner</cite>&gt; <q>planning to remove step #2 with "Enable a network connection"</q></li>
<li class="message">[<a href="#T03:43:38" id="T03:43:38"><abbr title="2017-04-27T03:43:38+00:00">03:43:38</abbr></a>] &lt;<cite>zmatt</cite>&gt; <q>yay for a getting-started</q></li>
<li class="message">[<a href="#T03:45:24" id="T03:45:24"><abbr title="2017-04-27T03:45:24+00:00">03:45:24</abbr></a>] &lt;<cite>zmatt</cite>&gt; <q>remove? replace you mean?</q></li>
<li class="message">[<a href="#T03:48:29" id="T03:48:29"><abbr title="2017-04-27T03:48:29+00:00">03:48:29</abbr></a>] &lt;<cite>zmatt</cite>&gt; <q>maybe also consider inserting an optional step to reflash it with the latest firmware... you never know how long that "new" board they got has been lying on a shelf somewhere, it might be running something really ancient</q></li>
<li class="join">[<a href="#T03:53:14" id="T03:53:14"><abbr title="2017-04-27T03:53:14+00:00">03:53:14</abbr></a>] <span>* lolsborn (~lolsborn@c-24-21-23-7.hsd1.or.comcast.net) has joined #beaglebone</span></li>
<li class="message">[<a href="#T03:56:29" id="T03:56:29"><abbr title="2017-04-27T03:56:29+00:00">03:56:29</abbr></a>] &lt;<cite>jkridner</cite>&gt; <q>zmatt: yeah, replace.</q></li>
<li class="message">[<a href="#T03:57:06" id="T03:57:06"><abbr title="2017-04-27T03:57:06+00:00">03:57:06</abbr></a>] &lt;<cite>jkridner</cite>&gt; <q>zmatt: do you think the comment about "If any steps fail, it is recommended to update to the latest software image to use the instructions below." isn't strong enough?</q></li>
<li class="quit">[<a href="#T04:10:19" id="T04:10:19"><abbr title="2017-04-27T04:10:19+00:00">04:10:19</abbr></a>] <span>* lolsborn (~lolsborn@c-24-21-23-7.hsd1.or.comcast.net) Quit (Remote host closed the connection)</span></li>
<li class="quit">[<a href="#T04:16:22" id="T04:16:22"><abbr title="2017-04-27T04:16:22+00:00">04:16:22</abbr></a>] <span>* rthille-ciena (~rthille@24.130.42.159) Quit (Quit: Leaving.)</span></li>
<li class="join">[<a href="#T04:21:30" id="T04:21:30"><abbr title="2017-04-27T04:21:30+00:00">04:21:30</abbr></a>] <span>* lolsborn (~lolsborn@c-24-21-23-7.hsd1.or.comcast.net) has joined #beaglebone</span></li>
<li class="quit">[<a href="#T04:32:29" id="T04:32:29"><abbr title="2017-04-27T04:32:29+00:00">04:32:29</abbr></a>] <span>* ayjay_t (ajp@71-88-60-246.static.nwtn.ct.charter.com) Quit (Read error: Connection reset by peer)</span></li>
<li class="join">[<a href="#T04:32:40" id="T04:32:40"><abbr title="2017-04-27T04:32:40+00:00">04:32:40</abbr></a>] <span>* ayjay_t (ajp@71-88-60-246.static.nwtn.ct.charter.com) has joined #beagle</span></li>
<li class="message">[<a href="#T04:33:43" id="T04:33:43"><abbr title="2017-04-27T04:33:43+00:00">04:33:43</abbr></a>] &lt;<cite>zmatt</cite>&gt; <q>ah, sorry, I had overlooked that</q></li>
<li class="message">[<a href="#T04:34:52" id="T04:34:52"><abbr title="2017-04-27T04:34:52+00:00">04:34:52</abbr></a>] &lt;<cite>zmatt</cite>&gt; <q>possibly the visual style might have contributed to that though</q></li>
<li class="join">[<a href="#T04:35:24" id="T04:35:24"><abbr title="2017-04-27T04:35:24+00:00">04:35:24</abbr></a>] <span>* zeekhuge (uid205649@gateway/web/irccloud.com/x-xlsjwnosqjgtmtkg) has joined #beagle</span></li>
<li class="message">[<a href="#T04:37:07" id="T04:37:07"><abbr title="2017-04-27T04:37:07+00:00">04:37:07</abbr></a>] &lt;<cite>zmatt</cite>&gt; <q>and it might be useful to move it closer to where the "action" starts, I can imagine the impatient might quickly gloss over "power and boot yada yada..."</q></li>
<li class="message">[<a href="#T04:37:22" id="T04:37:22"><abbr title="2017-04-27T04:37:22+00:00">04:37:22</abbr></a>] &lt;<cite>zmatt</cite>&gt; <q>:)</q></li>
<li class="join">[<a href="#T04:44:11" id="T04:44:11"><abbr title="2017-04-27T04:44:11+00:00">04:44:11</abbr></a>] <span>* navidr (uid112413@gateway/web/irccloud.com/x-ayabgkbihccznzze) has joined #beagle</span></li>
<li class="quit">[<a href="#T04:44:50" id="T04:44:50"><abbr title="2017-04-27T04:44:50+00:00">04:44:50</abbr></a>] <span>* vagrantc (~vagrant@unaffiliated/vagrantc) Quit (Quit: leaving)</span></li>
<li class="join">[<a href="#T04:53:38" id="T04:53:38"><abbr title="2017-04-27T04:53:38+00:00">04:53:38</abbr></a>] <span>* BBB (42e79b71@gateway/web/freenode/ip.66.231.155.113) has joined #beagle</span></li>
<li class="message">[<a href="#T04:55:32" id="T04:55:32"><abbr title="2017-04-27T04:55:32+00:00">04:55:32</abbr></a>] &lt;<cite>BBB</cite>&gt; <q>Hi, I am having some issue with my beaglebone. After installing nodejs7, the web site can no longer see the device connected to my computer. The 192.168.7.2 does not work either.</q></li>
<li class="quit">[<a href="#T04:56:38" id="T04:56:38"><abbr title="2017-04-27T04:56:38+00:00">04:56:38</abbr></a>] <span>* Soopaman (~soopaman@198.16.243.21) Quit (Quit: Leaving.)</span></li>
<li class="message">[<a href="#T04:56:54" id="T04:56:54"><abbr title="2017-04-27T04:56:54+00:00">04:56:54</abbr></a>] &lt;<cite>BBB</cite>&gt; <q>I can still used putty to ssh in the device but I get input/output error report. how can i fix that?</q></li>
<li class="join">[<a href="#T04:58:50" id="T04:58:50"><abbr title="2017-04-27T04:58:50+00:00">04:58:50</abbr></a>] <span>* emeb (~ericb@23-24-205-234-static.hfc.comcastbusiness.net) has joined #beagle</span></li>
<li class="join">[<a href="#T04:58:51" id="T04:58:51"><abbr title="2017-04-27T04:58:51+00:00">04:58:51</abbr></a>] <span>* Soopaman (~soopaman@198.16.243.21) has joined #beagle</span></li>
<li class="part">[<a href="#T04:59:01" id="T04:59:01"><abbr title="2017-04-27T04:59:01+00:00">04:59:01</abbr></a>] <span>* emeb (~ericb@23-24-205-234-static.hfc.comcastbusiness.net) has left #beagle</span></li>
<li class="quit">[<a href="#T04:59:16" id="T04:59:16"><abbr title="2017-04-27T04:59:16+00:00">04:59:16</abbr></a>] <span>* KimK (~Kim__@2600:8803:7a81:7400:116f:4b0:3f7c:601) Quit (Ping timeout: 260 seconds)</span></li>
<li class="message">[<a href="#T05:02:48" id="T05:02:48"><abbr title="2017-04-27T05:02:48+00:00">05:02:48</abbr></a>] &lt;<cite>zmatt</cite>&gt; <q>welcome to nodejs, any time you upgrade everything breaks :)</q></li>
<li class="message">[<a href="#T05:04:30" id="T05:04:30"><abbr title="2017-04-27T05:04:30+00:00">05:04:30</abbr></a>] &lt;<cite>zmatt</cite>&gt; <q>at the very least you'll need to recompile all extension modules used (and then hope they still compile)</q></li>
<li class="quit">[<a href="#T05:06:06" id="T05:06:06"><abbr title="2017-04-27T05:06:06+00:00">05:06:06</abbr></a>] <span>* lolsborn (~lolsborn@c-24-21-23-7.hsd1.or.comcast.net) Quit (Remote host closed the connection)</span></li>
<li class="quit">[<a href="#T05:06:07" id="T05:06:07"><abbr title="2017-04-27T05:06:07+00:00">05:06:07</abbr></a>] <span>* BBB (42e79b71@gateway/web/freenode/ip.66.231.155.113) Quit (Ping timeout: 260 seconds)</span></li>
<li class="join">[<a href="#T05:07:06" id="T05:07:06"><abbr title="2017-04-27T05:07:06+00:00">05:07:06</abbr></a>] <span>* Beagle (~nodebot@dslb-092-077-051-208.092.077.pools.vodafone-ip.de) has joined #beagle</span></li>
<li class="message">[<a href="#T05:10:17" id="T05:10:17"><abbr title="2017-04-27T05:10:17+00:00">05:10:17</abbr></a>] &lt;<cite>ds2</cite>&gt; <q>compile? just put in an emulator to match the old version :D</q></li>
<li class="join">[<a href="#T05:11:31" id="T05:11:31"><abbr title="2017-04-27T05:11:31+00:00">05:11:31</abbr></a>] <span>* susanoo (5c4d33d0@gateway/web/freenode/ip.92.77.51.208) has joined #beagle</span></li>
<li class="message">[<a href="#T05:11:37" id="T05:11:37"><abbr title="2017-04-27T05:11:37+00:00">05:11:37</abbr></a>] &lt;<cite>susanoo</cite>&gt; <q>Hi</q></li>
<li class="message">[<a href="#T05:11:47" id="T05:11:47"><abbr title="2017-04-27T05:11:47+00:00">05:11:47</abbr></a>] &lt;<cite>susanoo</cite>&gt; <q>Where can I buy edumip motors ?</q></li>
<li class="join">[<a href="#T05:11:58" id="T05:11:58"><abbr title="2017-04-27T05:11:58+00:00">05:11:58</abbr></a>] <span>* KimK (~Kim__@2600:8803:7a81:7400:69:7a79:5e0e:38d8) has joined #beagle</span></li>
<li class="quit">[<a href="#T05:12:11" id="T05:12:11"><abbr title="2017-04-27T05:12:11+00:00">05:12:11</abbr></a>] <span>* faddah (~faddah@2601:1c2:500:c30:706d:de40:2a23:2ead) Quit (Quit: Leaving...)</span></li>
<li class="quit">[<a href="#T05:14:17" id="T05:14:17"><abbr title="2017-04-27T05:14:17+00:00">05:14:17</abbr></a>] <span>* Soopaman (~soopaman@198.16.243.21) Quit (Quit: Leaving.)</span></li>
<li class="quit">[<a href="#T05:27:46" id="T05:27:46"><abbr title="2017-04-27T05:27:46+00:00">05:27:46</abbr></a>] <span>* ayjay_t (ajp@71-88-60-246.static.nwtn.ct.charter.com) Quit (Read error: Connection reset by peer)</span></li>
<li class="join">[<a href="#T05:27:58" id="T05:27:58"><abbr title="2017-04-27T05:27:58+00:00">05:27:58</abbr></a>] <span>* ayjay_t (ajp@71-88-60-246.static.nwtn.ct.charter.com) has joined #beagle</span></li>
<li class="join">[<a href="#T05:30:10" id="T05:30:10"><abbr title="2017-04-27T05:30:10+00:00">05:30:10</abbr></a>] <span>* Soopaman (~soopaman@198.16.243.21) has joined #beagle</span></li>
<li class="join">[<a href="#T05:34:39" id="T05:34:39"><abbr title="2017-04-27T05:34:39+00:00">05:34:39</abbr></a>] <span>* chomwitt (~chomwitt@athedsl-351412.home.otenet.gr) has joined #beagle</span></li>
<li class="quit">[<a href="#T05:40:41" id="T05:40:41"><abbr title="2017-04-27T05:40:41+00:00">05:40:41</abbr></a>] <span>* chomwitt (~chomwitt@athedsl-351412.home.otenet.gr) Quit (Ping timeout: 255 seconds)</span></li>
<li class="quit">[<a href="#T05:48:13" id="T05:48:13"><abbr title="2017-04-27T05:48:13+00:00">05:48:13</abbr></a>] <span>* gcl-bot (~sopel@162.243.101.122) Quit (Quit: Closing)</span></li>
<li class="join">[<a href="#T05:48:36" id="T05:48:36"><abbr title="2017-04-27T05:48:36+00:00">05:48:36</abbr></a>] <span>* gcl-bot (~sopel@162.243.101.122) has joined #beagle</span></li>
<li class="join">[<a href="#T05:54:04" id="T05:54:04"><abbr title="2017-04-27T05:54:04+00:00">05:54:04</abbr></a>] <span>* yegorich (~yegorich@mail.visionsystems.de) has joined #beagle</span></li>
<li class="quit">[<a href="#T06:00:38" id="T06:00:38"><abbr title="2017-04-27T06:00:38+00:00">06:00:38</abbr></a>] <span>* Beagle (~nodebot@dslb-092-077-051-208.092.077.pools.vodafone-ip.de) Quit (Ping timeout: 252 seconds)</span></li>
<li class="quit">[<a href="#T06:00:57" id="T06:00:57"><abbr title="2017-04-27T06:00:57+00:00">06:00:57</abbr></a>] <span>* susanoo (5c4d33d0@gateway/web/freenode/ip.92.77.51.208) Quit (Ping timeout: 260 seconds)</span></li>
<li class="join">[<a href="#T06:08:35" id="T06:08:35"><abbr title="2017-04-27T06:08:35+00:00">06:08:35</abbr></a>] <span>* NulL` (~bleh1@80.65.246.236) has joined #beagle</span></li>
<li class="join">[<a href="#T06:25:27" id="T06:25:27"><abbr title="2017-04-27T06:25:27+00:00">06:25:27</abbr></a>] <span>* sudden6 (~anonymous@j-180.vc-graz.ac.at) has joined #beagle</span></li>
<li class="join">[<a href="#T06:31:52" id="T06:31:52"><abbr title="2017-04-27T06:31:52+00:00">06:31:52</abbr></a>] <span>* rob_w (~bob@unaffiliated/rob-w/x-1112029) has joined #beagle</span></li>
<li class="join">[<a href="#T06:43:26" id="T06:43:26"><abbr title="2017-04-27T06:43:26+00:00">06:43:26</abbr></a>] <span>* fred_tv_ (~fzanini@host242-32-static.242-95-b.business.telecomitalia.it) has joined #beagle</span></li>
<li class="quit">[<a href="#T06:44:41" id="T06:44:41"><abbr title="2017-04-27T06:44:41+00:00">06:44:41</abbr></a>] <span>* fred_tv (5d2ec486@gateway/web/freenode/ip.93.46.196.134) Quit (Ping timeout: 260 seconds)</span></li>
<li class="join">[<a href="#T06:46:41" id="T06:46:41"><abbr title="2017-04-27T06:46:41+00:00">06:46:41</abbr></a>] <span>* c10ud^ (~c10ud@emesene/dictator/c10ud) has joined #beagle</span></li>
<li class="message">[<a href="#T06:47:02" id="T06:47:02"><abbr title="2017-04-27T06:47:02+00:00">06:47:02</abbr></a>] &lt;<cite>fred_tv_</cite>&gt; <q>.</q></li>
<li class="join">[<a href="#T06:51:51" id="T06:51:51"><abbr title="2017-04-27T06:51:51+00:00">06:51:51</abbr></a>] <span>* ralphr (~chatzilla@32-172-N1.p29.customer.vsm.sh) has joined #beagle</span></li>
<li class="join">[<a href="#T06:52:19" id="T06:52:19"><abbr title="2017-04-27T06:52:19+00:00">06:52:19</abbr></a>] <span>* serg_stetsuk (~serg@98-5-124-91.pool.ukrtel.net) has joined #beagle</span></li>
<li class="quit">[<a href="#T06:56:48" id="T06:56:48"><abbr title="2017-04-27T06:56:48+00:00">06:56:48</abbr></a>] <span>* sudden6 (~anonymous@j-180.vc-graz.ac.at) Quit (Ping timeout: 260 seconds)</span></li>
<li class="quit">[<a href="#T07:07:03" id="T07:07:03"><abbr title="2017-04-27T07:07:03+00:00">07:07:03</abbr></a>] <span>* NulL` (~bleh1@80.65.246.236) Quit (Ping timeout: 258 seconds)</span></li>
<li class="join">[<a href="#T07:07:10" id="T07:07:10"><abbr title="2017-04-27T07:07:10+00:00">07:07:10</abbr></a>] <span>* Ionakka (~ionakka@62.183.198.241) has joined #beagle</span></li>
<li class="join">[<a href="#T07:09:50" id="T07:09:50"><abbr title="2017-04-27T07:09:50+00:00">07:09:50</abbr></a>] <span>* eFfeM (~frans@f160137.upc-f.chello.nl) has joined #beagle</span></li>
<li class="nick-change">[<a href="#T07:13:50" id="T07:13:50"><abbr title="2017-04-27T07:13:50+00:00">07:13:50</abbr></a>] <span>* florian__ is now known as florian</span></li>
<li class="join">[<a href="#T07:13:52" id="T07:13:52"><abbr title="2017-04-27T07:13:52+00:00">07:13:52</abbr></a>] <span>* sudden6 (~anonymous@fh.fh-joanneum.at) has joined #beagle</span></li>
<li class="join">[<a href="#T07:22:01" id="T07:22:01"><abbr title="2017-04-27T07:22:01+00:00">07:22:01</abbr></a>] <span>* mikini (~mikini@2E202E9B.rev.sefiber.dk) has joined #beagle</span></li>
<li class="quit">[<a href="#T07:37:13" id="T07:37:13"><abbr title="2017-04-27T07:37:13+00:00">07:37:13</abbr></a>] <span>* KimK (~Kim__@2600:8803:7a81:7400:69:7a79:5e0e:38d8) Quit (Ping timeout: 240 seconds)</span></li>
<li class="join">[<a href="#T07:43:22" id="T07:43:22"><abbr title="2017-04-27T07:43:22+00:00">07:43:22</abbr></a>] <span>* divine (~divine@2001:470:8247:1::31) has joined #beaglebone</span></li>
<li class="quit">[<a href="#T07:44:38" id="T07:44:38"><abbr title="2017-04-27T07:44:38+00:00">07:44:38</abbr></a>] <span>* navidr (uid112413@gateway/web/irccloud.com/x-ayabgkbihccznzze) Quit (Quit: Connection closed for inactivity)</span></li>
<li class="join">[<a href="#T07:51:06" id="T07:51:06"><abbr title="2017-04-27T07:51:06+00:00">07:51:06</abbr></a>] <span>* KimK (~Kim__@2600:8803:7a81:7400:69:7a79:5e0e:38d8) has joined #beagle</span></li>
<li class="join">[<a href="#T07:53:51" id="T07:53:51"><abbr title="2017-04-27T07:53:51+00:00">07:53:51</abbr></a>] <span>* NTQ (~nicolas@95.88.181.100) has joined #beagle</span></li>
<li class="join">[<a href="#T07:57:53" id="T07:57:53"><abbr title="2017-04-27T07:57:53+00:00">07:57:53</abbr></a>] <span>* ykchavan (~ykchavan@219.91.251.100) has joined #beagle</span></li>
<li class="quit">[<a href="#T08:02:23" id="T08:02:23"><abbr title="2017-04-27T08:02:23+00:00">08:02:23</abbr></a>] <span>* ykchavan (~ykchavan@219.91.251.100) Quit (Quit: Leaving)</span></li>
<li class="join">[<a href="#T08:33:24" id="T08:33:24"><abbr title="2017-04-27T08:33:24+00:00">08:33:24</abbr></a>] <span>* bashrc (~bashrc@host86-166-223-150.range86-166.btcentralplus.com) has joined #beaglebone</span></li>
<li class="join">[<a href="#T08:48:05" id="T08:48:05"><abbr title="2017-04-27T08:48:05+00:00">08:48:05</abbr></a>] <span>* Rohit__ (6a33e917@gateway/web/freenode/ip.106.51.233.23) has joined #beagle</span></li>
<li class="message">[<a href="#T08:48:15" id="T08:48:15"><abbr title="2017-04-27T08:48:15+00:00">08:48:15</abbr></a>] &lt;<cite>Rohit__</cite>&gt; <q>hi</q></li>
<li class="message">[<a href="#T08:49:20" id="T08:49:20"><abbr title="2017-04-27T08:49:20+00:00">08:49:20</abbr></a>] &lt;<cite>Rohit__</cite>&gt; <q>i am new to beaglebone black.... i want to implement lora to lora communication using this mcu. Is there any reference or sample code available for this project</q></li>
<li class="quit">[<a href="#T08:50:52" id="T08:50:52"><abbr title="2017-04-27T08:50:52+00:00">08:50:52</abbr></a>] <span>* Rohit__ (6a33e917@gateway/web/freenode/ip.106.51.233.23) Quit (Client Quit)</span></li>
<li class="join">[<a href="#T08:51:28" id="T08:51:28"><abbr title="2017-04-27T08:51:28+00:00">08:51:28</abbr></a>] <span>* rohit__ (6a33e917@gateway/web/freenode/ip.106.51.233.23) has joined #beagle</span></li>
<li class="message">[<a href="#T08:51:34" id="T08:51:34"><abbr title="2017-04-27T08:51:34+00:00">08:51:34</abbr></a>] &lt;<cite>rohit__</cite>&gt; <q>hi</q></li>
<li class="message">[<a href="#T08:52:36" id="T08:52:36"><abbr title="2017-04-27T08:52:36+00:00">08:52:36</abbr></a>] &lt;<cite>tbr</cite>&gt; <q>calling the BBB a "MCU" is like calling a cruise ship a "boat"</q></li>
<li class="message">[<a href="#T08:52:39" id="T08:52:39"><abbr title="2017-04-27T08:52:39+00:00">08:52:39</abbr></a>] &lt;<cite>rohit__</cite>&gt; <q>i want to implement lora to lora (sx1272) communication using this MCU BBB. Plz someone guide me how to implement this</q></li>
<li class="message">[<a href="#T08:53:08" id="T08:53:08"><abbr title="2017-04-27T08:53:08+00:00">08:53:08</abbr></a>] &lt;<cite>tbr</cite>&gt; <q>it does have MCU like cores, the PRUs, though</q></li>
<li class="message">[<a href="#T08:54:09" id="T08:54:09"><abbr title="2017-04-27T08:54:09+00:00">08:54:09</abbr></a>] &lt;<cite>KotH</cite>&gt; <q>rohit__: step #1: learn electronics</q></li>
<li class="message">[<abbr title="2017-04-27T08:54:09+00:00">08:54:09</abbr>] &lt;<cite>rohit__</cite>&gt; <q>presently i am using BBB as MCU only</q></li>
<li class="message">[<a href="#T08:54:16" id="T08:54:16"><abbr title="2017-04-27T08:54:16+00:00">08:54:16</abbr></a>] &lt;<cite>KotH</cite>&gt; <q>rohit__: step #2: learn programming</q></li>
<li class="message">[<a href="#T08:54:25" id="T08:54:25"><abbr title="2017-04-27T08:54:25+00:00">08:54:25</abbr></a>] &lt;<cite>KotH</cite>&gt; <q>rohit__: step #3: learn embedded linux</q></li>
<li class="message">[<a href="#T08:54:32" id="T08:54:32"><abbr title="2017-04-27T08:54:32+00:00">08:54:32</abbr></a>] &lt;<cite>KotH</cite>&gt; <q>rohit__: step #4: ...</q></li>
<li class="message">[<a href="#T08:54:38" id="T08:54:38"><abbr title="2017-04-27T08:54:38+00:00">08:54:38</abbr></a>] &lt;<cite>KotH</cite>&gt; <q>rohit__: step #5: profit</q></li>
<li class="message">[<a href="#T08:57:53" id="T08:57:53"><abbr title="2017-04-27T08:57:53+00:00">08:57:53</abbr></a>] &lt;<cite>tbr</cite>&gt; <q>there are only a few people who bother with bare metal programming of the BBB</q></li>
<li class="message">[<a href="#T08:58:03" id="T08:58:03"><abbr title="2017-04-27T08:58:03+00:00">08:58:03</abbr></a>] &lt;<cite>rohit__</cite>&gt; <q>@Attila Kinali i have already implemented LORA to LORA communication using Arduino, MSP430 and also LORAWAN using NODEMCU. So i think i have enough knowledge to implement this. I asked suggestion related with this project not for my knowledge.</q></li>
<li class="message">[<a href="#T08:58:09" id="T08:58:09"><abbr title="2017-04-27T08:58:09+00:00">08:58:09</abbr></a>] &lt;<cite>tbr</cite>&gt; <q>most just go for linux and if they need real time things, then PRU</q></li>
<li class="message">[<a href="#T08:58:22" id="T08:58:22"><abbr title="2017-04-27T08:58:22+00:00">08:58:22</abbr></a>] &lt;<cite>KotH</cite>&gt; <q>rohit__: then start at step #3</q></li>
<li class="message">[<a href="#T08:58:39" id="T08:58:39"><abbr title="2017-04-27T08:58:39+00:00">08:58:39</abbr></a>] &lt;<cite>rohit__</cite>&gt; <q>why can't we bother about bare metal.....</q></li>
<li class="message">[<a href="#T08:58:48" id="T08:58:48"><abbr title="2017-04-27T08:58:48+00:00">08:58:48</abbr></a>] &lt;<cite>KotH</cite>&gt; <q>tbr: the chip in question has a simple spi interface</q></li>
<li class="message">[<a href="#T08:58:57" id="T08:58:57"><abbr title="2017-04-27T08:58:57+00:00">08:58:57</abbr></a>] &lt;<cite>KotH</cite>&gt; <q>tbr: no need for real timey things</q></li>
<li class="message">[<a href="#T08:59:10" id="T08:59:10"><abbr title="2017-04-27T08:59:10+00:00">08:59:10</abbr></a>] &lt;<cite>KotH</cite>&gt; <q>rohit__: because life is too short</q></li>
<li class="message">[<a href="#T08:59:49" id="T08:59:49"><abbr title="2017-04-27T08:59:49+00:00">08:59:49</abbr></a>] &lt;<cite>rohit__</cite>&gt; <q>Its your thought dude not everyone</q></li>
<li class="message">[<a href="#T09:00:42" id="T09:00:42"><abbr title="2017-04-27T09:00:42+00:00">09:00:42</abbr></a>] &lt;<cite>KotH</cite>&gt; <q>rohit__: well, if you dont want our advice, that's fine</q></li>
<li class="message">[<a href="#T09:00:53" id="T09:00:53"><abbr title="2017-04-27T09:00:53+00:00">09:00:53</abbr></a>] &lt;<cite>KotH</cite>&gt; <q>rohit__: but please remember, that _you_ asked for advice</q></li>
<li class="message">[<a href="#T09:01:14" id="T09:01:14"><abbr title="2017-04-27T09:01:14+00:00">09:01:14</abbr></a>] &lt;<cite>rohit__</cite>&gt; <q>i asked advice related with this project</q></li>
<li class="message">[<a href="#T09:01:42" id="T09:01:42"><abbr title="2017-04-27T09:01:42+00:00">09:01:42</abbr></a>] &lt;<cite>KotH</cite>&gt; <q>tbr: what i really wonder is, why semtech choose to do chirped FSK instead of a DSSS system. it would give much higher processing gain at the same BW usage with about the same complexity</q></li>
<li class="message">[<a href="#T09:03:12" id="T09:03:12"><abbr title="2017-04-27T09:03:12+00:00">09:03:12</abbr></a>] &lt;<cite>KotH</cite>&gt; <q>tbr: maybe signal synchronization was too complex for them...</q></li>
<li class="message">[<a href="#T09:03:23" id="T09:03:23"><abbr title="2017-04-27T09:03:23+00:00">09:03:23</abbr></a>] &lt;<cite>KotH</cite>&gt; <q>rohit__: you asked for advice, we gave advice</q></li>
<li class="message">[<a href="#T09:03:57" id="T09:03:57"><abbr title="2017-04-27T09:03:57+00:00">09:03:57</abbr></a>] &lt;<cite>KotH</cite>&gt; <q>rohit__: doing bare metal on a complex SoC like the omap family is going to costs you months if not years to do it correctly</q></li>
<li class="message">[<a href="#T09:04:19" id="T09:04:19"><abbr title="2017-04-27T09:04:19+00:00">09:04:19</abbr></a>] &lt;<cite>KotH</cite>&gt; <q>rohit__: if you are willing to do that, fine... everyone else will use linux instead and be done in days or weeks</q></li>
<li class="message">[<a href="#T09:07:53" id="T09:07:53"><abbr title="2017-04-27T09:07:53+00:00">09:07:53</abbr></a>] &lt;<cite>rohit__</cite>&gt; <q>@koth you mean to say for such communication i should go with other module instead of BBB....</q></li>
<li class="message">[<a href="#T09:08:07" id="T09:08:07"><abbr title="2017-04-27T09:08:07+00:00">09:08:07</abbr></a>] &lt;<cite>KotH</cite>&gt; <q>that really depends on what you are doing</q></li>
<li class="message">[<a href="#T09:08:18" id="T09:08:18"><abbr title="2017-04-27T09:08:18+00:00">09:08:18</abbr></a>] &lt;<cite>KotH</cite>&gt; <q>you have not told us anything about the problem you are trying to solve</q></li>
<li class="message">[<a href="#T09:10:59" id="T09:10:59"><abbr title="2017-04-27T09:10:59+00:00">09:10:59</abbr></a>] &lt;<cite>rohit__</cite>&gt; <q>i told clearly that i want to implement node to node communication using this BBB and sx1272. But i am unable to find any reference or sample example related with semtech. If it is available plz provide me that link this what i want.</q></li>
<li class="message">[<a href="#T09:12:13" id="T09:12:13"><abbr title="2017-04-27T09:12:13+00:00">09:12:13</abbr></a>] &lt;<cite>KotH</cite>&gt; <q>so you want to specifically use the BBB and sx1272?</q></li>
<li class="message">[<a href="#T09:12:20" id="T09:12:20"><abbr title="2017-04-27T09:12:20+00:00">09:12:20</abbr></a>] &lt;<cite>rohit__</cite>&gt; <q>yes</q></li>
<li class="message">[<a href="#T09:13:53" id="T09:13:53"><abbr title="2017-04-27T09:13:53+00:00">09:13:53</abbr></a>] &lt;<cite>rohit__</cite>&gt; <q>because node to node communication and lorawan gateway i have already implemented using arduino and NODEmcu LUA....... but now i want specifically to use BBB and sx1272</q></li>
<li class="message">[<a href="#T09:14:18" id="T09:14:18"><abbr title="2017-04-27T09:14:18+00:00">09:14:18</abbr></a>] &lt;<cite>KotH</cite>&gt; <q>then what i would do is: 1) read the sx1272 datasheet, it describes how to interface it, 2) read how to do spi on linux 3) have a look at the relevant sections of the TRM and the schematics of the BBB, 4) get coding</q></li>
<li class="message">[<a href="#T09:14:21" id="T09:14:21"><abbr title="2017-04-27T09:14:21+00:00">09:14:21</abbr></a>] &lt;<cite>rohit__</cite>&gt; <q>just node to node simple lora communication</q></li>
<li class="quit">[<a href="#T09:14:37" id="T09:14:37"><abbr title="2017-04-27T09:14:37+00:00">09:14:37</abbr></a>] <span>* Shadyman (~matthew@unaffiliated/shadyman) Quit (Quit: Leaving.)</span></li>
<li class="message">[<a href="#T09:15:02" id="T09:15:02"><abbr title="2017-04-27T09:15:02+00:00">09:15:02</abbr></a>] &lt;<cite>KotH</cite>&gt; <q>if you are quick on your feet, you should be done within a week</q></li>
<li class="message">[<a href="#T09:15:26" id="T09:15:26"><abbr title="2017-04-27T09:15:26+00:00">09:15:26</abbr></a>] &lt;<cite>KotH</cite>&gt; <q>if you reuse code from your arduino projects, you will be even faster</q></li>
<li class="message">[<a href="#T09:18:22" id="T09:18:22"><abbr title="2017-04-27T09:18:22+00:00">09:18:22</abbr></a>] &lt;<cite>rohit__</cite>&gt; <q>yeah i have done node to node communication also in linux platform using raspberrypi. Problem which i am facing is like this: - Compiling arduPi... In file included from arduPi.cpp:23:0: arduPi.h:48:21: fatal error: bcm2835.h: No such file or directory compilation terminated. Compiling arduPiUART... In file included from arduPiMultiprotocol.h:18:0,                  from arduPiClasses.h:31,                  from arduPiUtils.h:39,     </q></li>
<li class="message">[<a href="#T09:19:13" id="T09:19:13"><abbr title="2017-04-27T09:19:13+00:00">09:19:13</abbr></a>] &lt;<cite>KotH</cite>&gt; <q>do you understand what the error message is saying?</q></li>
<li class="message">[<a href="#T09:19:38" id="T09:19:38"><abbr title="2017-04-27T09:19:38+00:00">09:19:38</abbr></a>] &lt;<cite>rohit__</cite>&gt; <q>oh sorry wait</q></li>
<li class="message">[<a href="#T09:19:51" id="T09:19:51"><abbr title="2017-04-27T09:19:51+00:00">09:19:51</abbr></a>] &lt;<cite>rohit__</cite>&gt; <q>g++: error: /home/root/cooking/libraries/arduPiLoRa/arduPiLoRa.o: No such file or directory</q></li>
<li class="message">[<a href="#T09:20:14" id="T09:20:14"><abbr title="2017-04-27T09:20:14+00:00">09:20:14</abbr></a>] &lt;<cite>rohit__</cite>&gt; <q>g++: error: /home/root/cooking/arduPi-api/arduPiUART.o: No such file or directory</q></li>
<li class="message">[<a href="#T09:21:16" id="T09:21:16"><abbr title="2017-04-27T09:21:16+00:00">09:21:16</abbr></a>] &lt;<cite>rohit__</cite>&gt; <q>its shows error for object file. Is BBB require file file for compilation......</q></li>
<li class="message">[<a href="#T09:21:39" id="T09:21:39"><abbr title="2017-04-27T09:21:39+00:00">09:21:39</abbr></a>] &lt;<cite>KotH</cite>&gt; <q>do you understand how to compiler error messages?</q></li>
<li class="message">[<a href="#T09:22:01" id="T09:22:01"><abbr title="2017-04-27T09:22:01+00:00">09:22:01</abbr></a>] &lt;<cite>rohit__</cite>&gt; <q>NO</q></li>
<li class="message">[<a href="#T09:23:00" id="T09:23:00"><abbr title="2017-04-27T09:23:00+00:00">09:23:00</abbr></a>] &lt;<cite>rohit__</cite>&gt; <q>if i knew this then i would solved it previously.</q></li>
<li class="message">[<a href="#T09:23:17" id="T09:23:17"><abbr title="2017-04-27T09:23:17+00:00">09:23:17</abbr></a>] &lt;<cite>KotH</cite>&gt; <q>well.. then why dont you ask about this in the first place?</q></li>
<li class="message">[<a href="#T09:23:43" id="T09:23:43"><abbr title="2017-04-27T09:23:43+00:00">09:23:43</abbr></a>] &lt;<cite>KotH</cite>&gt; <q>what you need is to get a book on programming on unix/linux</q></li>
<li class="message">[<a href="#T09:23:49" id="T09:23:49"><abbr title="2017-04-27T09:23:49+00:00">09:23:49</abbr></a>] &lt;<cite>KotH</cite>&gt; <q>there are plenty of those</q></li>
<li class="message">[<a href="#T09:23:53" id="T09:23:53"><abbr title="2017-04-27T09:23:53+00:00">09:23:53</abbr></a>] &lt;<cite>KotH</cite>&gt; <q>get one of them</q></li>
<li class="message">[<a href="#T09:23:54" id="T09:23:54"><abbr title="2017-04-27T09:23:54+00:00">09:23:54</abbr></a>] &lt;<cite>KotH</cite>&gt; <q>read it</q></li>
<li class="message">[<a href="#T09:25:25" id="T09:25:25"><abbr title="2017-04-27T09:25:25+00:00">09:25:25</abbr></a>] &lt;<cite>rohit__</cite>&gt; <q>thanks alot for you advice but i think if i compile my .c file with gcc -c &lt;filename&gt; then i would able to create object file.</q></li>
<li class="message">[<a href="#T09:26:49" id="T09:26:49"><abbr title="2017-04-27T09:26:49+00:00">09:26:49</abbr></a>] &lt;<cite>rohit__</cite>&gt; <q>but the thing is i have lots of c file and h file which have to compile at same time for that i have to create 1 makefile to show them path....</q></li>
<li class="message">[<a href="#T09:30:17" id="T09:30:17"><abbr title="2017-04-27T09:30:17+00:00">09:30:17</abbr></a>] &lt;<cite>rohit__</cite>&gt; <q>if i able to find solution on programming on unix/linux then why this chat group is created just to advice to read book.. if don't know the solution better tell in the first place. every time dnt say read book read book... thanks and bye. The problem is not with the path.......</q></li>
<li class="message">[<a href="#T09:30:20" id="T09:30:20"><abbr title="2017-04-27T09:30:20+00:00">09:30:20</abbr></a>] &lt;<cite>rohit__</cite>&gt; <q>leave</q></li>
<li class="part">[<a href="#T09:30:23" id="T09:30:23"><abbr title="2017-04-27T09:30:23+00:00">09:30:23</abbr></a>] <span>* rohit__ (6a33e917@gateway/web/freenode/ip.106.51.233.23) has left #beagle</span></li>
<li class="message">[<a href="#T09:31:50" id="T09:31:50"><abbr title="2017-04-27T09:31:50+00:00">09:31:50</abbr></a>] &lt;<cite>tbr</cite>&gt; <q>reisende soll man nicht aufhalten</q></li>
<li class="message">[<a href="#T09:31:55" id="T09:31:55"><abbr title="2017-04-27T09:31:55+00:00">09:31:55</abbr></a>] &lt;<cite>KotH</cite>&gt; <q>ja</q></li>
<li class="quit">[<a href="#T09:35:43" id="T09:35:43"><abbr title="2017-04-27T09:35:43+00:00">09:35:43</abbr></a>] <span>* Ceriand|desktop (~Ceriand@unaffiliated/ceriand) Quit (Quit: Leaving.)</span></li>
<li class="message">[<a href="#T09:46:50" id="T09:46:50"><abbr title="2017-04-27T09:46:50+00:00">09:46:50</abbr></a>] &lt;<cite>phschafft</cite>&gt; <q>tjoar.</q></li>
<li class="message">[<a href="#T09:51:54" id="T09:51:54"><abbr title="2017-04-27T09:51:54+00:00">09:51:54</abbr></a>] &lt;<cite>zeekhuge</cite>&gt; <q>kids</q></li>
<li class="quit">[<a href="#T09:57:13" id="T09:57:13"><abbr title="2017-04-27T09:57:13+00:00">09:57:13</abbr></a>] <span>* sudden6 (~anonymous@fh.fh-joanneum.at) Quit (Ping timeout: 240 seconds)</span></li>
<li class="quit">[<a href="#T10:00:34" id="T10:00:34"><abbr title="2017-04-27T10:00:34+00:00">10:00:34</abbr></a>] <span>* jkt (~jkt@kde/jkt) Quit (Ping timeout: 264 seconds)</span></li>
<li class="quit">[<a href="#T10:09:34" id="T10:09:34"><abbr title="2017-04-27T10:09:34+00:00">10:09:34</abbr></a>] <span>* eFfeM (~frans@f160137.upc-f.chello.nl) Quit (Quit: Leaving.)</span></li>
<li class="join">[<a href="#T10:24:39" id="T10:24:39"><abbr title="2017-04-27T10:24:39+00:00">10:24:39</abbr></a>] <span>* kiwichris (~kiwichris@CPE-58-173-22-165.bmzq1.cht.bigpond.net.au) has joined #beagle</span></li>
<li class="quit">[<a href="#T10:26:33" id="T10:26:33"><abbr title="2017-04-27T10:26:33+00:00">10:26:33</abbr></a>] <span>* Cats_home (~Catslab@104-163-139-29.qc.dsl.ebox.net) Quit (Read error: Connection reset by peer)</span></li>
<li class="join">[<a href="#T10:27:00" id="T10:27:00"><abbr title="2017-04-27T10:27:00+00:00">10:27:00</abbr></a>] <span>* Cats_home (~Catslab@104-163-139-29.qc.dsl.ebox.net) has joined #beagle</span></li>
<li class="quit">[<a href="#T10:30:23" id="T10:30:23"><abbr title="2017-04-27T10:30:23+00:00">10:30:23</abbr></a>] <span>* tty0_ (~NA@unaffiliated/tty0/x-3092968) Quit (Quit: Leaving.)</span></li>
<li class="quit">[<a href="#T10:33:34" id="T10:33:34"><abbr title="2017-04-27T10:33:34+00:00">10:33:34</abbr></a>] <span>* nighty-- (~nighty@d246113.ppp.asahi-net.or.jp) Quit (Quit: Disappears in a puff of smoke)</span></li>
<li class="quit">[<a href="#T10:38:06" id="T10:38:06"><abbr title="2017-04-27T10:38:06+00:00">10:38:06</abbr></a>] <span>* cc0_ (~cc0_@c-174-53-187-122.hsd1.mn.comcast.net) Quit (Ping timeout: 268 seconds)</span></li>
<li class="join">[<a href="#T10:41:05" id="T10:41:05"><abbr title="2017-04-27T10:41:05+00:00">10:41:05</abbr></a>] <span>* eFfeM (~frans@f160137.upc-f.chello.nl) has joined #beagle</span></li>
<li class="join">[<a href="#T10:42:40" id="T10:42:40"><abbr title="2017-04-27T10:42:40+00:00">10:42:40</abbr></a>] <span>* tty0_ (~NA@unaffiliated/tty0/x-3092968) has joined #beagle</span></li>
<li class="join">[<a href="#T11:06:43" id="T11:06:43"><abbr title="2017-04-27T11:06:43+00:00">11:06:43</abbr></a>] <span>* jpirko (~jirka@jirka.pirko.cz) has joined #beagle</span></li>
<li class="join">[<a href="#T11:08:11" id="T11:08:11"><abbr title="2017-04-27T11:08:11+00:00">11:08:11</abbr></a>] <span>* Abgie (42e79b71@gateway/web/freenode/ip.66.231.155.113) has joined #beagle</span></li>
<li class="message">[<a href="#T11:08:59" id="T11:08:59"><abbr title="2017-04-27T11:08:59+00:00">11:08:59</abbr></a>] &lt;<cite>Abgie</cite>&gt; <q>my beaglebone will not connect to cloud9. does anyone knows what might cause that?</q></li>
<li class="quit">[<a href="#T11:15:53" id="T11:15:53"><abbr title="2017-04-27T11:15:53+00:00">11:15:53</abbr></a>] <span>* Soopaman (~soopaman@198.16.243.21) Quit (Quit: Leaving.)</span></li>
<li class="quit">[<a href="#T11:18:06" id="T11:18:06"><abbr title="2017-04-27T11:18:06+00:00">11:18:06</abbr></a>] <span>* fnlkj (~fnlkj@vps-16.205.170.217.stwvps.net) Quit (Quit: ?)</span></li>
<li class="join">[<a href="#T11:23:06" id="T11:23:06"><abbr title="2017-04-27T11:23:06+00:00">11:23:06</abbr></a>] <span>* berton (~berton@189.114.111.135) has joined #beagle</span></li>
<li class="join">[<a href="#T11:31:06" id="T11:31:06"><abbr title="2017-04-27T11:31:06+00:00">11:31:06</abbr></a>] <span>* nighty-- (~nighty@s229123.ppp.asahi-net.or.jp) has joined #beagleboard</span></li>
<li class="quit">[<a href="#T11:47:22" id="T11:47:22"><abbr title="2017-04-27T11:47:22+00:00">11:47:22</abbr></a>] <span>* dgerlach1 (~dgerlach@192.91.75.12) Quit (Quit: Leaving.)</span></li>
<li class="join">[<a href="#T11:55:13" id="T11:55:13"><abbr title="2017-04-27T11:55:13+00:00">11:55:13</abbr></a>] <span>* mythos (~mythos@unaffiliated/mythos) has joined #beagle</span></li>
<li class="join">[<a href="#T12:04:04" id="T12:04:04"><abbr title="2017-04-27T12:04:04+00:00">12:04:04</abbr></a>] <span>* bostondriver (~mcambria@68.128.155.223) has joined #beagle</span></li>
<li class="message">[<a href="#T12:08:26" id="T12:08:26"><abbr title="2017-04-27T12:08:26+00:00">12:08:26</abbr></a>] &lt;<cite>KotH</cite>&gt; <q>Abgie: what does "will not connect" mean?</q></li>
<li class="message">[<a href="#T12:08:31" id="T12:08:31"><abbr title="2017-04-27T12:08:31+00:00">12:08:31</abbr></a>] &lt;<cite>KotH</cite>&gt; <q>Abgie: do you get an ip?</q></li>
<li class="message">[<a href="#T12:08:36" id="T12:08:36"><abbr title="2017-04-27T12:08:36+00:00">12:08:36</abbr></a>] &lt;<cite>KotH</cite>&gt; <q>Abgie: can you ping the BBB?</q></li>
<li class="message">[<a href="#T12:08:48" id="T12:08:48"><abbr title="2017-04-27T12:08:48+00:00">12:08:48</abbr></a>] &lt;<cite>KotH</cite>&gt; <q>Abgie: does your browser return an error message? if so, which one?</q></li>
<li class="join">[<a href="#T12:09:23" id="T12:09:23"><abbr title="2017-04-27T12:09:23+00:00">12:09:23</abbr></a>] <span>* pathrocle (~matheus.c@46.97.4.154) has joined #beaglebone</span></li>
<li class="message">[<a href="#T12:09:24" id="T12:09:24"><abbr title="2017-04-27T12:09:24+00:00">12:09:24</abbr></a>] &lt;<cite>KotH</cite>&gt; <q>Abgie: will you send me some high grade swiss chocolate?</q></li>
<li class="part">[<a href="#T12:09:32" id="T12:09:32"><abbr title="2017-04-27T12:09:32+00:00">12:09:32</abbr></a>] <span>* pathrocle (~matheus.c@46.97.4.154) has left #beaglebone</span></li>
<li class="join">[<a href="#T12:09:43" id="T12:09:43"><abbr title="2017-04-27T12:09:43+00:00">12:09:43</abbr></a>] <span>* pathrocle (~matheus.c@46.97.4.154) has joined #beagle</span></li>
<li class="join">[<a href="#T12:21:56" id="T12:21:56"><abbr title="2017-04-27T12:21:56+00:00">12:21:56</abbr></a>] <span>* NishanthMenon (~nmenon@192.91.101.32) has joined #beagle</span></li>
<li class="quit">[<abbr title="2017-04-27T12:21:56+00:00">12:21:56</abbr>] <span>* NishanthMenon (~nmenon@192.91.101.32) Quit (Changing host)</span></li>
<li class="join">[<abbr title="2017-04-27T12:21:56+00:00">12:21:56</abbr>] <span>* NishanthMenon (~nmenon@unaffiliated/nishanthmenon) has joined #beagle</span></li>
<li class="join">[<a href="#T12:31:55" id="T12:31:55"><abbr title="2017-04-27T12:31:55+00:00">12:31:55</abbr></a>] <span>* chomwitt (~chomwitt@athedsl-351412.home.otenet.gr) has joined #beagle</span></li>
<li class="quit">[<a href="#T12:37:19" id="T12:37:19"><abbr title="2017-04-27T12:37:19+00:00">12:37:19</abbr></a>] <span>* thisthingsucks (60268b13@gateway/web/freenode/ip.96.38.139.19) Quit (Quit: Page closed)</span></li>
<li class="quit">[<a href="#T12:44:20" id="T12:44:20"><abbr title="2017-04-27T12:44:20+00:00">12:44:20</abbr></a>] <span>* fred_tv_ (~fzanini@host242-32-static.242-95-b.business.telecomitalia.it) Quit (Quit: Leaving)</span></li>
<li class="join">[<a href="#T12:46:10" id="T12:46:10"><abbr title="2017-04-27T12:46:10+00:00">12:46:10</abbr></a>] <span>* fred_tv (~fred_tv@93-46-196-134.ip109.fastwebnet.it) has joined #beagle</span></li>
<li class="quit">[<a href="#T12:50:56" id="T12:50:56"><abbr title="2017-04-27T12:50:56+00:00">12:50:56</abbr></a>] <span>* djakov (~djakov@linaro/djakov) Quit (Ping timeout: 252 seconds)</span></li>
<li class="join">[<a href="#T12:55:06" id="T12:55:06"><abbr title="2017-04-27T12:55:06+00:00">12:55:06</abbr></a>] <span>* cc0_ (~cc0_@c-174-53-187-122.hsd1.mn.comcast.net) has joined #beagle</span></li>
<li class="quit">[<a href="#T12:59:58" id="T12:59:58"><abbr title="2017-04-27T12:59:58+00:00">12:59:58</abbr></a>] <span>* yrk (~user@pdpc/supporter/student/yrk) Quit (Read error: Connection reset by peer)</span></li>
<li class="message">[<a href="#T13:02:18" id="T13:02:18"><abbr title="2017-04-27T13:02:18+00:00">13:02:18</abbr></a>] &lt;<cite>Abgie</cite>&gt; <q> yes I can ping the beaglebone and ssh into it using putty but the browser does not see the device connection. So I cannot program the device from cloud9.</q></li>
<li class="join">[<a href="#T13:06:34" id="T13:06:34"><abbr title="2017-04-27T13:06:34+00:00">13:06:34</abbr></a>] <span>* yrk (~user@c-50-189-99-166.hsd1.nh.comcast.net) has joined #beagle</span></li>
<li class="quit">[<a href="#T13:06:51" id="T13:06:51"><abbr title="2017-04-27T13:06:51+00:00">13:06:51</abbr></a>] <span>* yrk (~user@c-50-189-99-166.hsd1.nh.comcast.net) Quit (Changing host)</span></li>
<li class="join">[<abbr title="2017-04-27T13:06:51+00:00">13:06:51</abbr>] <span>* yrk (~user@pdpc/supporter/student/yrk) has joined #beagle</span></li>
<li class="quit">[<a href="#T13:17:40" id="T13:17:40"><abbr title="2017-04-27T13:17:40+00:00">13:17:40</abbr></a>] <span>* eFfeM (~frans@f160137.upc-f.chello.nl) Quit (Quit: Leaving.)</span></li>
<li class="quit">[<a href="#T13:36:59" id="T13:36:59"><abbr title="2017-04-27T13:36:59+00:00">13:36:59</abbr></a>] <span>* yrk (~user@pdpc/supporter/student/yrk) Quit (Read error: Connection reset by peer)</span></li>
<li class="quit">[<a href="#T13:37:15" id="T13:37:15"><abbr title="2017-04-27T13:37:15+00:00">13:37:15</abbr></a>] <span>* jpirko (~jirka@jirka.pirko.cz) Quit (Quit: Leaving)</span></li>
<li class="join">[<a href="#T13:37:23" id="T13:37:23"><abbr title="2017-04-27T13:37:23+00:00">13:37:23</abbr></a>] <span>* jpirko (~jirka@jirka.pirko.cz) has joined #beagle</span></li>
<li class="quit">[<a href="#T13:41:46" id="T13:41:46"><abbr title="2017-04-27T13:41:46+00:00">13:41:46</abbr></a>] <span>* Abgie (42e79b71@gateway/web/freenode/ip.66.231.155.113) Quit (Ping timeout: 260 seconds)</span></li>
<li class="join">[<a href="#T13:42:16" id="T13:42:16"><abbr title="2017-04-27T13:42:16+00:00">13:42:16</abbr></a>] <span>* djakov (~djakov@tengig1-3.cr1.ip6.fobul.net) has joined #beagle</span></li>
<li class="quit">[<a href="#T13:43:34" id="T13:43:34"><abbr title="2017-04-27T13:43:34+00:00">13:43:34</abbr></a>] <span>* djakov (~djakov@tengig1-3.cr1.ip6.fobul.net) Quit (Changing host)</span></li>
<li class="join">[<abbr title="2017-04-27T13:43:34+00:00">13:43:34</abbr>] <span>* djakov (~djakov@linaro/djakov) has joined #beagle</span></li>
<li class="quit">[<a href="#T13:59:28" id="T13:59:28"><abbr title="2017-04-27T13:59:28+00:00">13:59:28</abbr></a>] <span>* rob_w (~bob@unaffiliated/rob-w/x-1112029) Quit (Remote host closed the connection)</span></li>
