<li class="join">[<a href="#T00:00:55" id="T00:00:55"><abbr title="2018-03-03T00:00:55+00:00">00:00:55</abbr></a>] <span>* BeagleBot (~PircBot@52.26.75.20) has joined #beagle</span></li>
<li class="topic">[<abbr title="2018-03-03T00:00:55+00:00">00:00:55</abbr>] <span>* Topic is '<a href="http://bbb.io/chat">http://bbb.io/chat</a> has a guide on how to ask questions and links to the logs | never ask to ask, just ask | be patient | pastebin a boot log | <a href="http://bbb.io/boot">http://bbb.io/boot</a> | <a href="http://bbb.io/start">http://bbb.io/start</a> | <a href="http://bbb.io/latest">http://bbb.io/latest</a> | <a href="http://bbb.io/bone101">http://bbb.io/bone101</a> | books: <a href="http://bbb.io/books'">http://bbb.io/books'</a></span></li>
<li class="topic">[<abbr title="2018-03-03T00:00:55+00:00">00:00:55</abbr>] <span>* Set by jkridner!~jkridner@pdpc/supporter/active/jkridner on Wed May 24 15:57:17 UTC 2017</span></li>
<li class="join">[<abbr title="2018-03-03T00:00:55+00:00">00:00:55</abbr>] <span>* BeagleBot (~PircBot@52.26.75.20) has joined #beagleboard</span></li>
<li class="join">[<abbr title="2018-03-03T00:00:55+00:00">00:00:55</abbr>] <span>* BeagleBot (~PircBot@52.26.75.20) has joined #beaglebone</span></li>
<li class="quit">[<a href="#T00:03:37" id="T00:03:37"><abbr title="2018-03-03T00:03:37+00:00">00:03:37</abbr></a>] <span>* florian (~florian_k@Maemo/community/contributor/florian) Quit (Ping timeout: 248 seconds)</span></li>
<li class="quit">[<a href="#T00:16:45" id="T00:16:45"><abbr title="2018-03-03T00:16:45+00:00">00:16:45</abbr></a>] <span>* nerdboy (~sarnold@gentoo/developer/nerdboy) Quit (Quit: Terminated with extreme prejudice - dircproxy 1.2.0)</span></li>
<li class="join">[<a href="#T00:27:49" id="T00:27:49"><abbr title="2018-03-03T00:27:49+00:00">00:27:49</abbr></a>] <span>* taco_battle (~taco_batt@ip68-226-150-239.lf.br.cox.net) has joined #beagle</span></li>
<li class="quit">[<a href="#T00:32:07" id="T00:32:07"><abbr title="2018-03-03T00:32:07+00:00">00:32:07</abbr></a>] <span>* ferdna (~ferdna@68-73-71-246.lightspeed.elpstx.sbcglobal.net) Quit (Quit: Leaving)</span></li>
<li class="join">[<a href="#T00:47:31" id="T00:47:31"><abbr title="2018-03-03T00:47:31+00:00">00:47:31</abbr></a>] <span>* Ceriand|desktop (~Ceriand@unaffiliated/ceriand) has joined #beagle</span></li>
<li class="quit">[<a href="#T00:55:32" id="T00:55:32"><abbr title="2018-03-03T00:55:32+00:00">00:55:32</abbr></a>] <span>* flebourse (4d88541a@gateway/web/freenode/ip.77.136.84.26) Quit (Ping timeout: 260 seconds)</span></li>
<li class="join">[<a href="#T00:59:31" id="T00:59:31"><abbr title="2018-03-03T00:59:31+00:00">00:59:31</abbr></a>] <span>* nerdboy (~sarnold@gatekeeper.gentoogeek.org) has joined #beagle</span></li>
<li class="quit">[<abbr title="2018-03-03T00:59:31+00:00">00:59:31</abbr>] <span>* nerdboy (~sarnold@gatekeeper.gentoogeek.org) Quit (Changing host)</span></li>
<li class="join">[<abbr title="2018-03-03T00:59:31+00:00">00:59:31</abbr>] <span>* nerdboy (~sarnold@gentoo/developer/nerdboy) has joined #beagle</span></li>
<li class="join">[<a href="#T01:03:43" id="T01:03:43"><abbr title="2018-03-03T01:03:43+00:00">01:03:43</abbr></a>] <span>* ferdna (~ferdna@68-73-71-246.lightspeed.elpstx.sbcglobal.net) has joined #beagle</span></li>
<li class="quit">[<a href="#T01:09:25" id="T01:09:25"><abbr title="2018-03-03T01:09:25+00:00">01:09:25</abbr></a>] <span>* wa5qjh (~quassel@freebsd/user/wa5qjh) Quit (Remote host closed the connection)</span></li>
<li class="part">[<a href="#T01:17:01" id="T01:17:01"><abbr title="2018-03-03T01:17:01+00:00">01:17:01</abbr></a>] <span>* taco_battle (~taco_batt@ip68-226-150-239.lf.br.cox.net) has left #beagle</span></li>
<li class="join">[<a href="#T01:58:10" id="T01:58:10"><abbr title="2018-03-03T01:58:10+00:00">01:58:10</abbr></a>] <span>* Dan_ (ae3e6191@gateway/web/freenode/ip.174.62.97.145) has joined #beagle</span></li>
<li class="nick-change">[<a href="#T01:58:34" id="T01:58:34"><abbr title="2018-03-03T01:58:34+00:00">01:58:34</abbr></a>] <span>* Dan_ is now known as Guest34529</span></li>
<li class="quit">[<a href="#T02:00:30" id="T02:00:30"><abbr title="2018-03-03T02:00:30+00:00">02:00:30</abbr></a>] <span>* rthille-ciena (~rthille@67.59.199.241) Quit (Ping timeout: 265 seconds)</span></li>
<li class="message">[<a href="#T02:00:43" id="T02:00:43"><abbr title="2018-03-03T02:00:43+00:00">02:00:43</abbr></a>] &lt;<cite>Guest34529</cite>&gt; <q>Hi I came here from the google summer of code webpage after reading the description of this opensource project, and was wondering if anyone has mentored a student for this project before or could provide information about the experience.</q></li>
<li class="join">[<a href="#T02:05:19" id="T02:05:19"><abbr title="2018-03-03T02:05:19+00:00">02:05:19</abbr></a>] <span>* wa5qjh (~quassel@freebsd/user/wa5qjh) has joined #beagle</span></li>
<li class="quit">[<a href="#T02:11:32" id="T02:11:32"><abbr title="2018-03-03T02:11:32+00:00">02:11:32</abbr></a>] <span>* thaytan (~thaytan@180-150-118-156.NBN.mel.aussiebb.net) Quit (Ping timeout: 260 seconds)</span></li>
<li class="quit">[<a href="#T02:13:21" id="T02:13:21"><abbr title="2018-03-03T02:13:21+00:00">02:13:21</abbr></a>] <span>* Humpelst1lzchen (erik@p4FD038E2.dip0.t-ipconnect.de) Quit (Ping timeout: 240 seconds)</span></li>
<li class="join">[<a href="#T02:13:52" id="T02:13:52"><abbr title="2018-03-03T02:13:52+00:00">02:13:52</abbr></a>] <span>* thaytan (~thaytan@180-150-118-156.NBN.mel.aussiebb.net) has joined #beagle</span></li>
<li class="join">[<a href="#T02:14:33" id="T02:14:33"><abbr title="2018-03-03T02:14:33+00:00">02:14:33</abbr></a>] <span>* Humpelstilzchen (erik@p2E5B24A9.dip0.t-ipconnect.de) has joined #beagle</span></li>
<li class="quit">[<a href="#T02:31:50" id="T02:31:50"><abbr title="2018-03-03T02:31:50+00:00">02:31:50</abbr></a>] <span>* tonokip (~quassel@24-159-82-190.static.jcsn.tn.charter.com) Quit (Ping timeout: 260 seconds)</span></li>
<li class="quit">[<a href="#T02:32:28" id="T02:32:28"><abbr title="2018-03-03T02:32:28+00:00">02:32:28</abbr></a>] <span>* knttl (~knttl@dyndsl-091-096-239-082.ewe-ip-backbone.de) Quit (Ping timeout: 276 seconds)</span></li>
<li class="join">[<a href="#T02:33:53" id="T02:33:53"><abbr title="2018-03-03T02:33:53+00:00">02:33:53</abbr></a>] <span>* knttl (~knttl@91.97.88.255) has joined #beagle</span></li>
<li class="quit">[<a href="#T02:46:56" id="T02:46:56"><abbr title="2018-03-03T02:46:56+00:00">02:46:56</abbr></a>] <span>* johanhenselmans (~localadmi@pretsense.xs4all.nl) Quit (Read error: Connection reset by peer)</span></li>
<li class="join">[<a href="#T02:47:49" id="T02:47:49"><abbr title="2018-03-03T02:47:49+00:00">02:47:49</abbr></a>] <span>* johanhenselmans (~localadmi@pretsense.xs4all.nl) has joined #beagle</span></li>
<li class="join">[<a href="#T02:50:24" id="T02:50:24"><abbr title="2018-03-03T02:50:24+00:00">02:50:24</abbr></a>] <span>* bien_salad (bien_salad@ip68-226-150-239.lf.br.cox.net) has joined #beagle</span></li>
<li class="quit">[<a href="#T02:50:40" id="T02:50:40"><abbr title="2018-03-03T02:50:40+00:00">02:50:40</abbr></a>] <span>* thinkfat (~maw@p4FF0D995.dip0.t-ipconnect.de) Quit (Ping timeout: 240 seconds)</span></li>
<li class="quit">[<a href="#T02:50:43" id="T02:50:43"><abbr title="2018-03-03T02:50:43+00:00">02:50:43</abbr></a>] <span>* thinkfat_ (~matze@p4FF0D995.dip0.t-ipconnect.de) Quit (Ping timeout: 240 seconds)</span></li>
<li class="join">[<a href="#T02:51:01" id="T02:51:01"><abbr title="2018-03-03T02:51:01+00:00">02:51:01</abbr></a>] <span>* thinkfat (~maw@p4FF0D2AB.dip0.t-ipconnect.de) has joined #beagle</span></li>
<li class="join">[<a href="#T02:51:29" id="T02:51:29"><abbr title="2018-03-03T02:51:29+00:00">02:51:29</abbr></a>] <span>* thinkfat_ (~matze@p4FF0D2AB.dip0.t-ipconnect.de) has joined #beagle</span></li>
<li class="quit">[<a href="#T03:19:03" id="T03:19:03"><abbr title="2018-03-03T03:19:03+00:00">03:19:03</abbr></a>] <span>* docularxu (guodongxu@gateway/shell/linaro/x-tvomfvnuefqpbwpg) Quit (Quit: ZNC - <a href="http://znc.in)">http://znc.in)</a></span></li>
<li class="join">[<a href="#T03:32:49" id="T03:32:49"><abbr title="2018-03-03T03:32:49+00:00">03:32:49</abbr></a>] <span>* docularxu (guodongxu@gateway/shell/linaro/x-vnurjvjplgyokeen) has joined #beagle</span></li>
<li class="join">[<a href="#T03:37:44" id="T03:37:44"><abbr title="2018-03-03T03:37:44+00:00">03:37:44</abbr></a>] <span>* Dunedan_ (~dunedan@unaffiliated/dunedan) has joined #beagle</span></li>
<li class="quit">[<a href="#T03:40:41" id="T03:40:41"><abbr title="2018-03-03T03:40:41+00:00">03:40:41</abbr></a>] <span>* wa5qjh (~quassel@freebsd/user/wa5qjh) Quit (Remote host closed the connection)</span></li>
<li class="quit">[<a href="#T03:41:02" id="T03:41:02"><abbr title="2018-03-03T03:41:02+00:00">03:41:02</abbr></a>] <span>* Dunedan (~dunedan@unaffiliated/dunedan) Quit (Ping timeout: 265 seconds)</span></li>
<li class="join">[<a href="#T03:41:20" id="T03:41:20"><abbr title="2018-03-03T03:41:20+00:00">03:41:20</abbr></a>] <span>* Shadyman (~matthew@unaffiliated/shadyman) has joined #beagle</span></li>
<li class="join">[<a href="#T03:48:38" id="T03:48:38"><abbr title="2018-03-03T03:48:38+00:00">03:48:38</abbr></a>] <span>* wa5qjh (~quassel@175.158.225.217) has joined #beagle</span></li>
<li class="quit">[<abbr title="2018-03-03T03:48:38+00:00">03:48:38</abbr>] <span>* wa5qjh (~quassel@175.158.225.217) Quit (Changing host)</span></li>
<li class="join">[<abbr title="2018-03-03T03:48:38+00:00">03:48:38</abbr>] <span>* wa5qjh (~quassel@freebsd/user/wa5qjh) has joined #beagle</span></li>
<li class="quit">[<a href="#T04:09:21" id="T04:09:21"><abbr title="2018-03-03T04:09:21+00:00">04:09:21</abbr></a>] <span>* wa5qjh (~quassel@freebsd/user/wa5qjh) Quit (Remote host closed the connection)</span></li>
<li class="quit">[<a href="#T04:32:16" id="T04:32:16"><abbr title="2018-03-03T04:32:16+00:00">04:32:16</abbr></a>] <span>* rizzo (~RizzoTheR@p54B6B698.dip0.t-ipconnect.de) Quit (Ping timeout: 265 seconds)</span></li>
<li class="part">[<a href="#T04:42:43" id="T04:42:43"><abbr title="2018-03-03T04:42:43+00:00">04:42:43</abbr></a>] <span>* bien_salad (bien_salad@ip68-226-150-239.lf.br.cox.net) has left #beagle</span></li>
<li class="quit">[<a href="#T05:07:43" id="T05:07:43"><abbr title="2018-03-03T05:07:43+00:00">05:07:43</abbr></a>] <span>* dlan (~dennis@gentoo/developer/dlan) Quit (Ping timeout: 240 seconds)</span></li>
<li class="join">[<a href="#T05:08:47" id="T05:08:47"><abbr title="2018-03-03T05:08:47+00:00">05:08:47</abbr></a>] <span>* dlan (~dennis@gentoo/developer/dlan) has joined #beagle</span></li>
<li class="quit">[<a href="#T05:18:48" id="T05:18:48"><abbr title="2018-03-03T05:18:48+00:00">05:18:48</abbr></a>] <span>* vagrantc (~vagrant@unaffiliated/vagrantc) Quit (Quit: leaving)</span></li>
<li class="join">[<a href="#T05:20:42" id="T05:20:42"><abbr title="2018-03-03T05:20:42+00:00">05:20:42</abbr></a>] <span>* bien_salad (bien_salad@ip68-226-150-239.lf.br.cox.net) has joined #beagle</span></li>
<li class="join">[<a href="#T05:42:01" id="T05:42:01"><abbr title="2018-03-03T05:42:01+00:00">05:42:01</abbr></a>] <span>* citylights_ (~me@bzq-84-111-152-17.red.bezeqint.net) has joined #beagle</span></li>
<li class="quit">[<a href="#T05:45:29" id="T05:45:29"><abbr title="2018-03-03T05:45:29+00:00">05:45:29</abbr></a>] <span>* citylights__ (~me@bzq-84-111-152-17.cablep.bezeqint.net) Quit (Ping timeout: 248 seconds)</span></li>
<li class="join">[<a href="#T05:47:02" id="T05:47:02"><abbr title="2018-03-03T05:47:02+00:00">05:47:02</abbr></a>] <span>* wa5qjh (~quassel@freebsd/user/wa5qjh) has joined #beagle</span></li>
<li class="join">[<a href="#T05:49:04" id="T05:49:04"><abbr title="2018-03-03T05:49:04+00:00">05:49:04</abbr></a>] <span>* citylights__ (~me@bzq-84-111-152-17.cablep.bezeqint.net) has joined #beagle</span></li>
<li class="join">[<a href="#T05:51:48" id="T05:51:48"><abbr title="2018-03-03T05:51:48+00:00">05:51:48</abbr></a>] <span>* gabe (4a7ba686@gateway/web/freenode/ip.74.123.166.134) has joined #beagle</span></li>
<li class="message">[<a href="#T05:51:56" id="T05:51:56"><abbr title="2018-03-03T05:51:56+00:00">05:51:56</abbr></a>] &lt;<cite>gabe</cite>&gt; <q>hi</q></li>
<li class="quit">[<a href="#T05:52:42" id="T05:52:42"><abbr title="2018-03-03T05:52:42+00:00">05:52:42</abbr></a>] <span>* wa5qjh (~quassel@freebsd/user/wa5qjh) Quit (Remote host closed the connection)</span></li>
<li class="quit">[<a href="#T05:52:57" id="T05:52:57"><abbr title="2018-03-03T05:52:57+00:00">05:52:57</abbr></a>] <span>* citylights_ (~me@bzq-84-111-152-17.red.bezeqint.net) Quit (Ping timeout: 248 seconds)</span></li>
<li class="quit">[<a href="#T05:54:37" id="T05:54:37"><abbr title="2018-03-03T05:54:37+00:00">05:54:37</abbr></a>] <span>* dlan (~dennis@gentoo/developer/dlan) Quit (Ping timeout: 276 seconds)</span></li>
<li class="join">[<a href="#T05:55:12" id="T05:55:12"><abbr title="2018-03-03T05:55:12+00:00">05:55:12</abbr></a>] <span>* dlan (~dennis@gentoo/developer/dlan) has joined #beagle</span></li>
<li class="message">[<a href="#T05:55:59" id="T05:55:59"><abbr title="2018-03-03T05:55:59+00:00">05:55:59</abbr></a>] &lt;<cite>gabe</cite>&gt; <q>hi</q></li>
<li class="quit">[<a href="#T06:02:32" id="T06:02:32"><abbr title="2018-03-03T06:02:32+00:00">06:02:32</abbr></a>] <span>* gabe (4a7ba686@gateway/web/freenode/ip.74.123.166.134) Quit (Quit: Page closed)</span></li>
<li class="quit">[<a href="#T06:39:37" id="T06:39:37"><abbr title="2018-03-03T06:39:37+00:00">06:39:37</abbr></a>] <span>* behanw (uid110099@gateway/web/irccloud.com/x-dwrrvshmwoggqcli) Quit (Quit: Connection closed for inactivity)</span></li>
<li class="join">[<a href="#T06:57:13" id="T06:57:13"><abbr title="2018-03-03T06:57:13+00:00">06:57:13</abbr></a>] <span>* Sidharth (~Sidharth@2405:204:1383:2144:3146:72bb:66a3:9ee1) has joined #beagle</span></li>
<li class="join">[<a href="#T06:59:04" id="T06:59:04"><abbr title="2018-03-03T06:59:04+00:00">06:59:04</abbr></a>] <span>* Sidharth (~Sidharth@2405:204:1383:2144:3146:72bb:66a3:9ee1) has joined #beagleboard</span></li>
<li class="quit">[<a href="#T07:17:54" id="T07:17:54"><abbr title="2018-03-03T07:17:54+00:00">07:17:54</abbr></a>] <span>* peroyvib (~peroyvib@111.151.9.46.customer.cdi.no) Quit (Ping timeout: 256 seconds)</span></li>
<li class="join">[<a href="#T07:18:49" id="T07:18:49"><abbr title="2018-03-03T07:18:49+00:00">07:18:49</abbr></a>] <span>* peroyvib (~peroyvib@111.151.9.46.customer.cdi.no) has joined #beagle</span></li>
<li class="quit">[<a href="#T07:41:32" id="T07:41:32"><abbr title="2018-03-03T07:41:32+00:00">07:41:32</abbr></a>] <span>* Guest34529 (ae3e6191@gateway/web/freenode/ip.174.62.97.145) Quit (Ping timeout: 260 seconds)</span></li>
<li class="join">[<a href="#T07:50:41" id="T07:50:41"><abbr title="2018-03-03T07:50:41+00:00">07:50:41</abbr></a>] <span>* serg_stetsuk (~serg@225-48-124-91.pool.ukrtel.net) has joined #beagle</span></li>
