<li class="join">[<a href="#T00:01:04" id="T00:01:04"><abbr title="2018-04-25T00:01:04+00:00">00:01:04</abbr></a>] <span>* BeagleBot (~PircBot@52.26.75.20) has joined #beagleboard</span></li>
<li class="join">[<abbr title="2018-04-25T00:01:04+00:00">00:01:04</abbr>] <span>* BeagleBot (~PircBot@52.26.75.20) has joined #beaglebone</span></li>
<li class="join">[<a href="#T00:35:12" id="T00:35:12"><abbr title="2018-04-25T00:35:12+00:00">00:35:12</abbr></a>] <span>* nighty-- (~nighty@kyotolabs.asahinet.com) has joined #beagleboard</span></li>
<li class="quit">[<a href="#T00:57:47" id="T00:57:47"><abbr title="2018-04-25T00:57:47+00:00">00:57:47</abbr></a>] <span>* nighty-- (~nighty@kyotolabs.asahinet.com) Quit (Quit: Disappears in a puff of smoke)</span></li>
<li class="join">[<a href="#T00:59:32" id="T00:59:32"><abbr title="2018-04-25T00:59:32+00:00">00:59:32</abbr></a>] <span>* nighty-- (~nighty@kyotolabs.asahinet.com) has joined #beagleboard</span></li>
<li class="quit">[<a href="#T01:03:28" id="T01:03:28"><abbr title="2018-04-25T01:03:28+00:00">01:03:28</abbr></a>] <span>* nighty-- (~nighty@kyotolabs.asahinet.com) Quit (Max SendQ exceeded)</span></li>
<li class="join">[<a href="#T01:04:03" id="T01:04:03"><abbr title="2018-04-25T01:04:03+00:00">01:04:03</abbr></a>] <span>* nighty-- (~nighty@kyotolabs.asahinet.com) has joined #beagleboard</span></li>
<li class="join">[<a href="#T07:09:28" id="T07:09:28"><abbr title="2018-04-25T07:09:28+00:00">07:09:28</abbr></a>] <span>* clemens3_ (~clemens@mx.eniso-partners.com) has joined #beaglebone</span></li>
<li class="quit">[<a href="#T10:26:49" id="T10:26:49"><abbr title="2018-04-25T10:26:49+00:00">10:26:49</abbr></a>] <span>* nighty-- (~nighty@kyotolabs.asahinet.com) Quit (Quit: Disappears in a puff of smoke)</span></li>
<li class="quit">[<a href="#T12:18:36" id="T12:18:36"><abbr title="2018-04-25T12:18:36+00:00">12:18:36</abbr></a>] <span>* Belxjander (~Belxjande@sourcemage/Mage/Abh-Elementalist) Quit (*.net *.split)</span></li>
<li class="join">[<a href="#T12:21:00" id="T12:21:00"><abbr title="2018-04-25T12:21:00+00:00">12:21:00</abbr></a>] <span>* Belxjander (~Belxjande@sourcemage/Mage/Abh-Elementalist) has joined #beaglebone</span></li>
<li class="quit">[<a href="#T14:56:04" id="T14:56:04"><abbr title="2018-04-25T14:56:04+00:00">14:56:04</abbr></a>] <span>* Belxjander (~Belxjande@sourcemage/Mage/Abh-Elementalist) Quit (*.net *.split)</span></li>
<li class="quit">[<a href="#T14:56:31" id="T14:56:31"><abbr title="2018-04-25T14:56:31+00:00">14:56:31</abbr></a>] <span>* fatalhalt (~fatalhalt@c-67-163-60-93.hsd1.il.comcast.net) Quit (*.net *.split)</span></li>
<li class="join">[<a href="#T14:57:42" id="T14:57:42"><abbr title="2018-04-25T14:57:42+00:00">14:57:42</abbr></a>] <span>* Belxjander (~Belxjande@sourcemage/Mage/Abh-Elementalist) has joined #beaglebone</span></li>
<li class="join">[<a href="#T14:59:00" id="T14:59:00"><abbr title="2018-04-25T14:59:00+00:00">14:59:00</abbr></a>] <span>* fatalhalt (~fatalhalt@c-67-163-60-93.hsd1.il.comcast.net) has joined #beaglebone</span></li>
<li class="quit">[<a href="#T14:59:26" id="T14:59:26"><abbr title="2018-04-25T14:59:26+00:00">14:59:26</abbr></a>] <span>* fatalhalt (~fatalhalt@c-67-163-60-93.hsd1.il.comcast.net) Quit (Max SendQ exceeded)</span></li>
<li class="join">[<a href="#T15:03:25" id="T15:03:25"><abbr title="2018-04-25T15:03:25+00:00">15:03:25</abbr></a>] <span>* fatalhalt (~fatalhalt@c-67-163-60-93.hsd1.il.comcast.net) has joined #beaglebone</span></li>
<li class="quit">[<a href="#T18:31:50" id="T18:31:50"><abbr title="2018-04-25T18:31:50+00:00">18:31:50</abbr></a>] <span>* clemens3_ (~clemens@mx.eniso-partners.com) Quit (Ping timeout: 268 seconds)</span></li>
<li class="join">[<a href="#T20:29:39" id="T20:29:39"><abbr title="2018-04-25T20:29:39+00:00">20:29:39</abbr></a>] <span>* clemens3_ (~clemens@80-218-38-71.dclient.hispeed.ch) has joined #beaglebone</span></li>
<li class="quit">[<a href="#T23:15:39" id="T23:15:39"><abbr title="2018-04-25T23:15:39+00:00">23:15:39</abbr></a>] <span>* acurvello (~acurvello@apolo.padtec.com.br) Quit (Remote host closed the connection)</span></li>
<li class="join">[<a href="#T23:15:59" id="T23:15:59"><abbr title="2018-04-25T23:15:59+00:00">23:15:59</abbr></a>] <span>* acurvello (~acurvello@apolo.padtec.com.br) has joined #beagleboard</span></li>
<li class="quit">[<a href="#T23:39:47" id="T23:39:47"><abbr title="2018-04-25T23:39:47+00:00">23:39:47</abbr></a>] <span>* nighty- (~nighty@s229123.ppp.asahi-net.or.jp) Quit (Quit: Disappears in a puff of smoke)</span></li>
<li class="quit">[<a href="#T23:45:03" id="T23:45:03"><abbr title="2018-04-25T23:45:03+00:00">23:45:03</abbr></a>] <span>* clemens3_ (~clemens@80-218-38-71.dclient.hispeed.ch) Quit (Ping timeout: 260 seconds)</span></li>
