<li class="join">[<a href="#T00:01:18" id="T00:01:18"><abbr title="2018-06-01T00:01:18+00:00">00:01:18</abbr></a>] <span>* BeagleBot (~PircBot@52.26.75.20) has joined #beagle</span></li>
<li class="topic">[<abbr title="2018-06-01T00:01:18+00:00">00:01:18</abbr>] <span>* Topic is '<a href="http://bbb.io/chat">http://bbb.io/chat</a> has a guide on how to ask questions and links to the logs | never ask to ask, just ask | be patient | pastebin a boot log | <a href="http://bbb.io/boot">http://bbb.io/boot</a> | <a href="http://bbb.io/start">http://bbb.io/start</a> | <a href="http://bbb.io/latest">http://bbb.io/latest</a> | <a href="http://bbb.io/bone101">http://bbb.io/bone101</a> | books: <a href="http://bbb.io/books'">http://bbb.io/books'</a></span></li>
<li class="topic">[<abbr title="2018-06-01T00:01:18+00:00">00:01:18</abbr>] <span>* Set by jkridner!~jkridner@pdpc/supporter/active/jkridner on Wed May 24 15:57:17 UTC 2017</span></li>
<li class="join">[<abbr title="2018-06-01T00:01:18+00:00">00:01:18</abbr>] <span>* BeagleBot (~PircBot@52.26.75.20) has joined #beagleboard</span></li>
<li class="join">[<abbr title="2018-06-01T00:01:18+00:00">00:01:18</abbr>] <span>* BeagleBot (~PircBot@52.26.75.20) has joined #beaglebone</span></li>
<li class="join">[<a href="#T00:01:44" id="T00:01:44"><abbr title="2018-06-01T00:01:44+00:00">00:01:44</abbr></a>] <span>* djinni (~djinni@68.ip-149-56-14.net) has joined #beagle</span></li>
<li class="quit">[<a href="#T00:03:30" id="T00:03:30"><abbr title="2018-06-01T00:03:30+00:00">00:03:30</abbr></a>] <span>* ace___ (01ab48d3@gateway/web/freenode/ip.1.171.72.211) Quit (Ping timeout: 260 seconds)</span></li>
<li class="join">[<a href="#T00:08:38" id="T00:08:38"><abbr title="2018-06-01T00:08:38+00:00">00:08:38</abbr></a>] <span>* KimK (~KimK@2001:579:d00c:800:4a5b:39ff:fe0b:57d2) has joined #beagle</span></li>
<li class="join">[<a href="#T00:20:44" id="T00:20:44"><abbr title="2018-06-01T00:20:44+00:00">00:20:44</abbr></a>] <span>* NishanthMenon (~nmenon@192.91.101.30) has joined #beagle</span></li>
<li class="quit">[<abbr title="2018-06-01T00:20:44+00:00">00:20:44</abbr>] <span>* NishanthMenon (~nmenon@192.91.101.30) Quit (Changing host)</span></li>
<li class="join">[<abbr title="2018-06-01T00:20:44+00:00">00:20:44</abbr>] <span>* NishanthMenon (~nmenon@unaffiliated/nishanthmenon) has joined #beagle</span></li>
<li class="join">[<a href="#T00:21:52" id="T00:21:52"><abbr title="2018-06-01T00:21:52+00:00">00:21:52</abbr></a>] <span>* LASUR2 (47f4993e@gateway/web/freenode/ip.71.244.153.62) has joined #beagle</span></li>
<li class="message">[<a href="#T00:22:00" id="T00:22:00"><abbr title="2018-06-01T00:22:00+00:00">00:22:00</abbr></a>] &lt;<cite>LASUR2</cite>&gt; <q>Hi all</q></li>
<li class="message">[<a href="#T00:22:16" id="T00:22:16"><abbr title="2018-06-01T00:22:16+00:00">00:22:16</abbr></a>] &lt;<cite>LASUR2</cite>&gt; <q>I just got my new BBB</q></li>
<li class="message">[<a href="#T00:22:43" id="T00:22:43"><abbr title="2018-06-01T00:22:43+00:00">00:22:43</abbr></a>] &lt;<cite>LASUR2</cite>&gt; <q>I downlaoded an old Debian image</q></li>
<li class="message">[<a href="#T00:22:52" id="T00:22:52"><abbr title="2018-06-01T00:22:52+00:00">00:22:52</abbr></a>] &lt;<cite>LASUR2</cite>&gt; <q>I like to use for my project</q></li>
<li class="message">[<a href="#T00:23:11" id="T00:23:11"><abbr title="2018-06-01T00:23:11+00:00">00:23:11</abbr></a>] &lt;<cite>LASUR2</cite>&gt; <q>I see this "No space left on device with just one or two commands</q></li>
<li class="message">[<a href="#T00:23:45" id="T00:23:45"><abbr title="2018-06-01T00:23:45+00:00">00:23:45</abbr></a>] &lt;<cite>LASUR2</cite>&gt; <q>None of the other solutions listed on google is applicable to myy board</q></li>
<li class="join">[<a href="#T00:33:01" id="T00:33:01"><abbr title="2018-06-01T00:33:01+00:00">00:33:01</abbr></a>] <span>* set_ (~set_@ip68-226-150-239.lf.br.cox.net) has joined #beagle</span></li>
<li class="join">[<a href="#T00:35:22" id="T00:35:22"><abbr title="2018-06-01T00:35:22+00:00">00:35:22</abbr></a>] <span>* jjulian (~jjulian@i5DB524B8.pool.tripleplugandplay.com) has joined #beaglebone</span></li>
<li class="quit">[<a href="#T00:39:53" id="T00:39:53"><abbr title="2018-06-01T00:39:53+00:00">00:39:53</abbr></a>] <span>* jjulian (~jjulian@i5DB524B8.pool.tripleplugandplay.com) Quit (Ping timeout: 240 seconds)</span></li>
<li class="quit">[<a href="#T00:40:23" id="T00:40:23"><abbr title="2018-06-01T00:40:23+00:00">00:40:23</abbr></a>] <span>* tonokip (~quassel@24-159-82-190.static.jcsn.tn.charter.com) Quit (Ping timeout: 240 seconds)</span></li>
<li class="join">[<a href="#T00:40:58" id="T00:40:58"><abbr title="2018-06-01T00:40:58+00:00">00:40:58</abbr></a>] <span>* jkridner|pd (~jkridner@pdpc/supporter/active/jkridner) has joined #beagle</span></li>
<li class="mode">[<abbr title="2018-06-01T00:40:58+00:00">00:40:58</abbr>] <span>* ChanServ sets mode +o jkridner|pd</span></li>
<li class="quit">[<a href="#T00:44:16" id="T00:44:16"><abbr title="2018-06-01T00:44:16+00:00">00:44:16</abbr></a>] <span>* jkridner (~jkridner@pdpc/supporter/active/jkridner) Quit (Ping timeout: 240 seconds)</span></li>
<li class="message">[<a href="#T00:45:44" id="T00:45:44"><abbr title="2018-06-01T00:45:44+00:00">00:45:44</abbr></a>] &lt;<cite>LASUR2</cite>&gt; <q>No space left on device --solution ??</q></li>
<li class="part">[<a href="#T00:49:07" id="T00:49:07"><abbr title="2018-06-01T00:49:07+00:00">00:49:07</abbr></a>] <span>* ausjke (~xxiao@104.200.25.19) has left #beagle</span></li>
<li class="join">[<a href="#T00:56:21" id="T00:56:21"><abbr title="2018-06-01T00:56:21+00:00">00:56:21</abbr></a>] <span>* tonokip (~quassel@24-159-82-190.static.jcsn.tn.charter.com) has joined #beaglebone</span></li>
<li class="join">[<a href="#T00:56:22" id="T00:56:22"><abbr title="2018-06-01T00:56:22+00:00">00:56:22</abbr></a>] <span>* tonokip (~quassel@24-159-82-190.static.jcsn.tn.charter.com) has joined #beagle</span></li>
<li class="join">[<a href="#T01:04:21" id="T01:04:21"><abbr title="2018-06-01T01:04:21+00:00">01:04:21</abbr></a>] <span>* thinkfat (~maw@p5DEEF879.dip0.t-ipconnect.de) has joined #beagle</span></li>
<li class="quit">[<a href="#T01:08:08" id="T01:08:08"><abbr title="2018-06-01T01:08:08+00:00">01:08:08</abbr></a>] <span>* thinkfat_ (~maw@p5DEEF9F3.dip0.t-ipconnect.de) Quit (Ping timeout: 268 seconds)</span></li>
<li class="message">[<a href="#T01:13:20" id="T01:13:20"><abbr title="2018-06-01T01:13:20+00:00">01:13:20</abbr></a>] &lt;<cite>GenTooMan</cite>&gt; <q>use the SD card?</q></li>
<li class="message">[<a href="#T01:13:59" id="T01:13:59"><abbr title="2018-06-01T01:13:59+00:00">01:13:59</abbr></a>] &lt;<cite>LASUR2</cite>&gt; <q>Is this addressed to me?</q></li>
<li class="quit">[<a href="#T01:15:25" id="T01:15:25"><abbr title="2018-06-01T01:15:25+00:00">01:15:25</abbr></a>] <span>* mythos (~mythos@unaffiliated/mythos) Quit (Ping timeout: 260 seconds)</span></li>
<li class="message">[<a href="#T01:15:41" id="T01:15:41"><abbr title="2018-06-01T01:15:41+00:00">01:15:41</abbr></a>] &lt;<cite>GenTooMan</cite>&gt; <q>Well yes. it's typical that no space is left due to the image putting as much useful applications as possible. The SD card slot can be used for your application, it's not ideal. The other option is to strip the image of things you aren't going to use. As for that zmatt is far more informed on that process.</q></li>
<li class="message">[<a href="#T01:17:36" id="T01:17:36"><abbr title="2018-06-01T01:17:36+00:00">01:17:36</abbr></a>] &lt;<cite>LASUR2</cite>&gt; <q>ok Thanks!</q></li>
<li class="message">[<a href="#T01:17:55" id="T01:17:55"><abbr title="2018-06-01T01:17:55+00:00">01:17:55</abbr></a>] &lt;<cite>LASUR2</cite>&gt; <q>When is Zmatt available to chat ? I can ask him.</q></li>
<li class="message">[<a href="#T01:18:27" id="T01:18:27"><abbr title="2018-06-01T01:18:27+00:00">01:18:27</abbr></a>] &lt;<cite>LASUR2</cite>&gt; <q>i have used another BBB before which is not functional anymore</q></li>
<li class="message">[<a href="#T01:19:03" id="T01:19:03"><abbr title="2018-06-01T01:19:03+00:00">01:19:03</abbr></a>] &lt;<cite>LASUR2</cite>&gt; <q>I did not have any "No space issues" earlier</q></li>
<li class="message">[<a href="#T01:19:17" id="T01:19:17"><abbr title="2018-06-01T01:19:17+00:00">01:19:17</abbr></a>] &lt;<cite>LASUR2</cite>&gt; <q>I am confused on why I am seeing this onmy new board</q></li>
<li class="message">[<a href="#T01:19:26" id="T01:19:26"><abbr title="2018-06-01T01:19:26+00:00">01:19:26</abbr></a>] &lt;<cite>LASUR2</cite>&gt; <q>Its holding back my progress</q></li>
<li class="message">[<a href="#T01:21:23" id="T01:21:23"><abbr title="2018-06-01T01:21:23+00:00">01:21:23</abbr></a>] &lt;<cite>GenTooMan</cite>&gt; <q>he has answered before at all hours. I presume you are using a C revision board? that has 4G eMMc. So likely you may need to examine the contents of the image you programmed into it and see what was in it. Do you have a list of exactly what you need to have in the image?</q></li>
<li class="message">[<a href="#T01:23:45" id="T01:23:45"><abbr title="2018-06-01T01:23:45+00:00">01:23:45</abbr></a>] &lt;<cite>LASUR2</cite>&gt; <q>yes it is a Rev C board with 4G eMMC</q></li>
<li class="message">[<a href="#T01:25:55" id="T01:25:55"><abbr title="2018-06-01T01:25:55+00:00">01:25:55</abbr></a>] &lt;<cite>LASUR2</cite>&gt; <q>I have the image name which is bone-debian-8.3-lxqt-4gb-armhf-2016-01-24-4gb.img</q></li>
<li class="message">[<a href="#T01:26:11" id="T01:26:11"><abbr title="2018-06-01T01:26:11+00:00">01:26:11</abbr></a>] &lt;<cite>LASUR2</cite>&gt; <q>df command result is :</q></li>
<li class="message">[<a href="#T01:26:20" id="T01:26:20"><abbr title="2018-06-01T01:26:20+00:00">01:26:20</abbr></a>] &lt;<cite>LASUR2</cite>&gt; <q>df  Filesystem     1K-blocks    Used Available Use% Mounted on udev               10240       0     10240   0% /dev tmpfs             100720   12632     88088  13% /run /dev/mmcblk0p1   3360336 2880556    289368  91% / tmpfs             251792       4    251788   1% /dev/shm tmpfs               5120       4      5116   1% /run/lock tmpfs             251792       0    251792   0% /sys/fs/cgroup tmpfs              50360       0     5036</q></li>
<li class="message">[<a href="#T01:26:29" id="T01:26:29"><abbr title="2018-06-01T01:26:29+00:00">01:26:29</abbr></a>] &lt;<cite>LASUR2</cite>&gt; <q>oops</q></li>
<li class="message">[<a href="#T01:26:48" id="T01:26:48"><abbr title="2018-06-01T01:26:48+00:00">01:26:48</abbr></a>] &lt;<cite>LASUR2</cite>&gt; <q>Yes this is a really old image</q></li>
<li class="message">[<a href="#T01:27:02" id="T01:27:02"><abbr title="2018-06-01T01:27:02+00:00">01:27:02</abbr></a>] &lt;<cite>LASUR2</cite>&gt; <q>but this is aa part of the Z-Wave ZIp gate way kit</q></li>
<li class="message">[<a href="#T01:27:09" id="T01:27:09"><abbr title="2018-06-01T01:27:09+00:00">01:27:09</abbr></a>] &lt;<cite>LASUR2</cite>&gt; <q>can't change to another</q></li>
<li class="message">[<a href="#T01:28:04" id="T01:28:04"><abbr title="2018-06-01T01:28:04+00:00">01:28:04</abbr></a>] &lt;<cite>LASUR2</cite>&gt; <q>I see that /dev/mmcblk0p1   3360336 2880556    289368  91% /</q></li>
<li class="message">[<a href="#T01:28:18" id="T01:28:18"><abbr title="2018-06-01T01:28:18+00:00">01:28:18</abbr></a>] &lt;<cite>LASUR2</cite>&gt; <q>is using 91% of the space</q></li>
<li class="message">[<a href="#T01:28:28" id="T01:28:28"><abbr title="2018-06-01T01:28:28+00:00">01:28:28</abbr></a>] &lt;<cite>LASUR2</cite>&gt; <q>I don't know what I should be deleting</q></li>
<li class="message">[<a href="#T01:28:41" id="T01:28:41"><abbr title="2018-06-01T01:28:41+00:00">01:28:41</abbr></a>] &lt;<cite>GenTooMan</cite>&gt; <q>ZIp gate way kit? does it have specific applications on it? '</q></li>
<li class="message">[<a href="#T01:28:58" id="T01:28:58"><abbr title="2018-06-01T01:28:58+00:00">01:28:58</abbr></a>] &lt;<cite>GenTooMan</cite>&gt; <q>So how much space do you need then?</q></li>
<li class="message">[<a href="#T01:29:09" id="T01:29:09"><abbr title="2018-06-01T01:29:09+00:00">01:29:09</abbr></a>] &lt;<cite>LASUR2</cite>&gt; <q>No  not at the moment</q></li>
<li class="message">[<a href="#T01:30:06" id="T01:30:06"><abbr title="2018-06-01T01:30:06+00:00">01:30:06</abbr></a>] &lt;<cite>LASUR2</cite>&gt; <q>Soon I do a scp of the ZIp gateway kernel</q></li>
<li class="message">[<a href="#T01:31:09" id="T01:31:09"><abbr title="2018-06-01T01:31:09+00:00">01:31:09</abbr></a>] &lt;<cite>LASUR2</cite>&gt; <q>and another tgz file</q></li>
<li class="message">[<a href="#T01:33:36" id="T01:33:36"><abbr title="2018-06-01T01:33:36+00:00">01:33:36</abbr></a>] &lt;<cite>GenTooMan</cite>&gt; <q>you have ~289M of freespace on /dev/mmcblk0p1 that's no 0 space available. the tempfs likely are RDRAM so /home and user dirs are in there.</q></li>
<li class="message">[<a href="#T01:34:09" id="T01:34:09"><abbr title="2018-06-01T01:34:09+00:00">01:34:09</abbr></a>] &lt;<cite>LASUR2</cite>&gt; <q>oh yes sorry</q></li>
<li class="message">[<a href="#T01:34:17" id="T01:34:17"><abbr title="2018-06-01T01:34:17+00:00">01:34:17</abbr></a>] &lt;<cite>LASUR2</cite>&gt; <q>it as df command</q></li>
<li class="message">[<a href="#T01:34:22" id="T01:34:22"><abbr title="2018-06-01T01:34:22+00:00">01:34:22</abbr></a>] &lt;<cite>LASUR2</cite>&gt; <q>was</q></li>
<li class="message">[<a href="#T01:36:37" id="T01:36:37"><abbr title="2018-06-01T01:36:37+00:00">01:36:37</abbr></a>] &lt;<cite>GenTooMan</cite>&gt; <q>Again how much space do you need? As I said the SD card can be used for storing data etc. and it looks like you have enough space for some sizable application development. Even if you replace the kernel with something it looks to me you still have space. So your question is "how much do you need? "</q></li>
<li class="message">[<a href="#T01:39:33" id="T01:39:33"><abbr title="2018-06-01T01:39:33+00:00">01:39:33</abbr></a>] &lt;<cite>LASUR2</cite>&gt; <q>looks like my tar files are 40 Mbad 1.8Mb</q></li>
<li class="quit">[<a href="#T01:41:11" id="T01:41:11"><abbr title="2018-06-01T01:41:11+00:00">01:41:11</abbr></a>] <span>* Humpelstilzchen (erik@p4FD031DB.dip0.t-ipconnect.de) Quit (Ping timeout: 256 seconds)</span></li>
<li class="message">[<a href="#T01:41:19" id="T01:41:19"><abbr title="2018-06-01T01:41:19+00:00">01:41:19</abbr></a>] &lt;<cite>LASUR2</cite>&gt; <q>42Mb or so</q></li>
<li class="message">[<a href="#T01:41:39" id="T01:41:39"><abbr title="2018-06-01T01:41:39+00:00">01:41:39</abbr></a>] &lt;<cite>GenTooMan</cite>&gt; <q>So extract them to a directory on your computer and do a du -s * to see how much space they use.</q></li>
<li class="message">[<a href="#T01:42:20" id="T01:42:20"><abbr title="2018-06-01T01:42:20+00:00">01:42:20</abbr></a>] &lt;<cite>LASUR2</cite>&gt; <q>ok I will do that and get back to you</q></li>
<li class="join">[<a href="#T01:46:43" id="T01:46:43"><abbr title="2018-06-01T01:46:43+00:00">01:46:43</abbr></a>] <span>* Shadyman (~matthew@unaffiliated/shadyman) has joined #beagle</span></li>
<li class="join">[<a href="#T01:46:51" id="T01:46:51"><abbr title="2018-06-01T01:46:51+00:00">01:46:51</abbr></a>] <span>* Humpelstilzchen (erik@p4FD03152.dip0.t-ipconnect.de) has joined #beagle</span></li>
<li class="message">[<a href="#T01:53:05" id="T01:53:05"><abbr title="2018-06-01T01:53:05+00:00">01:53:05</abbr></a>] &lt;<cite>LASUR2</cite>&gt; <q> for zip gateway kernel, du -s *  4284	boot 99540	lib 39692	zip_gateway_beaglebone_kernel.tar  for ZIP gateway BB  du -s * 4704	install 1748	zipgateway_ver2_27_beaglebone.tgz</q></li>
<li class="message">[<a href="#T01:55:11" id="T01:55:11"><abbr title="2018-06-01T01:55:11+00:00">01:55:11</abbr></a>] &lt;<cite>GenTooMan</cite>&gt; <q>so ~150m of your 289 available still 140M left.</q></li>
<li class="message">[<a href="#T01:55:28" id="T01:55:28"><abbr title="2018-06-01T01:55:28+00:00">01:55:28</abbr></a>] &lt;<cite>LASUR2</cite>&gt; <q>yes that should fit</q></li>
<li class="message">[<a href="#T01:55:47" id="T01:55:47"><abbr title="2018-06-01T01:55:47+00:00">01:55:47</abbr></a>] &lt;<cite>LASUR2</cite>&gt; <q>I have worked with another board before and did not have this issue</q></li>
<li class="message">[<a href="#T01:57:15" id="T01:57:15"><abbr title="2018-06-01T01:57:15+00:00">01:57:15</abbr></a>] &lt;<cite>GenTooMan</cite>&gt; <q>does the server/application have a data base or need to store data? that will need to be accounted for hence my mention of SD card use. Also temporary files etc. should use tempfs so you don't kill your flash based drive space.</q></li>
<li class="message">[<a href="#T01:58:29" id="T01:58:29"><abbr title="2018-06-01T01:58:29+00:00">01:58:29</abbr></a>] &lt;<cite>GenTooMan</cite>&gt; <q>well considering all you aren't deleting files etc. from the mmC image so it's all good. Even if it might "seem" tight.</q></li>
<li class="message">[<a href="#T01:58:36" id="T01:58:36"><abbr title="2018-06-01T01:58:36+00:00">01:58:36</abbr></a>] &lt;<cite>LASUR2</cite>&gt; <q>I am not sure about that at the moment as I am just getting started and running into problems</q></li>
<li class="message">[<a href="#T02:00:47" id="T02:00:47"><abbr title="2018-06-01T02:00:47+00:00">02:00:47</abbr></a>] &lt;<cite>GenTooMan</cite>&gt; <q>well if there is a QEMU tool to test out images on and configure without killing a live BBB that might help too.</q></li>
<li class="message">[<a href="#T02:02:07" id="T02:02:07"><abbr title="2018-06-01T02:02:07+00:00">02:02:07</abbr></a>] &lt;<cite>GenTooMan</cite>&gt; <q>that's what I've been using with risc-v experimentation anyhow.</q></li>
<li class="quit">[<a href="#T02:02:17" id="T02:02:17"><abbr title="2018-06-01T02:02:17+00:00">02:02:17</abbr></a>] <span>* tonokip (~quassel@24-159-82-190.static.jcsn.tn.charter.com) Quit (Ping timeout: 256 seconds)</span></li>
<li class="message">[<a href="#T02:03:05" id="T02:03:05"><abbr title="2018-06-01T02:03:05+00:00">02:03:05</abbr></a>] &lt;<cite>LASUR2</cite>&gt; <q>I just reflashed the BBB</q></li>
<li class="message">[<a href="#T02:03:14" id="T02:03:14"><abbr title="2018-06-01T02:03:14+00:00">02:03:14</abbr></a>] &lt;<cite>LASUR2</cite>&gt; <q>and beginning all over again</q></li>
<li class="message">[<a href="#T02:04:52" id="T02:04:52"><abbr title="2018-06-01T02:04:52+00:00">02:04:52</abbr></a>] &lt;<cite>GenTooMan</cite>&gt; <q>well you can test everything (well mostly) using QEMU it appears people have been doing that. It however may take more time than you have available.</q></li>
<li class="message">[<a href="#T02:06:47" id="T02:06:47"><abbr title="2018-06-01T02:06:47+00:00">02:06:47</abbr></a>] &lt;<cite>LASUR2</cite>&gt; <q>ok</q></li>
<li class="message">[<a href="#T02:07:33" id="T02:07:33"><abbr title="2018-06-01T02:07:33+00:00">02:07:33</abbr></a>] &lt;<cite>GenTooMan</cite>&gt; <q>I suggest you take notes and keep track of your goal. When I do things like this I tend to get lost and forget what my goal is :D</q></li>
<li class="message">[<a href="#T02:10:49" id="T02:10:49"><abbr title="2018-06-01T02:10:49+00:00">02:10:49</abbr></a>] &lt;<cite>GenTooMan</cite>&gt; <q>of potential use regarding what I just said <a href="https://www.aeronetworks.ca/2014/04/4-qemu-tool-chain-for-beaglebone-black.html">https://www.aeronetworks.ca/2014/04/4-qemu-tool-chain-for-beaglebone-black.html</a></q></li>
<li class="message">[<a href="#T02:13:17" id="T02:13:17"><abbr title="2018-06-01T02:13:17+00:00">02:13:17</abbr></a>] &lt;<cite>LASUR2</cite>&gt; <q>ok , I will do that</q></li>
<li class="message">[<a href="#T02:13:23" id="T02:13:23"><abbr title="2018-06-01T02:13:23+00:00">02:13:23</abbr></a>] &lt;<cite>LASUR2</cite>&gt; <q>thanks for the link</q></li>
<li class="message">[<a href="#T02:14:52" id="T02:14:52"><abbr title="2018-06-01T02:14:52+00:00">02:14:52</abbr></a>] &lt;<cite>GenTooMan</cite>&gt; <q>hopefully it will be of use to you.</q></li>
<li class="quit">[<a href="#T02:15:00" id="T02:15:00"><abbr title="2018-06-01T02:15:00+00:00">02:15:00</abbr></a>] <span>* GenTooMan (~cyberman@2601:547:4380:2fe0:226:18ff:fefd:2d97) Quit (Quit: Leaving)</span></li>
<li class="join">[<a href="#T02:31:58" id="T02:31:58"><abbr title="2018-06-01T02:31:58+00:00">02:31:58</abbr></a>] <span>* Dunedan_ (~dunedan@unaffiliated/dunedan) has joined #beagle</span></li>
<li class="quit">[<a href="#T02:35:32" id="T02:35:32"><abbr title="2018-06-01T02:35:32+00:00">02:35:32</abbr></a>] <span>* Dunedan (~dunedan@unaffiliated/dunedan) Quit (Ping timeout: 265 seconds)</span></li>
<li class="join">[<a href="#T02:36:26" id="T02:36:26"><abbr title="2018-06-01T02:36:26+00:00">02:36:26</abbr></a>] <span>* jjulian (~jjulian@i5DB524B8.pool.tripleplugandplay.com) has joined #beaglebone</span></li>
<li class="quit">[<a href="#T02:41:15" id="T02:41:15"><abbr title="2018-06-01T02:41:15+00:00">02:41:15</abbr></a>] <span>* jjulian (~jjulian@i5DB524B8.pool.tripleplugandplay.com) Quit (Ping timeout: 268 seconds)</span></li>
<li class="join">[<a href="#T02:50:26" id="T02:50:26"><abbr title="2018-06-01T02:50:26+00:00">02:50:26</abbr></a>] <span>* danieljabailey (~danieljab@cpc75709-york6-2-0-cust725.7-1.cable.virginm.net) has joined #beagle</span></li>
<li class="quit">[<a href="#T02:56:41" id="T02:56:41"><abbr title="2018-06-01T02:56:41+00:00">02:56:41</abbr></a>] <span>* rizzo (~RizzoTheR@dyndsl-037-138-068-089.ewe-ip-backbone.de) Quit (Ping timeout: 256 seconds)</span></li>
<li class="quit">[<a href="#T03:07:33" id="T03:07:33"><abbr title="2018-06-01T03:07:33+00:00">03:07:33</abbr></a>] <span>* danieljabailey (~danieljab@cpc75709-york6-2-0-cust725.7-1.cable.virginm.net) Quit (Ping timeout: 244 seconds)</span></li>
<li class="join">[<a href="#T03:09:25" id="T03:09:25"><abbr title="2018-06-01T03:09:25+00:00">03:09:25</abbr></a>] <span>* danieljabailey (~danieljab@cpc75709-york6-2-0-cust725.7-1.cable.virginm.net) has joined #beagle</span></li>
<li class="join">[<a href="#T03:25:08" id="T03:25:08"><abbr title="2018-06-01T03:25:08+00:00">03:25:08</abbr></a>] <span>* Ceriand|desktop (~Ceriand@unaffiliated/ceriand) has joined #beagle</span></li>
<li class="quit">[<a href="#T03:38:40" id="T03:38:40"><abbr title="2018-06-01T03:38:40+00:00">03:38:40</abbr></a>] <span>* jkridner|pd (~jkridner@pdpc/supporter/active/jkridner) Quit (*.net *.split)</span></li>
<li class="quit">[<a href="#T03:38:41" id="T03:38:41"><abbr title="2018-06-01T03:38:41+00:00">03:38:41</abbr></a>] <span>* colttt (~quassel@dynamic.aei.mpg.de) Quit (*.net *.split)</span></li>
<li class="quit">[<abbr title="2018-06-01T03:38:41+00:00">03:38:41</abbr>] <span>* alan_o (~alan@2601:880:c000:3062:d43a:941c:41d6:736e) Quit (*.net *.split)</span></li>
<li class="quit">[<abbr title="2018-06-01T03:38:41+00:00">03:38:41</abbr>] <span>* vishwin_ (~gehlot@wikimedia/O) Quit (*.net *.split)</span></li>
<li class="quit">[<a href="#T03:38:53" id="T03:38:53"><abbr title="2018-06-01T03:38:53+00:00">03:38:53</abbr></a>] <span>* ceng (ceng@elite.bshellz.net) Quit (*.net *.split)</span></li>
<li class="quit">[<abbr title="2018-06-01T03:38:53+00:00">03:38:53</abbr>] <span>* zigmoo_ (sid174403@gateway/web/irccloud.com/x-vrspwrkncjayucsa) Quit (*.net *.split)</span></li>
<li class="quit">[<abbr title="2018-06-01T03:38:53+00:00">03:38:53</abbr>] <span>* plonk (~plonk@unaffiliated/plonk) Quit (*.net *.split)</span></li>
<li class="quit">[<abbr title="2018-06-01T03:38:53+00:00">03:38:53</abbr>] <span>* mmattice (~mmattice@unaffiliated/mmattice) Quit (*.net *.split)</span></li>
<li class="quit">[<abbr title="2018-06-01T03:38:53+00:00">03:38:53</abbr>] <span>* Patater (jaeden@2600:3c00::f03c:91ff:fe93:25aa) Quit (*.net *.split)</span></li>
<li class="quit">[<abbr title="2018-06-01T03:38:53+00:00">03:38:53</abbr>] <span>* DevaamoBot (~supybot@medusa.afthd.hg.tu-darmstadt.de) Quit (*.net *.split)</span></li>
<li class="quit">[<abbr title="2018-06-01T03:38:53+00:00">03:38:53</abbr>] <span>* runde (sid228344@gateway/web/irccloud.com/x-qdyjcuxfbjvaxmmw) Quit (*.net *.split)</span></li>
<li class="quit">[<abbr title="2018-06-01T03:38:53+00:00">03:38:53</abbr>] <span>* stux (stux@2a01:270:2050:1337::1) Quit (*.net *.split)</span></li>
<li class="quit">[<abbr title="2018-06-01T03:38:53+00:00">03:38:53</abbr>] <span>* MLM (sid38638@gateway/web/irccloud.com/x-avxmvemekcwgwjpu) Quit (*.net *.split)</span></li>
<li class="quit">[<abbr title="2018-06-01T03:38:53+00:00">03:38:53</abbr>] <span>* JoeJulian (~JoeJulian@108.166.123.190) Quit (*.net *.split)</span></li>
<li class="quit">[<a href="#T03:41:22" id="T03:41:22"><abbr title="2018-06-01T03:41:22+00:00">03:41:22</abbr></a>] <span>* danieljabailey (~danieljab@cpc75709-york6-2-0-cust725.7-1.cable.virginm.net) Quit (Ping timeout: 240 seconds)</span></li>
<li class="quit">[<a href="#T03:42:42" id="T03:42:42"><abbr title="2018-06-01T03:42:42+00:00">03:42:42</abbr></a>] <span>* knttl (~knttl@p54B7E72F.dip0.t-ipconnect.de) Quit (Ping timeout: 256 seconds)</span></li>
<li class="join">[<a href="#T03:43:31" id="T03:43:31"><abbr title="2018-06-01T03:43:31+00:00">03:43:31</abbr></a>] <span>* danieljabailey (~danieljab@cpc75709-york6-2-0-cust725.7-1.cable.virginm.net) has joined #beagle</span></li>
<li class="join">[<a href="#T03:44:33" id="T03:44:33"><abbr title="2018-06-01T03:44:33+00:00">03:44:33</abbr></a>] <span>* knttl (~knttl@p54B7E3AF.dip0.t-ipconnect.de) has joined #beagle</span></li>
<li class="message">[<a href="#T04:12:06" id="T04:12:06"><abbr title="2018-06-01T04:12:06+00:00">04:12:06</abbr></a>] &lt;<cite>kremlin</cite>&gt; <q>e</q></li>
<li class="join">[<a href="#T04:36:55" id="T04:36:55"><abbr title="2018-06-01T04:36:55+00:00">04:36:55</abbr></a>] <span>* jjulian (~jjulian@i5DB524B8.pool.tripleplugandplay.com) has joined #beaglebone</span></li>
<li class="quit">[<a href="#T04:41:23" id="T04:41:23"><abbr title="2018-06-01T04:41:23+00:00">04:41:23</abbr></a>] <span>* jjulian (~jjulian@i5DB524B8.pool.tripleplugandplay.com) Quit (Ping timeout: 256 seconds)</span></li>
<li class="quit">[<a href="#T04:43:29" id="T04:43:29"><abbr title="2018-06-01T04:43:29+00:00">04:43:29</abbr></a>] <span>* ferdna (~ferdna@68-73-71-246.lightspeed.elpstx.sbcglobal.net) Quit (Quit: Leaving)</span></li>
<li class="message">[<a href="#T04:59:55" id="T04:59:55"><abbr title="2018-06-01T04:59:55+00:00">04:59:55</abbr></a>] &lt;<cite>kenrestivo</cite>&gt; <q>[ 2223.040834] pinctrl-single 44e10800.pinmux: pin PIN17 already requested by ocp:P9_23_pinmux; cannot claim for button-led</q></li>
<li class="message">[<a href="#T05:01:06" id="T05:01:06"><abbr title="2018-06-01T05:01:06+00:00">05:01:06</abbr></a>] &lt;<cite>zmatt</cite>&gt; <q>oh, you also have cape-universal enabled?  I assumed that you didn't, since you were using overlays</q></li>
<li class="message">[<a href="#T05:01:20" id="T05:01:20"><abbr title="2018-06-01T05:01:20+00:00">05:01:20</abbr></a>] &lt;<cite>zmatt</cite>&gt; <q>the two are incompatible</q></li>
<li class="message">[<a href="#T05:01:40" id="T05:01:40"><abbr title="2018-06-01T05:01:40+00:00">05:01:40</abbr></a>] &lt;<cite>zmatt</cite>&gt; <q>(and if overlays are requested as boot time, cape-universal is implicitly disabled)</q></li>
<li class="message">[<a href="#T05:01:52" id="T05:01:52"><abbr title="2018-06-01T05:01:52+00:00">05:01:52</abbr></a>] &lt;<cite>kenrestivo</cite>&gt; <q>ah, wil turn it off, thanks</q></li>
<li class="join">[<a href="#T05:17:26" id="T05:17:26"><abbr title="2018-06-01T05:17:26+00:00">05:17:26</abbr></a>] <span>* umbaman (50efa501@gateway/web/freenode/ip.80.239.165.1) has joined #beagle</span></li>
<li class="join">[<a href="#T05:23:08" id="T05:23:08"><abbr title="2018-06-01T05:23:08+00:00">05:23:08</abbr></a>] <span>* jjulian (~jjulian@i5DB524B8.pool.tripleplugandplay.com) has joined #beaglebone</span></li>
<li class="message">[<a href="#T05:24:42" id="T05:24:42"><abbr title="2018-06-01T05:24:42+00:00">05:24:42</abbr></a>] &lt;<cite>kenrestivo</cite>&gt; <q>fascinating. overlay loads, no errors, but still 2f :(</q></li>
<li class="message">[<a href="#T05:24:58" id="T05:24:58"><abbr title="2018-06-01T05:24:58+00:00">05:24:58</abbr></a>] &lt;<cite>kenrestivo</cite>&gt; <q>hmm, oh, nevermind</q></li>
<li class="message">[<a href="#T05:25:02" id="T05:25:02"><abbr title="2018-06-01T05:25:02+00:00">05:25:02</abbr></a>] &lt;<cite>kenrestivo</cite>&gt; <q>one more thing to try first</q></li>
<li class="join">[<a href="#T05:25:33" id="T05:25:33"><abbr title="2018-06-01T05:25:33+00:00">05:25:33</abbr></a>] <span>* yegorich (~yegorich@mail.visionsystems.de) has joined #beagle</span></li>
<li class="quit">[<a href="#T05:26:19" id="T05:26:19"><abbr title="2018-06-01T05:26:19+00:00">05:26:19</abbr></a>] <span>* jjulian (~jjulian@i5DB524B8.pool.tripleplugandplay.com) Quit (Remote host closed the connection)</span></li>
<li class="message">[<a href="#T05:30:18" id="T05:30:18"><abbr title="2018-06-01T05:30:18+00:00">05:30:18</abbr></a>] &lt;<cite>kenrestivo</cite>&gt; <q>well that was exciting! <a href="https://gist.github.com/kenrestivo/885542e350709d3f271c0f507bd7a03c">https://gist.github.com/kenrestivo/885542e350709d3f271c0f507bd7a03c</a></q></li>
<li class="message">[<a href="#T05:36:21" id="T05:36:21"><abbr title="2018-06-01T05:36:21+00:00">05:36:21</abbr></a>] &lt;<cite>kenrestivo</cite>&gt; <q>Linux beaglebone 4.14.44-bone14 #1 PREEMPT Wed May 30 20:24:38 UTC 2018 armv7l GNU/Linux</q></li>
<li class="message">[<a href="#T05:36:36" id="T05:36:36"><abbr title="2018-06-01T05:36:36+00:00">05:36:36</abbr></a>] &lt;<cite>kenrestivo</cite>&gt; <q>/usr/local/bin/add-overlay: line 23:   865 Segmentation fault      cat "$path" &gt; "$dir/dtbo</q></li>
<li class="message">[<a href="#T05:36:43" id="T05:36:43"><abbr title="2018-06-01T05:36:43+00:00">05:36:43</abbr></a>] &lt;<cite>kenrestivo</cite>&gt; <q>:(</q></li>
<li class="message">[<a href="#T05:37:56" id="T05:37:56"><abbr title="2018-06-01T05:37:56+00:00">05:37:56</abbr></a>] &lt;<cite>zmatt</cite>&gt; <q>was this on the first attempt of loading the dtbo after a clean boot? (repeated loading or unloading overlays often fucks things up)</q></li>
<li class="message">[<a href="#T05:38:13" id="T05:38:13"><abbr title="2018-06-01T05:38:13+00:00">05:38:13</abbr></a>] &lt;<cite>zmatt</cite>&gt; <q>what does the dtsi look like?</q></li>
<li class="message">[<a href="#T05:38:59" id="T05:38:59"><abbr title="2018-06-01T05:38:59+00:00">05:38:59</abbr></a>] &lt;<cite>zmatt</cite>&gt; <q>stuff like this is exactly why runtime loading of overlays has been deprecated btw :)</q></li>
<li class="join">[<a href="#T05:50:06" id="T05:50:06"><abbr title="2018-06-01T05:50:06+00:00">05:50:06</abbr></a>] <span>* LarreaMikel (~Thunderbi@62.175.90.103.dyn.user.ono.com) has joined #beagle</span></li>
<li class="join">[<a href="#T05:52:54" id="T05:52:54"><abbr title="2018-06-01T05:52:54+00:00">05:52:54</abbr></a>] <span>* fred__tv (~fred__tv@93-46-196-134.ip109.fastwebnet.it) has joined #beagle</span></li>
<li class="message">[<a href="#T05:55:55" id="T05:55:55"><abbr title="2018-06-01T05:55:55+00:00">05:55:55</abbr></a>] &lt;<cite>kenrestivo</cite>&gt; <q>yes</q></li>
<li class="message">[<a href="#T05:56:05" id="T05:56:05"><abbr title="2018-06-01T05:56:05+00:00">05:56:05</abbr></a>] &lt;<cite>kenrestivo</cite>&gt; <q>oh, has it? maybe i should try loading it fromm uenv</q></li>
<li class="message">[<a href="#T05:56:09" id="T05:56:09"><abbr title="2018-06-01T05:56:09+00:00">05:56:09</abbr></a>] &lt;<cite>kenrestivo</cite>&gt; <q>i didn't know that</q></li>
<li class="message">[<a href="#T05:56:19" id="T05:56:19"><abbr title="2018-06-01T05:56:19+00:00">05:56:19</abbr></a>] &lt;<cite>kenrestivo</cite>&gt; <q>it was from a clean boot</q></li>
<li class="message">[<a href="#T05:56:31" id="T05:56:31"><abbr title="2018-06-01T05:56:31+00:00">05:56:31</abbr></a>] &lt;<cite>kenrestivo</cite>&gt; <q>how do you diagnose then? the system doesn't boot?</q></li>
<li class="message">[<a href="#T05:56:45" id="T05:56:45"><abbr title="2018-06-01T05:56:45+00:00">05:56:45</abbr></a>] &lt;<cite>zmatt</cite>&gt; <q>yeah u-boot overlays aren't great for diagnostics</q></li>
<li class="message">[<a href="#T05:57:42" id="T05:57:42"><abbr title="2018-06-01T05:57:42+00:00">05:57:42</abbr></a>] &lt;<cite>zmatt</cite>&gt; <q>overlays in general just suck ;)   normally dtc would validate all references and give a compile error on invalid references, but in case of overlays it has no way of doing so</q></li>
<li class="message">[<a href="#T05:58:10" id="T05:58:10"><abbr title="2018-06-01T05:58:10+00:00">05:58:10</abbr></a>] &lt;<cite>zmatt</cite>&gt; <q>(although I made overlay-utils, I don't actually use overlays myself at all)</q></li>
<li class="quit">[<a href="#T06:00:58" id="T06:00:58"><abbr title="2018-06-01T06:00:58+00:00">06:00:58</abbr></a>] <span>* rar_rar (~rar_rar@66.188.116.206) Quit (Remote host closed the connection)</span></li>
<li class="message">[<abbr title="2018-06-01T06:00:58+00:00">06:00:58</abbr>] &lt;<cite>kenrestivo</cite>&gt; <q>the dtsi is here <a href="https://gist.github.com/kenrestivo/06c6905f610a9dc8af532dd9ba84fd4b">https://gist.github.com/kenrestivo/06c6905f610a9dc8af532dd9ba84fd4b</a></q></li>
<li class="message">[<a href="#T06:01:36" id="T06:01:36"><abbr title="2018-06-01T06:01:36+00:00">06:01:36</abbr></a>] &lt;<cite>zmatt</cite>&gt; <q>looks fine to me</q></li>
<li class="message">[<a href="#T06:02:44" id="T06:02:44"><abbr title="2018-06-01T06:02:44+00:00">06:02:44</abbr></a>] &lt;<cite>kenrestivo</cite>&gt; <q>:/</q></li>
<li class="join">[<a href="#T06:05:13" id="T06:05:13"><abbr title="2018-06-01T06:05:13+00:00">06:05:13</abbr></a>] <span>* rar_rar (~rar_rar@66.188.116.206) has joined #beagle</span></li>
<li class="quit">[<a href="#T06:08:46" id="T06:08:46"><abbr title="2018-06-01T06:08:46+00:00">06:08:46</abbr></a>] <span>* russ (foobar@47.151.244.159) Quit (Remote host closed the connection)</span></li>
<li class="join">[<a href="#T06:10:15" id="T06:10:15"><abbr title="2018-06-01T06:10:15+00:00">06:10:15</abbr></a>] <span>* thinkfat_ (~matze@p5DEEF879.dip0.t-ipconnect.de) has joined #beagle</span></li>
<li class="quit">[<a href="#T06:11:30" id="T06:11:30"><abbr title="2018-06-01T06:11:30+00:00">06:11:30</abbr></a>] <span>* rar_rar (~rar_rar@66.188.116.206) Quit (Ping timeout: 240 seconds)</span></li>
<li class="join">[<a href="#T06:14:38" id="T06:14:38"><abbr title="2018-06-01T06:14:38+00:00">06:14:38</abbr></a>] <span>* NulL` (~bleh1@87.254.89.197) has joined #beagle</span></li>
<li class="quit">[<a href="#T06:33:35" id="T06:33:35"><abbr title="2018-06-01T06:33:35+00:00">06:33:35</abbr></a>] <span>* thinkfat_ (~matze@p5DEEF879.dip0.t-ipconnect.de) Quit (Ping timeout: 256 seconds)</span></li>
<li class="join">[<a href="#T06:36:09" id="T06:36:09"><abbr title="2018-06-01T06:36:09+00:00">06:36:09</abbr></a>] <span>* thinkfat_ (~matze@p5DEEF879.dip0.t-ipconnect.de) has joined #beagle</span></li>
<li class="join">[<a href="#T06:44:32" id="T06:44:32"><abbr title="2018-06-01T06:44:32+00:00">06:44:32</abbr></a>] <span>* jjulian (~jjulian@i5DB524B8.pool.tripleplugandplay.com) has joined #beaglebone</span></li>
<li class="quit">[<a href="#T06:46:18" id="T06:46:18"><abbr title="2018-06-01T06:46:18+00:00">06:46:18</abbr></a>] <span>* thinkfat_ (~matze@p5DEEF879.dip0.t-ipconnect.de) Quit (Quit: Konversation terminated!)</span></li>
<li class="join">[<a href="#T06:49:51" id="T06:49:51"><abbr title="2018-06-01T06:49:51+00:00">06:49:51</abbr></a>] <span>* colttt (~quassel@dynamic.aei.mpg.de) has joined #beagleboard</span></li>
<li class="join">[<abbr title="2018-06-01T06:49:51+00:00">06:49:51</abbr>] <span>* colttt (~quassel@dynamic.aei.mpg.de) has joined #beaglebone</span></li>
<li class="join">[<a href="#T06:51:00" id="T06:51:00"><abbr title="2018-06-01T06:51:00+00:00">06:51:00</abbr></a>] <span>* c10ud (~c10ud@emesene/dictator/c10ud) has joined #beagle</span></li>
<li class="join">[<a href="#T06:53:59" id="T06:53:59"><abbr title="2018-06-01T06:53:59+00:00">06:53:59</abbr></a>] <span>* flebourse (5c595e9e@gateway/web/freenode/ip.92.89.94.158) has joined #beagle</span></li>
