<li class="join">[<a href="#T00:00:52" id="T00:00:52"><abbr title="2018-01-17T00:00:52+00:00">00:00:52</abbr></a>] <span>* BeagleBot (~PircBot@52.26.75.20) has joined #beagle</span></li>
<li class="topic">[<abbr title="2018-01-17T00:00:52+00:00">00:00:52</abbr>] <span>* Topic is '<a href="http://bbb.io/chat">http://bbb.io/chat</a> has a guide on how to ask questions and links to the logs | never ask to ask, just ask | be patient | pastebin a boot log | <a href="http://bbb.io/boot">http://bbb.io/boot</a> | <a href="http://bbb.io/start">http://bbb.io/start</a> | <a href="http://bbb.io/latest">http://bbb.io/latest</a> | <a href="http://bbb.io/bone101">http://bbb.io/bone101</a> | books: <a href="http://bbb.io/books'">http://bbb.io/books'</a></span></li>
<li class="topic">[<abbr title="2018-01-17T00:00:52+00:00">00:00:52</abbr>] <span>* Set by jkridner!~jkridner@pdpc/supporter/active/jkridner on Wed May 24 15:57:17 UTC 2017</span></li>
<li class="join">[<abbr title="2018-01-17T00:00:52+00:00">00:00:52</abbr>] <span>* BeagleBot (~PircBot@52.26.75.20) has joined #beagleboard</span></li>
<li class="join">[<abbr title="2018-01-17T00:00:52+00:00">00:00:52</abbr>] <span>* BeagleBot (~PircBot@52.26.75.20) has joined #beaglebone</span></li>
<li class="quit">[<a href="#T00:15:33" id="T00:15:33"><abbr title="2018-01-17T00:15:33+00:00">00:15:33</abbr></a>] <span>* majuk (~majuk@174.255.130.14) Quit ()</span></li>
<li class="quit">[<a href="#T00:19:43" id="T00:19:43"><abbr title="2018-01-17T00:19:43+00:00">00:19:43</abbr></a>] <span>* chomwitt (~chomwitt@2a02:587:dc08:a00:9dc9:1df3:6a38:1d59) Quit (Quit: WeeChat 1.0.1)</span></li>
<li class="quit">[<a href="#T00:35:11" id="T00:35:11"><abbr title="2018-01-17T00:35:11+00:00">00:35:11</abbr></a>] <span>* ferdna (~ferdna@cpe-69-23-129-162.elp.res.rr.com) Quit (Quit: Leaving)</span></li>
<li class="quit">[<a href="#T00:47:52" id="T00:47:52"><abbr title="2018-01-17T00:47:52+00:00">00:47:52</abbr></a>] <span>* thalassa (~thalassa@unaffiliated/t-kuvma/x-1384929) Quit (Ping timeout: 256 seconds)</span></li>
<li class="join">[<a href="#T00:59:34" id="T00:59:34"><abbr title="2018-01-17T00:59:34+00:00">00:59:34</abbr></a>] <span>* nighty-- (~nighty@kyotolabs.asahinet.com) has joined #beagleboard</span></li>
<li class="join">[<a href="#T01:06:53" id="T01:06:53"><abbr title="2018-01-17T01:06:53+00:00">01:06:53</abbr></a>] <span>* ferdna (~ferdna@cpe-69-23-129-162.elp.res.rr.com) has joined #beagle</span></li>
<li class="quit">[<a href="#T01:11:57" id="T01:11:57"><abbr title="2018-01-17T01:11:57+00:00">01:11:57</abbr></a>] <span>* uwe_ (~uwe_@ipservice-092-217-125-184.092.217.pools.vodafone-ip.de) Quit (Ping timeout: 276 seconds)</span></li>
<li class="join">[<a href="#T01:13:47" id="T01:13:47"><abbr title="2018-01-17T01:13:47+00:00">01:13:47</abbr></a>] <span>* Ceriand|desktop (~Ceriand@unaffiliated/ceriand) has joined #beagle</span></li>
<li class="join">[<a href="#T01:18:11" id="T01:18:11"><abbr title="2018-01-17T01:18:11+00:00">01:18:11</abbr></a>] <span>* uwe_ (~uwe_@ipservice-092-219-221-233.092.219.pools.vodafone-ip.de) has joined #beagle</span></li>
<li class="quit">[<a href="#T01:39:48" id="T01:39:48"><abbr title="2018-01-17T01:39:48+00:00">01:39:48</abbr></a>] <span>* uwe_ (~uwe_@ipservice-092-219-221-233.092.219.pools.vodafone-ip.de) Quit (Ping timeout: 255 seconds)</span></li>
<li class="join">[<a href="#T01:46:46" id="T01:46:46"><abbr title="2018-01-17T01:46:46+00:00">01:46:46</abbr></a>] <span>* uwe_ (~uwe_@ipservice-092-211-039-238.092.211.pools.vodafone-ip.de) has joined #beagle</span></li>
<li class="join">[<a href="#T02:02:32" id="T02:02:32"><abbr title="2018-01-17T02:02:32+00:00">02:02:32</abbr></a>] <span>* Humpelst1lzchen (erik@p4FD03834.dip0.t-ipconnect.de) has joined #beagle</span></li>
<li class="quit">[<a href="#T02:03:53" id="T02:03:53"><abbr title="2018-01-17T02:03:53+00:00">02:03:53</abbr></a>] <span>* rthille-ciena (~rthille@67.59.199.241) Quit (Quit: Leaving.)</span></li>
<li class="quit">[<a href="#T02:04:10" id="T02:04:10"><abbr title="2018-01-17T02:04:10+00:00">02:04:10</abbr></a>] <span>* Humpelstilzchen (erik@p4FD03B70.dip0.t-ipconnect.de) Quit (Ping timeout: 240 seconds)</span></li>
<li class="quit">[<a href="#T02:06:28" id="T02:06:28"><abbr title="2018-01-17T02:06:28+00:00">02:06:28</abbr></a>] <span>* knttl (~knttl@dyndsl-091-096-244-088.ewe-ip-backbone.de) Quit (Ping timeout: 276 seconds)</span></li>
<li class="join">[<a href="#T02:07:51" id="T02:07:51"><abbr title="2018-01-17T02:07:51+00:00">02:07:51</abbr></a>] <span>* knttl (~knttl@dyndsl-037-138-103-170.ewe-ip-backbone.de) has joined #beagle</span></li>
<li class="join">[<a href="#T02:11:58" id="T02:11:58"><abbr title="2018-01-17T02:11:58+00:00">02:11:58</abbr></a>] <span>* penth (~rachel@pool-98-115-252-221.phlapa.fios.verizon.net) has joined #beagle</span></li>
<li class="quit">[<a href="#T02:42:48" id="T02:42:48"><abbr title="2018-01-17T02:42:48+00:00">02:42:48</abbr></a>] <span>* thinkfat (~maw@p4FF0D6D8.dip0.t-ipconnect.de) Quit (Ping timeout: 240 seconds)</span></li>
<li class="join">[<a href="#T02:43:33" id="T02:43:33"><abbr title="2018-01-17T02:43:33+00:00">02:43:33</abbr></a>] <span>* thinkfat (~maw@p4FF0D5F4.dip0.t-ipconnect.de) has joined #beagle</span></li>
<li class="join">[<a href="#T03:02:18" id="T03:02:18"><abbr title="2018-01-17T03:02:18+00:00">03:02:18</abbr></a>] <span>* Shadyman (~matthew@unaffiliated/shadyman) has joined #beagle</span></li>
<li class="join">[<a href="#T03:47:58" id="T03:47:58"><abbr title="2018-01-17T03:47:58+00:00">03:47:58</abbr></a>] <span>* Dunedan_ (~dunedan@unaffiliated/dunedan) has joined #beagle</span></li>
<li class="quit">[<a href="#T03:51:17" id="T03:51:17"><abbr title="2018-01-17T03:51:17+00:00">03:51:17</abbr></a>] <span>* Dunedan (~dunedan@unaffiliated/dunedan) Quit (Ping timeout: 265 seconds)</span></li>
<li class="quit">[<a href="#T03:56:42" id="T03:56:42"><abbr title="2018-01-17T03:56:42+00:00">03:56:42</abbr></a>] <span>* GenTooMan (~cyberman@2601:547:4380:2fe0:21f:d0ff:fe26:7344) Quit (Quit: Leaving)</span></li>
<li class="quit">[<a href="#T06:02:55" id="T06:02:55"><abbr title="2018-01-17T06:02:55+00:00">06:02:55</abbr></a>] <span>* Ceriand|desktop (~Ceriand@unaffiliated/ceriand) Quit (Quit: Leaving.)</span></li>
<li class="quit">[<a href="#T06:09:25" id="T06:09:25"><abbr title="2018-01-17T06:09:25+00:00">06:09:25</abbr></a>] <span>* ferdna (~ferdna@cpe-69-23-129-162.elp.res.rr.com) Quit (Quit: Leaving)</span></li>
<li class="quit">[<a href="#T06:11:27" id="T06:11:27"><abbr title="2018-01-17T06:11:27+00:00">06:11:27</abbr></a>] <span>* inisider (c3ee5d26@gateway/web/freenode/ip.195.238.93.38) Quit (Ping timeout: 260 seconds)</span></li>
<li class="join">[<a href="#T06:16:27" id="T06:16:27"><abbr title="2018-01-17T06:16:27+00:00">06:16:27</abbr></a>] <span>* zjason (~user@59-115-102-194.dynamic-ip.hinet.net) has joined #beagle</span></li>
<li class="quit">[<a href="#T06:20:50" id="T06:20:50"><abbr title="2018-01-17T06:20:50+00:00">06:20:50</abbr></a>] <span>* thinkfat (~maw@p4FF0D5F4.dip0.t-ipconnect.de) Quit (Quit: Konversation terminated!)</span></li>
<li class="join">[<a href="#T06:35:30" id="T06:35:30"><abbr title="2018-01-17T06:35:30+00:00">06:35:30</abbr></a>] <span>* NishanthMenon (~nmenon@192.91.101.30) has joined #beagle</span></li>
<li class="quit">[<abbr title="2018-01-17T06:35:30+00:00">06:35:30</abbr>] <span>* NishanthMenon (~nmenon@192.91.101.30) Quit (Changing host)</span></li>
<li class="join">[<abbr title="2018-01-17T06:35:30+00:00">06:35:30</abbr>] <span>* NishanthMenon (~nmenon@unaffiliated/nishanthmenon) has joined #beagle</span></li>
