[Fri Feb 09 2018 00:00:01 GMT+0000 (UTC)] INFO Connecting...
9 Feb 00:00:02 - Sending irc NICK/USER
9 Feb 00:00:02 - SEND: CAP REQ sasl
9 Feb 00:00:02 - SEND: NICK beagleslackbot
9 Feb 00:00:03 - SEND: USER beagleslackbot 8 * :BeagleBoard.org Slack Bot
9 Feb 00:00:09 - SEND: NICK beagleslackbot1
9 Feb 00:00:10 - [01;31mUnhandled message: { prefix: 'hitchcock.freenode.net',
  server: 'hitchcock.freenode.net',
  command: '900',
  rawCommand: '900',
  commandType: 'normal',
  args: 
   [ 'beagleslackbot1',
     'beagleslackbot1!beagleslac@ec2-52-26-75-20.us-west-2.compute.amazonaws.com',
     'beagleslackbot',
     'You are now logged in as beagleslackbot.' ] }[0m
9 Feb 00:00:10 - SEND: CAP END
9 Feb 00:00:10 - [01;31mUnhandled message: { prefix: 'hitchcock.freenode.net',
  server: 'hitchcock.freenode.net',
  command: 'rpl_luserunknown',
  rawCommand: '253',
  commandType: 'reply',
  args: [ 'beagleslackbot1', '109', 'unknown connection(s)' ] }[0m
9 Feb 00:00:10 - MODE: beagleslackbot1 sets mode: +i
9 Feb 00:00:10 - SEND: PRIVMSG NickServ :IDENTIFY Gab$b4123z
9 Feb 00:00:11 - SEND: NICK beagleslackbot
9 Feb 00:00:11 - SEND: JOIN #beagle
9 Feb 00:00:12 - SEND: JOIN #beagle-gsoc
9 Feb 00:00:12 - SEND: JOIN #beagle-mentors
9 Feb 00:00:13 - SEND: JOIN #beagle-support
9 Feb 00:00:13 - SEND: JOIN #beagle-bonescript
9 Feb 00:00:14 - SEND: JOIN #beagle-pro
9 Feb 00:00:16 - NICK: beagleslackbot1 changes nick to beagleslackbot
9 Feb 00:00:16 - GOT NOTICE from "NickServ": "beagleslackbot1 is not a registered nickname."
9 Feb 00:00:16 - [01;31mUnhandled message: { prefix: 'services.',
  server: 'services.',
  command: '328',
  rawCommand: '328',
  commandType: 'normal',
  args: [ 'beagleslackbot', '#beagle', 'http://beagleboard.org' ] }[0m
9 Feb 00:00:16 - SEND: MODE #beagle
9 Feb 00:00:16 - SEND: MODE #beagle-gsoc
9 Feb 00:00:17 - MODE: #beagle-support sets mode: +ns
9 Feb 00:00:17 - MODE: #beagle-support sets mode: -o
9 Feb 00:00:17 - MODE: #beagle-support sets mode: +ct-s
9 Feb 00:00:17 - MODE: #beagle-support sets mode: +o
9 Feb 00:00:17 - SEND: MODE #beagle-mentors
9 Feb 00:00:17 - SEND: MODE #beagle-support
9 Feb 00:00:18 - SEND: MODE #beagle-bonescript
9 Feb 00:00:18 - SEND: MODE #beagle-pro
9 Feb 00:02:37 - SEND: PONG hitchcock.freenode.net
9 Feb 00:04:53 - SEND: PONG hitchcock.freenode.net
9 Feb 00:07:09 - SEND: PONG hitchcock.freenode.net
9 Feb 00:09:25 - SEND: PONG hitchcock.freenode.net
9 Feb 00:11:41 - SEND: PONG hitchcock.freenode.net
9 Feb 00:13:57 - SEND: PONG hitchcock.freenode.net
9 Feb 00:16:13 - SEND: PONG hitchcock.freenode.net
9 Feb 00:18:29 - SEND: PONG hitchcock.freenode.net
9 Feb 00:20:45 - SEND: PONG hitchcock.freenode.net
9 Feb 00:23:01 - SEND: PONG hitchcock.freenode.net
9 Feb 00:25:17 - SEND: PONG hitchcock.freenode.net
9 Feb 00:27:33 - SEND: PONG hitchcock.freenode.net
9 Feb 00:27:51 - QUIT: florian!~florian_k@Maemo/community/contributor/florian Ping timeout: 255 seconds
9 Feb 00:29:30 - QUIT: KimK!~KimK@2001:579:d00c:800:5891:7cab:e9c8:59eb Read error: Connection reset by peer
9 Feb 00:29:49 - SEND: PONG hitchcock.freenode.net
9 Feb 00:32:05 - SEND: PONG hitchcock.freenode.net
9 Feb 00:34:21 - SEND: PONG hitchcock.freenode.net
9 Feb 00:36:37 - SEND: PONG hitchcock.freenode.net
9 Feb 00:38:53 - SEND: PONG hitchcock.freenode.net
9 Feb 00:41:09 - SEND: PONG hitchcock.freenode.net
9 Feb 00:43:25 - SEND: PONG hitchcock.freenode.net
9 Feb 00:45:41 - SEND: PONG hitchcock.freenode.net
9 Feb 00:47:57 - SEND: PONG hitchcock.freenode.net
9 Feb 00:50:13 - SEND: PONG hitchcock.freenode.net
9 Feb 00:52:29 - SEND: PONG hitchcock.freenode.net
9 Feb 00:54:45 - SEND: PONG hitchcock.freenode.net
9 Feb 00:57:01 - SEND: PONG hitchcock.freenode.net
9 Feb 00:59:17 - SEND: PONG hitchcock.freenode.net
9 Feb 01:01:33 - SEND: PONG hitchcock.freenode.net
9 Feb 01:03:49 - SEND: PONG hitchcock.freenode.net
9 Feb 01:05:33 - QUIT: peroyvib!~peroyvib@111.151.9.46.customer.cdi.no Ping timeout: 276 seconds
9 Feb 01:06:05 - SEND: PONG hitchcock.freenode.net
9 Feb 01:08:21 - SEND: PONG hitchcock.freenode.net
9 Feb 01:10:37 - SEND: PONG hitchcock.freenode.net
9 Feb 01:11:15 - QUIT: uwe_!~uwe_@dslb-084-056-038-073.084.056.pools.vodafone-ip.de Ping timeout: 240 seconds
9 Feb 01:12:53 - SEND: PONG hitchcock.freenode.net
9 Feb 01:15:09 - SEND: PONG hitchcock.freenode.net
9 Feb 01:17:25 - SEND: PONG hitchcock.freenode.net
9 Feb 01:19:41 - SEND: PONG hitchcock.freenode.net
9 Feb 01:21:57 - SEND: PONG hitchcock.freenode.net
9 Feb 01:24:13 - SEND: PONG hitchcock.freenode.net
9 Feb 01:26:29 - SEND: PONG hitchcock.freenode.net
9 Feb 01:28:45 - SEND: PONG hitchcock.freenode.net
9 Feb 01:31:01 - SEND: PONG hitchcock.freenode.net
9 Feb 01:33:17 - SEND: PONG hitchcock.freenode.net
9 Feb 01:35:33 - SEND: PONG hitchcock.freenode.net
9 Feb 01:37:49 - SEND: PONG hitchcock.freenode.net
9 Feb 01:40:05 - SEND: PONG hitchcock.freenode.net
9 Feb 01:42:21 - SEND: PONG hitchcock.freenode.net
9 Feb 01:44:03 - QUIT: Alkabal!~Alkabal2@static-89-94-66-214.axione.abo.bbox.fr Quit: Leaving
9 Feb 01:44:37 - SEND: PONG hitchcock.freenode.net
9 Feb 01:46:53 - SEND: PONG hitchcock.freenode.net
9 Feb 01:49:09 - SEND: PONG hitchcock.freenode.net
9 Feb 01:51:25 - SEND: PONG hitchcock.freenode.net
9 Feb 01:53:41 - SEND: PONG hitchcock.freenode.net
9 Feb 01:55:57 - SEND: PONG hitchcock.freenode.net
9 Feb 01:58:13 - SEND: PONG hitchcock.freenode.net
9 Feb 02:00:28 - SEND: PONG hitchcock.freenode.net
9 Feb 02:02:45 - SEND: PONG hitchcock.freenode.net
9 Feb 02:05:01 - SEND: PONG hitchcock.freenode.net
9 Feb 02:07:16 - SEND: PONG hitchcock.freenode.net
9 Feb 02:09:33 - SEND: PONG hitchcock.freenode.net
9 Feb 02:11:49 - SEND: PONG hitchcock.freenode.net
9 Feb 02:14:05 - SEND: PONG hitchcock.freenode.net
9 Feb 02:16:21 - SEND: PONG hitchcock.freenode.net
9 Feb 02:18:37 - SEND: PONG hitchcock.freenode.net
9 Feb 02:20:53 - SEND: PONG hitchcock.freenode.net
9 Feb 02:23:09 - SEND: PONG hitchcock.freenode.net
9 Feb 02:25:25 - SEND: PONG hitchcock.freenode.net
9 Feb 02:26:12 - QUIT: tonokip!~quassel@24-159-82-190.static.jcsn.tn.charter.com Ping timeout: 268 seconds
9 Feb 02:27:41 - SEND: PONG hitchcock.freenode.net
9 Feb 02:29:57 - QUIT: knttl!~knttl@dyndsl-037-138-103-080.ewe-ip-backbone.de Ping timeout: 256 seconds
9 Feb 02:29:57 - SEND: PONG hitchcock.freenode.net
9 Feb 02:32:13 - SEND: PONG hitchcock.freenode.net
9 Feb 02:34:29 - SEND: PONG hitchcock.freenode.net
9 Feb 02:36:13 - QUIT: Humpelst1lzchen!erik@p4FD036CD.dip0.t-ipconnect.de Ping timeout: 265 seconds
9 Feb 02:36:45 - SEND: PONG hitchcock.freenode.net
9 Feb 02:39:01 - SEND: PONG hitchcock.freenode.net
9 Feb 02:39:20 - QUIT: ferdna!~ferdna@68-73-71-246.lightspeed.elpstx.sbcglobal.net Quit: Leaving
9 Feb 02:41:17 - SEND: PONG hitchcock.freenode.net
9 Feb 02:43:33 - SEND: PONG hitchcock.freenode.net
9 Feb 02:45:49 - SEND: PONG hitchcock.freenode.net
9 Feb 02:47:38 - NICK: kilroi changes nick to kilroi_off
9 Feb 02:48:05 - SEND: PONG hitchcock.freenode.net
9 Feb 02:49:01 - QUIT: rthille-ciena!~rthille@67.59.199.241 Quit: Leaving.
9 Feb 02:50:21 - SEND: PONG hitchcock.freenode.net
9 Feb 02:52:37 - SEND: PONG hitchcock.freenode.net
9 Feb 02:54:53 - SEND: PONG hitchcock.freenode.net
9 Feb 02:57:09 - SEND: PONG hitchcock.freenode.net
9 Feb 02:59:24 - SEND: PONG hitchcock.freenode.net
9 Feb 03:01:00 - QUIT: VirG!~VirG@74.121.22.67 Read error: Connection reset by peer
9 Feb 03:01:41 - SEND: PONG hitchcock.freenode.net
9 Feb 03:03:57 - SEND: PONG hitchcock.freenode.net
9 Feb 03:06:12 - SEND: PONG hitchcock.freenode.net
9 Feb 03:08:29 - SEND: PONG hitchcock.freenode.net
9 Feb 03:09:26 - QUIT: calculus!~calculus@gentoo/user/calculus Ping timeout: 260 seconds
9 Feb 03:09:52 - MODE: #beagle sets mode: +o
9 Feb 03:10:45 - SEND: PONG hitchcock.freenode.net
9 Feb 03:13:00 - SEND: PONG hitchcock.freenode.net
9 Feb 03:14:15 - QUIT: MathOnNapkins!~chatzilla@2603:300f:1f01:9100:d48a:611d:1cbf:49a7 Ping timeout: 276 seconds
9 Feb 03:15:17 - SEND: PONG hitchcock.freenode.net
9 Feb 03:17:33 - SEND: PONG hitchcock.freenode.net
9 Feb 03:17:54 - QUIT: MathOnNapkins_!~chatzilla@2603:300f:1f01:9100:d48a:611d:1cbf:49a7 Ping timeout: 252 seconds
9 Feb 03:19:48 - SEND: 