[Sun Feb 11 2018 00:00:01 GMT+0000 (UTC)] INFO Connecting...
11 Feb 00:00:02 - Sending irc NICK/USER
11 Feb 00:00:02 - SEND: CAP REQ sasl
11 Feb 00:00:02 - SEND: NICK beagleslackbot
11 Feb 00:00:03 - SEND: USER beagleslackbot 8 * :BeagleBoard.org Slack Bot
11 Feb 00:00:13 - SEND: NICK beagleslackbot1
11 Feb 00:00:14 - [01;31mUnhandled message: { prefix: 'hitchcock.freenode.net',
  server: 'hitchcock.freenode.net',
  command: '900',
  rawCommand: '900',
  commandType: 'normal',
  args: 
   [ 'beagleslackbot1',
     'beagleslackbot1!beagleslac@ec2-52-26-75-20.us-west-2.compute.amazonaws.com',
     'beagleslackbot',
     'You are now logged in as beagleslackbot.' ] }[0m
11 Feb 00:00:14 - SEND: CAP END
11 Feb 00:00:14 - [01;31mUnhandled message: { prefix: 'hitchcock.freenode.net',
  server: 'hitchcock.freenode.net',
  command: 'rpl_luserunknown',
  rawCommand: '253',
  commandType: 'reply',
  args: [ 'beagleslackbot1', '138', 'unknown connection(s)' ] }[0m
11 Feb 00:00:14 - MODE: beagleslackbot1 sets mode: +i
11 Feb 00:00:14 - SEND: PRIVMSG NickServ :IDENTIFY Gab$b4123z
11 Feb 00:00:15 - SEND: NICK beagleslackbot
11 Feb 00:00:15 - SEND: JOIN #beagle
11 Feb 00:00:16 - SEND: JOIN #beagle-gsoc
11 Feb 00:00:16 - SEND: JOIN #beagle-mentors
11 Feb 00:00:17 - SEND: JOIN #beagle-support
11 Feb 00:00:17 - SEND: JOIN #beagle-bonescript
11 Feb 00:00:18 - SEND: JOIN #beagle-pro
11 Feb 00:00:20 - NICK: beagleslackbot1 changes nick to beagleslackbot
11 Feb 00:00:20 - GOT NOTICE from "NickServ": "beagleslackbot1 is not a registered nickname."
11 Feb 00:00:20 - [01;31mUnhandled message: { prefix: 'services.',
  server: 'services.',
  command: '328',
  rawCommand: '328',
  commandType: 'normal',
  args: [ 'beagleslackbot', '#beagle', 'http://beagleboard.org' ] }[0m
11 Feb 00:00:20 - SEND: MODE #beagle
11 Feb 00:00:21 - SEND: MODE #beagle-gsoc
11 Feb 00:00:21 - MODE: #beagle-support sets mode: +ns
11 Feb 00:00:21 - MODE: #beagle-support sets mode: -o
11 Feb 00:00:21 - MODE: #beagle-support sets mode: +ct-s
11 Feb 00:00:21 - MODE: #beagle-support sets mode: +o
11 Feb 00:00:21 - SEND: MODE #beagle-mentors
11 Feb 00:00:22 - SEND: MODE #beagle-support
11 Feb 00:00:22 - SEND: MODE #beagle-bonescript
11 Feb 00:00:23 - SEND: MODE #beagle-pro
11 Feb 00:02:56 - SEND: PONG hitchcock.freenode.net
11 Feb 00:05:12 - SEND: PONG hitchcock.freenode.net
11 Feb 00:07:28 - SEND: PONG hitchcock.freenode.net
11 Feb 00:09:44 - SEND: PONG hitchcock.freenode.net
11 Feb 00:12:00 - SEND: PONG hitchcock.freenode.net
11 Feb 00:13:01 - QUIT: rob_w!~rob@unaffiliated/rob-w/x-1112029 Read error: Connection reset by peer
11 Feb 00:14:16 - SEND: PONG hitchcock.freenode.net
11 Feb 00:16:32 - SEND: PONG hitchcock.freenode.net
11 Feb 00:18:48 - SEND: PONG hitchcock.freenode.net
11 Feb 00:21:04 - SEND: PONG hitchcock.freenode.net
11 Feb 00:23:20 - SEND: PONG hitchcock.freenode.net
11 Feb 00:24:47 - QUIT: florian!~florian_k@Maemo/community/contributor/florian Ping timeout: 276 seconds
11 Feb 00:25:36 - SEND: PONG hitchcock.freenode.net
11 Feb 00:27:52 - SEND: PONG hitchcock.freenode.net
11 Feb 00:30:08 - SEND: PONG hitchcock.freenode.net
11 Feb 00:32:24 - SEND: PONG hitchcock.freenode.net
11 Feb 00:34:12 - QUIT: peroyvib!~peroyvib@111.151.9.46.customer.cdi.no Quit: Bye...
11 Feb 00:34:40 - SEND: PONG hitchcock.freenode.net
11 Feb 00:35:02 - QUIT: peroyvib!~peroyvib@111.151.9.46.customer.cdi.no Client Quit
11 Feb 00:35:53 - QUIT: peroyvib!~peroyvib@111.151.9.46.customer.cdi.no Client Quit
11 Feb 00:36:56 - SEND: PONG hitchcock.freenode.net
11 Feb 00:39:12 - SEND: PONG hitchcock.freenode.net
11 Feb 00:41:28 - SEND: PONG hitchcock.freenode.net
11 Feb 00:41:44 - QUIT: rthille-ciena!~rthille@c-67-164-62-81.hsd1.ca.comcast.net Quit: Leaving.
11 Feb 00:43:44 - SEND: PONG hitchcock.freenode.net
11 Feb 00:46:00 - SEND: PONG hitchcock.freenode.net
11 Feb 00:48:16 - SEND: PONG hitchcock.freenode.net
11 Feb 00:50:32 - SEND: PONG hitchcock.freenode.net
11 Feb 00:52:48 - SEND: PONG hitchcock.freenode.net
11 Feb 00:55:04 - SEND: PONG hitchcock.freenode.net
11 Feb 00:57:20 - SEND: PONG hitchcock.freenode.net
11 Feb 00:59:36 - SEND: PONG hitchcock.freenode.net
11 Feb 01:01:52 - SEND: PONG hitchcock.freenode.net
11 Feb 01:04:08 - SEND: PONG hitchcock.freenode.net
11 Feb 01:06:24 - SEND: PONG hitchcock.freenode.net
11 Feb 01:08:40 - SEND: PONG hitchcock.freenode.net
11 Feb 01:10:56 - SEND: PONG hitchcock.freenode.net
11 Feb 01:13:12 - SEND: PONG hitchcock.freenode.net
11 Feb 01:15:28 - SEND: PONG hitchcock.freenode.net
11 Feb 01:17:44 - SEND: PONG hitchcock.freenode.net
11 Feb 01:20:00 - SEND: PONG hitchcock.freenode.net
11 Feb 01:22:16 - SEND: PONG hitchcock.freenode.net
11 Feb 01:24:32 - SEND: PONG hitchcock.freenode.net
11 Feb 01:26:48 - SEND: PONG hitchcock.freenode.net
11 Feb 01:29:04 - SEND: PONG hitchcock.freenode.net
11 Feb 01:31:20 - SEND: PONG hitchcock.freenode.net
11 Feb 01:33:36 - SEND: PONG hitchcock.freenode.net
11 Feb 01:35:52 - SEND: PONG hitchcock.freenode.net
11 Feb 01:38:08 - SEND: PONG hitchcock.freenode.net
11 Feb 01:40:24 - SEND: PONG hitchcock.freenode.net
11 Feb 01:42:40 - SEND: PONG hitchcock.freenode.net
11 Feb 01:44:56 - SEND: PONG hitchcock.freenode.net
11 Feb 01:47:12 - SEND: PONG hitchcock.freenode.net
11 Feb 01:49:28 - SEND: PONG hitchcock.freenode.net
11 Feb 01:51:44 - SEND: PONG hitchcock.freenode.net
11 Feb 01:54:00 - SEND: PONG hitchcock.freenode.net
11 Feb 01:56:16 - SEND: PONG hitchcock.freenode.net
11 Feb 01:58:32 - SEND: PONG hitchcock.freenode.net
11 Feb 02:00:48 - SEND: PONG hitchcock.freenode.net
11 Feb 02:03:04 - SEND: PONG hitchcock.freenode.net
11 Feb 02:05:20 - SEND: PONG hitchcock.freenode.net
11 Feb 02:07:36 - SEND: PONG hitchcock.freenode.net
11 Feb 02:09:52 - SEND: PONG hitchcock.freenode.net
11 Feb 02:12:08 - SEND: PONG hitchcock.freenode.net
11 Feb 02:14:24 - SEND: PONG hitchcock.freenode.net
11 Feb 02:15:51 - QUIT: thinkfat_!~maw@p579DC0B2.dip0.t-ipconnect.de Ping timeout: 276 seconds
11 Feb 02:16:40 - SEND: PONG hitchcock.freenode.net
11 Feb 02:18:56 - SEND: PONG hitchcock.freenode.net
11 Feb 02:21:12 - SEND: PONG hitchcock.freenode.net
11 Feb 02:23:28 - SEND: PONG hitchcock.freenode.net
11 Feb 02:25:44 - SEND: PONG hitchcock.freenode.net
11 Feb 02:27:53 - QUIT: knttl!~knttl@dyndsl-091-096-186-108.ewe-ip-backbone.de Ping timeout: 256 seconds
11 Feb 02:28:00 - SEND: PONG hitchcock.freenode.net
11 Feb 02:30:16 - SEND: PONG hitchcock.freenode.net
11 Feb 02:32:32 - SEND: PONG hitchcock.freenode.net
11 Feb 02:33:06 - QUIT: Humpelstilzchen!erik@p4FD03887.dip0.t-ipconnect.de Ping timeout: 256 seconds
11 Feb 02:34:48 - SEND: PONG hitchcock.freenode.net
11 Feb 02:37:04 - SEND: PONG hitchcock.freenode.net
11 Feb 02:39:20 - SEND: PONG hitchcock.freenode.net
11 Feb 02:41:36 - SEND: PONG hitchcock.freenode.net
11 Feb 02:43:52 - SEND: PONG hitchcock.freenode.net
11 Feb 02:46:08 - SEND: PONG hitchcock.freenode.net
11 Feb 02:48:24 - SEND: PONG hitchcock.freenode.net
11 Feb 02:48:47 - QUIT: HalfMadDad!~patrick@184-175-23-21.dsl.teksavvy.com Quit: Leaving
11 Feb 02:50:40 - SEND: PONG hitchcock.freenode.net
11 Feb 02:52:56 - SEND: PONG hitchcock.freenode.net
11 Feb 02:55:12 - SEND: PONG hitchcock.freenode.net
11 Feb 02:56:41 - QUIT: xythobuz!~xythobuz@p200300C77BC34000F0DE53AC077D7A24.dip0.t-ipconnect.de Quit: Textual IRC Client: www.textualapp.com
11 Feb 02:57:28 - SEND: PONG hitchcock.freenode.net
11 Feb 02:59:44 - SEND: PONG hitchcock.freenode.net
11 Feb 03:02:00 - SEND: PONG hitchcock.freenode.net
11 Feb 03:04:16 - SEND: PONG hitchcock.freenode.net
11 Feb 03:06:32 - SEND: PONG hitchcock.freenode.net
11 Feb 03:08:48 - SEND: PONG hitchcock.freenode.net
11 Feb 03:11:04 - SEND: PONG hitchcock.freenode.net
11 Feb 03:13:03 - QUIT: Shadyman!~matthew@unaffiliated/shadyman Quit: Leaving.
11 Feb 03:13:20 - SEND: PONG hitchcock.freenode.net
11 Feb 03:15:36 - SEND: PONG hitchcock.freenode.net
11 Feb 03:17:52 - SEND: PONG hitchcock.freenode.net
11 Feb 03:20:08 - SEND: PONG hitchcock.freenode.net
11 Feb 03:21:43 - QUIT: chomwitt!~chomwitt@2a02:587:dc08:a00:2949:77da:3256:fe4a Ping timeout: 256 seconds
11 Feb 03:22:24 - SEND: PONG hitchcock.freenode.net
11 Feb 03:24:40 - SEND: PONG hitchcock.freenode.net
11 Feb 03:26:56 - SEND: PONG hitchcock.freenode.net
11 Feb 03:29:12 - SEND: PONG hitchcock.freenode.net
11 Feb 03:31:28 - SEND: PONG hitchcock.freenode.net
11 Feb 03:33:24 - QUIT: Dunedan!~dunedan@unaffiliated/dunedan Ping timeout: 265 seconds
11 Feb 03:33:44 - SEND: PONG hitchcock.freenode.net
11 Feb 03:36:00 - SEND: PONG hitchcock.freenode.net
11 Feb 03:38:16 - SEND: PONG hitchcock.freenode.net
11 Feb 03:40:32 - SEND: PONG hitchcock.freenode.net
11 Feb 03:42:48 - SEND: PONG hitchcock.freenode.net
11 Feb 03:45:04 - SEND: PONG hitchcock.freenode.net
11 Feb 03:47:20 - SEND: PONG hitchcock.freenode.net
11 Feb 03:49:36 - SEND: PONG hitchcock.freenode.net
11 Feb 03:51:52 - SEND: PONG hitchcock.freenode.net
11 Feb 03:53:36 - QUIT: pru_python!1b3ea462@gateway/web/freenode/ip.27.62.164.98 Ping timeout: 260 seconds
11 Feb 03:54:08 - SEND: PONG hitchcock.freenode.net
11 Feb 03:56:24 - SEND: PONG hitchcock.freenode.net
11 Feb 03:58:40 - SEND: PONG hitchcock.freenode.net
11 Feb 04:00:56 - SEND: PONG hitchcock.freenode.net
11 Feb 04:03:12 - SEND: PONG hitchcock.freenode.net
11 Feb 04:04:09 - QUIT: GenTooMan!~cyberman@2601:547:4380:2fe0:21f:d0ff:fe26:7344 Quit: Leaving
11 Feb 04:05:28 - SEND: PONG hitchcock.freenode.net
11 Feb 04:07:44 - SEND: PONG hitchcock.freenode.net
11 Feb 04:10:00 - SEND: PONG hitchcock.freenode.net
11 Feb 04:12:16 - SEND: PONG hitchcock.freenode.net
11 Feb 04:12:19 - QUIT: rthille-ciena!~rthille@c-67-164-62-81.hsd1.ca.comcast.net Quit: Leaving.
11 Feb 04:14:32 - SEND: PONG hitchcock.freenode.net
11 Feb 04:16:48 - SEND: PONG hitchcock.freenode.net
11 Feb 04:19:04 - SEND: PONG hitchcock.freenode.net
11 Feb 04:20:39 - QUIT: rizzo!~RizzoTheR@p54B6BDA4.dip0.t-ipconnect.de Ping timeout: 276 seconds
11 Feb 04:21:20 - SEND: PONG hitchcock.freenode.net
11 Feb 04:23:36 - SEND: PONG hitchcock.freenode.net
11 Feb 04:25:52 - SEND: PONG hitchcock.freenode.net
11 Feb 04:28:08 - SEND: PONG hitchcock.freenode.net
11 Feb 04:30:24 - SEND: PONG hitchcock.freenode.net
11 Feb 04:32:40 - SEND: PONG hitchcock.freenode.net
11 Feb 04:34:56 - SEND: PONG hitchcock.freenode.net
11 Feb 04:37:12 - SEND: PONG hitchcock.freenode.net
11 Feb 04:39:27 - SEND: PONG hitchcock.freenode.net
11 Feb 04:40:01 - QUIT: Unee0x!~Unee0x@2606:a000:4201:b00:6d8b:f40a:385f:ddd2 Client Quit
11 Feb 04:41:44 - SEND: PONG hitchcock.freenode.net
11 Feb 04:42:01 - QUIT: Unee0x!~Unee0x@cpe-2606-A000-4201-B00-6D8B-F40A-385F-DDD2.dyn6.twc.com Client Quit
11 Feb 04:44:00 - SEND: PONG hitchcock.freenode.net
11 Feb 04:46:15 - SEND: PONG hitchcock.freenode.net
11 Feb 04:47:16 - QUIT: ankur!b753c84a@gateway/web/freenode/ip.183.83.200.74 Ping timeout: 260 seconds
11 Feb 04:48:32 - SEND: PONG hitchcock.freenode.net
11 Feb 04:50:46 - QUIT: pru_python!0e8ba0e3@gateway/web/freenode/ip.14.139.160.227 Ping timeout: 260 seconds
11 Feb 04:50:48 - SEND: PONG hitchcock.freenode.net
11 Feb 04:52:14 - QUIT: Unee0x!~Unee0x@cpe-2606-A000-4201-B00-6D8B-F40A-385F-DDD2.dyn6.twc.com Quit: Mutter: www.mutterirc.com
11 Feb 04:53:03 - SEND: PONG hitchcock.freenode.net
11 Feb 04:55:20 - SEND: PONG hitchcock.freenode.net
11 Feb 04:57:36 - SEND: PONG hitchcock.freenode.net
11 Feb 04:58:26 - QUIT: Unee0x!~Unee0x@cpe-2606-A000-4201-B00-6D8B-F40A-385F-DDD2.dyn6.twc.com Quit: Mutter: www.mutterirc.com
11 Feb 04:59:51 - SEND: PONG hitchcock.freenode.net
11 Feb 05:00:23 - QUIT: pru_python!0e8ba0e3@gateway/web/freenode/ip.14.139.160.227 Quit: Page closed
11 Feb 05:02:08 - SEND: PONG hitchcock.freenode.net
11 Feb 05:04:24 - SEND: PONG hitchcock.freenode.net
11 Feb 05:06:39 - SEND: PONG hitchcock.freenode.net
11 Feb 05:08:23 - QUIT: Unee0x!~Unee0x@cpe-2606-A000-4201-B00-6D8B-F40A-385F-DDD2.dyn6.twc.com Client Quit
11 Feb 05:08:56 - SEND: PONG hitchcock.freenode.net
11 Feb 05:09:38 - QUIT: W_Olympic!~W_Olympic@123.150.120.103 Remote host closed the connection
11 Feb 05:11:12 - SEND: PONG hitchcock.freenode.net
11 Feb 05:13:16 - QUIT: pru_python!0e8ba0e3@gateway/web/freenode/ip.14.139.160.227 Quit: Page closed
11 Feb 05:13:27 - SEND: PONG hitchcock.freenode.net
11 Feb 05:15:44 - SEND: P