[Thu Feb 22 2018 00:00:02 GMT+0000 (UTC)] INFO Connecting...
22 Feb 00:00:02 - Sending irc NICK/USER
22 Feb 00:00:02 - SEND: CAP REQ sasl
22 Feb 00:00:03 - SEND: NICK beagleslackbot
22 Feb 00:00:03 - SEND: USER beagleslackbot 8 * :BeagleBoard.org Slack Bot
22 Feb 00:00:12 - SEND: NICK beagleslackbot1
22 Feb 00:00:12 - [01;31mUnhandled message: { prefix: 'verne.freenode.net',
  server: 'verne.freenode.net',
  command: '900',
  rawCommand: '900',
  commandType: 'normal',
  args: 
   [ 'beagleslackbot1',
     'beagleslackbot1!beagleslac@ec2-52-26-75-20.us-west-2.compute.amazonaws.com',
     'beagleslackbot',
     'You are now logged in as beagleslackbot.' ] }[0m
22 Feb 00:00:13 - SEND: CAP END
22 Feb 00:00:13 - [01;31mUnhandled message: { prefix: 'verne.freenode.net',
  server: 'verne.freenode.net',
  command: 'rpl_luserunknown',
  rawCommand: '253',
  commandType: 'reply',
  args: [ 'beagleslackbot1', '39', 'unknown connection(s)' ] }[0m
22 Feb 00:00:13 - MODE: beagleslackbot1 sets mode: +i
22 Feb 00:00:14 - SEND: NICK beagleslackbot
22 Feb 00:00:14 - SEND: JOIN #beagle
22 Feb 00:00:15 - SEND: JOIN #beagle-gsoc
22 Feb 00:00:15 - SEND: JOIN #beagle-support
22 Feb 00:00:16 - SEND: JOIN #beagle-bonescript
22 Feb 00:00:16 - SEND: JOIN #beagle-pro
22 Feb 00:00:19 - SEND: NICK beagleslackbot2
22 Feb 00:00:19 - [01;31mUnhandled message: { prefix: 'services.',
  server: 'services.',
  command: '328',
  rawCommand: '328',
  commandType: 'normal',
  args: [ 'beagleslackbot1', '#beagle', 'http://beagleboard.org' ] }[0m
22 Feb 00:00:21 - SEND: NICK beagleslackbot3
22 Feb 00:00:22 - SEND: NICK beagleslackbot4
22 Feb 00:00:22 - NICK: beagleslackbot1 changes nick to beagleslackbot4
22 Feb 00:02:55 - SEND: PONG verne.freenode.net
22 Feb 00:05:16 - SEND: PONG verne.freenode.net
22 Feb 00:07:35 - SEND: PONG verne.freenode.net
22 Feb 00:09:56 - SEND: PONG verne.freenode.net
22 Feb 00:10:46 - QUIT: flebourse!4d8853f1@gateway/web/freenode/ip.77.136.83.241 Quit: Page closed
22 Feb 00:12:05 - QUIT: spiritus!29cadb41@gateway/web/freenode/ip.41.202.219.65 Ping timeout: 260 seconds
22 Feb 00:12:16 - SEND: PONG verne.freenode.net
22 Feb 00:13:15 - QUIT: spiritus_!29cadb41@gateway/web/freenode/ip.41.202.219.65 Ping timeout: 260 seconds
22 Feb 00:14:35 - SEND: PONG verne.freenode.net
22 Feb 00:16:56 - SEND: PONG verne.freenode.net
22 Feb 00:19:15 - SEND: PONG verne.freenode.net
22 Feb 00:21:35 - SEND: PONG verne.freenode.net
22 Feb 00:23:56 - SEND: PONG verne.freenode.net
22 Feb 00:24:54 - QUIT: wa5qjh!~quassel@175.158.225.213 Changing host
22 Feb 00:26:15 - SEND: PONG verne.freenode.net
22 Feb 00:28:35 - SEND: PONG verne.freenode.net
22 Feb 00:30:56 - SEND: PONG verne.freenode.net
22 Feb 00:33:15 - SEND: PONG verne.freenode.net
22 Feb 00:35:35 - SEND: PONG verne.freenode.net
22 Feb 00:37:56 - SEND: PONG verne.freenode.net
22 Feb 00:38:39 - QUIT: wa5qjh!~quassel@freebsd/user/wa5qjh Remote host closed the connection
22 Feb 00:40:15 - SEND: PONG verne.freenode.net
22 Feb 00:42:35 - SEND: PONG verne.freenode.net
22 Feb 00:44:56 - SEND: PONG verne.freenode.net
22 Feb 00:46:23 - QUIT: ayjay_t!ajp@24-181-188-142.dhcp.nwtn.ct.charter.com Read error: Connection reset by peer
22 Feb 00:47:15 - SEND: PONG verne.freenode.net
22 Feb 00:49:35 - SEND: PONG verne.freenode.net
22 Feb 00:51:56 - SEND: PONG verne.freenode.net
22 Feb 00:54:15 - SEND: PONG verne.freenode.net
22 Feb 00:56:36 - SEND: PONG verne.freenode.net
22 Feb 00:58:55 - SEND: PONG verne.freenode.net
22 Feb 01:01:15 - SEND: PONG verne.freenode.net
22 Feb 01:03:36 - SEND: PONG verne.freenode.net
22 Feb 01:05:55 - SEND: PONG verne.freenode.net
22 Feb 01:08:15 - SEND: PONG verne.freenode.net
22 Feb 01:10:36 - SEND: PONG verne.freenode.net
22 Feb 01:12:55 - SEND: PONG verne.freenode.net
22 Feb 01:14:47 - QUIT: chomwitt!~chomwitt@2a02:587:dc08:a00:9d6c:1d0c:2780:b73f Ping timeout: 255 seconds
22 Feb 01:15:15 - SEND: PONG verne.freenode.net
22 Feb 01:17:36 - SEND: PONG verne.freenode.net
22 Feb 01:19:55 - SEND: PONG verne.freenode.net
22 Feb 01:22:15 - SEND: PONG verne.freenode.net
22 Feb 01:24:36 - SEND: PONG verne.freenode.net
22 Feb 01:26:55 - SEND: PONG verne.freenode.net
22 Feb 01:29:15 - SEND: PONG verne.freenode.net
22 Feb 01:31:35 - SEND: PONG verne.freenode.net
22 Feb 01:33:05 - QUIT: m_w_!~Michael@173-22-246-196.client.mchsi.com Quit: Leaving
22 Feb 01:33:55 - SEND: PONG verne.freenode.net
22 Feb 01:36:15 - SEND: PONG verne.freenode.net
22 Feb 01:38:35 - SEND: PONG verne.freenode.net
22 Feb 01:40:55 - SEND: PONG verne.freenode.net
22 Feb 01:43:16 - SEND: PONG verne.freenode.net
22 Feb 01:45:35 - SEND: PONG verne.freenode.net
22 Feb 01:47:55 - SEND: PONG verne.freenode.net
22 Feb 01:50:16 - SEND: PONG verne.freenode.net
22 Feb 01:52:35 - SEND: PONG verne.freenode.net
22 Feb 01:54:55 - SEND: PONG verne.freenode.net
22 Feb 01:57:16 - SEND: PONG verne.freenode.net
22 Feb 01:59:35 - SEND: PONG verne.freenode.net
22 Feb 02:01:55 - SEND: PONG verne.freenode.net
22 Feb 02:04:16 - SEND: PONG verne.freenode.net
22 Feb 02:06:35 - SEND: PONG verne.freenode.net
22 Feb 02:08:55 - SEND: PONG verne.freenode.net
22 Feb 02:09:52 - QUIT: wa5qjh!~quassel@freebsd/user/wa5qjh Remote host closed the connection
22 Feb 02:10:33 - QUIT: iwcw!8ac93291@gateway/web/freenode/ip.138.201.50.145 Quit: Page closed
22 Feb 02:11:15 - SEND: PONG verne.freenode.net
22 Feb 02:11:43 - QUIT: alan_o!~Alan@2603:3024:503:ca00:e2f8:47ff:fe3f:cbf0 Ping timeout: 260 seconds
22 Feb 02:13:35 - SEND: PONG verne.freenode.net
22 Feb 02:15:38 - QUIT: vagrantc!~vagrant@unaffiliated/vagrantc Quit: leaving
22 Feb 02:15:55 - SEND: PONG verne.freenode.net
22 Feb 02:18:15 - SEND: PONG verne.freenode.net
22 Feb 02:20:35 - SEND: PONG verne.freenode.net
22 Feb 02:22:55 - SEND: PONG verne.freenode.net
22 Feb 02:23:14 - QUIT: Humpelstilzchen!erik@p4FD037E5.dip0.t-ipconnect.de Ping timeout: 256 seconds
22 Feb 02:25:15 - SEND: PONG verne.freenode.net
22 Feb 02:27:35 - SEND: PONG verne.freenode.net
22 Feb 02:29:56 - SEND: PONG verne.freenode.net
22 Feb 02:32:15 - SEND: PONG verne.freenode.net
22 Feb 02:34:35 - SEND: PONG verne.freenode.net
22 Feb 02:36:56 - SEND: PONG verne.freenode.net
22 Feb 02:39:15 - SEND: PONG verne.freenode.net
22 Feb 02:39:29 - QUIT: knttl!~knttl@dyndsl-091-096-243-164.ewe-ip-backbone.de Ping timeout: 276 seconds
22 Feb 02:41:35 - SEND: PONG verne.freenode.net
22 Feb 02:42:28 - QUIT: ogres!uid159312@gateway/web/irccloud.com/x-zsgywotnqjgwkxff Quit: Connection closed for inactivity
22 Feb 02:43:55 - SEND: PONG verne.freenode.net
22 Feb 02:46:15 - SEND: PONG verne.freenode.net
22 Feb 02:48:35 - SEND: PONG verne.freenode.net
22 Feb 02:50:55 - SEND: PONG verne.freenode.net
22 Feb 02:53:15 - SEND: PONG verne.freenode.net
22 Feb 02:55:35 - SEND: PONG verne.freenode.net
22 Feb 02:57:55 - SEND: PONG verne.freenode.net
22 Feb 02:58:43 - QUIT: dogmatic69!~me@164.177.154.223 Ping timeout: 268 seconds
22 Feb 03:00:15 - SEND: PONG verne.freenode.net
22 Feb 03:02:35 - SEND: PONG verne.freenode.net
22 Feb 03:04:55 - SEND: PONG verne.freenode.net
22 Feb 03:07:15 - SEND: PONG verne.freenode.net
22 Feb 03:09:35 - SEND: PONG verne.freenode.net
22 Feb 03:11:55 - SEND: PONG verne.freenode.net
22 Feb 03:14:15 - SEND: PONG verne.freenode.net
22 Feb 03:16:36 - SEND: PONG verne.freenode.net
22 Feb 03:18:55 - SEND: PONG verne.freenode.net
22 Feb 03:21:15 - SEND: PONG verne.freenode.net
22 Feb 03:23:35 - SEND: PONG verne.freenode.net
22 Feb 03:25:55 - SEND: PONG verne.freenode.net
22 Feb 03:28:15 - SEND: PONG verne.freenode.net
22 Feb 03:30:35 - SEND: PONG verne.freenode.net
22 Feb 03:32:55 - SEND: PONG verne.freenode.net
22 Feb 03:35:15 - SEND: PONG verne.freenode.net
22 Feb 03:35:32 - QUIT: keesj!~keesj@j77144.upc-j.chello.nl Ping timeout: 248 seconds
22 Feb 03:37:35 - SEND: PONG verne.freenode.net
22 Feb 03:39:55 - SEND: PONG verne.freenode.net
22 Feb 03:42:15 - SEND: PONG verne.freenode.net
22 Feb 03:44:35 - SEND: PONG verne.freenode.net
22 Feb 03:46:55 - SEND: PONG verne.freenode.net
22 Feb 03:49:15 - SEND: PONG verne.freenode.net
22 Feb 03:51:35 - SEND: PONG verne.freenode.net
22 Feb 03:53:55 - SEND: PONG verne.freenode.net
22 Feb 03:56:08 - QUIT: Dunedan!~dunedan@unaffi