[Thu Feb 01 2018 00:00:01 GMT+0000 (UTC)] INFO Connecting...
1 Feb 00:00:01 - Sending irc NICK/USER
1 Feb 00:00:02 - SEND: CAP REQ sasl
1 Feb 00:00:02 - SEND: NICK beagleslackbot
1 Feb 00:00:03 - SEND: USER beagleslackbot 8 * :BeagleBoard.org Slack Bot
1 Feb 00:00:12 - SEND: NICK beagleslackbot1
1 Feb 00:00:12 - [01;31mUnhandled message: { prefix: 'leguin.freenode.net',
  server: 'leguin.freenode.net',
  command: '900',
  rawCommand: '900',
  commandType: 'normal',
  args: 
   [ 'beagleslackbot1',
     'beagleslackbot1!beagleslac@ec2-52-26-75-20.us-west-2.compute.amazonaws.com',
     'beagleslackbot',
     'You are now logged in as beagleslackbot.' ] }[0m
1 Feb 00:00:13 - SEND: CAP END
1 Feb 00:00:14 - [01;31mUnhandled message: { prefix: 'leguin.freenode.net',
  server: 'leguin.freenode.net',
  command: 'rpl_luserunknown',
  rawCommand: '253',
  commandType: 'reply',
  args: [ 'beagleslackbot1', '16', 'unknown connection(s)' ] }[0m
1 Feb 00:00:14 - MODE: beagleslackbot1 sets mode: +i
1 Feb 00:00:14 - SEND: PRIVMSG NickServ :IDENTIFY Gab$b4123z
1 Feb 00:00:14 - SEND: NICK beagleslackbot
1 Feb 00:00:15 - SEND: JOIN #beagle
1 Feb 00:00:15 - SEND: JOIN #beagle-gsoc
1 Feb 00:00:16 - SEND: JOIN #beagle-mentors
1 Feb 00:00:16 - SEND: JOIN #beagle-support
1 Feb 00:00:17 - SEND: JOIN #beagle-bonescript
1 Feb 00:00:17 - SEND: JOIN #beagle-pro
1 Feb 00:00:19 - NICK: beagleslackbot1 changes nick to beagleslackbot
1 Feb 00:00:19 - GOT NOTICE from "NickServ": "beagleslackbot1 is not a registered nickname."
1 Feb 00:00:19 - [01;31mUnhandled message: { prefix: 'services.',
  server: 'services.',
  command: '328',
  rawCommand: '328',
  commandType: 'normal',
  args: [ 'beagleslackbot', '#beagle', 'http://beagleboard.org' ] }[0m
1 Feb 00:00:20 - SEND: MODE #beagle
1 Feb 00:00:20 - SEND: MODE #beagle-gsoc
1 Feb 00:00:21 - SEND: MODE #beagle-mentors
1 Feb 00:00:21 - SEND: MODE #beagle-support
1 Feb 00:00:22 - SEND: MODE #beagle-bonescript
1 Feb 00:00:22 - SEND: MODE #beagle-pro
1 Feb 00:02:39 - SEND: PONG leguin.freenode.net
1 Feb 00:05:09 - SEND: PONG leguin.freenode.net
1 Feb 00:07:39 - SEND: PONG leguin.freenode.net
1 Feb 00:10:09 - SEND: PONG leguin.freenode.net
1 Feb 00:12:40 - SEND: PONG leguin.freenode.net
1 Feb 00:15:09 - SEND: PONG leguin.freenode.net
1 Feb 00:16:10 - QUIT: rthille-ciena!~rthille@67.59.199.241 Quit: Leaving.
1 Feb 00:16:42 - QUIT: rthille-ciena!~rthille@67.59.199.241 Client Quit
1 Feb 00:17:39 - SEND: PONG leguin.freenode.net
1 Feb 00:20:09 - SEND: PONG leguin.freenode.net
1 Feb 00:22:39 - SEND: PONG leguin.freenode.net
1 Feb 00:22:47 - QUIT: florian!~florian_k@Maemo/community/contributor/florian Quit: Ex-Chat
1 Feb 00:23:57 - QUIT: vagrantc!~vagrant@unaffiliated/vagrantc Quit: leaving
1 Feb 00:25:10 - SEND: PONG leguin.freenode.net
1 Feb 00:27:39 - SEND: PONG leguin.freenode.net
1 Feb 00:30:09 - SEND: PONG leguin.freenode.net
1 Feb 00:32:39 - SEND: PONG leguin.freenode.net
1 Feb 00:35:09 - SEND: PONG leguin.freenode.net
1 Feb 00:37:39 - SEND: PONG leguin.freenode.net
1 Feb 00:40:09 - SEND: PONG leguin.freenode.net
1 Feb 00:42:20 - QUIT: russ!foobar@47.145.201.87 Ping timeout: 252 seconds
1 Feb 00:42:39 - SEND: PONG leguin.freenode.net
1 Feb 00:43:01 - QUIT: NishanthMenon!~nmenon@unaffiliated/nishanthmenon Quit: Going!
1 Feb 00:45:10 - SEND: PONG leguin.freenode.net
1 Feb 00:47:39 - SEND: PONG leguin.freenode.net
1 Feb 00:50:09 - SEND: PONG leguin.freenode.net
1 Feb 00:52:39 - SEND: PONG leguin.freenode.net
1 Feb 00:55:09 - SEND: PONG leguin.freenode.net
1 Feb 00:57:39 - SEND: PONG leguin.freenode.net
1 Feb 01:00:09 - SEND: PONG leguin.freenode.net
1 Feb 01:02:39 - SEND: PONG leguin.freenode.net
1 Feb 01:05:09 - SEND: PONG leguin.freenode.net
1 Feb 01:07:39 - SEND: PONG leguin.freenode.net
1 Feb 01:10:09 - SEND: PONG leguin.freenode.net
1 Feb 01:12:39 - SEND: PONG leguin.freenode.net
1 Feb 01:15:09 - SEND: PONG leguin.freenode.net
1 Feb 01:17:39 - SEND: PONG leguin.freenode.net
1 Feb 01:20:09 - SEND: PONG leguin.freenode.net
1 Feb 01:22:39 - SEND: PONG leguin.freenode.net
1 Feb 01:25:09 - SEND: PONG leguin.freenode.net
1 Feb 01:27:39 - SEND: PONG leguin.freenode.net
1 Feb 01:30:09 - SEND: PONG leguin.freenode.net
1 Feb 01:32:39 - SEND: PONG leguin.freenode.net
1 Feb 01:35:09 - SEND: PONG leguin.freenode.net
1 Feb 01:37:39 - SEND: PONG leguin.freenode.net
1 Feb 01:40:09 - SEND: PONG leguin.freenode.net
1 Feb 01:42:39 - SEND: PONG leguin.freenode.net
1 Feb 01:45:09 - SEND: PONG leguin.freenode.net
1 Feb 01:46:39 - QUIT: VirG!~VirG@2601:647:4901:f9a:4841:8664:50bc:b4ad Ping timeout: 240 seconds
1 Feb 01:47:39 - SEND: PONG leguin.freenode.net
1 Feb 01:50:09 - SEND: PONG leguin.freenode.net
1 Feb 01:50:49 - QUIT: mr_science!~sarnold@gentoo/developer/nerdboy Ping timeout: 240 seconds
1 Feb 01:51:13 - QUIT: nerdboy!~sarnold@gentoo/developer/nerdboy Ping timeout: 265 seconds
1 Feb 01:51:56 - QUIT: kilroi_off!~kilroy@ip-84-118-178-148.unity-media.net Ping timeout: 240 seconds
1 Feb 01:52:39 - SEND: PONG leguin.freenode.net
1 Feb 01:55:09 - SEND: PONG leguin.freenode.net
1 Feb 01:57:39 - SEND: PONG leguin.freenode.net
1 Feb 02:00:09 - SEND: PONG leguin.freenode.net
1 Feb 02:02:39 - SEND: PONG leguin.freenode.net
1 Feb 02:05:09 - SEND: PONG leguin.freenode.net
1 Feb 02:05:57 - QUIT: mr_science!~sarnold@gatekeeper.gentoogeek.org Changing host
1 Feb 02:07:39 - SEND: PONG leguin.freenode.net
1 Feb 02:07:53 - QUIT: nerdboy!~sarnold@gatekeeper.gentoogeek.org Changing host
1 Feb 02:10:09 - SEND: PONG leguin.freenode.net
1 Feb 02:12:39 - SEND: PONG leguin.freenode.net
1 Feb 02:15:09 - SEND: PONG leguin.freenode.net
1 Feb 02:17:39 - SEND: PONG leguin.freenode.net
1 Feb 02:20:09 - SEND: PONG leguin.freenode.net
1 Feb 02:22:39 - SEND: PONG leguin.freenode.net
1 Feb 02:25:09 - SEND: PONG leguin.freenode.net
1 Feb 02:27:39 - SEND: PONG leguin.freenode.net
1 Feb 02:30:09 - SEND: PONG leguin.freenode.net
1 Feb 02:32:39 - SEND: PONG leguin.freenode.net
1 Feb 02:35:09 - SEND: PONG leguin.freenode.net
1 Feb 02:37:39 - SEND: PONG leguin.freenode.net
1 Feb 02:40:09 - SEND: PONG leguin.freenode.net
1 Feb 02:42:39 - SEND: PONG leguin.freenode.net
1 Feb 02:43:43 - QUIT: Humpelst1lzchen!erik@p4FD035A1.dip0.t-ipconnect.de Ping timeout: 256 seconds
1 Feb 02:45:09 - SEND: PONG leguin.freenode.net
1 Feb 02:47:39 - SEND: PONG leguin.freenode.net
1 Feb 02:50:09 - SEND: PONG leguin.freenode.net
1 Feb 02:51:05 - QUIT: knttl!~knttl@dyndsl-091-096-177-138.ewe-ip-backbone.de Ping timeout: 256 seconds
1 Feb 02:52:39 - SEND: PONG leguin.freenode.net
1 Feb 02:55:09 - SEND: PONG leguin.freenode.net
1 Feb 02:57:39 - SEND: PONG leguin.freenode.net
1 Feb 03:00:09 - SEND: PONG leguin.freenode.net
1 Feb 03:02:39 - SEND: PONG leguin.freenode.net
1 Feb 03:05:09 - SEND: PONG leguin.freenode.net
1 Feb 03:07:39 - SEND: PONG leguin.freenode.net
1 Feb 03:10:09 - SEND: PONG leguin.freenode.net
1 Feb 03:12:39 - SEND: PONG leguin.freenode.net
1 Feb 03:15:09 - SEND: PONG leguin.freenode.net
1 Feb 03:17:39 - SEND: PONG leguin.freenode.net
1 Feb 03:20:09 - SEND: PONG leguin.freenode.net
1 Feb 03:22:39 - SEND: PONG leguin.freenode.net
1 Feb 03:25:09 - SEND: PONG leguin.freenode.net
1 Feb 03:27:39 - SEND: PONG leguin.freenode.net
1 Feb 03:30:09 - SEND: PONG leguin.freenode.net
1 Feb 03:30:56 - QUIT: kilroi!~kilroy@ip-84-118-178-148.unity-media.net Ping timeout: 240 seconds
1 Feb 03:32:39 - SEND: PONG leguin.freenode.net
1 Feb 03:35:09 - SEND: PONG leguin.freenode.net
1 Feb 03:37:39 - SEND: PONG leguin.freenode.net
1 Feb 03:39:58 - QUIT: Dunedan_!~dunedan@unaffiliated/dunedan Ping timeout: 265 seconds
1 Feb 03:40:09 - SEND: PONG leguin.freenode.net
1 Feb 03:42:39 - SEND: PONG leguin.freenode.net
1 Feb 03:45:09 - SEND: PONG leguin.freenode.net
1 Feb 03:47:39 - SEND: PONG leguin.freenode.net
1 Feb 03:50:09 - SEND: PONG leguin.freenode.net
1 Feb 03:52:39 - SEND: PONG leguin.freenode.net
1 Feb 03:55:09 - SEND: PONG leguin.freenode.net
1 Feb 03:57:39 - SEND: PONG leguin.freenode.net
1 Feb 04:00:09 - SEND: PONG leguin.freenode.net
1 Feb 04:02:39 - SEND: PONG leguin.freenode.net
1 Feb 04:05:09 - SEND: PONG leguin.freenode.net
1 Feb 04:06:53 - QUIT: rizzo!~RizzoTheR@p54B6BDA4.dip0.t-ipconnect.de Remote host closed the connection
1 Feb 04:07:39 - SEND: PONG leguin.freenode.net
1 Feb 04:08:51 - NICK: Vivek changes nick to Guest2746
1 Feb 04:10:09 - SEND: PONG leguin.freenode.net
1 Feb 04:12:39 - SEND: PONG leguin.freenode.net
1 Feb 04:15:09 - SEND: PONG leguin.freenode.net
1 Feb 04:17:39 - SEND: PONG leguin.freenode.net
1 Feb 04:20:09 - SEND: PONG leguin.freenode.net
1 Feb 04:21:41 - QUIT: dastaan!~dastaan90@63-152-71-241.cdrr.qwest.net Remote host closed the connection
1 Feb 04:22:39 - SEND: PONG leguin.freenode.net
1 Feb 04:25:09 - SEND: PONG leguin.freenode.net
1 Feb 04:27:39 - SEND: PONG leguin.freenode.net
1 Feb 04:30:09 - SEND: PONG leguin.freenode.net
1 Feb 04:32:39 - SEND: PONG leguin.freenode.net
1 Feb 04:35:09 - SEND: PONG leguin.freenode.net
1 Feb 04:37:03 - QUIT: thaytan!~thaytan@180-150-118-156.NBN.mel.aussiebb.net Ping timeout: 256 seconds
1 Feb 04:37:39 - SEND: PONG leguin.freenode.net
1 Feb 04:40:09 - SEND: PONG leguin.freenode.net
1 Feb 04:42:39 - SEND: PONG leguin.freenode.net
1 Feb 04:45:09 - SEND: PONG leguin.freenode.net
1 Feb 04:47:39 - SEND: PONG leguin.freenode.net
1 Feb 04:50:09 - SEND: PONG leguin.freenode.net
1 Feb 04:52:39 - SEND: PONG leguin.freenode.net
1 Feb 04:55:09 - SEND: PONG leguin.freenode.net
1 Feb 04:57:39 - SEND: PONG leguin.freenode.net
1 Feb 05:00:09 - SEND: PONG leguin.freenode.net
1 Feb 05:00:46 - QUIT: ZtLiu!afb48848@gateway/web/freenode/ip.175.180.136.72 Quit: Page closed
1 Feb 05:02:39 - SEND: PONG leguin.freenode.net
1 Feb 05:05:09 - SEND: PONG leguin.freenode.net
1 Feb 05:07:39 - SEND: PONG leguin.freenode.net
1 Feb 05:10:09 - SEND: PONG leguin.freenode.net
1 Feb 05:12:39 - SEND: PONG leguin.freenode.net
1 Feb 05:15:09 - SEND: PONG leguin.freenode.net
1 Feb 05:17:39 - SEND: PONG leguin.freenode.net
1 Feb 05:20:09 - SEND: PONG leguin.freenode.net
1 Feb 05:22:39 - SEND: PONG leguin.freenode.net
1 Feb 05:25:09 - SEND: PONG leguin.freenode.net
1 Feb 05:27:07 - QUIT: dastaan!~dastaan90@63-152-71-241.cdrr.qwest.net Ping timeout: 268 seconds
1 Feb 05:27:39 - SEND: PONG leguin.freenode.net
1 Feb 05:30:09 - SEND: PONG leguin.freenode.net
1 Feb 05:32:39 - SEND: PONG leguin.freenode.net
1 Feb 05:35:09 - SEND: PONG leguin.freenode.net
1 Feb 05:37:39 - SEND: PONG leguin.freenode.net
1 Feb 05:40:09 - SEND: PONG leguin.freenode.net
1 Feb 05:42:39 - SEND: PONG leguin.freenode.net
1 Feb 05:45:09 - SEND: PONG leguin.freenode.net
1 Feb 05:47:39 - SEND: PONG leguin.freenode.net
1 Feb 05:50:09 - SEND: PONG leguin.freenode.net
1 Feb 05:51:59 - QUIT: amraam!slinky-@carrier.ncn.fi Read error: Connection reset by peer
1 Feb 05:52:39 - SEND: PONG leguin.freenode.net
1 Feb 05:55:09 - SEND: PONG leguin.freenode.net
1 Feb 05:56:09 - QUIT: kilroi!~kilroy@ip-84-118-178-148.unity-media.net Ping timeout: 240 seconds
1 Feb 05:57:39 - SEND: PONG leguin.freenode.net
1 Feb 06:00:09 - SEND: PONG leguin.freenode.net
1 Feb 06:00:48 - QUIT: tbr!dm8tbr@mail.bfst.de Ping timeout: 246 seconds
1 Feb 06:02:39 - SEND: PONG leguin.freenode.net
1 Feb 06:05:09 - SEND: PONG leguin.freenode.net
1 Feb 06:07:39 - SEND: PONG leguin.freenode.net
1 Feb 06:10:09 - SEND: PONG leguin.freenode.net
1 Feb 06:10:11 - QUIT: ZtLiu!afb48848@gateway/web/freenode/ip.175.180.136.72 Ping timeout: 260 seconds
1 Feb 06:12:39 - SEND: PONG leguin.freenode.net
1 Feb 06:15:09 - SEND: PONG leguin.freenode.net
1 Feb 06:17:39 - SEND: PONG leguin.freenode.net
1 Feb 06:20:09 - SEND: PONG leguin.freenode.net
1 Feb 06:22:39 - SEND: PONG leguin.freenode.net
1 Feb 06:25:09 - SEND: PONG leguin.freenode.net
1 Feb 06:27:39 - SEND: PONG leguin.freenode.net
1 Feb 06:29:01 - QUIT: dastaan!~dastaan90@63-152-71-241.cdrr.qwest.net Ping timeout: 260 seconds
1 Feb 06:30:09 - SEND: PONG leguin.freenode.net
1 Feb 06:32:39 - SEND: PONG leguin.freenode.net
1 Feb 06:35:09 - SEND: PONG leguin.freenode.net
1 Feb 06:37:39 - SEND: PONG leguin.freenode.net
1 Feb 06:40:09 - SEND: PONG leguin.freenode.net
1 Feb 06:42:39 - SEND: PONG leguin.freenode.net
1 Feb 06:44:39 - QUIT: russ!foobar@47.145.201.87 Ping timeout: 240 seconds
1 Feb 06:45:09 - SEND: PONG leguin.freenode.net
1