[Wed Jan 30 2019 17:23:15 GMT+0000 (UTC)] INFO Connecting...
30 Jan 17:23:15 - Sending irc NICK/USER
30 Jan 17:23:15 - SEND: CAP REQ sasl
30 Jan 17:23:16 - SEND: NICK beagleslackbot
30 Jan 17:23:16 - SEND: USER beagleslackbot 8 * :BeagleBoard.org Slack Bot
30 Jan 17:23:21 - [01;31mUnhandled message: { prefix: 'tepper.freenode.net',
  server: 'tepper.freenode.net',
  command: '900',
  rawCommand: '900',
  commandType: 'normal',
  args: 
   [ 'beagleslackbot',
     'beagleslackbot!beagleslac@ec2-52-26-75-20.us-west-2.compute.amazonaws.com',
     'beagleslackbot',
     'You are now logged in as beagleslackbot.' ] }[0m
30 Jan 17:23:22 - SEND: CAP END
30 Jan 17:23:22 - [01;31mUnhandled message: { prefix: 'tepper.freenode.net',
  server: 'tepper.freenode.net',
  command: 'rpl_luserunknown',
  rawCommand: '253',
  commandType: 'reply',
  args: [ 'beagleslackbot', '21', 'unknown connection(s)' ] }[0m
30 Jan 17:23:22 - MODE: beagleslackbot sets mode: +i
30 Jan 17:23:22 - GOT NOTICE from "freenode-connect": "Welcome to freenode. To protect the network all new connections will be scanned for vulnerabilities. This will not harm your computer, and vulnerable hosts will be notified."
30 Jan 17:23:23 - SEND: NICK beagleslackbot
30 Jan 17:23:23 - SEND: JOIN #beagle-gsoc
30 Jan 17:23:24 - SEND: JOIN #beagle-support
30 Jan 17:23:24 - SEND: JOIN #beagle-bonescript
30 Jan 17:23:25 - SEND: JOIN #beagle-pro
30 Jan 17:23:28 - MODE: #beagle-support sets mode: +ns
30 Jan 17:23:28 - MODE: #beagle-bonescript sets mode: +ns
30 Jan 17:23:28 - GOT NOTICE from "NickServ": "You are already logged in as beagleslackbot."
30 Jan 17:23:28 - MODE: #beagle-support sets mode: -o
30 Jan 17:23:28 - MODE: #beagle-support sets mode: +ct-s
30 Jan 17:23:28 - MODE: #beagle-support sets mode: +o
30 Jan 17:23:28 - MODE: #beagle-bonescript sets mode: -o
30 Jan 17:23:28 - MODE: #beagle-bonescript sets mode: +ct-s
30 Jan 17:23:28 - MODE: #beagle-bonescript sets mode: +o
30 Jan 17:23:28 - SEND: MODE #beagle-gsoc
30 Jan 17:23:29 - SEND: MODE #beagle-support
30 Jan 17:23:29 - SEND: MODE #beagle-bonescript
30 Jan 17:23:30 - SEND: MODE #beagle-pro
30 Jan 17:24:17 - SEND: PRIVMSG #beagle-gsoc :<jkridner> bot arrive?
30 Jan 17:26:39 - SEND: PONG tepper.freenode.net
30 Jan 17:28:49 - SEND: PONG tepper.freenode.net
30 Jan 17:30:21 - SEND: PRIVMSG #beagle-gsoc :<jkridner> pinging @channel on Slack
30 Jan 17:32:43 - SEND: PONG tepper.freenode.net
30 Jan 17:34:53 - SEND: PONG tepper.freenode.net
30 Jan 17:37:03 - SEND: PONG tepper.freenode.net
30 Jan 17:39:13 - SEND: PONG tepper.freenode.net
30 Jan 17:41:23 - SEND: PONG tepper.freenode.net
30 Jan 17:43:33 - SEND: PONG tepper.freenode.net
30 Jan 17:45:43 - SEND: PONG tepper.freenode.net
30 Jan 17:47:53 - SEND: PONG tepper.freenode.net
30 Jan 17:49:55 - SEND: PRIVMSG #beagle-gsoc :<rcn-ee> Didn't drew briefly look at CircuitPython for Adafruit, so somethings may have started.
30 Jan 17:52:13 - SEND: PONG tepper.freenode.net
30 Jan 17:54:23 - SEND: PONG tepper.freenode.net
30 Jan 17:55:51 - SEND: PRIVMSG #beagle-gsoc :<wicks.cathy> will do
30 Jan 17:58:17 - SEND: PONG tepper.freenode.net
30 Jan 18:00:27 - SEND: PONG tepper.freenode.net
30 Jan 18:02:37 - SEND: PONG tepper.freenode.net
30 Jan 18:04:47 - SEND: PONG tepper.freenode.net
30 Jan 18:06:57 - SEND: PONG tepper.freenode.net
30 Jan 18:09:07 - SEND: PONG tepper.freenode.net
30 Jan 18:10:05 - QUIT: cwicks!6041f8ed@gateway/web/freenode/ip.96.65.248.237 Quit: Page closed
30 Jan 18:11:17 - SEND: PONG tepper.freenode.net
30 Jan 18:13:27 - SEND: PONG tepper.freenode.net
30 Jan 18:15:37 - SEND: PONG tepper.freenode.net
30 Jan 18:17:47 - SEND: PONG tepper.freenode.net
30 Jan 18:19:57 - SEND: PONG tepper.freenode.net
30 Jan 18:22:07 - SEND: PONG tepper.freenode.net
30 Jan 18:24:17 - SEND: PONG tepper.freenode.net
30 Jan 18:26:27 - SEND: PONG tepper.freenode.net
30 Jan 18:28:37 - SEND: PONG tepper.freenode.net
30 Jan 18:30:47 - SEND: PONG tepper.freenode.net
30 Jan 18:32:57 - SEND: PONG tepper.freenode.net
30 Jan 18:35:07 - SEND: PONG tepper.freenode.net
30 Jan 18:37:17 - SEND: PONG tepper.freenode.net
30 Jan 18:39:27 - SEND: PONG tepper.freenode.net
30 Jan 18:41:37 - SEND: PONG tepper.freenode.net
30 Jan 18:43:47 - SEND: PONG tepper.freenode.net
30 Jan 18:45:57 - SEND: PONG tepper.freenode.net
30 Jan 18:48:07 - SEND: PONG tepper.freenode.net
30 Jan 18:50:17 - SEND: PONG tepper.freenode.net
30 Jan 18:52:27 - SEND: PONG tepper.freenode.net
30 Jan 18:54:37 - SEND: PONG tepper.freenode.net
30 Jan 18:56:47 - SEND: PONG tepper.freenode.net
30 Jan 18:58:57 - SEND: PONG tepper.freenode.net
30 Jan 19:01:07 - SEND: PONG tepper.freenode.net
30 Jan 19:03:17 - SEND: PONG tepper.freenode.net
30 Jan 19:05:27 - SEND: PONG tepper.freenode.net
30 Jan 19:07:37 - SEND: PONG tepper.freenode.net
30 Jan 19:09:47 - SEND: PONG tepper.freenode.net
30 Jan 19:11:57 - SEND: PONG tepper.freenode.net
30 Jan 19:14:07 - SEND: PONG tepper.freenode.net
30 Jan 19:16:17 - SEND: PONG tepper.freenode.net
30 Jan 19:18:27 - SEND: PONG tepper.freenode.net
30 Jan 19:20:37 - SEND: PONG tepper.freenode.net
30 Jan 19:22:47 - SEND: PONG tepper.freenode.net
30 Jan 19:24:57 - SEND: PONG tepper.freenode.net
30 Jan 19:27:07 - SEND: PONG tepper.freenode.net
30 Jan 19:29:17 - SEND: PONG tepper.freenode.net
30 Jan 19:31:27 - SEND: PONG tepper.freenode.net
30 Jan 19:33:37 - SEND: PONG tepper.freenode.net
30 Jan 19:35:47 - SEND: PONG tepper.freenode.net
30 Jan 19:37:57 - SEND: PONG tepper.freenode.net
30 Jan 19:40:06 - SEND: PONG tepper.freenode.net
30 Jan 19:42:17 - SEND: PONG tepper.freenode.net
30 Jan 19:44:27 - SEND: PONG tepper.freenode.net
30 Jan 19:46:36 - SEND: PONG tepper.freenode.net
30 Jan 19:48:47 - SEND: PONG tepper.freenode.net
30 Jan 19:50:57 - SEND: PONG tepper.freenode.net
30 Jan 19:53:06 - SEND: PONG tepper.freenode.net
30 Jan 19:55:17 - SEND: PONG tepper.freenode.net
30 Jan 19:57:27 - SEND: PONG tepper.freenode.net
30 Jan 19:59:36 - SEND: PONG tepper.freenode.net
30 Jan 20:01:47 - SEND: PONG tepper.freenode.net
30 Jan 20:03:57 - SEND: PONG tepper.freenode.net
30 Jan 20:06:07 - SEND: PONG tepper.freenode.net
30 Jan 20:08:17 - SEND: PONG tepper.freenode.net
30 Jan 20:10:27 - SEND: PONG tepper.freenode.net
30 Jan 20:12:36 - SEND: PONG tepper.freenode.net
30 Jan 20:14:47 - SEND: PONG tepper.freenode.net
30 Jan 20:16:57 - SEND: PONG tepper.freenode.net
30 Jan 20:19:06 - SEND: PONG tepper.freenode.net
30 Jan 20:21:17 - SEND: PONG tepper.freenode.net
30 Jan 20:23:27 - SEND: PONG tepper.freenode.net
30 Jan 20:25:36 - SEND: PONG tepper.freenode.net
30 Jan 20:27:47 - SEND: PONG tepper.freenode.net
30 Jan 20:29:57 - SEND: PONG tepper.freenode.net
30 Jan 20:32:07 - SEND: PONG tepper.freenode.net
30 Jan 20:34:17 - SEND: PONG tepper.freenode.net
30 Jan 20:36:27 - SEND: PONG tepper.freenode.net
30 Jan 20:38:36 - SEND: PONG tepper.freenode.net
30 Jan 20:40:47 - SEND: PONG tepper.freenode.net
30 Jan 20:42:57 - SEND: PONG tepper.freenode.net
30 Jan 20:45:06 - SEND: PONG tepper.freenode.net
30 Jan 20:47:17 - SEND: PONG tepper.freenode.net
30 Jan 20:49:27 - SEND: PONG tepper.freenode.net
30 Jan 20:51:36 - SEND: PONG tepper.freenode.net
30 Jan 20:53:47 - SEND: PONG tepper.freenode.net
30 Jan 20:55:57 - SEND: PONG tepper.freenode.net
30 Jan 20:58:06 - SEND: PONG tepper.freenode.net
30 Jan 21:00:17 - SEND: PONG tepper.freenode.net
30 Jan 21:02:27 - SEND: PONG tepper.freenode.net
30 Jan 21:04:36 - SEND: PONG tepper.freenode.net
30 Jan 21:06:47 - SEND: PONG tepper.freenode.net
30 Jan 21:08:57 - SEND: PONG tepper.freenode.net
30 Jan 21:11:07 - SEND: PONG tepper.freenode.net
30 Jan 21:13:17 - SEND: PONG tepper.freenode.net
30 Jan 21:15:27 - SEND: PONG tepper.freenode.net
30 Jan 21:17:37 - SEND: PONG tepper.freenode.net
30 Jan 21:19:47 - SEND: PONG tepper.freenode.net
30 Jan 21:21:57 - SEND: PONG tepper.freenode.net
30 Jan 21:24:07 - SEND: PONG tepper.freenode.net
30 Jan 21:26:17 - SEND: PONG tepper.freenode.net
30 Jan 21:28:27 - SEND: PONG tepper.freenode.net
30 Jan 21:30:37 - SEND: PONG tepper.freenode.net
30 Jan 21:32:47 - SEND: PONG tepper.freenode.net
30 Jan 21:34:57 - SEND: PONG tepper.freenode.net
30 Jan 21:37:07 - SEND: PONG tepper.freenode.net
30 Jan 21:39:17 - SEND: PONG tepper.freenode.net
30 Jan 21:41:27 - SEND: PONG tepper.freenode.net
30 Jan 21:43:37 - SEND: PONG tepper.freenode.net
30 Jan 21:45:47 - SEND: PONG tepper.freenode.net
30 Jan 21:47:57 - SEND: PONG tepper.freenode.net
30 Jan 21:50:07 - SEND: PONG tepper.freenode.net
30 Jan 21:52:17 - SEND: PONG tepper.freenode.net
30 Jan 21:54:27 - SEND: PONG tepper.freenode.net
30 Jan 21:56:37 - SEND: PONG tepper.freenode.net
30 Jan 21:58:47 - SEND: PONG tepper.freenode.net
30 Jan 22:00:57 - SEND: PONG tepper.freenode.net
30 Jan 22:03:07 - SEND: PONG tepper.freenode.net
30 Jan 22:05:16 - SEND: PONG tepper.freenode.net
30 Jan 22:07:27 - SEND: PONG tepper.freenode.net
30 Jan 22:09:37 - SEND: PONG tepper.freenode.net
30 Jan 22:11:46 - SEND: PONG tepper.freenode.net
30 Jan 22:13:57 - SEND: PONG tepper.freenode.net
30 Jan 22:16:07 - SEND: PONG tepper.freenode.net
30 Jan 22:18:16 - SEND: PONG tepper.freenode.net
30 Jan 22:20:27 - SEND: PONG tepper.freenode.net
30 Jan 22:22:37 - SEND: PONG tepper.freenode.net
30 Jan 22:24:46 - SEND: PONG tepper.freenode.net
30 Jan 22:26:57 - SEND: PONG tepper.freenode.net
30 Jan 22:29:07 - SEND: PONG tepper.freenode.net
30 Jan 22:31:16 - SEND: PONG tepper.freenode.net
30 Jan 22:33:27 - SEND: PONG tepper.freenode.net
30 Jan 22:35:37 - SEND: PONG tepper.freenode.net
30 Jan 22:37:46 - SEND: PONG tepper.freenode.net
30 Jan 22:39:57 - SEND: PONG tepper.freenode.net
30 Jan 22:42:07 - SEND: PONG tepper.freenode.net
30 Jan 22:44:16 - SEND: PONG tepper.freenode.net
30 Jan 22:46:27 - SEND: PONG tepper.freenode.net
30 Jan 22:48:37 - SEND: PONG tepper.freenode.net
30 Jan 22:50:46 - SEND: PONG tepper.freenode.net
30 Jan 22:52:57 - SEND: PONG tepper.freenode.net
30 Jan 22:55:07 - SEND: PONG tepper.freenode.net
30 Jan 22:57:16 - SEND: PONG tepper.freenode.net
30 Jan 22:59:27 - SEND: PONG tepper.freenode.net
30 Jan 23:01:37 - SEND: PONG tepper.freenode.net
30 Jan 23:03:46 - SEND: PONG tepper.freenode.net
30 Jan 23:05:57 - SEND: PONG tepper.freenode.net
30 Jan 23:08:07 - SEND: PONG tepper.freenode.net
30 Jan 23:10:16 - SEND: PONG tepper.freenode.net
30 Jan 23:12:27 - SEND: PONG tepper.freenode.net
30 Jan 23:14:37 - SEND: PONG tepper.freenode.net
30 Jan 23:16:46 - SEND: PONG tepper.freenode.net
30 Jan 23:18:57 - SEND: PONG tepper.freenode.net
30 Jan 23:21:07 - SEND: PONG tepper.freenode.net
30 Jan 23:23:16 - SEND: PONG tepper.freenode.net
30 Jan 23:25:27 - SEND: PONG tepper.freenode.net
30 Jan 23:27:37 - SEND: PONG tepper.freenode.net
30 Jan 23:29:46 - SEND: PONG tepper.freenode.net
30 Jan 23:31:57 - SEND: PONG tepper.freenode.net
30 Jan 23:34:07 - SEND: PONG tepper.freenode.net
30 Jan 23:36:16 - SEND: PONG tepper.freenode.net
30 Jan 23:38:27 - SEND: PONG tepper.freenode.net
30 Jan 23:40:37 - SEND: PONG tepper.freenode.net
30 Jan 23:42:46 - SEND: PONG tepper.freenode.net
30 Jan 23:44:57 - SEND: PONG tepper.freenode.net
30 Jan 23:47:07 - SEND: PONG tepper.freenode.net
30 Jan 23:49:16 - SEND: PONG tepper.freenode.net
30 Jan 23:51:27 - SEND: PONG tepper.freenode.net
30 Jan 23:53:37 - SEND: PONG tepper.freenode.net
30 Jan 23:55:46 - SEND: PONG tepper.freenode.net
30 Jan 23:57:57 - SEND: PONG tepper.freenode.net
