[Thu Feb 08 2018 00:00:01 GMT+0000 (UTC)] INFO Connecting...
8 Feb 00:00:02 - Sending irc NICK/USER
8 Feb 00:00:02 - SEND: CAP REQ sasl
8 Feb 00:00:02 - SEND: NICK beagleslackbot
8 Feb 00:00:03 - SEND: USER beagleslackbot 8 * :BeagleBoard.org Slack Bot
8 Feb 00:00:11 - SEND: NICK beagleslackbot1
8 Feb 00:00:12 - [01;31mUnhandled message: { prefix: 'hitchcock.freenode.net',
  server: 'hitchcock.freenode.net',
  command: '900',
  rawCommand: '900',
  commandType: 'normal',
  args: 
   [ 'beagleslackbot1',
     'beagleslackbot1!beagleslac@ec2-52-26-75-20.us-west-2.compute.amazonaws.com',
     'beagleslackbot',
     'You are now logged in as beagleslackbot.' ] }[0m
8 Feb 00:00:12 - SEND: CAP END
8 Feb 00:00:12 - [01;31mUnhandled message: { prefix: 'hitchcock.freenode.net',
  server: 'hitchcock.freenode.net',
  command: 'rpl_luserunknown',
  rawCommand: '253',
  commandType: 'reply',
  args: [ 'beagleslackbot1', '145', 'unknown connection(s)' ] }[0m
8 Feb 00:00:12 - MODE: beagleslackbot1 sets mode: +i
8 Feb 00:00:12 - SEND: PRIVMSG NickServ :IDENTIFY Gab$b4123z
8 Feb 00:00:13 - SEND: NICK beagleslackbot
8 Feb 00:00:13 - SEND: JOIN #beagle
8 Feb 00:00:14 - SEND: JOIN #beagle-gsoc
8 Feb 00:00:14 - SEND: JOIN #beagle-mentors
8 Feb 00:00:15 - SEND: JOIN #beagle-support
8 Feb 00:00:15 - SEND: JOIN #beagle-bonescript
8 Feb 00:00:16 - SEND: JOIN #beagle-pro
8 Feb 00:00:18 - NICK: beagleslackbot1 changes nick to beagleslackbot
8 Feb 00:00:18 - GOT NOTICE from "NickServ": "beagleslackbot1 is not a registered nickname."
8 Feb 00:00:18 - [01;31mUnhandled message: { prefix: 'services.',
  server: 'services.',
  command: '328',
  rawCommand: '328',
  commandType: 'normal',
  args: [ 'beagleslackbot', '#beagle', 'http://beagleboard.org' ] }[0m
8 Feb 00:00:18 - SEND: MODE #beagle
8 Feb 00:00:19 - SEND: MODE #beagle-gsoc
8 Feb 00:00:19 - SEND: MODE #beagle-mentors
8 Feb 00:00:20 - SEND: MODE #beagle-support
8 Feb 00:00:20 - SEND: MODE #beagle-bonescript
8 Feb 00:00:21 - SEND: MODE #beagle-pro
8 Feb 00:02:45 - SEND: PONG hitchcock.freenode.net
8 Feb 00:05:00 - SEND: PONG hitchcock.freenode.net
8 Feb 00:05:10 - QUIT: MathOnNapkins!~chatzilla@2603:300f:1f01:9100:d48a:611d:1cbf:49a7 Ping timeout: 252 seconds
8 Feb 00:07:16 - SEND: PONG hitchcock.freenode.net
8 Feb 00:09:32 - SEND: PONG hitchcock.freenode.net
8 Feb 00:11:48 - SEND: PONG hitchcock.freenode.net
8 Feb 00:14:04 - SEND: PONG hitchcock.freenode.net
8 Feb 00:16:20 - SEND: PONG hitchcock.freenode.net
8 Feb 00:18:36 - SEND: PONG hitchcock.freenode.net
8 Feb 00:20:52 - SEND: PONG hitchcock.freenode.net
8 Feb 00:23:08 - SEND: PONG hitchcock.freenode.net
8 Feb 00:24:58 - QUIT: majuk!~majuk@75-163-155-5.clsp.qwest.net Remote host closed the connection
8 Feb 00:25:24 - SEND: PONG hitchcock.freenode.net
8 Feb 00:27:40 - SEND: PONG hitchcock.freenode.net
8 Feb 00:29:56 - SEND: PONG hitchcock.freenode.net
8 Feb 00:32:12 - SEND: PONG hitchcock.freenode.net
8 Feb 00:34:28 - SEND: PONG hitchcock.freenode.net
8 Feb 00:36:44 - SEND: PONG hitchcock.freenode.net
8 Feb 00:39:00 - SEND: PONG hitchcock.freenode.net
8 Feb 00:40:02 - QUIT: gak!d055c113@gateway/web/freenode/ip.208.85.193.19 Quit: Page closed
8 Feb 00:41:16 - SEND: PONG hitchcock.freenode.net
8 Feb 00:43:32 - SEND: PONG hitchcock.freenode.net
8 Feb 00:45:48 - SEND: PONG hitchcock.freenode.net
8 Feb 00:48:04 - SEND: PONG hitchcock.freenode.net
8 Feb 00:50:20 - SEND: PONG hitchcock.freenode.net
8 Feb 00:52:36 - SEND: PONG hitchcock.freenode.net
8 Feb 00:54:52 - SEND: PONG hitchcock.freenode.net
8 Feb 00:57:08 - SEND: PONG hitchcock.freenode.net
8 Feb 00:59:24 - SEND: PONG hitchcock.freenode.net
8 Feb 01:01:41 - SEND: PONG hitchcock.freenode.net
8 Feb 01:03:56 - SEND: PONG hitchcock.freenode.net
8 Feb 01:06:12 - SEND: PONG hitchcock.freenode.net
8 Feb 01:08:28 - SEND: PONG hitchcock.freenode.net
8 Feb 01:10:44 - SEND: PONG hitchcock.freenode.net
8 Feb 01:13:00 - SEND: PONG hitchcock.freenode.net
8 Feb 01:15:16 - SEND: PONG hitchcock.freenode.net
8 Feb 01:16:09 - QUIT: rthille-ciena!~rthille@67.59.199.241 Quit: Leaving.
8 Feb 01:17:13 - QUIT: rZr!~RzR@82.236.136.171 Ping timeout: 255 seconds
8 Feb 01:17:32 - SEND: PONG hitchcock.freenode.net
8 Feb 01:19:48 - SEND: PONG hitchcock.freenode.net
8 Feb 01:22:04 - SEND: PONG hitchcock.freenode.net
8 Feb 01:22:09 - QUIT: RzR!~RzR@82.236.136.171 Excess Flood
8 Feb 01:24:20 - SEND: PONG hitchcock.freenode.net
8 Feb 01:26:36 - SEND: PONG hitchcock.freenode.net
8 Feb 01:28:52 - SEND: PONG hitchcock.freenode.net
8 Feb 01:31:08 - SEND: PONG hitchcock.freenode.net
8 Feb 01:33:24 - SEND: PONG hitchcock.freenode.net
8 Feb 01:35:31 - NICK: trev changes nick to Guest8276
8 Feb 01:35:40 - SEND: PONG hitchcock.freenode.net
8 Feb 01:37:56 - SEND: PONG hitchcock.freenode.net
8 Feb 01:40:12 - SEND: PONG hitchcock.freenode.net
8 Feb 01:42:28 - SEND: PONG hitchcock.freenode.net
8 Feb 01:43:52 - QUIT: Guest8276!3aafc018@gateway/web/freenode/ip.58.175.192.24 Quit: Page closed
8 Feb 01:44:41 - NICK: trev changes nick to Guest3950
8 Feb 01:44:44 - SEND: PONG hitchcock.freenode.net
8 Feb 01:47:00 - SEND: PONG hitchcock.freenode.net
8 Feb 01:49:16 - SEND: PONG hitchcock.freenode.net
8 Feb 01:51:32 - SEND: PONG hitchcock.freenode.net
8 Feb 01:53:48 - SEND: PONG hitchcock.freenode.net
8 Feb 01:56:04 - SEND: PONG hitchcock.freenode.net
8 Feb 01:58:20 - SEND: PONG hitchcock.freenode.net
8 Feb 02:00:36 - SEND: PONG hitchcock.freenode.net
8 Feb 02:02:52 - SEND: PONG hitchcock.freenode.net
8 Feb 02:05:08 - SEND: PONG hitchcock.freenode.net
8 Feb 02:07:24 - SEND: PONG hitchcock.freenode.net
8 Feb 02:09:40 - SEND: PONG hitchcock.freenode.net
8 Feb 02:11:56 - SEND: PONG hitchcock.freenode.net
8 Feb 02:14:12 - SEND: PONG hitchcock.freenode.net
8 Feb 02:16:28 - SEND: PONG hitchcock.freenode.net
8 Feb 02:18:44 - SEND: PONG hitchcock.freenode.net
8 Feb 02:20:11 - QUIT: vagrantc!~vagrant@unaffiliated/vagrantc Quit: leaving
8 Feb 02:21:00 - SEND: PONG hitchcock.freenode.net
8 Feb 02:23:16 - SEND: PONG hitchcock.freenode.net
8 Feb 02:25:32 - SEND: PONG hitchcock.freenode.net
8 Feb 02:27:48 - SEND: PONG hitchcock.freenode.net
8 Feb 02:29:38 - QUIT: knttl!~knttl@dyndsl-085-016-044-087.ewe-ip-backbone.de Ping timeout: 240 seconds
8 Feb 02:30:04 - SEND: PONG hitchcock.freenode.net
8 Feb 02:31:58 - QUIT: majuk!~majuk@75-163-155-5.clsp.qwest.net Ping timeout: 256 seconds
8 Feb 02:32:20 - SEND: PONG hitchcock.freenode.net
8 Feb 02:34:36 - SEND: PONG hitchcock.freenode.net
8 Feb 02:36:34 - QUIT: Humpelstilzchen!erik@p4FD033AD.dip0.t-ipconnect.de Ping timeout: 255 seconds
8 Feb 02:36:52 - SEND: PONG hitchcock.freenode.net
8 Feb 02:39:08 - SEND: PONG hitchcock.freenode.net
8 Feb 02:40:46 - QUIT: el_wood_le!~el_wood_t@cpe-70-113-17-2.austin.res.rr.com Ping timeout: 240 seconds
8 Feb 02:41:24 - SEND: PONG hitchcock.freenode.net
8 Feb 02:43:40 - SEND: PONG hitchcock.freenode.net
8 Feb 02:45:56 - SEND: PONG hitchcock.freenode.net
8 Feb 02:48:12 - SEND: PONG hitchcock.freenode.net
8 Feb 02:50:28 - SEND: PONG hitchcock.freenode.net
8 Feb 02:52:44 - SEND: PONG hitchcock.freenode.net
8 Feb 02:55:00 - SEND: PONG hitchcock.freenode.net
8 Feb 02:57:16 - SEND: PONG hitchcock.freenode.net
8 Feb 02:59:32 - SEND: PONG hitchcock.freenode.net
8 Feb 03:01:48 - SEND: PONG hitchcock.freenode.net
8 Feb 03:04:04 - SEND: PONG hitchcock.freenode.net
8 Feb 03:06:20 - SEND: PONG hitchcock.freenode.net
8 Feb 03:07:00 - QUIT: m_w!~Michael@173-22-246-196.client.mchsi.com Quit: Leaving
8 Feb 03:08:36 - SEND: PONG hitchcock.freenode.net
8 Feb 03:10:52 - SEND: PONG hitchcock.freenode.net
8 Feb 03:13:08 - SEND: PONG hitchcock.freenode.net
8 Feb 03:15:24 - SEND: PONG hitchcock.freenode.net
8 Feb 03:17:40 - SEND: PONG hitchcock.freenode.net
8 Feb 03:19:56 - SEND: PONG hitchcock.freenode.net
8 Feb 03:22:12 - SEND: PONG hitchcock.freenode.net
8 Feb 03:24:28 - SEND: PONG hitchcock.freenode.net
8 Feb 03:26:44 - SEND: PONG hitchcock.freenode.net
8 Feb 03:29:00 - SEND: PONG hitchcock.freenode.net
8 Feb 03:31:16 - SEND: PONG hitchcock.freenode.net
8 Feb 03:33:32 - SEND: PONG hitchcock.freenode.net
8 Feb 03:35:22 - QUIT: Dunedan_!~dunedan@unaffiliated/dunedan Ping timeout: 265 seconds
8 Feb 03:35:48 - SE