[Wed Feb 07 2018 00:00:01 GMT+0000 (UTC)] INFO Connecting...
7 Feb 00:00:01 - Sending irc NICK/USER
7 Feb 00:00:01 - SEND: CAP REQ sasl
7 Feb 00:00:02 - SEND: NICK beagleslackbot
7 Feb 00:00:02 - SEND: USER beagleslackbot 8 * :BeagleBoard.org Slack Bot
7 Feb 00:00:12 - SEND: NICK beagleslackbot1
7 Feb 00:00:13 - [01;31mUnhandled message: { prefix: 'hitchcock.freenode.net',
  server: 'hitchcock.freenode.net',
  command: '900',
  rawCommand: '900',
  commandType: 'normal',
  args: 
   [ 'beagleslackbot1',
     'beagleslackbot1!beagleslac@ec2-52-26-75-20.us-west-2.compute.amazonaws.com',
     'beagleslackbot',
     'You are now logged in as beagleslackbot.' ] }[0m
7 Feb 00:00:13 - SEND: CAP END
7 Feb 00:00:14 - [01;31mUnhandled message: { prefix: 'hitchcock.freenode.net',
  server: 'hitchcock.freenode.net',
  command: 'rpl_luserunknown',
  rawCommand: '253',
  commandType: 'reply',
  args: [ 'beagleslackbot1', '137', 'unknown connection(s)' ] }[0m
7 Feb 00:00:14 - MODE: beagleslackbot1 sets mode: +i
7 Feb 00:00:14 - SEND: PRIVMSG NickServ :IDENTIFY Gab$b4123z
7 Feb 00:00:15 - SEND: NICK beagleslackbot
7 Feb 00:00:15 - SEND: JOIN #beagle
7 Feb 00:00:16 - SEND: JOIN #beagle-gsoc
7 Feb 00:00:16 - SEND: JOIN #beagle-mentors
7 Feb 00:00:17 - SEND: JOIN #beagle-support
7 Feb 00:00:17 - SEND: JOIN #beagle-bonescript
7 Feb 00:00:18 - SEND: JOIN #beagle-pro
7 Feb 00:00:20 - NICK: beagleslackbot1 changes nick to beagleslackbot
7 Feb 00:00:20 - GOT NOTICE from "NickServ": "beagleslackbot1 is not a registered nickname."
7 Feb 00:00:20 - [01;31mUnhandled message: { prefix: 'services.',
  server: 'services.',
  command: '328',
  rawCommand: '328',
  commandType: 'normal',
  args: [ 'beagleslackbot', '#beagle', 'http://beagleboard.org' ] }[0m
7 Feb 00:00:20 - SEND: MODE #beagle
7 Feb 00:00:21 - SEND: MODE #beagle-gsoc
7 Feb 00:00:21 - SEND: MODE #beagle-mentors
7 Feb 00:00:22 - SEND: MODE #beagle-support
7 Feb 00:00:22 - SEND: MODE #beagle-bonescript
7 Feb 00:00:23 - SEND: MODE #beagle-pro
7 Feb 00:02:52 - SEND: PONG hitchcock.freenode.net
7 Feb 00:05:08 - SEND: PONG hitchcock.freenode.net
7 Feb 00:05:40 - QUIT: kwork!~quassel@bnc.ee Ping timeout: 240 seconds
7 Feb 00:07:24 - SEND: PONG hitchcock.freenode.net
7 Feb 00:09:40 - SEND: PONG hitchcock.freenode.net
7 Feb 00:09:56 - QUIT: sarnold[m]!sarnoldmat@gateway/shell/matrix.org/x-noxnuujafbifphjh Ping timeout: 255 seconds
7 Feb 00:09:58 - QUIT: aynah[m]!aynahmatri@gateway/shell/matrix.org/x-zhkzdexzfkybpcen Ping timeout: 255 seconds
7 Feb 00:10:08 - QUIT: ericxdu[m]!ericxdumat@gateway/shell/matrix.org/x-jsridxsmiodbxhty Ping timeout: 265 seconds
7 Feb 00:10:09 - QUIT: jkridner[m]!jkridnerma@gateway/shell/matrix.org/x-qiqhystiajkzxugq Ping timeout: 248 seconds
7 Feb 00:10:18 - QUIT: zeekhuge!zeekhugema@gateway/shell/matrix.org/x-ctghuctndbtewgxp Ping timeout: 276 seconds
7 Feb 00:10:23 - QUIT: thetransformerr[!thetransfo@gateway/shell/matrix.org/x-yqirvilkkgwsyqid Ping timeout: 255 seconds
7 Feb 00:10:37 - QUIT: ravikp7!ravikp7mat@gateway/shell/matrix.org/x-odfzuygnoqlmkdbj Ping timeout: 265 seconds
7 Feb 00:10:39 - QUIT: berton!fabioberto@gateway/shell/matrix.org/x-jrjijdinmcmgwqyf Ping timeout: 255 seconds
7 Feb 00:11:56 - SEND: PONG hitchcock.freenode.net
7 Feb 00:12:44 - QUIT: florian!~florian_k@Maemo/community/contributor/florian Ping timeout: 248 seconds
7 Feb 00:13:32 - QUIT: prabhakarlad!~prabhakar@194.75.40.178 Ping timeout: 260 seconds
7 Feb 00:14:12 - SEND: PONG hitchcock.freenode.net
7 Feb 00:16:28 - SEND: PONG hitchcock.freenode.net
7 Feb 00:18:44 - SEND: PONG hitchcock.freenode.net
7 Feb 00:21:00 - SEND: PONG hitchcock.freenode.net
7 Feb 00:21:37 - QUIT: jbdatko!~jbdatko@fsf/member/jbdatko Quit: ZNC - http://znc.in
7 Feb 00:23:16 - SEND: PONG hitchcock.freenode.net
7 Feb 00:25:08 - QUIT: jbdatko!~jbdatko@ip-65-183-76-97.rev.frii.com Changing host
7 Feb 00:25:32 - SEND: PONG hitchcock.freenode.net
7 Feb 00:27:48 - SEND: PONG hitchcock.freenode.net
7 Feb 00:30:04 - SEND: PONG hitchcock.freenode.net
7 Feb 00:32:20 - SEND: PONG hitchcock.freenode.net
7 Feb 00:34:36 - SEND: PONG hitchcock.freenode.net
7 Feb 00:36:52 - SEND: PONG hitchcock.freenode.net
7 Feb 00:36:59 - QUIT: Rotwang!4049e95a@gateway/web/freenode/ip.64.73.233.90 Quit: Page closed
7 Feb 00:39:08 - SEND: PONG hitchcock.freenode.net
7 Feb 00:41:24 - SEND: PONG hitchcock.freenode.net
7 Feb 00:43:20 - QUIT: rthille-ciena!~rthille@67.59.199.241 Quit: Leaving.
7 Feb 00:43:40 - SEND: PONG hitchcock.freenode.net
7 Feb 00:45:56 - SEND: PONG hitchcock.freenode.net
7 Feb 00:48:12 - SEND: PONG hitchcock.freenode.net
7 Feb 00:50:28 - SEND: PONG hitchcock.freenode.net
7 Feb 00:52:44 - SEND: PONG hitchcock.freenode.net
7 Feb 00:55:00 - SEND: PONG hitchcock.freenode.net
7 Feb 00:57:16 - SEND: PONG hitchcock.freenode.net
7 Feb 00:59:31 - SEND: PONG hitchcock.freenode.net
7 Feb 01:01:48 - SEND: PONG hitchcock.freenode.net
7 Feb 01:04:04 - SEND: PONG hitchcock.freenode.net
7 Feb 01:06:20 - SEND: PONG hitchcock.freenode.net
7 Feb 01:08:36 - SEND: PONG hitchcock.freenode.net
7 Feb 01:10:19 - QUIT: vagrantc!~vagrant@unaffiliated/vagrantc Quit: leaving
7 Feb 01:10:52 - SEND: PONG hitchcock.freenode.net
7 Feb 01:11:40 - QUIT: majuk!~majuk@75-163-155-5.clsp.qwest.net Remote host closed the connection
7 Feb 01:13:08 - SEND: PONG hitchcock.freenode.net
7 Feb 01:15:24 - SEND: PONG hitchcock.freenode.net
7 Feb 01:16:47 - QUIT: majuk!~majuk@75-163-155-5.clsp.qwest.net Ping timeout: 252 seconds
7 Feb 01:17:40 - SEND: PONG hitchcock.freenode.net
7 Feb 01:19:56 - SEND: PONG hitchcock.freenode.net
7 Feb 01:22:12 - SEND: PONG hitchcock.freenode.net
7 Feb 01:24:28 - SEND: PONG hitchcock.freenode.net
7 Feb 01:26:44 - SEND: PONG hitchcock.freenode.net
7 Feb 01:29:00 - SEND: PONG hitchcock.freenode.net
7 Feb 01:31:16 - SEND: PONG hitchcock.freenode.net
7 Feb 01:33:32 - SEND: PONG hitchcock.freenode.net
7 Feb 01:35:48 - SEND: PONG hitchcock.freenode.net
7 Feb 01:38:04 - SEND: PONG hitchcock.freenode.net
7 Feb 01:40:20 - SEND: PONG hitchcock.freenode.net
7 Feb 01:42:36 - SEND: PONG hitchcock.freenode.net
7 Feb 01:44:52 - SEND: PONG hitchcock.freenode.net
7 Feb 01:47:08 - SEND: PONG hitchcock.freenode.net
7 Feb 01:49:24 - SEND: PONG hitchcock.freenode.net
7 Feb 01:51:39 - SEND: PONG hitchcock.freenode.net
7 Feb 01:53:56 - SEND: PONG hitchcock.freenode.net
7 Feb 01:56:12 - SEND: PONG hitchcock.freenode.net
7 Feb 01:58:27 - SEND: PONG hitchcock.freenode.net
7 Feb 02:00:44 - SEND: PONG hitchcock.freenode.net
7 Feb 02:03:00 - SEND: PONG hitchcock.freenode.net
7 Feb 02:05:15 - SEND: PONG hitchcock.freenode.net
7 Feb 02:07:32 - SEND: PONG hitchcock.freenode.net
7 Feb 02:09:48 - SEND: PONG hitchcock.freenode.net
7 Feb 02:12:03 - SEND: PONG hitchcock.freenode.net
7 Feb 02:14:20 - SEND: PONG hitchcock.freenode.net
7 Feb 02:16:36 - SEND: PONG hitchcock.freenode.net
7 Feb 02:18:47 - QUIT: zarzar1!~zarzar@vpn.noregon.com Read error: Connection reset by peer
7 Feb 02:18:51 - SEND: PONG hitchcock.freenode.net
7 Feb 02:20:07 - QUIT: thinkfat!~maw@p4FF0DE9E.dip0.t-ipconnect.de Ping timeout: 260 seconds
7 Feb 02:21:08 - SEND: PONG hitchcock.freenode.net
7 Feb 02:23:24 - SEND: PONG hitchcock.freenode.net
7 Feb 02:25:40 - SEND: PONG hitchcock.freenode.net
7 Feb 02:27:56 - SEND: PONG hitchcock.freenode.net
7 Feb 02:30:12 - SEND: PONG hitchcock.freenode.net
7 Feb 02:31:04 - QUIT: knttl!~knttl@dyndsl-091-096-141-047.ewe-ip-backbone.de Ping timeout: 260 seconds
7 Feb 02:32:28 - SEND: PONG hitchcock.freenode.net
7 Feb 02:34:44 - SEND: PONG hitchcock.freenode.net
7 Feb 02:37:00 - SEND: PONG hitchcock.freenode.net
7 Feb 02:37:18 - QUIT: Humpelstilzchen!erik@p4FD03633.dip0.t-ipconnect.de Ping timeout: 256 seconds
7 Feb 02:39:16 - SEND: PONG hitchcock.freenode.net
7 Feb 02:41:32 - SEND: PONG hitchcock.freenode.net
7 Feb 02:42:47 - QUIT: tchan!~tchan@lunar-linux/developer/tchan Quit: WeeChat 1.6
7 Feb 02:43:47 - SEND: PONG hitchcock.freenode.net
7 Feb 02:46:04 - SEND: PONG hitchcock.freenode.net
7 Feb 02:48:20 - SEND: PONG hitchcock.freenode.net
7 Feb 02:50:35 - SEND: PONG hitchcock.freenode.net
7 Feb 02:51:24 - QUIT: ravikp7!ravikp7mat@gateway/shell/matrix.org/x-ntyjudejvcaptadx Ping timeout: 240 seconds
7 Feb 02:51:28 - QUIT: sarnold[m]!sarnoldmat@gateway/shell/matrix.org/x-ouiwztzjntqtkrfd Ping timeout: 255 seconds
7 Feb 02:51:31 - QUIT: jkridner[m]!jkridnerma@gateway/shell/matrix.org/x-mafncbmslkhfkkqt Ping timeout: 256 seconds
7 Feb 02:51:31 - QUIT: ericxdu[m]!ericxdumat@gateway/shell/matrix.org/x-atjskmujjsyuxmdz Ping timeout: 256 seconds
7 Feb 02:51:32 - QUIT: berton!fabioberto@gateway/shell/matrix.org/x-hsosbltmighuriyl Ping timeout: 240 seconds
7 Feb 02:51:45 - QUIT: thetransformerr[!thetransfo@gateway/shell/matrix.org/x-ffkjtmynvxkdbkoq Ping timeout: 255 seconds
7 Feb 02:51:46 - QUIT: aynah[m]!aynahmatri@gateway/shell/matrix.org/x-crxfsmftuucafmfa Ping timeout: 252 seconds
7 Feb 02:51:47 - QUIT: zeekhuge!zeekhugema@gateway/shell/matrix.org/x-sanhsriskzuuqdzt Ping timeout: 248 seconds
7 Feb 02:52:52 - SEND: PONG hitchcock.freenode.net
7 Feb 02:55:07 - QUIT: Humpelstilzchen!erik@p4FD033AD.dip0.t-ipconnect.de Ping timeout: 260 seconds
7 Feb 02:55:08 - SEND: PONG hitchcock.freenode.net
7 Feb 02:57:23 - SEND: PONG hitchcock.freenode.net
7 Feb 02:59:40 - SEND: PONG hitchcock.freenode.net
7 Feb 03:01:56 - SEND: PONG hitchcock.freenode.net
7 Feb 03:03:15 - QUIT: Shadyman!~matthew@unaffiliated/shadyman Quit: Leaving.
7 Feb 03:04:11 - SEND: PONG hitchcock.freenode.net
7 Feb 03:06:28 - SEND: PONG hitchcock.freenode.net
7 Feb 03:07:57 - QUIT: m_w_!~michael@173-22-246-196.client.mchsi.com Client Quit
7 Feb 03:08:44 - SEND: PONG hitchcock.freenode.net
7 Feb 03:08:49 - QUIT: m_w!~Michael@173-22-246-196.client.mchsi.com Quit: Leaving
7 Feb 03:10:59 - SEND: PONG hitchcock.freenode.net
7 Feb 03:13:16 - SEND: PONG hitchcock.freenode.net
7 Feb 03:15:32 - SEND: PONG hitchcock.freenode.net
7 Feb 03:17:47 - SEND: PONG hitchcock.freenode.net
7 Feb 03:18:17 - QUIT: majuk!~majuk@75-163-155-5.clsp.qwest.net Ping timeout: 255 seconds
7 Feb 03:20:04 - SEND: PONG hitchcock.freenode.net
7 Feb 03:21:10 - QUIT: Retr0id_!~Retr0id@unaffiliated/retr0id Ping timeout: 240 seconds
7 Feb 03:22:20 - SEND: PONG hitchcock.freenode.net
7 Feb 03:24:35 - SEND: PONG hitchcock.freenode.net
7 Feb 03:26:52 - SEND: PONG hitchcock.freenode.net
7 Feb 03:28:57 - QUIT: GenTooMan!~cyberman@2601:547:4380:2fe0:21f:d0ff:fe26:7344 Quit: Leaving
7 Feb 03:29:07 - SEND: PONG hitchcock.freenode.net
7 Feb 03:31:23 - SEND: PONG hitchcock.freenode.net
7 Feb 03:33:40 - SEND: PONG hitchcock.freenode.net
7 Feb 03:35:55 - SEND: PONG hitchcock.freenode.net
7 Feb 03:36:01 - QUIT: Dunedan!~dunedan@unaffiliated/dunedan Ping timeout: 265 seconds
7 Feb 03:38:12 - SEND: PONG hitchcock.freenode.net
7 Feb 03:40:28 - SEND: PONG hitchcock.freenode.net
7 Feb 03:42:43 - SEND: PONG hitchcock.freenode.net
7 Feb 03:45:00 - SEND: PONG hitchcock.freenode.net
7 Feb 03:47:16 - SEND: PONG hitchcock.freenode.net
7 Feb 03:48:36 - QUIT: tonokip!~quassel@24-159-82-190.static.jcsn.tn.charter.com Ping timeout: 276 seconds
7 Feb 03:49:31 - SEND: PONG hitchcock.freenode.net
7 Feb 03:51:48 - SEND: PONG hitchcock.freenode.net
7 Feb 03:54:04 - SEND: PONG hitchcock.freenode.net
7 Feb 03:56:19 - SEND: PONG hitchcock.freenode.net
7 Feb 03:58:36 - SEND: PONG hitchcock.freenode.net
7 Feb 04:00:52 - SEND: PONG hitchcock.freenode.net
7 Feb 04:03:07 - SEND: PONG hitchcock.freenode.net
7 Feb 04:05:24 - SEND: PONG hitchcock.freenode.net
7 Feb 04:07:40 - SEND: PONG hitchcock.freenode.net
7 Feb 04:07:45 - QUIT: tchan!~tchan@lunar-linux/developer/tchan Quit: WeeChat 2.0.1
7 Feb 04:08:02 - QUIT: tchan!~tchan@c-98-206-136-82.hsd1.il.comcast.net Changing host
7 Feb 04:09:55 - SEND: PONG hitchcock.freenode.net
7 Feb 04:12:12 - SEND: PONG hitchcock.freenode.net
7 Feb 04:14:28 - SEND: PONG hitchcock.freenode.net
7 Feb 04:14:41 - QUIT: tchan!~tchan@lunar-linux/developer/tchan Quit: WeeChat 2.0.1
7 Feb 04:16:43 - SEND: PONG hitchcock.freenode.net
7 Feb 04:19:00 - SEND: PONG hitchcock.freenode.net
7 Feb 04:19:41 - QUIT: tchan!~tchan@lunar-linux/developer/tchan Client Quit
7 Feb 04:21:16 - SEND: PONG hitchcock.freenode.net
7 Feb 04:23:31 - SEND: PONG hitchcock.freenode.net
7 Feb 04:25:33 - QUIT: tchan!~tchan@c-98-206-136-82.hsd1.il.comcast.net Changing host
7 Feb 04:25:48 - SEND: PONG hitchcock.freenode.net
7 Feb 04:28:03 - SEND: PONG hitchcock.freenode.net
7 Feb 04:30:19 - SEND: PONG hitchcock.freenode.net
7 Feb 04:32:36 - SEND: PONG hitchcock.freenode.net
7 Feb 04:34:51 - SEND: PONG hitchcock.freenode.net
7 Feb 04:37:07 - SEND: PONG hitchcock.freenode.net
7 Feb 04:39:24 - SEND: PONG hitchcock.freenode.net
7 Feb 04:41:39 - SEND: PONG hitchcock.freenode.net
7 Feb 04:43:55 - SEND: PONG hitchcock.freenode.net
7 Feb 04:46:12 - SEND: PONG hitchcock.freenode.net
7 Feb 04:48:27 - SEND: PONG hitchcock.freenode.net
7 Feb 04:50:43 - SEND: PONG hitchcock.freenode.net
7 Feb 04:52:53 - QUIT: Alkabal!~Alkabal2@static-89-94-66-214.axione.abo.bbox.fr Ping timeout: 240 seconds
7 Feb 04:53:00 - SEND: PONG hitchcock.freenode.net
7 Feb 04:55:15 - SEND: PONG hitchcock.freenode.net
7 Feb 04:57:31 - SEND: PONG hitchcock.freenode.net
7 Feb 04:59:48 - SEND: PONG hitchcock.freenode.net
7 Feb 05:02:03 - SEND: PONG hitchcock.freenode.net
7 Feb 05:04:20 - SEND: PONG hitchcock.freenode.net
7 Feb 05:06:36 - SEND: PONG hitchcock.freenode.net
7 Feb 05:08:51 - SEND: PONG hitchcock.freenode.net
7 Feb 05:11:08 - SEND: PONG hitchcock.freenode.net
7 Feb 05:13:24 - SEND: PONG hitchcock.freenode.net
7 Feb 05:15:39 - SEND: PONG hitchcock.freenode.net
7 Feb 05:17:56 - SEND: PONG hitchcock.freenode.net
7 Feb 05:20:12 - SEND: PONG hitchcock.freenode.net
7 Feb 05:22:27 - SEND: PONG hitchcock.freenode.net
7 Feb 05:24:44 - SEND: PONG hitchcock.freenode.net
7 Feb 05:26:59 - SEND: PONG hitchcock.freenode.net
7 Feb 05:28:29 - QUIT: xythobuz!~xythobuz@p200300C77BC3400035A7E22EEE4557D5.dip0.t-ipconnect.de Ping timeout: 260 seconds
7 Feb 05:29:15 - SEND: PONG hitchcock.freenode.net
7 Feb 05:31:32 - SEND: PONG hitchcock.freenode.net
7 Feb 05:33:47 - SEND: PONG hitchcock.freenode.net
7 Feb 05:36:03 - SEND: PONG hitchcock.freenode.net
7 Feb 05:38:20 - SEND: PONG hitchcock.freenode.net
7 Feb 05:40:35 - SEND: PONG hitchcock.freenode.net
7 Feb 05:42:51 - SEND: PONG hitchcock.freenode.net
7 Feb 05:45:08 - SEND: PONG hitchcock.freenode.net
7 Feb 05:47:23 - SEND: PONG hitchcock.freenode.net
7 Feb 05:49:39 - SEND: PONG hitchcock.freenode.net
7 Feb 05:51:56 - SEND: PONG hitchcock.freenode.net
7 Feb 05:54:11 - SEND: PONG hitchcock.freenode.net
7 Feb 05:56:27 - SEND: PONG hitchcock.freenode.net
7 Feb 05:58:44 - SEND: PONG hitchcock.freenode.net
7 Feb 06:00:59 - SEND: PONG hitchcock.freenode.net
7 Feb 06:03:15 - SEND: PONG hitchcock.freenode.net
7 Feb 06:05:32 - SEND: PONG hitchcock.freenode.net
7 Feb 06:07:47 - SEND: PONG hitchcock.freenode.net
7 Feb 06:10:03 - SEND: PONG hitchcock.freenode.net
7 Feb 06:10:40 - QUIT: pru_madness!0e8ba0e3@gateway/web/freenode/ip.14.139.160.227 Quit: Page closed
7 Feb 06:12:20 - SEND: PONG hitchcock.freenode.net
7 Feb 06:14:35 - SEND: PONG hitchcock.freenode.net
7 Feb 06:16:51 - SEND: PONG hitchcock.freenode.net
7 Feb 06:19:07 - SEND: PONG hitchcock.freenode.net
7 Feb 06:21:23 - SEND: PONG hitchcock.freenode.net
7 Feb 06:23:39 - SEND: PONG hitchcock.freenode.net
7 Feb 06:25:55 - SEND: PONG hitchcock.freenode.net
7 Feb 06:28:11 - SEND: PONG hitchcock.freenode.net
7 Feb 06:30:28 - SEND: PONG hitchcock.freenode.net
7 Feb 06:32:43 - SEND: PONG hitchcock.freenode.net
7 Feb 06:34:59 - SEND: PONG hitchcock.freenode.net
7 Feb 06:37:16 - SEND: PONG hitchcock.freenode.net
7 Feb 06:39:31 - SEND: PONG hitchcock.freenode.net
7 Feb 06:41:47 - SEND: PONG hitchcock.freenode.net
7 Feb 06:44:04 - SEND: PONG hitchcock.freenode.net
7 Feb 06:46:19 - SEND: PONG hitchcock.freenode.net
7 Feb 06:47:55 - QUIT: gregarious!~muneeb@2405:205:150a:8439:30b4:b580:b1b8:c5fc Quit: Ex-Chat
7 Feb 06:48:35 - SEND: PONG hitchcock.freenode.net
7 Feb 06:50:52 - SEND: PONG hitchcock.freenode.net
7 Feb 06:53:07 - SEND: PONG hitchcock.freenode.net
7 Feb 06:54:21 - QUIT: thinkfat!~maw@p4FF0DFA8.dip0.t-ipconnect.de Quit: Konversation terminated!
7 Feb 06:55:23 - SEND: PONG hitchcock.freenode.net
7 Feb 06:57:40 - SEND: PONG hitchcock.freenode.net
7 Feb 06:59:55 - SEND: PONG hitchcock.freenode.net
7 Feb 07:02:11 - SEND: PONG hitchcock.freenode.net
7 Feb 07:04:28 - SEND: PONG hitchcock.freenode.net
7 Feb 07:06:43 - SEND: PONG hitchcock.freenode.net
7 Feb 07:08:59 - SEND: PONG hitchcock.freenode.net
7 Feb 07:11:16 - SEND: PONG hitchcock.freenode.net
7 Feb 07:13:31 - SEND: PONG hitchcock.freenode.net
7 Feb 07:15:47 - SEND: PONG hitchcock.freenode.net
7 Feb 07:18:03 - SEND: PONG hitchcock.freenode.net
7 Feb 07:20:19 - SEND: PONG hitchcock.freenode.net
7 Feb 07:22:35 - SEND: PONG hitchcock.freenode.net
7 Feb 07:24:51 - SEND: PONG hitchcock.freenode.net
7 Feb 07:27:07 - SEND: PONG hitchcock.freenode.net
7 Feb 07:29:23 - SEND: PONG hitchcock.freenode.net
7 Feb 07:31:39 - SEND: PONG hitchcock.freenode.net
7 Feb 07:33:55 - SEND: PONG hitchcock.freenode.net
7 Feb 07:36:11 - SEND: PONG hitchcock.freenode.net
7 Feb 07:38:27 - SEND: PONG hitchcock.freenode.net
7 Feb 07:40:43 - SEND: PONG hitchcock.freenode.net
7 Feb 07:41:46 - QUIT: peroyvib!~peroyvib@111.151.9.46.customer.cdi.no Ping timeout: 252 seconds
7 Feb 07:42:59 - SEND: PONG hitchcock.freenode.net
7 Feb 07:45:15 - SEND: PONG hitchcock.freenode.net
7 Feb 07:47:31 - SEND: PONG hitchcock.freenode.net
7 Feb 07:48:24 - QUIT: thaytan!~thaytan@180-150-118-156.NBN.mel.aussiebb.net Ping timeout: 256 seconds
7 Feb 07:49:48 - SEND: PONG hitchcock.freenode.net
7 Feb 07:52:03 - SEND: PONG hitchcock.freenode.net
7 Feb 07:54:19 - SEND: PONG hitchcock.freenode.net
7 Feb 07:56:36 - SEND: PONG hitchcock.freenode.net
7 Feb 07:58:51 - SEND: PONG hitchcock.freenode.net
7 Feb 08:00:26 - QUIT: zarzar1!~zarzar@184.75.233.58 Read error: Connection reset by peer
7 Feb 08:01:07 - SEND: PONG hitchcock.freenode.net
7 Feb 08:03:24 - SEND: PONG hitchcock.freenode.net
7 Feb 08:05:39 - SEND: PONG hitchcock.freenode.net
7 Feb 08:07:48 - QUIT: m_w!~michael@173-22-246-196.client.mchsi.com Ping timeout: 255 seconds
7 Feb 08:07:55 - SEND: PONG hitchcock.freenode.net
7 Feb 08:10:12 - SEND: PONG hitchcock.freenode.net
7 Feb 08:12:27 - SEND: PONG hitchcock.freenode.net
7 Feb 08:14:43 - SEND: PONG hitchcock.freenode.net
7 Feb 08:16:59 - SEND: PONG hitchcock.freenode.net
7 Feb 08:19:15 - SEND: PONG hitchcock.freenode.net
7 Feb 08:19:54 - QUIT: NulL`!~bleh1@87.254.85.136 Ping timeout: 260 seconds
7 Feb 08:21:31 - SEND: PONG hitchcock.freenode.net
7 Feb 08:23:47 - SEND: PONG hitchcock.freenode.net
7 Feb 08:26:03 - SEND: PONG hitchcock.freenode.net
7 Feb 08:28:19 - SEND: PONG hitchcock.freenode.net
7 Feb 08:30:35 - SEND: PONG hitchcock.freenode.net
7 Feb 08:32:51 - SEND: PONG hitchcock.freenode.net
7 Feb 08:35:07 - SEND: PONG hitchcock.freenode.net
7 Feb 08:35:49 - QUIT: Sulphurik_!57f2caf2@gateway/web/freenode/ip.87.242.202.242 Client Quit
7 Feb 08:37:23 - SEND: PONG hitchcock.freenode.net
7 Feb 08:39:39 - SEND: PONG hitchcock.freenode.net
7 Feb 08:41:55 - SEND: PONG hitchcock.freenode.net
7 Feb 08:44:11 - SEND: PONG hitchcock.freenode.net
7 Feb 08:45:09 - QUIT: russ!foobar@47.151.244.159 Read error: Connection reset by peer
7 Feb 08:46:27 - SEND: PONG hitchcock.freenode.net
7 Feb 08:48:43 - SEND: PONG hitchcock.freenode.net
7 Feb 08:50:08 - QUIT: Sulphurik!57f2caf2@gateway/web/freenode/ip.87.242.202.242 Quit: Page closed
7 Feb 08:50:59 - SEND: PONG hitchcock.freenode.net
7 Feb 08:53:15 - SEND: PONG hitchcock.freenode.net
7 Feb 08:55:31 - SEND: PONG hitchcock.freenode.net
7 Feb 08:57:47 - SEND: PONG hitchcock.freenode.net
7 Feb 09:00:03 - SEND: PONG hitchcock.freenode.net
7 Feb 09:02:19 - SEND: PONG hitchcock.freenode.net
7 Feb 09:03:54 - QUIT: c10ud!~c10ud@emesene/dictator/c10ud Ping timeout: 256 seconds
7 Feb 09:04:35 - SEND: PONG hitchcock.freenode.net
7 Feb 09:06:51 - SEND: PONG hitchcock.freenode.net
7 Feb 09:08:33 - QUIT: muneeb17!~muneeb@2405:205:150a:8439:30b4:b580:b1b8:c5fc Ping timeout: 265 seconds
7 Feb 09:09:07 - SEND: PONG hitchcock.freenode.net
7 Feb 09:11:23 - SEND: PONG hitchcock.freenode.net
7 Feb 09:13:39 - SEND: PONG hitchcock.freenode.net
7 Feb 09:15:55 - SEND: PONG hitchcock.freenode.net
7 Feb 09:18:11 - SEND: PONG hitchcock.freenode.net
7 Feb 09:20:27 - SEND: PONG hitchcock.freenode.net
7 Feb 09:22:43 - SEND: PONG hitchcock.freenode.net
7 Feb 09:24:59 - SEND: PONG hitchcock.freenode.net
7 Feb 09:27:15 - SEND: PONG hitchcock.freenode.net
7 Feb 09:28:42 - QUIT: ferdna!~ferdna@68-73-71-246.lightspeed.elpstx.sbcglobal.net Quit: Leaving
7 Feb 09:29:31 - SEND: PONG hitchcock.freenode.net
7 Feb 09:31:47 - SEND: PONG hitchcock.freenode.net
7 Feb 09:34:03 - SEND: PONG hitchcock.freenode.net
7 Feb 09:36:19 - SEND: PONG hitchcock.freenode.net
7 Feb 09:38:35 - SEND: PONG hitchcock.freenode.net
7 Feb 09:40:51 - SEND: PONG hitchcock.freenode.net
7 Feb 09:43:07 - SEND: PONG hitchcock.freenode.net
7 Feb 09:45:23 - SEND: PONG hitchcock.freenode.net
7 Feb 09:46:35 - QUIT: johanhenselmans!~localadmi@pretsense.xs4all.nl Quit: johanhenselmans
7 Feb 09:47:39 - SEND: PONG hitchcock.freenode.net
7 Feb 09:49:55 - SEND: PONG hitchcock.freenode.net
7 Feb 09:50:56 - QUIT: Shadyman!~matthew@unaffiliated/shadyman Remote host closed the connection
7 Feb 09:52:11 - SEND: PONG hitchcock.freenode.net
7 Feb 09:54:27 - SEND: PONG hitchcock.freenode.net
7 Feb 09:55:52 - QUIT: W1N9Zr0!~w1n9zr0@2605:6400:20:895b:22:0:1c4:4d6a Ping timeout: 240 seconds
7 Feb 09:56:43 - SEND: PONG hitchcock.freenode.net
7 Feb 09:58:59 - SEND: PONG hitchcock.freenode.net
7 Feb 10:01:15 - SEND: PONG hitchcock.freenode.net
7 Feb 10:03:31 - SEND: PONG hitchcock.freenode.net
7 Feb 10:05:47 - SEND: PONG hitchcock.freenode.net
7 Feb 10:08:03 - SEND: PONG hitchcock.freenode.net
7 Feb 10:08:05 - QUIT: Ceriand|desktop!~Ceriand@unaffiliated/ceriand Quit: Leaving.
7 Feb 10:10:19 - SEND: PONG hitchcock.freenode.net
7 Feb 10:12:35 - SEND: PONG hitchcock.freenode.net
7 Feb 10:13:05 - QUIT: NishanthMenon!~nmenon@192.91.75.30 Changing host
7 Feb 10:14:51 - SEND: PONG hitchcock.freenode.net
7 Feb 10:17:07 - SEND: PONG hitchcock.freenode.net
7 Feb 10:19:23 - SEND: PONG hitchcock.freenode.net
7 Feb 10:21:39 - SEND: PONG hitchcock.freenode.net
7 Feb 10:23:55 - SEND: PONG hitchcock.freenode.net
7 Feb 10:26:11 - SEND: PONG hitchcock.freenode.net
7 Feb 10:28:27 - SEND: PONG hitchcock.freenode.net
7 Feb 10:30:43 - QUIT: c10ud^!~c10ud@emesene/dictator/c10ud Ping timeout: 256 seconds
7 Feb 10:30:43 - SEND: PONG hitchcock.freenode.net
7 Feb 10:32:59 - SEND: PONG hitchcock.freenode.net
7 Feb 10:35:15 - SEND: PONG hitchcock.freenode.net
7 Feb 10:36:03 - QUIT: LarreaMikel!~Thunderbi@158.227.0.241 Ping timeout: 264 seconds
7 Feb 10:37:31 - SEND: PONG hitchcock.freenode.net
7 Feb 10:39:47 - SEND: PONG hitchcock.freenode.net
7 Feb 10:42:03 - SEND: PONG hitchcock.freenode.net
7 Feb 10:44:19 - SEND: PONG hitchcock.freenode.net
7 Feb 10:46:35 - SEND: PONG hitchcock.freenode.net
7 Feb 10:48:51 - SEND: PONG hitchcock.freenode.net
7 Feb 10:51:07 - SEND: PONG hitchcock.freenode.net
7 Feb 10:53:23 - SEND: PONG hitchcock.freenode.net
7 Feb 10:55:39 - SEND: PONG hitchcock.freenode.net
7 Feb 10:57:55 - SEND: PONG hitchcock.freenode.net
7 Feb 11:00:11 - SEND: PONG hitchcock.freenode.net
7 Feb 11:02:27 - SEND: PONG hitchcock.freenode.net
7 Feb 11:04:43 - SEND: PONG hitchcock.freenode.net
7 Feb 11:06:59 - SEND: PONG hitchcock.freenode.net
7 Feb 11:09:15 - SEND: PONG hitchcock.freenode.net
7 Feb 11:11:31 - SEND: PONG hitchcock.freenode.net
7 Feb 11:13:47 - SEND: PONG hitchcock.freenode.net
7 Feb 11:16:03 - SEND: PONG hitchcock.freenode.net
7 Feb 11:18:19 - SEND: PONG hitchcock.freenode.net
7 Feb 11:20:35 - SEND: PONG hitchcock.freenode.net
7 Feb 11:22:51 - SEND: PONG hitchcock.freenode.net
7 Feb 11:25:07 - SEND: PONG hitchcock.freenode.net
7 Feb 11:27:23 - SEND: PONG hitchcock.freenode.net
7 Feb 11:29:39 - SEND: PONG hitchcock.freenode.net
7 Feb 11:31:55 - SEND: PONG hitchcock.freenode.net
7 Feb 11:34:11 - SEND: PONG hitchcock.freenode.net
7 Feb 11:36:27 - SEND: PONG hitchcock.freenode.net
7 Feb 11:38:43 - SEND: PONG hitchcock.freenode.net
7 Feb 11:40:59 - SEND: PONG hitchcock.freenode.net
7 Feb 11:43:15 - SEND: PONG hitchcock.freenode.net
7 Feb 11:45:31 - SEND: PONG hitchcock.freenode.net
7 Feb 11:47:47 - SEND: PONG hitchcock.freenode.net
7 Feb 11:50:03 - SEND: PONG hitchcock.freenode.net
7 Feb 11:52:19 - SEND: PONG hitchcock.freenode.net
7 Feb 11:54:35 - SEND: PONG hitchcock.freenode.net
7 Feb 11:56:51 - SEND: PONG hitchcock.freenode.net
7 Feb 11:59:07 - SEND: PONG hitchcock.freenode.net
7 Feb 12:01:23 - SEND: PONG hitchcock.freenode.net
7 Feb 12:03:39 - SEND: PONG hitchcock.freenode.net
7 Feb 12:05:55 - SEND: PONG hitchcock.freenode.net
7 Feb 12:08:11 - SEND: PONG hitchcock.freenode.net
7 Feb 12:10:27 - SEND: PONG hitchcock.freenode.net
7 Feb 12:12:43 - SEND: PONG hitchcock.freenode.net
7 Feb 12:14:59 - SEND: PONG hitchcock.freenode.net
7 Feb 12:17:15 - SEND: PONG hitchcock.freenode.net
7 Feb 12:18:06 - QUIT: c10ud^^!~c10ud@emesene/dictator/c10ud Remote host closed the connection
7 Feb 12:18:58 - QUIT: MathOnNapkins!~chatzilla@2603:300f:1f01:9100:d48a:611d:1cbf:49a7 Ping timeout: 252 seconds
7 Feb 12:19:31 - SEND: PONG hitchcock.freenode.net
7 Feb 12:21:47 - SEND: PONG hitchcock.freenode.net
7 Feb 12:24:03 - SEND: PONG hitchcock.freenode.net
7 Feb 12:26:19 - SEND: PONG hitchcock.freenode.net
7 Feb 12:28:35 - SEND: PONG hitchcock.freenode.net
7 Feb 12:29:36 - QUIT: Alkabal_!~Alkabal2@static-89-94-66-214.axione.abo.bbox.fr Ping timeout: 252 seconds
7 Feb 12:30:19 - QUIT: LarreaMikel!~Thunderbi@158.227.0.241 Remote host closed the connection
7 Feb 12:30:51 - SEND: PONG hitchcock.freenode.net
7 Feb 12:33:07 - SEND: PONG hitchcock.freenode.net
7 Feb 12:34:11 - QUIT: pru_blue!0e8ba0e3@gateway/web/freenode/ip.14.139.160.227 Ping timeout: 260 seconds
7 Feb 12:34:56 - QUIT: LarreaMikel!~Thunderbi@158.227.0.241 Ping timeout: 255 seconds
7 Feb 12:35:23 - SEND: PONG hitchcock.freenode.net
7 Feb 12:37:39 - SEND: PONG hitchcock.freenode.net
7 Feb 12:39:55 - SEND: PONG hitchcock.freenode.net
7 Feb 12:42:11 - SEND: PONG hitchcock.freenode.net
7 Feb 12:44:27 - SEND: PONG hitchcock.freenode.net
7 Feb 12:44:59 - QUIT: c10ud^^!~c10ud@emesene/dictator/c10ud Ping timeout: 255 seconds
7 Feb 12:46:43 - SEND: PONG hitchcock.freenode.net
7 Feb 12:48:59 - SEND: PONG hitchcock.freenode.net
7 Feb 12:50:50 - NICK: kuldeep_ changes nick to kuldeep
7 Feb 12:51:15 - SEND: PONG hitchcock.freenode.net
7 Feb 12:52:19 - SEND: PRIVMSG #beagle-gsoc :<abhishek> Hi muneeb17
7 Feb 12:53:12 - SEND: PRIVMSG #beagle-gsoc :<abhishek> There's currently no port to remoteproc going on but you can start reading about it.
7 Feb 12:55:13 - SEND: PONG hitchcock.freenode.net
7 Feb 12:57:29 - SEND: PONG hitchcock.freenode.net
7 Feb 12:59:45 - SEND: PONG hitchcock.freenode.net
7 Feb 13:02:01 - SEND: PONG hitchcock.freenode.net
7 Feb 13:04:17 - SEND: PONG hitchcock.freenode.net
7 Feb 13:06:33 - SEND: PONG hitchcock.freenode.net
7 Feb 13:08:49 - SEND: PONG hitchcock.freenode.net
7 Feb 13:11:05 - SEND: PONG hitchcock.freenode.net
7 Feb 13:13:21 - SEND: PONG hitchcock.freenode.net
7 Feb 13:15:37 - SEND: PONG hitchcock.freenode.net
7 Feb 13:17:53 - SEND: PONG hitchcock.freenode.net
7 Feb 13:20:09 - SEND: PONG hitchcock.freenode.net
7 Feb 13:22:25 - SEND: PONG hitchcock.freenode.net
7 Feb 13:24:41 - SEND: PONG hitchcock.freenode.net
7 Feb 13:26:57 - SEND: PONG hitchcock.freenode.net
7 Feb 13:29:13 - SEND: PONG hitchcock.freenode.net
7 Feb 13:31:29 - SEND: PONG hitchcock.freenode.net
7 Feb 13:33:45 - SEND: PONG hitchcock.freenode.net
7 Feb 13:36:01 - SEND: PONG hitchcock.freenode.net
7 Feb 13:38:17 - SEND: PONG hitchcock.freenode.net
7 Feb 13:40:33 - SEND: PONG hitchcock.freenode.net
7 Feb 13:42:49 - SEND: PONG hitchcock.freenode.net
7 Feb 13:43:01 - QUIT: darkdust!57bfc5f4@gateway/web/freenode/ip.87.191.197.244 Ping timeout: 260 seconds
7 Feb 13:45:05 - SEND: PONG hitchcock.freenode.net
7 Feb 13:47:21 - SEND: PONG hitchcock.freenode.net
7 Feb 13:49:37 - SEND: PONG hitchcock.freenode.net
7 Feb 13:51:53 - SEND: PONG hitchcock.freenode.net
7 Feb 13:54:09 - SEND: PONG hitchcock.freenode.net
7 Feb 13:56:25 - SEND: PONG hitchcock.freenode.net
7 Feb 13:58:41 - SEND: PONG hitchcock.freenode.net
7 Feb 14:00:57 - SEND: PONG hitchcock.freenode.net
7 Feb 14:03:13 - SEND: PONG hitchcock.freenode.net
7 Feb 14:05:29 - SEND: PONG hitchcock.freenode.net
7 Feb 14:07:45 - SEND: PONG hitchcock.freenode.net
7 Feb 14:08:32 - QUIT: mythos!~mythos@unaffiliated/mythos Ping timeout: 255 seconds
7 Feb 14:10:01 - SEND: PONG hitchcock.freenode.net
7 Feb 14:12:17 - SEND: PONG hitchcock.freenode.net
7 Feb 14:14:33 - SEND: PONG hitchcock.freenode.net
7 Feb 14:16:49 - SEND: PONG hitchcock.freenode.net
7 Feb 14:19:05 - SEND: PONG hitchcock.freenode.net
7 Feb 14:21:21 - SEND: PONG hitchcock.freenode.net
7 Feb 14:23:37 - SEND: PONG hitchcock.freenode.net
7 Feb 14:25:53 - SEND: PONG hitchcock.freenode.net
7 Feb 14:28:09 - SEND: PONG hitchcock.freenode.net
7 Feb 14:30:25 - SEND: PONG hitchcock.freenode.net
7 Feb 14:32:41 - SEND: PONG hitchcock.freenode.net
7 Feb 14:34:57 - SEND: PONG hitchcock.freenode.net
7 Feb 14:37:13 - SEND: PONG hitchcock.freenode.net
7 Feb 14:38:26 - QUIT: py_pruss!0e8ba0e3@gateway/web/freenode/ip.14.139.160.227 Ping timeout: 260 seconds
7 Feb 14:39:29 - SEND: PONG hitchcock.freenode.net
7 Feb 14:41:45 - SEND: PONG hitchcock.freenode.net
7 Feb 14:44:01 - SEND: PONG hitchcock.freenode.net
7 Feb 14:46:17 - SEND: PONG hitchcock.freenode.net
7 Feb 14:48:33 - SEND: PONG hitchcock.freenode.net
7 Feb 14:50:49 - SEND: PONG hitchcock.freenode.net
7 Feb 14:53:05 - SEND: PONG hitchcock.freenode.net
7 Feb 14:55:21 - SEND: PONG hitchcock.freenode.net
7 Feb 14:57:37 - SEND: PONG hitchcock.freenode.net
7 Feb 14:59:53 - SEND: PONG hitchcock.freenode.net
7 Feb 15:02:09 - SEND: PONG hitchcock.freenode.net
7 Feb 15:04:15 - QUIT: VirG!~VirG@74.121.22.67 Ping timeout: 264 seconds
7 Feb 15:04:25 - SEND: PONG hitchcock.freenode.net
7 Feb 15:06:41 - SEND: PONG hitchcock.freenode.net
7 Feb 15:07:36 - QUIT: Ionakka!~ionakka@62.183.198.241 Quit: -.-
7 Feb 15:08:57 - SEND: PONG hitchcock.freenode.net
7 Feb 15:11:13 - SEND: PONG hitchcock.freenode.net
7 Feb 15:13:29 - SEND: PONG hitchcock.freenode.net
7 Feb 15:15:45 - SEND: PONG hitchcock.freenode.net
7 Feb 15:18:01 - SEND: PONG hitchcock.freenode.net
7 Feb 15:20:17 - SEND: PONG hitchcock.freenode.net
7 Feb 15:22:33 - SEND: PONG hitchcock.freenode.net
7 Feb 15:24:49 - SEND: PONG hitchcock.freenode.net
7 Feb 15:27:05 - SEND: PONG hitchcock.freenode.net
7 Feb 15:29:21 - SEND: PONG hitchcock.freenode.net
7 Feb 15:29:35 - SEND: PRIVMSG #beagle-gsoc :<abhishek> There's a PRU Gist that you can get started with
7 Feb 15:31:37 - SEND: PONG hitchcock.freenode.net
7 Feb 15:33:53 - SEND: PONG hitchcock.freenode.net
7 Feb 15:36:09 - SEND: PONG hitchcock.freenode.net
7 Feb 15:38:25 - SEND: PONG hitchcock.freenode.net
7 Feb 15:40:41 - SEND: PONG hitchcock.freenode.net
7 Feb 15:41:04 - SEND: PRIVMSG #beagle-gsoc :<abhishek> https://gist.github.com/jadonk/2ecf864e1b3f250bad82c0eae12b7b64
7 Feb 15:43:31 - SEND: PONG hitchcock.freenode.net
7 Feb 15:45:47 - SEND: PONG hitchcock.freenode.net
7 Feb 15:48:03 - SEND: PONG hitchcock.freenode.net
7 Feb 15:50:19 - SEND: PONG hitchcock.freenode.net
7 Feb 15:52:35 - SEND: PONG hitchcock.freenode.net
7 Feb 15:54:51 - SEND: PONG hitchcock.freenode.net
7 Feb 15:57:07 - SEND: PONG hitchcock.freenode.net
7 Feb 15:57:44 - QUIT: rob_w!~bob@unaffiliated/rob-w/x-1112029 Quit: Leaving
7 Feb 15:58:21 - QUIT: apoorvtintin!73f83218@gateway/web/freenode/ip.115.248.50.24 Ping timeout: 260 seconds
7 Feb 15:59:23 - SEND: PONG hitchcock.freenode.net
7 Feb 16:00:20 - QUIT: luneff!~yury@95.174.104.43 Read error: Connection reset by peer
7 Feb 16:00:36 - QUIT: yegorich!~yegorich@mail.visionsystems.de Read error: Connection reset by peer
7 Feb 16:01:39 - SEND: PONG hitchcock.freenode.net
7 Feb 16:03:55 - SEND: PONG hitchcock.freenode.net
7 Feb 16:06:11 - SEND: PONG hitchcock.freenode.net
7 Feb 16:08:27 - SEND: PONG hitchcock.freenode.net
7 Feb 16:10:43 - SEND: PONG hitchcock.freenode.net
7 Feb 16:12:59 - SEND: PONG hitchcock.freenode.net
7 Feb 16:15:15 - SEND: PONG hitchcock.freenode.net
7 Feb 16:17:31 - SEND: PONG hitchcock.freenode.net
7 Feb 16:18:58 - QUIT: thinkfat!~maw@195.145.229.154 Quit: Konversation terminated!
7 Feb 16:19:47 - SEND: PONG hitchcock.freenode.net
7 Feb 16:21:51 - QUIT: uwe_!~uwe_@dslb-088-067-060-039.088.067.pools.vodafone-ip.de Ping timeout: 260 seconds
7 Feb 16:22:03 - SEND: PONG hitchco