[Sat Feb 10 2018 00:00:01 GMT+0000 (UTC)] INFO Connecting...
10 Feb 00:00:01 - Sending irc NICK/USER
10 Feb 00:00:02 - SEND: CAP REQ sasl
10 Feb 00:00:02 - SEND: NICK beagleslackbot
10 Feb 00:00:03 - SEND: USER beagleslackbot 8 * :BeagleBoard.org Slack Bot
10 Feb 00:00:08 - SEND: NICK beagleslackbot1
10 Feb 00:00:08 - [01;31mUnhandled message: { prefix: 'barjavel.freenode.net',
  server: 'barjavel.freenode.net',
  command: '900',
  rawCommand: '900',
  commandType: 'normal',
  args: 
   [ 'beagleslackbot1',
     'beagleslackbot1!beagleslac@ec2-52-26-75-20.us-west-2.compute.amazonaws.com',
     'beagleslackbot',
     'You are now logged in as beagleslackbot.' ] }[0m
10 Feb 00:00:09 - SEND: CAP END
10 Feb 00:00:09 - [01;31mUnhandled message: { prefix: 'barjavel.freenode.net',
  server: 'barjavel.freenode.net',
  command: 'rpl_luserunknown',
  rawCommand: '253',
  commandType: 'reply',
  args: [ 'beagleslackbot1', '33', 'unknown connection(s)' ] }[0m
10 Feb 00:00:09 - MODE: beagleslackbot1 sets mode: +i
10 Feb 00:00:09 - SEND: PRIVMSG NickServ :IDENTIFY Gab$b4123z
10 Feb 00:00:10 - SEND: NICK beagleslackbot
10 Feb 00:00:10 - SEND: JOIN #beagle
10 Feb 00:00:11 - SEND: JOIN #beagle-gsoc
10 Feb 00:00:11 - SEND: JOIN #beagle-mentors
10 Feb 00:00:12 - SEND: JOIN #beagle-support
10 Feb 00:00:12 - SEND: JOIN #beagle-bonescript
10 Feb 00:00:13 - SEND: JOIN #beagle-pro
10 Feb 00:00:14 - NICK: beagleslackbot1 changes nick to beagleslackbot
10 Feb 00:00:14 - GOT NOTICE from "NickServ": "beagleslackbot1 is not a registered nickname."
10 Feb 00:00:14 - [01;31mUnhandled message: { prefix: 'services.',
  server: 'services.',
  command: '328',
  rawCommand: '328',
  commandType: 'normal',
  args: [ 'beagleslackbot', '#beagle', 'http://beagleboard.org' ] }[0m
10 Feb 00:00:15 - SEND: MODE #beagle
10 Feb 00:00:15 - SEND: MODE #beagle-gsoc
10 Feb 00:00:16 - SEND: MODE #beagle-mentors
10 Feb 00:00:16 - SEND: MODE #beagle-support
10 Feb 00:00:17 - SEND: MODE #beagle-bonescript
10 Feb 00:00:17 - SEND: MODE #beagle-pro
10 Feb 00:02:43 - SEND: PONG barjavel.freenode.net
10 Feb 00:05:14 - SEND: PONG barjavel.freenode.net
10 Feb 00:07:20 - QUIT: Bongobong!~Bongobong@ulsecure-belknap-nat-190060.wireless.louisville.edu Ping timeout: 268 seconds
10 Feb 00:07:43 - SEND: PONG barjavel.freenode.net
10 Feb 00:09:31 - QUIT: NishanthMenon!~nmenon@unaffiliated/nishanthmenon Quit: Courage is my greatest present need.
10 Feb 00:10:13 - SEND: PONG barjavel.freenode.net
10 Feb 00:12:44 - SEND: PONG barjavel.freenode.net
10 Feb 00:15:13 - SEND: PONG barjavel.freenode.net
10 Feb 00:17:43 - SEND: PONG barjavel.freenode.net
10 Feb 00:20:14 - SEND: PONG barjavel.freenode.net
10 Feb 00:22:43 - SEND: PONG barjavel.freenode.net
10 Feb 00:25:14 - SEND: PONG barjavel.freenode.net
10 Feb 00:27:43 - SEND: PONG barjavel.freenode.net
10 Feb 00:29:24 - QUIT: vagrantc!~vagrant@unaffiliated/vagrantc Quit: leaving
10 Feb 00:30:13 - SEND: PONG barjavel.freenode.net
10 Feb 00:32:44 - SEND: PONG barjavel.freenode.net
10 Feb 00:35:13 - SEND: PONG barjavel.freenode.net
10 Feb 00:37:43 - SEND: PONG barjavel.freenode.net
10 Feb 00:40:13 - SEND: PONG barjavel.freenode.net
10 Feb 00:42:43 - SEND: PONG barjavel.freenode.net
10 Feb 00:45:14 - SEND: PONG barjavel.freenode.net
10 Feb 00:47:43 - SEND: PONG barjavel.freenode.net
10 Feb 00:50:13 - SEND: PONG barjavel.freenode.net
10 Feb 00:52:44 - SEND: PONG barjavel.freenode.net
10 Feb 00:55:13 - SEND: PONG barjavel.freenode.net
10 Feb 00:57:44 - SEND: PONG barjavel.freenode.net
10 Feb 01:00:13 - SEND: PONG barjavel.freenode.net
10 Feb 01:02:43 - SEND: PONG barjavel.freenode.net
10 Feb 01:05:14 - SEND: PONG barjavel.freenode.net
10 Feb 01:07:43 - SEND: PONG barjavel.freenode.net
10 Feb 01:10:13 - SEND: PONG barjavel.freenode.net
10 Feb 01:12:44 - SEND: PONG barjavel.freenode.net
10 Feb 01:15:13 - SEND: PONG barjavel.freenode.net
10 Feb 01:17:44 - SEND: PONG barjavel.freenode.net
10 Feb 01:20:13 - SEND: PONG barjavel.freenode.net
10 Feb 01:22:43 - SEND: PONG barjavel.freenode.net
10 Feb 01:25:14 - SEND: PONG barjavel.freenode.net
10 Feb 01:27:43 - SEND: PONG barjavel.freenode.net
10 Feb 01:30:13 - SEND: PONG barjavel.freenode.net
10 Feb 01:32:43 - SEND: PONG barjavel.freenode.net
10 Feb 01:35:13 - SEND: PONG barjavel.freenode.net
10 Feb 01:37:44 - SEND: PONG barjavel.freenode.net
10 Feb 01:40:13 - SEND: PONG barjavel.freenode.net
10 Feb 01:42:43 - SEND: PONG barjavel.freenode.net
10 Feb 01:45:14 - SEND: PONG barjavel.freenode.net
10 Feb 01:47:43 - SEND: PONG barjavel.freenode.net
10 Feb 01:50:13 - SEND: PONG barjavel.freenode.net
10 Feb 01:52:43 - SEND: PONG barjavel.freenode.net
10 Feb 01:55:13 - SEND: PONG barjavel.freenode.net
10 Feb 01:57:44 - SEND: PONG barjavel.freenode.net
10 Feb 01:58:39 - QUIT: Bongobong!~Bongobong@ulsecure-belknap-nat-190060.wireless.louisville.edu Ping timeout: 256 seconds
10 Feb 02:00:13 - SEND: PONG barjavel.freenode.net
10 Feb 02:02:43 - SEND: PONG barjavel.freenode.net
10 Feb 02:05:13 - SEND: PONG barjavel.freenode.net
10 Feb 02:07:43 - SEND: PONG barjavel.freenode.net
10 Feb 02:09:08 - QUIT: Newbie!d1699437@gateway/web/freenode/ip.209.105.148.55 Quit: Page closed
10 Feb 02:10:14 - SEND: PONG barjavel.freenode.net
10 Feb 02:12:43 - SEND: PONG barjavel.freenode.net
10 Feb 02:15:13 - SEND: PONG barjavel.freenode.net
10 Feb 02:17:44 - SEND: PONG barjavel.freenode.net
10 Feb 02:20:13 - SEND: PONG barjavel.freenode.net
10 Feb 02:22:43 - SEND: PONG barjavel.freenode.net
10 Feb 02:25:13 - SEND: PONG barjavel.freenode.net
10 Feb 02:26:30 - QUIT: Bongobong!~Bongobong@ulsecure-belknap-nat-190060.wireless.louisville.edu Ping timeout: 248 seconds
10 Feb 02:27:43 - SEND: PONG barjavel.freenode.net
10 Feb 02:29:08 - QUIT: knttl!~knttl@dyndsl-091-096-129-012.ewe-ip-backbone.de Ping timeout: 256 seconds
10 Feb 02:30:14 - SEND: PONG barjavel.freenode.net
10 Feb 02:32:43 - SEND: PONG barjavel.freenode.net
10 Feb 02:33:35 - QUIT: Humpelstilzchen!erik@p4FD0303B.dip0.t-ipconnect.de Ping timeout: 264 seconds
10 Feb 02:35:13 - SEND: PONG barjavel.freenode.net
10 Feb 02:37:43 - SEND: PONG barjavel.freenode.net
10 Feb 02:40:13 - SEND: PONG barjavel.freenode.net
10 Feb 02:42:43 - SEND: PONG barjavel.freenode.net
10 Feb 02:45:13 - SEND: PONG barjavel.freenode.net
10 Feb 02:47:43 - SEND: PONG barjavel.freenode.net
10 Feb 02:50:14 - SEND: PONG barjavel.freenode.net
10 Feb 02:52:43 - SEND: PONG barjavel.freenode.net
10 Feb 02:55:13 - SEND: PONG barjavel.freenode.net
10 Feb 02:57:43 - SEND: PONG barjavel.freenode.net
10 Feb 03:00:13 - SEND: PONG barjavel.freenode.net
10 Feb 03:02:43 - SEND: PONG barjavel.freenode.net
10 Feb 03:05:13 - SEND: PONG barjavel.freenode.net
10 Feb 03:07:07 - QUIT: rthille-ciena!~rthille@67.59.199.241 Quit: Leaving.
10 Feb 03:07:43 - SEND: PONG barjavel.freenode.net
10 Feb 03:10:14 - SEND: PONG barjavel.freenode.net
10 Feb 03:12:43 - SEND: PONG barjavel.freenode.net
10 Feb 03:15:13 - SEND: PONG barjavel.freenode.net
10 Feb 03:17:43 - SEND: PONG barjavel.freenode.net
10 Feb 03:20:13 - SEND: PONG barjavel.freenode.net
10 Feb 03:22:43 - SEND: PONG barjavel.freenode.net
10 Feb 03:25:13 - SEND: PONG barjavel.freenode.net
10 Feb 03:27:43 - SEND: PONG barjavel.freenode.net
10 Feb 03:30:13 - SEND: PONG barjavel.freenode.net
10 Feb 03:32:43 - SEND: PONG barjavel.freenode.net
10 Feb 03:34:03 - QUIT: Dunedan_!~dunedan@unaffiliated/dunedan Ping timeout: 265 seconds
10 Feb 03:35:13 - SEND: PONG barjavel.freenode.net
10 Feb 03:37:43 - SEND: PONG barjavel.freenode.net
10 Feb 03:40:13 - SEND: PONG barjavel.freenode.net
10 Feb 03:42:43 - SEND: PONG barjavel.freenode.net
10 Feb 03:45:13 - SEND: PONG barjavel.freenode.net
10 Feb 03:47:43 - SEND: PONG barjavel.freenode.net
10 Feb 03:50:13 - SEND: PONG barjavel.freenode.net
10 Feb 03:52:43 - SEND: PONG barjavel.freenode.net
10 Feb 03:55:13 - SEND: PONG barjavel.freenode.net
10 Feb 03:57:43 - SEND: PONG barjavel.freenode.net
10 Feb 04:00:13 - SEND: PONG barjavel.freenode.net
10 Feb 04:02:43 - SEND: PONG barjavel.freenode.net
10 Feb 04:05:13 - SEND: PONG barjavel.freenode.net
10 Feb 04:07:43 - SEND: PONG barjavel.freenode.net
10 Feb 04:09:52 - QUIT: VirG!~VirG@74.121.22.67 Ping timeout: 276 seconds
10