[Sun Feb 18 2018 00:00:02 GMT+0000 (UTC)] INFO Connecting...
18 Feb 00:00:02 - Sending irc NICK/USER
18 Feb 00:00:02 - SEND: CAP REQ sasl
18 Feb 00:00:03 - SEND: NICK beagleslackbot
18 Feb 00:00:03 - SEND: USER beagleslackbot 8 * :BeagleBoard.org Slack Bot
18 Feb 00:00:13 - [01;31mUnhandled message: { prefix: 'livingstone.freenode.net',
  server: 'livingstone.freenode.net',
  command: '900',
  rawCommand: '900',
  commandType: 'normal',
  args: 
   [ 'beagleslackbot',
     'beagleslackbot!beagleslac@ec2-52-26-75-20.us-west-2.compute.amazonaws.com',
     'beagleslackbot',
     'You are now logged in as beagleslackbot.' ] }[0m
18 Feb 00:00:13 - SEND: CAP END
18 Feb 00:00:13 - [01;31mUnhandled message: { prefix: 'livingstone.freenode.net',
  server: 'livingstone.freenode.net',
  command: 'rpl_luserunknown',
  rawCommand: '253',
  commandType: 'reply',
  args: [ 'beagleslackbot', '12', 'unknown connection(s)' ] }[0m
18 Feb 00:00:13 - MODE: beagleslackbot sets mode: +i
18 Feb 00:00:14 - SEND: NICK beagleslackbot
18 Feb 00:00:15 - SEND: JOIN #beagle
18 Feb 00:00:15 - SEND: JOIN #beagle-gsoc
18 Feb 00:00:16 - SEND: JOIN #beagle-support
18 Feb 00:00:16 - SEND: JOIN #beagle-bonescript
18 Feb 00:00:17 - SEND: JOIN #beagle-pro
18 Feb 00:00:20 - GOT NOTICE from "NickServ": "You are already logged in as beagleslackbot."
18 Feb 00:00:20 - [01;31mUnhandled message: { prefix: 'services.',
  server: 'services.',
  command: '328',
  rawCommand: '328',
  commandType: 'normal',
  args: [ 'beagleslackbot', '#beagle', 'http://beagleboard.org' ] }[0m
18 Feb 00:00:20 - SEND: MODE #beagle
18 Feb 00:00:21 - SEND: MODE #beagle-gsoc
18 Feb 00:00:21 - SEND: MODE #beagle-support
18 Feb 00:00:22 - SEND: MODE #beagle-bonescript
18 Feb 00:00:22 - SEND: MODE #beagle-pro
18 Feb 00:02:38 - SEND: PONG livingstone.freenode.net
18 Feb 00:04:35 - QUIT: knttl!~knttl@dyndsl-091-248-112-058.ewe-ip-backbone.de Ping timeout: 263 seconds
18 Feb 00:05:14 - SEND: PONG livingstone.freenode.net
18 Feb 00:07:50 - SEND: PONG livingstone.freenode.net
18 Feb 00:10:26 - SEND: PONG livingstone.freenode.net
18 Feb 00:13:02 - SEND: PONG livingstone.freenode.net
18 Feb 00:15:38 - SEND: PONG livingstone.freenode.net
18 Feb 00:18:14 - SEND: PONG livingstone.freenode.net
18 Feb 00:20:50 - SEND: PONG livingstone.freenode.net
18 Feb 00:23:23 - QUIT: moto-timo!~ttorling@fsf/member/moto-timo Remote host closed the connection
18 Feb 00:23:26 - SEND: PONG livingstone.freenode.net
18 Feb 00:26:02 - SEND: PONG livingstone.freenode.net
18 Feb 00:28:38 - SEND: PONG livingstone.freenode.net
18 Feb 00:31:14 - SEND: PONG livingstone.freenode.net
18 Feb 00:33:50 - SEND: PONG livingstone.freenode.net
18 Feb 00:36:26 - SEND: PONG livingstone.freenode.net
18 Feb 00:39:02 - SEND: PONG livingstone.freenode.net
18 Feb 00:41:38 - SEND: PONG livingstone.freenode.net
18 Feb 00:44:14 - SEND: PONG livingstone.freenode.net
18 Feb 00:46:50 - SEND: PONG livingstone.freenode.net
18 Feb 00:49:26 - SEND: PONG livingstone.freenode.net
18 Feb 00:52:02 - SEND: PONG livingstone.freenode.net
18 Feb 00:52:28 - QUIT: florian!~florian_k@Maemo/community/contributor/florian Ping timeout: 248 seconds
18 Feb 00:54:38 - SEND: PONG livingstone.freenode.net
18 Feb 00:57:14 - SEND: PONG livingstone.freenode.net
18 Feb 00:59:50 - SEND: PONG livingstone.freenode.net
18 Feb 01:02:26 - SEND: PONG livingstone.freenode.net
18 Feb 01:05:02 - SEND: PONG livingstone.freenode.net
18 Feb 01:07:38 - SEND: PONG livingstone.freenode.net
18 Feb 01:10:14 - SEND: PONG livingstone.freenode.net
18 Feb 01:12:50 - SEND: PONG livingstone.freenode.net
18 Feb 01:15:26 - SEND: PONG livingstone.freenode.net
18 Feb 01:18:02 - SEND: PONG livingstone.freenode.net
18 Feb 01:20:38 - SEND: PONG livingstone.freenode.net
18 Feb 01:23:14 - SEND: PONG livingstone.freenode.net
18 Feb 01:25:50 - SEND: PONG livingstone.freenode.net
18 Feb 01:28:26 - SEND: PONG livingstone.freenode.net
18 Feb 01:31:02 - SEND: PONG livingstone.freenode.net
18 Feb 01:33:38 - SEND: PONG livingstone.freenode.net
18 Feb 01:36:14 - SEND: PONG livingstone.freenode.net
18 Feb 01:38:50 - SEND: PONG livingstone.freenode.net
18 Feb 01:41:26 - SEND: PONG livingstone.freenode.net
18 Feb 01:44:02 - SEND: PONG livingstone.freenode.net
18 Feb 01:46:38 - SEND: PONG livingstone.freenode.net
18 Feb 01:49:14 - SEND: PONG livingstone.freenode.net
18 Feb 01:51:50 - SEND: PONG livingstone.freenode.net
18 Feb 01:52:52 - NICK: kilroi_o` changes nick to kilroi_off
18 Feb 01:54:26 - SEND: PONG livingstone.freenode.net
18 Feb 01:57:02 - SEND: PONG livingstone.freenode.net
18 Feb 01:59:38 - SEND: PONG livingstone.freenode.net
18 Feb 02:02:14 - SEND: PONG livingstone.freenode.net
18 Feb 02:04:50 - SEND: PONG livingstone.freenode.net
18 Feb 02:07:26 - QUIT: thinkfat!~maw@p4FF0CE5F.dip0.t-ipconnect.de Ping timeout: 276 seconds
18 Feb 02:07:26 - SEND: PONG livingstone.freenode.net
18 Feb 02:10:02 - SEND: PONG livingstone.freenode.net
18 Feb 02:12:38 - SEND: PONG livingstone.freenode.net
18 Feb 02:15:14 - SEND: PONG livingstone.freenode.net
18 Feb 02:17:50 - SEND: PONG livingstone.freenode.net
18 Feb 02:20:26 - SEND: PONG livingstone.freenode.net
18 Feb 02:23:02 - SEND: PONG livingstone.freenode.net
18 Feb 02:25:35 - QUIT: Humpelstilzchen!erik@p2E5B2D0B.dip0.t-ipconnect.de Ping timeout: 264 seconds
18 Feb 02:25:38 - SEND: PONG livingstone.freenode.net
18 Feb 02:26:33 - QUIT: knttl!~knttl@dyndsl-085-016-176-191.ewe-ip-backbone.de Ping timeout: 256 seconds
18 Feb 02:28:14 - SEND: PONG livingstone.freenode.net
18 Feb 02:30:50 - SEND: PONG livingstone.freenode.net
18 Feb 02:33:26 - SEND: PONG livingstone.freenode.net
18 Feb 02:36:02 - SEND: PONG livingstone.freenode.net
18 Feb 02:38:38 - SEND: PONG livingstone.freenode.net
18 Feb 02:41:14 - SEND: PONG livingstone.freenode.net
18 Feb 02:43:50 - SEND: PONG livingstone.freenode.net
18 Feb 02:46:26 - SEND: PONG livingstone.freenode.net
18 Feb 02:49:02 - SEND: PONG livingstone.freenode.net
18 Feb 02:51:38 - SEND: PONG livingstone.freenode.net
18 Feb 02:54:14 - SEND: PONG livingstone.freenode.net
18 Feb 02:56:50 - SEND: PONG livingstone.freenode.net
18 Feb 02:59:26 - SEND: PONG livingstone.freenode.net
18 Feb 03:02:02 - SEND: PONG livingstone.freenode.net
18 Feb 03:04:38 - SEND: PONG livingstone.freenode.net
18 Feb 03:07:14 - SEND: PONG livingstone.freenode.net
18 Feb 03:09:50 - SEND: PONG livingstone.freenode.net
18 Feb 03:12:26 - SEND: PONG livingstone.freenode.net
18 Feb 03:15:02 - SEND: PONG livingstone.freenode.net
18 Feb 03:17:38 - SEND: PONG livingstone.freenode.net
18 Feb 03:20:14 - SEND: PONG livingstone.freenode.net
18 Feb 03:22:50 - SEND: PONG livingstone.freenode.net
18 Feb 03:24:17 - QUIT: wa5qjh!~quassel@freebsd/user/wa5qjh Remote host closed the connection
18 Feb 03:25:26 - SEND: PONG livingstone.freenode.net
18 Feb 03:26:02 - QUIT: wa5qjh!~quassel@175.158.225.199 Changing host
18 Feb 03:28:02 - SEND: PONG livingstone.freenode.net
18 Feb 03:30:38 - SEND: PONG livingstone.freenode.net
18 Feb 03:33:14 - SEND: PONG livingstone.freenode.net
18 Feb 03:34:34 - QUIT: wa5qjh!~quassel@freebsd/user/wa5qjh Remote host closed the connection
18 Feb 03:35:50 - SEND: PONG livingstone.freenode.net
18 Feb 03:36:26 - QUIT: wa5qjh!~quassel@175.158.225.199 Changing host
18 Feb 03:38:26 - SEND: PONG livingstone.freenode.net
18 Feb 03:41:01 - QUIT: wa5qjh!~quassel@freebsd/user/wa5qjh Remote host closed the connection
18 Feb 03:41:02 - SEND: PONG livingstone.freenode.net
18 Feb 03:43:38 - SEND: PONG livingstone.freenode.net
18 Feb 03:46:14 - SEND: PONG livingstone.freenode.net
18 Feb 03:48:50 - SEND: PONG livingstone.freenode.net
18 Feb 03:51:26 - SEND: PONG livingstone.freenode.net
18 Feb 03:52:44 - QUIT: rizzo!~RizzoTheR@p54B6BDA4.dip0.t-ipconnect.de Ping timeout: 240 seconds
18 Feb 03:54:02 - SEND: PONG livingstone.freenode.net
18 Feb 03:56:38 - SEND: PONG livingstone.freenode.net
18 Feb 03:59:14 - SEND: PONG livingstone.freenode.net
18 Feb 03:59:14 - QUIT: Dunedan!~dunedan@unaffiliated/dunedan Ping timeout: 265 seconds
18 Feb 04:01:24 - QUIT: GenTooMan!~cyberman@2601:547:4380:2fe0:21f:d0ff:fe26:7344 Quit: Leaving
18 Feb 04:01:50 - SEND: PONG livingstone.freenode.net
18 Feb 04:04:26 - SEND