[Mon Feb 12 2018 00:00:02 GMT+0000 (UTC)] INFO Connecting...
12 Feb 00:00:02 - Sending irc NICK/USER
12 Feb 00:00:02 - SEND: CAP REQ sasl
12 Feb 00:00:03 - SEND: NICK beagleslackbot
12 Feb 00:00:03 - SEND: USER beagleslackbot 8 * :BeagleBoard.org Slack Bot
12 Feb 00:00:13 - SEND: NICK beagleslackbot1
12 Feb 00:00:13 - [01;31mUnhandled message: { prefix: 'adams.freenode.net',
  server: 'adams.freenode.net',
  command: '900',
  rawCommand: '900',
  commandType: 'normal',
  args: 
   [ 'beagleslackbot1',
     'beagleslackbot1!beagleslac@ec2-52-26-75-20.us-west-2.compute.amazonaws.com',
     'beagleslackbot',
     'You are now logged in as beagleslackbot.' ] }[0m
12 Feb 00:00:14 - SEND: CAP END
12 Feb 00:00:14 - [01;31mUnhandled message: { prefix: 'adams.freenode.net',
  server: 'adams.freenode.net',
  command: 'rpl_luserunknown',
  rawCommand: '253',
  commandType: 'reply',
  args: [ 'beagleslackbot1', '31', 'unknown connection(s)' ] }[0m
12 Feb 00:00:14 - MODE: beagleslackbot1 sets mode: +i
12 Feb 00:00:14 - SEND: PRIVMSG NickServ :IDENTIFY Gab$b4123z
12 Feb 00:00:15 - SEND: NICK beagleslackbot
12 Feb 00:00:15 - SEND: JOIN #beagle
12 Feb 00:00:16 - SEND: JOIN #beagle-gsoc
12 Feb 00:00:16 - SEND: JOIN #beagle-mentors
12 Feb 00:00:17 - SEND: JOIN #beagle-support
12 Feb 00:00:17 - SEND: JOIN #beagle-bonescript
12 Feb 00:00:18 - SEND: JOIN #beagle-pro
12 Feb 00:00:20 - NICK: beagleslackbot1 changes nick to beagleslackbot
12 Feb 00:00:20 - GOT NOTICE from "NickServ": "beagleslackbot1 is not a registered nickname."
12 Feb 00:00:20 - [01;31mUnhandled message: { prefix: 'services.',
  server: 'services.',
  command: '328',
  rawCommand: '328',
  commandType: 'normal',
  args: [ 'beagleslackbot', '#beagle', 'http://beagleboard.org' ] }[0m
12 Feb 00:00:20 - SEND: MODE #beagle
12 Feb 00:00:21 - SEND: MODE #beagle-gsoc
12 Feb 00:00:21 - SEND: MODE #beagle-mentors
12 Feb 00:00:22 - SEND: MODE #beagle-support
12 Feb 00:00:22 - SEND: MODE #beagle-bonescript
12 Feb 00:00:23 - SEND: MODE #beagle-pro
12 Feb 00:02:42 - SEND: PONG adams.freenode.net
12 Feb 00:04:58 - SEND: PONG adams.freenode.net
12 Feb 00:07:14 - SEND: PONG adams.freenode.net
12 Feb 00:09:30 - SEND: PONG adams.freenode.net
12 Feb 00:11:46 - SEND: PONG adams.freenode.net
12 Feb 00:14:02 - SEND: PONG adams.freenode.net
12 Feb 00:16:18 - SEND: PONG adams.freenode.net
12 Feb 00:18:34 - SEND: PONG adams.freenode.net
12 Feb 00:20:50 - SEND: PONG adams.freenode.net
12 Feb 00:23:06 - SEND: PONG adams.freenode.net
12 Feb 00:24:20 - QUIT: florian!~florian_k@Maemo/community/contributor/florian Ping timeout: 256 seconds
12 Feb 00:24:27 - QUIT: Bongobong!~Bongobong@ulsecure-belknap-nat-190060.wireless.louisville.edu 
12 Feb 00:25:22 - SEND: PONG adams.freenode.net
12 Feb 00:27:38 - SEND: PONG adams.freenode.net
12 Feb 00:29:54 - SEND: PONG adams.freenode.net
12 Feb 00:31:48 - QUIT: laurittr!~laurittr@indie.ed.ntnu.no Remote host closed the connection
12 Feb 00:32:10 - SEND: PONG adams.freenode.net
12 Feb 00:34:26 - SEND: PONG adams.freenode.net
12 Feb 00:36:42 - SEND: PONG adams.freenode.net
12 Feb 00:38:58 - SEND: PONG adams.freenode.net
12 Feb 00:41:14 - SEND: PONG adams.freenode.net
12 Feb 00:43:30 - SEND: PONG adams.freenode.net
12 Feb 00:45:46 - SEND: PONG adams.freenode.net
12 Feb 00:46:35 - QUIT: JetForMe!~JetForMe@38.75.18.174 Client Quit
12 Feb 00:48:02 - SEND: PONG adams.freenode.net
12 Feb 00:50:18 - SEND: PONG adams.freenode.net
12 Feb 00:52:34 - SEND: PONG adams.freenode.net
12 Feb 00:52:57 - QUIT: JetForMe!~JetForMe@38.75.18.174 Read error: Connection reset by peer
12 Feb 00:54:50 - SEND: PONG adams.freenode.net
12 Feb 00:57:06 - SEND: PONG adams.freenode.net
12 Feb 00:59:22 - SEND: PONG adams.freenode.net
12 Feb 01:01:38 - SEND: PONG adams.freenode.net
12 Feb 01:03:16 - QUIT: HalfMadDad!~patrick@184-175-23-21.dsl.teksavvy.com Quit: Leaving
12 Feb 01:03:54 - SEND: PONG adams.freenode.net
12 Feb 01:06:10 - SEND: PONG adams.freenode.net
12 Feb 01:08:26 - SEND: PONG adams.freenode.net
12 Feb 01:10:42 - SEND: PONG adams.freenode.net
12 Feb 01:12:58 - SEND: PONG adams.freenode.net
12 Feb 01:15:14 - SEND: PONG adams.freenode.net
12 Feb 01:17:30 - SEND: PONG adams.freenode.net
12 Feb 01:18:41 - NICK: SpeedEvil changes nick to Guest72866
12 Feb 01:19:15 - QUIT: Guest72866!~quassel@tor/regular/SpeedEvil Ping timeout: 248 seconds
12 Feb 01:19:46 - SEND: PONG adams.freenode.net
12 Feb 01:22:02 - SEND: PONG adams.freenode.net
12 Feb 01:24:18 - SEND: PONG adams.freenode.net
12 Feb 01:26:34 - SEND: PONG adams.freenode.net
12 Feb 01:28:32 - QUIT: calculus!~calculus@gentoo/user/calculus Ping timeout: 268 seconds
12 Feb 01:28:50 - SEND: PONG adams.freenode.net
12 Feb 01:28:55 - QUIT: calculus!~calculus@adsl-76-254-62-26.dsl.pltn13.sbcglobal.net Changing host
12 Feb 01:28:55 - MODE: #beagle sets mode: +o
12 Feb 01:31:06 - SEND: PONG adams.freenode.net
12 Feb 01:33:22 - SEND: PONG adams.freenode.net
12 Feb 01:35:38 - SEND: PONG adams.freenode.net
12 Feb 01:37:53 - SEND: PONG adams.freenode.net
12 Feb 01:38:27 - QUIT: TezlaCoil!492d58e8@gateway/web/freenode/ip.73.45.88.232 Quit: Page closed
12 Feb 01:40:10 - SEND: PONG adams.freenode.net
12 Feb 01:42:26 - SEND: PONG adams.freenode.net
12 Feb 01:44:41 - SEND: PONG adams.freenode.net
12 Feb 01:45:08 - QUIT: rob_w!~rob@unaffiliated/rob-w/x-1112029 Ping timeout: 252 seconds
12 Feb 01:46:58 - SEND: PONG adams.freenode.net
12 Feb 01:49:14 - SEND: PONG adams.freenode.net
12 Feb 01:51:30 - SEND: PONG adams.freenode.net
12 Feb 01:53:46 - SEND: PONG adams.freenode.net
12 Feb 01:56:02 - SEND: PONG adams.freenode.net
12 Feb 01:58:18 - SEND: PONG adams.freenode.net
12 Feb 02:00:34 - SEND: PONG adams.freenode.net
12 Feb 02:02:50 - SEND: PONG adams.freenode.net
12 Feb 02:05:06 - SEND: PONG adams.freenode.net
12 Feb 02:07:22 - SEND: PONG adams.freenode.net
12 Feb 02:09:38 - SEND: PONG adams.freenode.net
12 Feb 02:11:54 - SEND: PONG adams.freenode.net
12 Feb 02:14:10 - SEND: PONG adams.freenode.net
12 Feb 02:16:26 - SEND: PONG adams.freenode.net
12 Feb 02:18:42 - SEND: PONG adams.freenode.net
12 Feb 02:20:58 - SEND: PONG adams.freenode.net
12 Feb 02:23:13 - SEND: PONG adams.freenode.net
12 Feb 02:23:44 - NICK: BitEvil changes nick to SpeedEvil
12 Feb 02:25:30 - SEND: PONG adams.freenode.net
12 Feb 02:27:44 - QUIT: knttl!~knttl@dyndsl-091-096-024-149.ewe-ip-backbone.de Ping timeout: 268 seconds
12 Feb 02:27:46 - SEND: PONG adams.freenode.net
12 Feb 02:30:01 - SEND: PONG adams.freenode.net
12 Feb 02:31:32 - QUIT: Humpelst1lzchen!erik@p2E5B22CA.dip0.t-ipconnect.de Ping timeout: 240 seconds
12 Feb 02:32:18 - SEND: PONG adams.freenode.net
12 Feb 02:34:34 - SEND: PONG adams.freenode.net
12 Feb 02:36:49 - SEND: PONG adams.freenode.net
12 Feb 02:39:06 - SEND: PONG adams.freenode.net
12 Feb 02:41:22 - SEND: PONG adams.freenode.net
12 Feb 02:43:37 - SEND: PONG adams.freenode.net
12 Feb 02:45:54 - SEND: PONG adams.freenode.net
12 Feb 02:48:10 - SEND: PONG adams.freenode.net
12 Feb 02:50:25 - SEND: PONG adams.freenode.net
12 Feb 02:51:33 - QUIT: Retr0id!~Retr0id@unaffiliated/retr0id Ping timeout: 240 seconds
12 Feb 02:52:42 - SEND: PONG adams.freenode.net
12 Feb 02:54:58 - SEND: PONG adams.freenode.net
12 Feb 02:57:14 - SEND: PONG adams.freenode.net
12 Feb 02:59:30 - SEND: PONG adams.freenode.net
12 Feb 03:01:46 - SEND: PONG adams.freenode.net
12 Feb 03:04:02 - SEND: PONG adams.freenode.net
12 Feb 03:06:18 - SEND: PONG adams.freenode.net
12 Feb 03:08:34 - SEND: PONG adams.freenode.net
12 Feb 03:10:50 - SEND: PONG adams.freenode.net
12 Feb 03:13:06 - SEND: PONG adams.freenode.net
12 Feb 03:15:22 - SEND: PONG adams.freenode.net
12 Feb 03:17:38 - SEND: PONG adams.freenode.net
12 Feb 03:19:54 - SEND: PONG adams.freenode.net
12 Feb 03:22:09 - SEND: PONG adams.freenode.net
12 Feb 03:24:26 - SEND: PONG adams.freenode.net
12 Feb 03:26:42 - SEND: PONG adams.freenode.net
12 Feb 03:28:57 - SEND: PONG adams.freenode.net
12 Feb 03:31:14 - SEND: PONG adams.freenode.net
12 Feb 03:32:15 - QUIT: Dunedan_!~dunedan@unaffiliated/dunedan Ping timeout: 265 seconds
12 Feb 03:33:30 - SEND: PONG adams.freenode.net
12 Feb 03:35:45 - SEND: PONG adams.freenode.net
12 Feb 03:38:02 - SEND: PONG adams.freenode.net
12 Feb 03:40:18 - SEND: PONG adams.freenode.net
12 Feb 03:42:20 - QUIT: GenTooMan!~cyberman@2601:547:4380:2fe0:21f:d0ff:fe26:7344 Quit: Leaving
12 Feb 03:42:33 - SEND: PONG adams.freenode.net
12 Feb 03:44:50 - SEND: PONG adams.freenode.net
12 Feb 03:47:06 - SEND: PONG adams.freenode.net
12 Feb 03:49:08 - NICK: Vasco changes nick to Vasco_O
12 Feb 03:49:21 - SEND: PONG adams.freenode.net
12 Feb 03:51:38 - SEND: PONG adams.freenode.net
12 Feb 03:53:54 - SEND: PONG adams.freenode.net
12 Feb 03:56:09 - SEND: PONG adams.freenode.net
12 Feb 03:58:26 - SEND: PONG adams.freenode.net
12 Feb 04:00:42 - SEND: PONG adams.freenode.net
12 Feb 04:02:57 - SEND: PONG adams.freenode.net
12 Feb 04:05:14 - SEND: PONG adams.freenode.net
12 Feb 04:05:36 - QUIT: rizzo!~RizzoTheR@p54B6BDA4.dip0.t-ipconnect.de Ping timeout: 265 seconds
12 Feb 04:07:30 - SEND: PONG adams.freenode.net
12 Feb 04:09:45 - SEND: PONG adams.freenode.net
12 Feb 04:12:02 - SEND: PONG adams.freenode.net
12 Feb 04:14:18 - SEND: PONG adams.freenode.net
12 Feb 04:16:33 - SEND: PONG adams.freenode.net
12 Feb 04:18:50 - SEND: PONG adams.freenode.net
12 Feb 04:21:06 - SEND: PONG adams.freenode.net
12 Feb 04:23:21 - SEND: PONG adams.freenode.net
12 Feb 04:25:38 - SEND: PONG adams.freenode.net
12 Feb 04:27:54 - SEND: PONG adams.freenode.net
12 Feb 04:30:09 - SEND: PONG adams.freenode.net
12 Feb 04:32:26 - SEND: PONG adams.freenode.net
12 Feb 04:34:41 - SEND: PONG adams.freenode.net
12 Feb 04:36:57 - SEND: PONG adams.freenode.net
12 Feb 04:39:14 - SEND: PONG adams.freenode.net
12 Feb 04:41:29 - SEND: PONG adams.freenode.net
12 Feb 04:43:46 - SEND: PONG adams.freenode.net
12 Feb 04:46:02 - SEND: PONG adams.freenode.net
12 Feb 04:48:17 - SEND: PONG adams.freenode.net
12 Feb 04:50:34 - SEND: PONG adams.freenode.net
12 Feb 04:52:50 - SEND: PONG adams.freenode.net
12 Feb 04:55:05 - SEND: PONG adams.freenode.net
12 Feb 04:57:22 - SEND: PONG adams.freenode.net
12 Feb 04:59:38 - SEND: PONG adams.freenode.net
12 Feb 05:01:53 - SEND: PONG adams.freenode.net
12 Feb 05:04:10 - SEND: PONG adams.freenode.net
12 Feb 05:06:26 - SEND: PONG adams.freenode.net
12 Feb 05:08:41 - SEND: PONG adams.freenode.net
12 Feb 05:10:15 - QUIT: Telephone!b897707e@gateway/web/freenode/ip.184.151.112.126 Ping timeout: 260 seconds
12 Feb 05:10:58 - SEND: PONG adams.freenode.net
12 Feb 05:13:14 - SEND: PONG adams.freenode.net
12 Feb 05:15:29 - SEND: PONG adams.freenode.net
12 Feb 05:17:46 - SEND: PONG adams.freenode.net
12 Feb 05:20:02 - SEND: PONG adams.freenode.net
12 Feb 05:22:17 - SEND: PONG adams.freenode.net
12 Feb 05:23:40 - QUIT: Way!6cd3c982@gateway/web/freenode/ip.108.211.201.130 Ping timeout: 260 seconds
12 Feb 05:24:18 - QUIT: ohnx!~ohnx@unaffiliated/ohnx Remote host closed the connection
12 Feb 05:24:34 - SEND: PONG adams.freenode.net
12 Feb 05:26:50 - SEND: PONG adams.freenode.net
12 Feb 05:29:05 - SEND: PONG adams.freenode.net
12 Feb 05:31:22 - SEND: PONG adams.freenode.net
12 Feb 05:33:37 - SEND: PONG adams.freenode.net
12 Feb 05:35:53 - SEND: PONG adams.freenode.net
12 Feb 05:38:10 - SEND: PONG adams.freenode.net
12 Feb 05:38:37 - QUIT: tlwoerner!~Trevor@206.248.190.95 Changing host
12 Feb 05:40:25 - SEND: PONG adams.freenode.net
12 Feb 05:41:45 - QUIT: MathOnNapkins!~chatzilla@2603:300f:1f01:9100:d48a:611d:1cbf:49a7 Ping timeout: 240 seconds
12 Feb 05:42:41 - SEND: PONG adams.freenode.net
12 Feb 05:44:58 - SEND: PONG adams.freenode.net
12 Feb 05:47:13 - SEND: PONG adams.freenode.net
12 Feb 05:49:29 - SEND: PONG adams.freenode.net
12 Feb 05:51:46 - SEND: PONG adams.freenode.net
12 Feb 05:54:01 - SEND: PONG adams.freenode.net
12 Feb 05:56:17 - SEND: PONG adams.freenode.net
12 Feb 05:58:34 - SEND: PONG adams.freenode.net
12 Feb 06:00:49 - SEND: PONG adams.freenode.net
12 Feb 06:03:05 - SEND: PONG adams.freenode.net
12 Feb 06:05:22 - SEND: PONG adams.freenode.net
12 Feb 06:07:37 - SEND: PONG adams.freenode.net
12 Feb 06:09:53 - SEND: PONG adams.freenode.net
12 Feb 06:12:10 - SEND: PONG adams.freenode.net
12 Feb 06:14:25 - SEND: PONG adams.freenode.net
12 Feb 06:16:41 - SEND: PONG adams.freenode.net