[Tue Feb 13 2018 00:00:01 GMT+0000 (UTC)] INFO Connecting...
13 Feb 00:00:01 - Sending irc NICK/USER
13 Feb 00:00:01 - SEND: CAP REQ sasl
13 Feb 00:00:02 - SEND: NICK beagleslackbot
13 Feb 00:00:02 - SEND: USER beagleslackbot 8 * :BeagleBoard.org Slack Bot
13 Feb 00:00:09 - SEND: NICK beagleslackbot1
13 Feb 00:00:10 - [01;31mUnhandled message: { prefix: 'cherryh.freenode.net',
  server: 'cherryh.freenode.net',
  command: '900',
  rawCommand: '900',
  commandType: 'normal',
  args: 
   [ 'beagleslackbot1',
     'beagleslackbot1!beagleslac@ec2-52-26-75-20.us-west-2.compute.amazonaws.com',
     'beagleslackbot',
     'You are now logged in as beagleslackbot.' ] }[0m
13 Feb 00:00:10 - SEND: CAP END
13 Feb 00:00:10 - [01;31mUnhandled message: { prefix: 'cherryh.freenode.net',
  server: 'cherryh.freenode.net',
  command: 'rpl_luserunknown',
  rawCommand: '253',
  commandType: 'reply',
  args: [ 'beagleslackbot1', '36', 'unknown connection(s)' ] }[0m
13 Feb 00:00:10 - MODE: beagleslackbot1 sets mode: +i
13 Feb 00:00:11 - SEND: NICK beagleslackbot
13 Feb 00:00:11 - SEND: JOIN #beagle
13 Feb 00:00:12 - SEND: JOIN #beagle-gsoc
13 Feb 00:00:13 - SEND: JOIN #beagle-support
13 Feb 00:00:13 - SEND: JOIN #beagle-bonescript
13 Feb 00:00:14 - SEND: JOIN #beagle-pro
13 Feb 00:00:16 - [01;31mUnhandled message: { prefix: 'services.',
  server: 'services.',
  command: '328',
  rawCommand: '328',
  commandType: 'normal',
  args: [ 'beagleslackbot1', '#beagle', 'http://beagleboard.org' ] }[0m
13 Feb 00:00:17 - SEND: NICK beagleslackbot2
13 Feb 00:00:19 - SEND: NICK beagleslackbot3
13 Feb 00:00:19 - SEND: NICK beagleslackbot4
13 Feb 00:00:19 - NICK: beagleslackbot1 changes nick to beagleslackbot4
13 Feb 00:02:42 - SEND: PONG cherryh.freenode.net
13 Feb 00:05:10 - SEND: PONG cherryh.freenode.net
13 Feb 00:07:38 - SEND: PONG cherryh.freenode.net
13 Feb 00:10:06 - SEND: PONG cherryh.freenode.net
13 Feb 00:12:34 - SEND: PONG cherryh.freenode.net
13 Feb 00:13:29 - QUIT: Bernardita!419954d2@gateway/web/freenode/ip.65.153.84.210 Client Quit
13 Feb 00:15:02 - SEND: PONG cherryh.freenode.net
13 Feb 00:17:30 - SEND: PONG cherryh.freenode.net
13 Feb 00:19:58 - SEND: PONG cherryh.freenode.net
13 Feb 00:22:26 - SEND: PONG cherryh.freenode.net
13 Feb 00:24:54 - SEND: PONG cherryh.freenode.net
13 Feb 00:27:23 - SEND: PONG cherryh.freenode.net
13 Feb 00:29:50 - SEND: PONG cherryh.freenode.net
13 Feb 00:32:18 - SEND: PONG cherryh.freenode.net
13 Feb 00:34:46 - SEND: PONG cherryh.freenode.net
13 Feb 00:37:14 - SEND: PONG cherryh.freenode.net
13 Feb 00:39:42 - SEND: PONG cherryh.freenode.net
13 Feb 00:42:10 - SEND: PONG cherryh.freenode.net
13 Feb 00:44:38 - SEND: PONG cherryh.freenode.net
13 Feb 00:47:06 - SEND: PONG cherryh.freenode.net
13 Feb 00:49:34 - SEND: PONG cherryh.freenode.net
13 Feb 00:52:02 - SEND: PONG cherryh.freenode.net
13 Feb 00:54:30 - SEND: PONG cherryh.freenode.net
13 Feb 00:55:03 - QUIT: majuk_!~majuk@75-163-148-173.clsp.qwest.net 
13 Feb 00:56:58 - SEND: PONG cherryh.freenode.net
13 Feb 00:59:26 - SEND: PONG cherryh.freenode.net
13 Feb 01:01:54 - SEND: PONG cherryh.freenode.net
13 Feb 01:04:22 - SEND: PONG cherryh.freenode.net
13 Feb 01:06:50 - SEND: PONG cherryh.freenode.net
13 Feb 01:09:18 - SEND: PONG cherryh.freenode.net
13 Feb 01:11:46 - SEND: PONG cherryh.freenode.net
13 Feb 01:12:52 - QUIT: danieljabailey!~danieljab@cpc75709-york6-2-0-cust725.7-1.cable.virginm.net Ping timeout: 240 seconds
13 Feb 01:14:14 - SEND: PONG cherryh.freenode.net
13 Feb 01:16:42 - SEND: PONG cherryh.freenode.net
13 Feb 01:19:10 - SEND: PONG cherryh.freenode.net
13 Feb 01:21:38 - SEND: PONG cherryh.freenode.net
13 Feb 01:24:06 - SEND: PONG cherryh.freenode.net
13 Feb 01:26:34 - SEND: PONG cherryh.freenode.net
13 Feb 01:29:02 - SEND: PONG cherryh.freenode.net
13 Feb 01:31:30 - SEND: PONG cherryh.freenode.net
13 Feb 01:33:58 - SEND: PONG cherryh.freenode.net
13 Feb 01:36:26 - SEND: PONG cherryh.freenode.net
13 Feb 01:38:54 - SEND: PONG cherryh.freenode.net
13 Feb 01:41:22 - SEND: PONG cherryh.freenode.net
13 Feb 01:43:50 - SEND: PONG cherryh.freenode.net
13 Feb 01:46:18 - SEND: PONG cherryh.freenode.net
13 Feb 01:48:46 - SEND: PONG cherryh.freenode.net
13 Feb 01:51:14 - SEND: PONG cherryh.freenode.net
13 Feb 01:53:42 - SEND: PONG cherryh.freenode.net
13 Feb 01:56:10 - SEND: PONG cherryh.freenode.net
13 Feb 01:58:38 - SEND: PONG cherryh.freenode.net
13 Feb 02:01:06 - SEND: PONG cherryh.freenode.net
13 Feb 02:03:34 - SEND: PONG cherryh.freenode.net
13 Feb 02:06:02 - SEND: PONG cherryh.freenode.net
13 Feb 02:08:30 - SEND: PONG cherryh.freenode.net
13 Feb 02:10:58 - SEND: PONG cherryh.freenode.net
13 Feb 02:13:26 - SEND: PONG cherryh.freenode.net
13 Feb 02:15:54 - SEND: PONG cherryh.freenode.net
13 Feb 02:18:22 - SEND: PONG cherryh.freenode.net
13 Feb 02:20:50 - SEND: PONG cherryh.freenode.net
13 Feb 02:23:18 - SEND: PONG cherryh.freenode.net
13 Feb 02:25:23 - QUIT: Bongobong!~Bongobong@ulsecure-belknap-nat-190052.wireless.louisville.edu 
13 Feb 02:25:46 - SEND: PONG cherryh.freenode.net
13 Feb 02:26:14 - QUIT: knttl!~knttl@dyndsl-091-096-253-096.ewe-ip-backbone.de Ping timeout: 240 seconds
13 Feb 02:28:14 - SEND: PONG cherryh.freenode.net
13 Feb 02:30:42 - SEND: PONG cherryh.freenode.net
13 Feb 02:31:34 - QUIT: Humpelstilzchen!erik@p4FD03614.dip0.t-ipconnect.de Ping timeout: 252 seconds
13 Feb 02:33:10 - SEND: PONG cherryh.freenode.net
13 Feb 02:35:38 - SEND: PONG cherryh.freenode.net
13 Feb 02:38:06 - SEND: PONG cherryh.freenode.net
13 Feb 02:40:34 - SEND: PONG cherryh.freenode.net
13 Feb 02:43:02 - SEND: PONG cherryh.freenode.net
13 Feb 02:45:30 - SEND: PONG cherryh.freenode.net
13 Feb 02:45:37 - QUIT: Alkabal!~Alkabal2@static-89-94-66-214.axione.abo.bbox.fr Ping timeout: 248 seconds
13 Feb 02:47:58 - SEND: PONG cherryh.freenode.net
13 Feb 02:50:26 - SEND: PONG cherryh.freenode.net
13 Feb 02:52:54 - SEND: PONG cherryh.freenode.net
13 Feb 02:55:22 - SEND: PONG cherryh.freenode.net
13 Feb 02:55:54 - QUIT: rthille-ciena!~rthille@67.59.199.241 Quit: Leaving.
13 Feb 02:57:50 - SEND: PONG cherryh.freenode.net
13 Feb 03:00:18 - SEND: PONG cherryh.freenode.net
13 Feb 03:01:09 - QUIT: GenTooMan!~cyberman@2601:547:4380:2fe0:21f:d0ff:fe26:7344 Quit: Leaving
13 Feb 03:02:46 - SEND: PONG cherryh.freenode.net
13 Feb 03:03:53 - QUIT: Azhagiri!79f43796@gateway/web/freenode/ip.121.244.55.150 Ping timeout: 260 seconds
13 Feb 03:05:14 - SEND: PONG cherryh.freenode.net
13 Feb 03:07:42 - SEND: PONG cherryh.freenode.net
13 Feb 03:10:10 - SEND: PONG cherryh.freenode.net
13 Feb 03:12:38 - SEND: PONG cherryh.freenode.net
13 Feb 03:15:06 - SEND: PONG cherryh.freenode.net
13 Feb 03:17:34 - SEND: PONG cherryh.freenode.net
13 Feb 03:19:00 - QUIT: Bongobong!~Bongobong@ulsecure-belknap-nat-190052.wireless.louisville.edu Ping timeout: 276 seconds
13 Feb 03:20:02 - SEND: PONG cherryh.freenode.net
13 Feb 03:22:30 - SEND: PONG cherryh.freenode.net
13 Feb 03:24:58 - SEND: PONG cherryh.freenode.net
13 Feb 03:27:26 - SEND: PONG cherryh.freenode.net
13 Feb 03:29:54 - SEND: PONG cherryh.freenode.net
13 Feb 03:32:22 - SEND: PONG cherryh.freenode.net
13 Feb 03:32:34 - QUIT: Dunedan!~dunedan@unaffiliated/dunedan Ping timeout: 265 seconds
13 Feb 03:34:50 - SEND: PONG cherryh.freenode.net
13 Feb 03:37:18 - SEND: PONG cherryh.freenode.net
13 Feb 03:39:46 - SEND: PONG cherryh.freenode.net
13 Feb 03:42:14 - SEND: PONG cherryh.freenode.net
13 Feb 03:44:42 - SEND: PONG cherryh.freenode.net
13 Feb 03:47:10 - SEND: PONG cherryh.freenode.net
13 Feb 03:49:38 - SEND: PONG cherryh.freenode.net
13 Feb 03:52:06 - SEND: PONG cherryh.freenode.net
13 Feb 03:54:34 - SEND: PONG cherryh.freenode.net
13 Feb 03:57:02 - SEND: PONG cherryh.freenode.net
13 Feb 03:59:30 - SEND: PONG cherryh.freenode.net
13 Feb 04:01:58 - SEND: PONG cherryh.freenode.net
13 Feb 04:04:26 - SEND: PONG cherryh.freenode.net
13 Feb 04:05:09 - QUIT: ayjay_t!ajp@24-181-188-142.dhcp.nwtn.ct.charter.com Read error: Connection reset by peer
13 Feb 04:06:54 - SEND: PONG cherryh.freenode.net
13 Feb 04:08:05 - QUIT: rizzo!~RizzoTheR@p54B6BDA4.dip0.t-ipconnect.de Ping timeout: 255 seconds
13 Feb 04:09:22 - SEND: PONG cherryh.freenode.net
13 Feb 04:11:50 - SEND: PONG cherry