[Wed Mar 27 2019 16:13:19 GMT+0000 (UTC)] INFO Connecting...
27 Mar 16:13:19 - Sending irc NICK/USER
27 Mar 16:13:19 - SEND: CAP REQ sasl
27 Mar 16:13:20 - SEND: NICK beagleslackbot
27 Mar 16:13:20 - SEND: USER beagleslackbot 8 * :BeagleBoard.org Slack Bot
27 Mar 16:13:26 - SEND: PRIVMSG #beagle-gsoc :<jkridner> ping 2
27 Mar 16:13:29 - [01;31mUnhandled message: { prefix: 'orwell.freenode.net',
  server: 'orwell.freenode.net',
  command: '900',
  rawCommand: '900',
  commandType: 'normal',
  args: 
   [ 'beagleslackbot',
     'beagleslackbot!beagleslac@ec2-52-26-75-20.us-west-2.compute.amazonaws.com',
     'beagleslackbot',
     'You are now logged in as beagleslackbot.' ] }[0m
27 Mar 16:13:29 - SEND: CAP END
27 Mar 16:13:30 - [01;31mUnhandled message: { prefix: 'orwell.freenode.net',
  server: 'orwell.freenode.net',
  command: 'rpl_luserunknown',
  rawCommand: '253',
  commandType: 'reply',
  args: [ 'beagleslackbot', '41', 'unknown connection(s)' ] }[0m
27 Mar 16:13:30 - MODE: beagleslackbot sets mode: +i
27 Mar 16:13:30 - GOT NOTICE from "freenode-connect": "Welcome to freenode. To protect the network all new connections will be scanned for vulnerabilities. This will not harm your computer, and vulnerable hosts will be notified."
27 Mar 16:13:31 - SEND: NICK beagleslackbot
27 Mar 16:13:31 - SEND: JOIN #beagle-gsoc
27 Mar 16:13:32 - SEND: JOIN #beagle-support
27 Mar 16:13:32 - SEND: JOIN #beagle-bonescript
27 Mar 16:13:33 - SEND: JOIN #beagle-pro
27 Mar 16:13:36 - MODE: #beagle-support sets mode: +ns
27 Mar 16:13:36 - MODE: #beagle-bonescript sets mode: +ns
27 Mar 16:13:36 - GOT NOTICE from "NickServ": "You are already logged in as beagleslackbot."
27 Mar 16:13:36 - MODE: #beagle-support sets mode: -o
27 Mar 16:13:36 - MODE: #beagle-support sets mode: +ct-s
27 Mar 16:13:36 - MODE: #beagle-support sets mode: +o
27 Mar 16:13:36 - MODE: #beagle-bonescript sets mode: -o
27 Mar 16:13:36 - MODE: #beagle-bonescript sets mode: +ct-s
27 Mar 16:13:36 - MODE: #beagle-bonescript sets mode: +o
27 Mar 16:13:36 - SEND: MODE #beagle-gsoc
27 Mar 16:13:37 - SEND: MODE #beagle-support
27 Mar 16:13:37 - SEND: MODE #beagle-bonescript
27 Mar 16:13:38 - SEND: MODE #beagle-pro
[Wed Mar 27 2019 16:18:11 GMT+0000 (UTC)] INFO Connecting...
27 Mar 16:18:11 - Sending irc NICK/USER
27 Mar 16:18:11 - SEND: CAP REQ sasl
27 Mar 16:18:12 - SEND: NICK beagleslackbot
27 Mar 16:18:12 - SEND: USER beagleslackbot 8 * :BeagleBoard.org Slack Bot
27 Mar 16:18:22 - [01;31mUnhandled message: { prefix: 'tolkien.freenode.net',
  server: 'tolkien.freenode.net',
  command: '900',
  rawCommand: '900',
  commandType: 'normal',
  args: 
   [ 'beagleslackbot',
     'beagleslackbot!beagleslac@ec2-52-26-75-20.us-west-2.compute.amazonaws.com',
     'beagleslackbot',
     'You are now logged in as beagleslackbot.' ] }[0m
27 Mar 16:18:23 - SEND: CAP END
27 Mar 16:18:23 - [01;31mUnhandled message: { prefix: 'tolkien.freenode.net',
  server: 'tolkien.freenode.net',
  command: 'rpl_luserunknown',
  rawCommand: '253',
  commandType: 'reply',
  args: [ 'beagleslackbot', '17', 'unknown connection(s)' ] }[0m
27 Mar 16:18:23 - MODE: beagleslackbot sets mode: +i
27 Mar 16:18:24 - SEND: NICK beagleslackbot
27 Mar 16:18:24 - GOT NOTICE from "freenode-connect": "Welcome to freenode. To protect the network all new connections will be scanned for vulnerabilities. This will not harm your computer, and vulnerable hosts will be notified."
27 Mar 16:18:24 - SEND: JOIN #beagle-gsoc
27 Mar 16:18:25 - SEND: JOIN #beagle-support
27 Mar 16:18:25 - SEND: JOIN #beagle-bonescript
27 Mar 16:18:26 - SEND: JOIN #beagle-pro
27 Mar 16:18:30 - MODE: #beagle-support sets mode: +ns
27 Mar 16:18:30 - MODE: #beagle-bonescript sets mode: +ns
27 Mar 16:18:30 - GOT NOTICE from "NickServ": "You are already logged in as beagleslackbot."
27 Mar 16:18:30 - MODE: #beagle-support sets mode: -o
27 Mar 16:18:30 - SEND: MODE #beagle-gsoc
27 Mar 16:18:30 - MODE: #beagle-support sets mode: +ct-s
27 Mar 16:18:30 - MODE: #beagle-support sets mode: +o
27 Mar 16:18:30 - MODE: #beagle-bonescript sets mode: -o
27 Mar 16:18:30 - MODE: #beagle-bonescript sets mode: +ct-s
27 Mar 16:18:30 - MODE: #beagle-bonescript sets mode: +o
27 Mar 16:18:30 - SEND: MODE #beagle-support
27 Mar 16:18:31 - SEND: MODE #beagle-bonescript
27 Mar 16:18:31 - SEND: MODE #beagle-pro
27 Mar 16:20:45 - SEND: PONG tolkien.freenode.net
27 Mar 16:23:13 - SEND: PONG tolkien.freenode.net
27 Mar 16:25:40 - SEND: PONG tolkien.freenode.net
27 Mar 16:28:09 - SEND: PONG tolkien.freenode.net
27 Mar 16:30:37 - SEND: PONG tolkien.freenode.net
27 Mar 16:33:04 - SEND: PONG tolkien.freenode.net
27 Mar 16:35:33 - SEND: PONG tolkien.freenode.net
27 Mar 16:38:01 - SEND: PONG tolkien.freenode.net
27 Mar 16:40:29 - SEND: PONG tolkien.freenode.net
27 Mar 16:42:57 - SEND: PONG tolkien.freenode.net
27 Mar 16:45:24 - SEND: PONG tolkien.freenode.net
27 Mar 16:47:53 - SEND: PONG tolkien.freenode.net
27 Mar 16:50:21 - SEND: PONG tolkien.freenode.net
27 Mar 16:52:48 - SEND: PONG tolkien.freenode.net
27 Mar 16:55:17 - SEND: PONG tolkien.freenode.net
27 Mar 16:56:20 - QUIT: dastaan!~dastaan@2620:0:e50:1401:acfd:b11b:2991:e011 
27 Mar 16:57:45 - SEND: PONG tolkien.freenode.net
27 Mar 17:00:13 - SEND: PONG tolkien.freenode.net
27 Mar 17:02:41 - SEND: PONG tolkien.freenode.net
27 Mar 17:05:08 - SEND: PONG tolkien.freenode.net
27 Mar 17:07:37 - SEND: PONG tolkien.freenode.net
27 Mar 17:10:05 - SEND: PONG tolkien.freenode.net
27 Mar 17:12:32 - SEND: PONG tolkien.freenode.net
27 Mar 17:15:01 - SEND: PONG tolkien.freenode.net
27 Mar 17:17:29 - SEND: PONG tolkien.freenode.net
27 Mar 17:19:57 - SEND: PONG tolkien.freenode.net
27 Mar 17:22:25 - SEND: PONG tolkien.freenode.net
27 Mar 17:24:52 - SEND: PONG tolkien.freenode.net
27 Mar 17:27:21 - SEND: PONG tolkien.freenode.net
27 Mar 17:29:49 - SEND: PONG tolkien.freenode.net
27 Mar 17:30:40 - QUIT: embden!~embden@2001:638:708:30da:b987:f301:7e7c:58d Quit: Leaving
27 Mar 17:32:16 - SEND: PONG tolkien.freenode.net
27 Mar 17:34:45 - SEND: PONG tolkien.freenode.net
27 Mar 17:37:12 - SEND: PONG tolkien.freenode.net
27 Mar 17:37:13 - QUIT: hendersa!~hendersa@pool-74-111-12-73.syrcny.fios.verizon.net Quit: Leaving
27 Mar 17:39:41 - SEND: PONG tolkien.freenode.net
27 Mar 17:42:09 - SEND: PONG tolkien.freenode.net
27 Mar 17:44:36 - SEND: PONG tolkien.freenode.net
27 Mar 17:47:05 - SEND: PONG tolkien.freenode.net
27 Mar 17:49:33 - SEND: PONG tolkien.freenode.net
27 Mar 17:52:01 - SEND: PONG tolkien.freenode.net
27 Mar 17:54:29 - SEND: PONG tolkien.freenode.net
27 Mar 17:56:56 - SEND: PONG tolkien.freenode.net
27 Mar 17:59:25 - SEND: PONG tolkien.freenode.net
27 Mar 18:01:53 - SEND: PONG tolkien.freenode.net
27 Mar 18:04:20 - SEND: PONG tolkien.freenode.net
27 Mar 18:06:49 - SEND: PONG tolkien.freenode.net
27 Mar 18:09:17 - SEND: PONG tolkien.freenode.net
27 Mar 18:11:44 - SEND: PONG tolkien.freenode.net
27 Mar 18:14:13 - SEND: PONG tolkien.freenode.net
27 Mar 18:16:40 - SEND: PONG tolkien.freenode.net
27 Mar 18:19:09 - SEND: PONG tolkien.freenode.net
27 Mar 18:21:37 - SEND: PONG tolkien.freenode.net
27 Mar 18:24:04 - SEND: PONG tolkien.freenode.net
27 Mar 18:26:33 - SEND: PONG tolkien.freenode.net
27 Mar 18:29:00 - SEND: PONG tolkien.freenode.net
27 Mar 18:31:28 - SEND: PONG tolkien.freenode.net
27 Mar 18:33:57 - SEND: PONG tolkien.freenode.net
27 Mar 18:36:24 - SEND: PONG tolkien.freenode.net
27 Mar 18:38:53 - SEND: PONG tolkien.freenode.net
27 Mar 18:41:21 - SEND: PONG tolkien.freenode.net
27 Mar 18:43:48 - SEND: PONG tolkien.freenode.net
27 Mar 18:46:17 - SEND: PONG tolkien.freenode.net
27 Mar 18:48:44 - SEND: PONG tolkien.freenode.net
27 Mar 18:51:12 - SEND: PONG tolkien.freenode.net
27 Mar 18:53:41 - SEND: PONG tolkien.freenode.net
27 Mar 18:56:08 - SEND: PONG tolkien.freenode.net
27 Mar 18:58:37 - SEND: PONG tolkien.freenode.net
27 Mar 19:01:05 - SEND: PONG tolkien.freenode.net
27 Mar 19:03:32 - SEND: PONG tolkien.freenode.net
27 Mar 19:06:01 - SEND: PONG tolkien.freenode.net
27 Mar 19:08:28 - SEND: PONG tolkien.freenode.net
27 Mar 19:10:56 - SEND: PONG tolkien.freenode.net
27 Mar 19:13:25 - SEND: PONG tolkien.freenode.net
27 Mar 19:15:52 - SEND: PONG tolkien.freenode.net
27 Mar 19:18:21 - SEND: PONG tolkien.freenode.net
27 Mar 19:20:49 - SEND: PONG tolkien.freenode.net
27 Mar 19:23:16 - SEND: PONG tolkien.freenode.net
27 Mar 19:25:45 - SEND: PONG tolkien.freenode.net
27 Mar 19:28:12 - SEND: PONG tolkien.freenode.net
27 Mar 19:30:40 - SEND: PONG tolkien.freenode.net
27 Mar 19:33:09 - SEND: PONG tolkien.freenode.net
27 Mar 19:35:36 - SEND: PONG tolkien.freenode.net
27 Mar 19:38:05 - SEND: PONG tolkien.freenode.net
27 Mar 19:38:44 - SEND: PRIVMSG #beagle-gsoc :<wicks.cathy> https://bbb.io/@2207  Blog is pushed.  retweet to your friends please!
27 Mar 19:41:09 - SEND: PONG tolkien.freenode.net
27 Mar 19:43:37 - SEND: PONG tolkien.freenode.net
27 Mar 19:46:06 - SEND: PONG tolkien.freenode.net
27 Mar 19:48:33 - SEND: PONG tolkien.freenode.net
27 Mar 19:51:02 - SEND: PONG tolkien.freenode.net
27 Mar 19:53:30 - SEND: PONG tolkien.freenode.net
27 Mar 19:55:57 - SEND: PONG tolkien.freenode.net
27 Mar 19:58:26 - SEND: PONG tolkien.freenode.net
27 Mar 20:00:53 - SEND: PONG tolkien.freenode.net
27 Mar 20:03:21 - SEND: PONG tolkien.freenode.net
27 Mar 20:05:50 - SEND: PONG tolkien.freenode.net
27 Mar 20:08:17 - SEND: PONG tolkien.freenode.net
27 Mar 20:10:46 - SEND: PONG tolkien.freenode.net
27 Mar 20:13:13 - SEND: PONG tolkien.freenode.net
27 Mar 20:15:41 - SEND: PONG tolkien.freenode.net
27 Mar 20:18:10 - SEND: PONG tolkien.freenode.net
27 Mar 20:20:37 - SEND: PONG tolkien.freenode.net
27 Mar 20:23:05 - SEND: PONG tolkien.freenode.net
27 Mar 20:25:34 - SEND: PONG tolkien.freenode.net
27 Mar 20:28:01 - SEND: PONG tolkien.freenode.net
27 Mar 20:30:30 - SEND: PONG tolkien.freenode.net
27 Mar 20:32:57 - SEND: PONG tolkien.freenode.net
27 Mar 20:35:25 - SEND: PONG tolkien.freenode.net
27 Mar 20:37:54 - SEND: PONG tolkien.freenode.net
27 Mar 20:40:21 - SEND: PONG tolkien.freenode.net
27 Mar 20:42:49 - SEND: PONG tolkien.freenode.net
27 Mar 20:45:17 - SEND: PONG tolkien.freenode.net
27 Mar 20:47:45 - SEND: PONG tolkien.freenode.net
27 Mar 20:50:14 - SEND: PONG tolkien.freenode.net
27 Mar 20:52:41 - SEND: PONG tolkien.freenode.net
27 Mar 20:55:09 - SEND: PONG tolkien.freenode.net
27 Mar 20:57:38 - SEND: PONG tolkien.freenode.net
27 Mar 21:00:05 - SEND: PONG tolkien.freenode.net
27 Mar 21:02:33 - SEND: PONG tolkien.freenode.net
27 Mar 21:05:01 - SEND: PONG tolkien.freenode.net
27 Mar 21:07:29 - SEND: PONG tolkien.freenode.net
27 Mar 21:09:58 - SEND: PONG tolkien.freenode.net
27 Mar 21:12:25 - SEND: PONG tolkien.freenode.net
27 Mar 21:14:53 - SEND: PONG tolkien.freenode.net
27 Mar 21:17:22 - SEND: PONG tolkien.freenode.net
27 Mar 21:19:49 - SEND: PONG tolkien.freenode.net
27 Mar 21:22:17 - SEND: PONG tolkien.freenode.net
27 Mar 21:24:45 - SEND: PONG tolkien.freenode.net
27 Mar 21:27:13 - SEND: PONG tolkien.freenode.net
27 Mar 21:29:42 - SEND: PONG tolkien.freenode.net
27 Mar 21:32:09 - SEND: PONG tolkien.freenode.net
27 Mar 21:34:37 - SEND: PONG tolkien.freenode.net
27 Mar 21:37:06 - SEND: PONG tolkien.freenode.net
27 Mar 21:39:33 - SEND: PONG tolkien.freenode.net
27 Mar 21:42:01 - SEND: PONG tolkien.freenode.net
27 Mar 21:44:29 - SEND: PONG tolkien.freenode.net
27 Mar 21:46:57 - SEND: PONG tolkien.freenode.net
27 Mar 21:49:25 - SEND: PONG tolkien.freenode.net
27 Mar 21:51:53 - SEND: PONG tolkien.freenode.net
27 Mar 21:54:21 - SEND: PONG tolkien.freenode.net
27 Mar 21:56:50 - SEND: PONG tolkien.freenode.net
27 Mar 21:59:17 - SEND: PONG tolkien.freenode.net
27 Mar 22:01:45 - SEND: PONG tolkien.freenode.net
27 Mar 22:04:13 - SEND: PONG tolkien.freenode.net
27 Mar 22:06:41 - SEND: PONG tolkien.freenode.net
27 Mar 22:09:09 - SEND: PONG tolkien.freenode.net
27 Mar 22:11:37 - SEND: PONG tolkien.freenode.net
27 Mar 22:14:05 - SEND: PONG tolkien.freenode.net
27 Mar 22:16:34 - SEND: PONG tolkien.freenode.net
27 Mar 22:19:01 - SEND: PONG tolkien.freenode.net
27 Mar 22:21:29 - SEND: PONG tolkien.freenode.net
27 Mar 22:23:57 - SEND: PONG tolkien.freenode.net
27 Mar 22:26:25 - SEND: PONG tolkien.freenode.net
27 Mar 22:28:53 - SEND: PONG tolkien.freenode.net
27 Mar 22:31:21 - SEND: PONG tolkien.freenode.net
27 Mar 22:33:49 - SEND: PONG tolkien.freenode.net
27 Mar 22:36:17 - SEND: PONG tolkien.freenode.net
27 Mar 22:38:45 - SEND: PONG tolkien.freenode.net
27 Mar 22:41:13 - SEND: PONG tolkien.freenode.net
27 Mar 22:43:41 - SEND: PONG tolkien.freenode.net
27 Mar 22:46:09 - SEND: PONG tolkien.freenode.net
27 Mar 22:48:37 - SEND: PONG tolkien.freenode.net
27 Mar 22:51:05 - SEND: PONG tolkien.freenode.net
27 Mar 22:53:33 - SEND: PONG tolkien.freenode.net
27 Mar 22:56:01 - SEND: PONG tolkien.freenode.net
27 Mar 22:58:29 - SEND: PONG tolkien.freenode.net
27 Mar 23:00:57 - SEND: PONG tolkien.freenode.net
27 Mar 23:01:00 - QUIT: embden!~embden@dslb-178-011-004-241.178.011.pools.vodafone-ip.de Ping timeout: 255 seconds
27 Mar 23:03:25 - SEND: PONG tolkien.freenode.net
27 Mar 23:05:53 - SEND: PONG tolkien.freenode.net
27 Mar 23:08:21 - SEND: PONG tolkien.freenode.net
27 Mar 23:10:49 - SEND: PONG tolkien.freenode.net
27 Mar 23:13:17 - SEND: PONG tolkien.freenode.net
27 Mar 23:15:45 - SEND: PONG tolkien.freenode.net
27 Mar 23:18:13 - SEND: PONG tolkien.freenode.net
27 Mar 23:20:41 - SEND: PONG tolkien.freenode.net
27 Mar 23:23:09 - SEND: PONG tolkien.freenode.net
27 Mar 23:25:37 - SEND: PONG tolkien.freenode.net
27 Mar 23:28:05 - SEND: PONG tolkien.freenode.net
27 Mar 23:30:33 - SEND: PONG tolkien.freenode.net
27 Mar 23:33:01 - SEND: PONG tolkien.freenode.net
27 Mar 23:35:29 - SEND: PONG tolkien.freenode.net
27 Mar 23:37:57 - SEND: PONG tolkien.freenode.net
27 Mar 23:40:25 - SEND: PONG tolkien.freenode.net
27 Mar 23:42:53 - SEND: PONG tolkien.freenode.net
27 Mar 23:45:21 - SEND: PONG tolkien.freenode.net
27 Mar 23:47:49 - SEND: PONG tolkien.freenode.net
27 Mar 23:50:17 - SEND: PONG tolkien.freenode.net
27 Mar 23:52:45 - SEND: PONG tolkien.freenode.net
27 Mar 23:55:13 - SEND: PONG tolkien.freenode.net
27 Mar 23:57:41 - SEND: PONG tolkien.freenode.net
