[Thu Jan 25 2018 00:00:01 GMT+0000 (UTC)] INFO Connecting...
25 Jan 00:00:01 - Sending irc NICK/USER
25 Jan 00:00:02 - SEND: CAP REQ sasl
25 Jan 00:00:02 - SEND: NICK beagleslackbot
25 Jan 00:00:03 - SEND: USER beagleslackbot 8 * :BeagleBoard.org Slack Bot
25 Jan 00:00:13 - [01;31mUnhandled message: { prefix: 'hobana.freenode.net',
  server: 'hobana.freenode.net',
  command: '900',
  rawCommand: '900',
  commandType: 'normal',
  args: 
   [ 'beagleslackbot',
     'beagleslackbot!beagleslac@ec2-52-26-75-20.us-west-2.compute.amazonaws.com',
     'beagleslackbot',
     'You are now logged in as beagleslackbot.' ] }[0m
25 Jan 00:00:14 - SEND: CAP END
25 Jan 00:00:15 - [01;31mUnhandled message: { prefix: 'hobana.freenode.net',
  server: 'hobana.freenode.net',
  command: 'rpl_luserunknown',
  rawCommand: '253',
  commandType: 'reply',
  args: [ 'beagleslackbot', '23', 'unknown connection(s)' ] }[0m
25 Jan 00:00:15 - MODE: beagleslackbot sets mode: +i
25 Jan 00:00:15 - SEND: PRIVMSG NickServ :IDENTIFY Gab$b4123z
25 Jan 00:00:15 - SEND: NICK beagleslackbot
25 Jan 00:00:16 - SEND: JOIN #beagle
25 Jan 00:00:16 - SEND: JOIN #beagle-gsoc
25 Jan 00:00:17 - SEND: JOIN #beagle-mentors
25 Jan 00:00:17 - SEND: JOIN #beagle-support
25 Jan 00:00:18 - SEND: JOIN #beagle-bonescript
25 Jan 00:00:18 - SEND: JOIN #beagle-pro
25 Jan 00:00:21 - GOT NOTICE from "NickServ": "You are already logged in as beagleslackbot."
25 Jan 00:00:21 - [01;31mUnhandled message: { prefix: 'services.',
  server: 'services.',
  command: '328',
  rawCommand: '328',
  commandType: 'normal',
  args: [ 'beagleslackbot', '#beagle', 'http://beagleboard.org' ] }[0m
25 Jan 00:00:22 - SEND: MODE #beagle
25 Jan 00:00:22 - SEND: MODE #beagle-gsoc
25 Jan 00:00:23 - SEND: MODE #beagle-mentors
25 Jan 00:00:23 - SEND: MODE #beagle-support
25 Jan 00:00:24 - SEND: MODE #beagle-bonescript
25 Jan 00:00:24 - SEND: MODE #beagle-pro
25 Jan 00:02:38 - SEND: PONG hobana.freenode.net
25 Jan 00:04:58 - SEND: PONG hobana.freenode.net
25 Jan 00:07:18 - SEND: PONG hobana.freenode.net
25 Jan 00:09:38 - SEND: PONG hobana.freenode.net
25 Jan 00:11:58 - SEND: PONG hobana.freenode.net
25 Jan 00:13:49 - QUIT: NishanthMenon!~nmenon@unaffiliated/nishanthmenon Quit: You may get an opportunity for advancement today.  Get off IRC!
25 Jan 00:14:18 - SEND: PONG hobana.freenode.net
25 Jan 00:16:38 - SEND: PONG hobana.freenode.net
25 Jan 00:18:58 - SEND: PONG hobana.freenode.net
25 Jan 00:21:18 - SEND: PONG hobana.freenode.net
25 Jan 00:23:38 - SEND: PONG hobana.freenode.net
25 Jan 00:24:10 - QUIT: uwe_!~uwe_@ipservice-092-218-248-188.092.218.pools.vodafone-ip.de Ping timeout: 276 seconds
25 Jan 00:25:58 - SEND: PONG hobana.freenode.net
25 Jan 00:28:18 - SEND: PONG hobana.freenode.net
25 Jan 00:28:37 - QUIT: tonokip!~quassel@24-159-82-190.static.jcsn.tn.charter.com Ping timeout: 240 seconds
25 Jan 00:30:38 - SEND: PONG hobana.freenode.net
25 Jan 00:32:58 - SEND: PONG hobana.freenode.net
25 Jan 00:35:18 - SEND: PONG hobana.freenode.net
25 Jan 00:37:38 - SEND: PONG hobana.freenode.net
25 Jan 00:39:58 - SEND: PONG hobana.freenode.net
25 Jan 00:42:18 - SEND: PONG hobana.freenode.net
25 Jan 00:44:38 - SEND: PONG hobana.freenode.net
25 Jan 00:46:58 - SEND: PONG hobana.freenode.net
25 Jan 00:49:18 - SEND: PONG hobana.freenode.net
25 Jan 00:51:38 - SEND: PONG hobana.freenode.net
25 Jan 00:53:58 - SEND: PONG hobana.freenode.net
25 Jan 00:55:13 - QUIT: majuk!~majuk@75-163-155-5.clsp.qwest.net Remote host closed the connection
25 Jan 00:55:16 - QUIT: theAdib!~adib@dslb-178-012-108-011.178.012.pools.vodafone-ip.de Remote host closed the connection
25 Jan 00:56:18 - SEND: PONG hobana.freenode.net
25 Jan 00:58:38 - SEND: PONG hobana.freenode.net
25 Jan 01:00:58 - SEND: PONG hobana.freenode.net
25 Jan 01:03:18 - SEND: PONG hobana.freenode.net
25 Jan 01:05:38 - SEND: PONG hobana.freenode.net
25 Jan 01:07:58 - SEND: PONG hobana.freenode.net
25 Jan 01:10:18 - SEND: PONG hobana.freenode.net
25 Jan 01:12:38 - SEND: PONG hobana.freenode.net
25 Jan 01:14:58 - SEND: PONG hobana.freenode.net
25 Jan 01:17:18 - SEND: PONG hobana.freenode.net
25 Jan 01:19:38 - SEND: PONG hobana.freenode.net
25 Jan 01:21:58 - SEND: PONG hobana.freenode.net
25 Jan 01:24:18 - SEND: PONG hobana.freenode.net
25 Jan 01:26:38 - SEND: PONG hobana.freenode.net
25 Jan 01:28:58 - SEND: PONG hobana.freenode.net
25 Jan 01:31:18 - SEND: PONG hobana.freenode.net
25 Jan 01:33:38 - SEND: PONG hobana.freenode.net
25 Jan 01:35:58 - SEND: PONG hobana.freenode.net
25 Jan 01:37:19 - QUIT: tonokip!~quassel@24-159-82-190.static.jcsn.tn.charter.com Ping timeout: 240 seconds
25 Jan 01:38:18 - SEND: PONG hobana.freenode.net
25 Jan 01:40:38 - SEND: PONG hobana.freenode.net
25 Jan 01:42:58 - SEND: PONG hobana.freenode.net
25 Jan 01:45:18 - SEND: PONG hobana.freenode.net
25 Jan 01:47:38 - SEND: PONG hobana.freenode.net
25 Jan 01:49:58 - SEND: PONG hobana.freenode.net
25 Jan 01:52:18 - SEND: PONG hobana.freenode.net
25 Jan 01:54:38 - SEND: PONG hobana.freenode.net
25 Jan 01:56:58 - SEND: PONG hobana.freenode.net
25 Jan 01:59:18 - SEND: PONG hobana.freenode.net
25 Jan 02:01:38 - SEND: PONG hobana.freenode.net
25 Jan 02:03:58 - SEND: PONG hobana.freenode.net
25 Jan 02:06:18 - SEND: PONG hobana.freenode.net
25 Jan 02:08:38 - SEND: PONG hobana.freenode.net
25 Jan 02:10:58 - SEND: PONG hobana.freenode.net
25 Jan 02:13:18 - SEND: PONG hobana.freenode.net
25 Jan 02:15:38 - SEND: PONG hobana.freenode.net
25 Jan 02:17:58 - SEND: PONG hobana.freenode.net
25 Jan 02:20:18 - SEND: PONG hobana.freenode.net
25 Jan 02:22:38 - SEND: PONG hobana.freenode.net
25 Jan 02:24:58 - SEND: PONG hobana.freenode.net
25 Jan 02:27:18 - SEND: PONG hobana.freenode.net
25 Jan 02:29:38 - SEND: PONG hobana.freenode.net
25 Jan 02:31:58 - SEND: PONG hobana.freenode.net
25 Jan 02:33:49 - QUIT: thinkfat!~maw@p4FF0D810.dip0.t-ipconnect.de Ping timeout: 248 seconds
25 Jan 02:34:18 - SEND: PONG hobana.freenode.net
25 Jan 02:36:38 - SEND: PONG hobana.freenode.net
25 Jan 02:38:58 - SEND: PONG hobana.freenode.net
25 Jan 02:41:18 - SEND: PONG hobana.freenode.net
25 Jan 02:43:38 - SEND: PONG hobana.freenode.net
25 Jan 02:45:58 - SEND: PONG hobana.freenode.net
25 Jan 02:47:33 - QUIT: knttl!~knttl@dyndsl-091-096-130-001.ewe-ip-backbone.de Ping timeout: 268 seconds
25 Jan 02:48:18 - SEND: PONG hobana.freenode.net
25 Jan 02:50:38 - SEND: PONG hobana.freenode.net
25 Jan 02:50:59 - QUIT: Humpelst1lzchen!erik@p4FD031BA.dip0.t-ipconnect.de Ping timeout: 240 seconds
25 Jan 02:52:58 - SEND: PONG hobana.freenode.net
25 Jan 02:55:18 - SEND: PONG hobana.freenode.net
25 Jan 02:57:38 - SEND: PONG hobana.freenode.net
25 Jan 02:59:58 - SEND: PONG hobana.freenode.net
25 Jan 03:01:42 - QUIT: majuk!~majuk@75-163-155-5.clsp.qwest.net Ping timeout: 240 seconds
25 Jan 03:02:18 - SEND: PONG hobana.freenode.net
25 Jan 03:04:38 - SEND: PONG hobana.freenode.net
25 Jan 03:06:58 - SEND: PONG hobana.freenode.net
25 Jan 03:09:18 - SEND: PONG hobana.freenode.net
25 Jan 03:11:38 - SEND: PONG hobana.freenode.net
25 Jan 03:12:59 - QUIT: GenTooMan!~cyberman@2601:547:4380:2fe0:21f:d0ff:fe26:7344 Quit: Leaving
25 Jan 03:13:58 - SEND: PONG hobana.freenode.net
25 Jan 03:16:18 - SEND: PONG hobana.freenode.net
25 Jan 03:18:38 - SEND: PONG hobana.freenode.net
25 Jan 03:20:58 - SEND: PONG hobana.freenode.net
25 Jan 03:23:18 - SEND: PONG hobana.freenode.net
25 Jan 03:25:38 - SEND: PONG hobana.freenode.net
25 Jan 03:27:58 - SEND: PONG hobana.freenode.net
25 Jan 03:30:18 - SEND: PONG hobana.freenode.net
25 Jan 03:32:38 - SEND: PONG hobana.freenode.net
25 Jan 03:34:58 - SEND: PONG hobana.freenode.net
25 Jan 03:37:18 - SEND: PONG hobana.freenode.net
25 Jan 03:39:38 - SEND: PONG hobana.freenode.net
25 Jan 03:41:58 - SEND: PONG hobana.freenode.net
25 Jan 03:44:18 - SEND: PONG hobana.freenode.net
25 Jan 03:46:01 - QUIT: Dunedan!~dunedan@unaffiliated/dunedan Ping timeout: 265 seconds
25 Jan 03:46:38 - SEND: PONG hobana.freenode.net
25 Jan 03:48:58 - SEND: PONG hobana.freenode.net
25 Jan 03:51:18 - SEND: PONG hobana.freenode.net
25 Jan 03:53:38 - SEND: PONG hobana.freenode.net
25 Jan 03:53:57 - QUIT: ferdna!~ferdna@68-73-71-246.lightspeed.elpstx.sbcglobal.net Quit: Leaving
25 Jan 03:55:58 - SEND: PONG hobana.freenode.net
25 Jan 03:58:18 - SEND: PONG hobana.freenode.net
25 Jan 04:00:38 - SEND: PONG hobana.freenode.net
25 Jan 04:02:58 - SEND: PONG hobana.freenode.net
25 Jan 04:05:18 - SEND: PONG hobana.freenode.net
25 Jan 04:07:38 - SEND: PONG hobana.freenode.net
25 Jan 04:09:58 - SEND: PONG hobana.freenode.net
25 Jan 04:12:18 - SEND: PONG hobana.freenode.net
25 Jan 04:14:38 - SEND: PONG hobana.freenode.net
25 Jan 04:16:58 - SEND: PONG hobana.freenode.net
25 Jan 04:19:18 - SEND: PONG hobana.freenode.net
25 Jan 04:21:38 - SEND: PONG hobana.freenode.net
25 Jan 04:23:58 - SEND: PONG hobana.freenode.net
25 Jan 04:26:18 - SEND: PONG hobana.freenode.net
25 Jan 04:28:38 - SEND: PONG hobana.freenode.net
25 Jan 04:30:58 - SEND: PONG hobana.freenode.net
25 Jan 04:33:18 - SEND: PONG hobana.freenode.net
25 Jan 04:35:38 - SEND: PONG hobana.freenode.net
25 Jan 04:37:58 - SEND: PONG hobana.freenode.net
25 Jan 04:40:18 - SEND: PONG hobana.freenode.net
25 Jan 04:42:38 - SEND: PONG hobana.freenode.net
25 Jan 04:44:32 - QUIT: paulschellin!~paulschel@osuosc/paulschellin Remote host closed the connection
25 Jan 04:44:58 - SEND: PONG hobana.freenode.net
25 Jan 04:47:03 - QUIT: comptroller!~comptroll@47-213-225-245.paolcmtc01.res.dyn.suddenlink.net Excess Flood
25 Jan 04:47:18 - SEND: PONG hobana.freenode.net
25 Jan 04:49:38 - SEND: PONG hobana.freenode.net
25 Jan 04:51:58 - SEND: PONG hobana.freenode.net
25 Jan 04:54:18 - SEND: PONG hobana.freenode.net
25 Jan 04:54:28 - QUIT: paulschellin!~paulschel@174-16-166-48.hlrn.qwest.net Changing host
25 Jan 04:56:38 - SEND: PONG hobana.freenode.net
25 Jan 04:58:58 - SEND: PONG hobana.freenode.net
25 Jan 04:58:59 - QUIT: paulschellin!~paulschel@osuosc/paulschellin Ping timeout: 240 seconds
25 Jan 05:01:18 - SEND: PONG hobana.freenode.net
25 Jan 05:03:38 - SEND: PONG hobana.freenode.net
25 Jan 05:05:58 - SEND: PONG hobana.freenode.net
25 Jan 05:08:18 - SEND: PONG hobana.freenode.net
25 Jan 05:10:29 - QUIT: ketas!~ketas@73-212-191-90.dyn.estpak.ee Ping timeout: 240 seconds
25 Jan 05:10:38 - SEND: PONG hobana.freenode.net
25 Jan 05:12:58 - SEND: PONG hobana.freenode.net
25 Jan 05:15:18 - SEND: PONG hobana.freenode.net
25 Jan 05:17:38 - SEND: PONG hobana.freenode.net
25 Jan 05:19:58 - SEND: PONG hobana.freenode.net
25 Jan 05:22:18 - SEND: PONG hobana.freenode.net
25 Jan 05:24:38 - SEND: PONG hobana.freenode.net
25 Jan 05:26:58 - SEND: PONG hobana.freenode.net
25 Jan 05:27:34 - QUIT: paulschellin!~paulschel@osuosc/paulschellin Client Quit
25 Jan 05:28:47 - QUIT: rizzo!~RizzoTheR@p54B6BDA4.dip0.t-ipconnect.de Ping timeout: 246 seconds
25 Jan 05:29:18 - SEND: PONG hobana.freenode.net
25 Jan 05:31:38 - SEND: PONG hobana.freenode.net
25 Jan 05:33:58 - SEND: PONG hobana.freenode.net
25 Jan 05:36:18 - SEND: PONG hobana.freenode.net
25 Jan 05:38:38 - SEND: PONG hobana.freenode.net
25 Jan 05:40:16 - QUIT: fasle!~fasle@vmd16733.contaboserver.net Quit: WeeChat 2.0.1
25 Jan 05:40:58 - SEND: PONG hobana.freenode.net
25 Jan 05:43:18 - SEND: PONG hobana.freenode.net
25 Jan 05:45:38 - SEND: PONG hobana.freenode.net
25 Jan 05:47:58 - SEND: PONG hobana.freenode.net
25 Jan 05:50:18 - SEND: PONG hobana.freenode.net
25 Jan 05:52:38 - SEND: PONG hobana.freenode.net
25 Jan 05:54:58 - SEND: PONG hobana.freenode.net
25 Jan 05:57:18 - SEND: PONG hobana.freenode.net
25 Jan 05:59:38 - SEND: PONG hobana.freenode.net
25 Jan 06:01:58 - SEND: PONG hobana.freenode.net
25 Jan 06:02:06 - QUIT: bradfa!~andrew@clr-vpn01.kodakalaris.com Ping timeout: 240 seconds
25 Jan 06:04:18 - SEND: PONG hobana.freenode.net
25 Jan 06:04:27 - NICK: ketas changes nick to ketas-
25 Jan 06:06:38 - SEND: PONG hobana.freenode.net
25 Jan 06:08:58 - SEND: PONG hobana.freenode.net
25 Jan 06:11:18 - SEND: PONG hobana.freenode.net
25 Jan 06:13:38 - SEND: PONG hobana.freenode.net
25 Jan 06:15:58 - SEND: PONG hobana.freenode.net
25 Jan 06:16:11 - QUIT: ketas-!~ketas@0011-0000-0000-0000-35dc-8408-07d0-2001.dyn.estpak.ee 
25 Jan 06:18:18 - SEND: PONG hobana.freenode.net
25 Jan 06:20:38 - SEND: PONG hobana.freenode.net
25 Jan 06:22:58 - SEND: PONG hobana.free