[Tue Jan 30 2018 00:00:01 GMT+0000 (UTC)] INFO Connecting...
30 Jan 00:00:01 - Sending irc NICK/USER
30 Jan 00:00:01 - SEND: CAP REQ sasl
30 Jan 00:00:02 - SEND: NICK beagleslackbot
30 Jan 00:00:02 - SEND: USER beagleslackbot 8 * :BeagleBoard.org Slack Bot
30 Jan 00:00:11 - SEND: NICK beagleslackbot1
30 Jan 00:00:12 - [01;31mUnhandled message: { prefix: 'tolkien.freenode.net',
  server: 'tolkien.freenode.net',
  command: '900',
  rawCommand: '900',
  commandType: 'normal',
  args: 
   [ 'beagleslackbot1',
     'beagleslackbot1!beagleslac@ec2-52-26-75-20.us-west-2.compute.amazonaws.com',
     'beagleslackbot',
     'You are now logged in as beagleslackbot.' ] }[0m
30 Jan 00:00:13 - SEND: CAP END
30 Jan 00:00:13 - [01;31mUnhandled message: { prefix: 'tolkien.freenode.net',
  server: 'tolkien.freenode.net',
  command: 'rpl_luserunknown',
  rawCommand: '253',
  commandType: 'reply',
  args: [ 'beagleslackbot1', '19', 'unknown connection(s)' ] }[0m
30 Jan 00:00:13 - MODE: beagleslackbot1 sets mode: +i
30 Jan 00:00:13 - SEND: PRIVMSG NickServ :IDENTIFY Gab$b4123z
30 Jan 00:00:14 - SEND: NICK beagleslackbot
30 Jan 00:00:14 - SEND: JOIN #beagle
30 Jan 00:00:15 - SEND: JOIN #beagle-gsoc
30 Jan 00:00:15 - SEND: JOIN #beagle-mentors
30 Jan 00:00:16 - SEND: JOIN #beagle-support
30 Jan 00:00:16 - SEND: JOIN #beagle-bonescript
30 Jan 00:00:17 - SEND: JOIN #beagle-pro
30 Jan 00:00:19 - NICK: beagleslackbot1 changes nick to beagleslackbot
30 Jan 00:00:19 - SEND: MODE #beagle
30 Jan 00:00:19 - GOT NOTICE from "NickServ": "beagleslackbot1 is not a registered nickname."
30 Jan 00:00:20 - [01;31mUnhandled message: { prefix: 'services.',
  server: 'services.',
  command: '328',
  rawCommand: '328',
  commandType: 'normal',
  args: [ 'beagleslackbot', '#beagle', 'http://beagleboard.org' ] }[0m
30 Jan 00:00:20 - SEND: MODE #beagle-gsoc
30 Jan 00:00:20 - SEND: MODE #beagle-mentors
30 Jan 00:00:21 - SEND: MODE #beagle-support
30 Jan 00:00:21 - SEND: MODE #beagle-bonescript
30 Jan 00:00:22 - SEND: MODE #beagle-pro
30 Jan 00:02:48 - SEND: PONG tolkien.freenode.net
30 Jan 00:04:55 - SEND: PONG tolkien.freenode.net
30 Jan 00:07:03 - SEND: PONG tolkien.freenode.net
30 Jan 00:09:12 - SEND: PONG tolkien.freenode.net
30 Jan 00:10:14 - QUIT: m_w!~Michael@173-22-246-196.client.mchsi.com Quit: Leaving
30 Jan 00:11:19 - SEND: PONG tolkien.freenode.net
30 Jan 00:13:27 - SEND: PONG tolkien.freenode.net
30 Jan 00:15:36 - SEND: PONG tolkien.freenode.net
30 Jan 00:17:43 - SEND: PONG tolkien.freenode.net
30 Jan 00:19:51 - SEND: PONG tolkien.freenode.net
30 Jan 00:21:59 - SEND: PONG tolkien.freenode.net
30 Jan 00:24:08 - SEND: PONG tolkien.freenode.net
30 Jan 00:26:15 - SEND: PONG tolkien.freenode.net
30 Jan 00:28:23 - SEND: PONG tolkien.freenode.net
30 Jan 00:30:32 - SEND: PONG tolkien.freenode.net
30 Jan 00:32:39 - SEND: PONG tolkien.freenode.net
30 Jan 00:34:47 - SEND: PONG tolkien.freenode.net
30 Jan 00:36:56 - SEND: PONG tolkien.freenode.net
30 Jan 00:39:03 - SEND: PONG tolkien.freenode.net
30 Jan 00:41:11 - SEND: PONG tolkien.freenode.net
30 Jan 00:43:20 - SEND: PONG tolkien.freenode.net
30 Jan 00:45:27 - SEND: PONG tolkien.freenode.net
30 Jan 00:47:35 - SEND: PONG tolkien.freenode.net
30 Jan 00:49:44 - SEND: PONG tolkien.freenode.net
30 Jan 00:51:51 - SEND: PONG tolkien.freenode.net
30 Jan 00:53:59 - SEND: PONG tolkien.freenode.net
30 Jan 00:55:59 - QUIT: florian!~florian_k@Maemo/community/contributor/florian Ping timeout: 240 seconds
30 Jan 00:56:07 - SEND: PONG tolkien.freenode.net
30 Jan 00:58:15 - SEND: PONG tolkien.freenode.net
30 Jan 01:00:23 - SEND: PONG tolkien.freenode.net
30 Jan 01:02:31 - SEND: PONG tolkien.freenode.net
30 Jan 01:02:52 - QUIT: tonokip!~quassel@24-159-82-190.static.jcsn.tn.charter.com Ping timeout: 246 seconds
30 Jan 01:04:39 - SEND: PONG tolkien.freenode.net
30 Jan 01:06:47 - SEND: PONG tolkien.freenode.net
30 Jan 01:08:55 - SEND: PONG tolkien.freenode.net
30 Jan 01:11:04 - SEND: PONG tolkien.freenode.net
30 Jan 01:13:11 - SEND: PONG tolkien.freenode.net
30 Jan 01:15:19 - SEND: PONG tolkien.freenode.net
30 Jan 01:17:28 - SEND: PONG tolkien.freenode.net
30 Jan 01:19:35 - SEND: PONG tolkien.freenode.net
30 Jan 01:21:43 - SEND: PONG tolkien.freenode.net
30 Jan 01:23:52 - SEND: PONG tolkien.freenode.net
30 Jan 01:25:59 - SEND: PONG tolkien.freenode.net
30 Jan 01:26:14 - QUIT: rizzo!~RizzoTheR@p54B6BDA4.dip0.t-ipconnect.de Ping timeout: 268 seconds
30 Jan 01:28:07 - SEND: PONG tolkien.freenode.net
30 Jan 01:30:15 - SEND: PONG tolkien.freenode.net
30 Jan 01:32:23 - SEND: PONG tolkien.freenode.net
30 Jan 01:34:31 - SEND: PONG tolkien.freenode.net
30 Jan 01:36:39 - SEND: PONG tolkien.freenode.net
30 Jan 01:38:47 - SEND: PONG tolkien.freenode.net
30 Jan 01:40:55 - SEND: PONG tolkien.freenode.net
30 Jan 01:43:03 - SEND: PONG tolkien.freenode.net
30 Jan 01:45:11 - SEND: PONG tolkien.freenode.net
30 Jan 01:47:19 - SEND: PONG tolkien.freenode.net
30 Jan 01:49:27 - SEND: PONG tolkien.freenode.net
30 Jan 01:51:36 - SEND: PONG tolkien.freenode.net
30 Jan 01:53:43 - SEND: PONG tolkien.freenode.net
30 Jan 01:55:51 - SEND: PONG tolkien.freenode.net
30 Jan 01:56:14 - QUIT: ayjay_t!ajp@24-181-188-142.dhcp.nwtn.ct.charter.com Read error: Connection reset by peer
30 Jan 01:58:00 - SEND: PONG tolkien.freenode.net
30 Jan 01:58:42 - QUIT: chomwitt!~chomwitt@2a02:587:dc08:a00:1054:96fe:3d37:e5e9 Ping timeout: 240 seconds
30 Jan 02:00:07 - SEND: PONG tolkien.freenode.net
30 Jan 02:02:15 - SEND: PONG tolkien.freenode.net
30 Jan 02:04:23 - SEND: PONG tolkien.freenode.net
30 Jan 02:06:31 - SEND: PONG tolkien.freenode.net
30 Jan 02:08:39 - SEND: PONG tolkien.freenode.net
30 Jan 02:10:47 - SEND: PONG tolkien.freenode.net
30 Jan 02:12:55 - SEND: PONG tolkien.freenode.net
30 Jan 02:15:03 - SEND: PONG tolkien.freenode.net
30 Jan 02:17:11 - SEND: PONG tolkien.freenode.net
30 Jan 02:19:19 - SEND: PONG tolkien.freenode.net
30 Jan 02:21:27 - SEND: PONG tolkien.freenode.net
30 Jan 02:22:04 - QUIT: tonokip!~quassel@24-159-82-190.static.jcsn.tn.charter.com Ping timeout: 240 seconds
30 Jan 02:23:35 - SEND: PONG tolkien.freenode.net
30 Jan 02:24:08 - QUIT: zarzar!~zarzar@cpe-75-177-76-187.triad.res.rr.com Ping timeout: 256 seconds
30 Jan 02:25:43 - SEND: PONG tolkien.freenode.net
30 Jan 02:27:51 - SEND: PONG tolkien.freenode.net
30 Jan 02:29:59 - SEND: PONG tolkien.freenode.net
30 Jan 02:32:08 - SEND: PONG tolkien.freenode.net
30 Jan 02:34:15 - SEND: PONG tolkien.freenode.net
30 Jan 02:36:23 - SEND: PONG tolkien.freenode.net
30 Jan 02:38:31 - SEND: PONG tolkien.freenode.net
30 Jan 02:40:39 - SEND: PONG tolkien.freenode.net
30 Jan 02:42:47 - SEND: PONG tolkien.freenode.net
30 Jan 02:44:42 - QUIT: rthille-ciena!~rthille@67.59.199.241 Ping timeout: 240 seconds
30 Jan 02:44:55 - SEND: PONG tolkien.freenode.net
30 Jan 02:45:40 - QUIT: Humpelst1lzchen!erik@p4FD033F5.dip0.t-ipconnect.de Ping timeout: 256 seconds
30 Jan 02:47:03 - SEND: PONG tolkien.freenode.net
30 Jan 02:49:11 - SEND: PONG tolkien.freenode.net
30 Jan 02:51:19 - SEND: PONG tolkien.freenode.net
30 Jan 02:52:44 - QUIT: knttl!~knttl@dyndsl-091-096-018-100.ewe-ip-backbone.de Ping timeout: 260 seconds
30 Jan 02:53:27 - SEND: PONG tolkien.freenode.net
30 Jan 02:55:35 - SEND: PONG tolkien.freenode.net
30 Jan 02:57:43 - SEND: PONG tolkien.freenode.net
30 Jan 02:59:51 - SEND: PONG tolkien.freenode.net
30 Jan 03:01:59 - SEND: PONG tolkien.freenode.net
30 Jan 03:04:07 - SEND: PONG tolkien.freenode.net
30 Jan 03:06:15 - SEND: PONG tolkien.freenode.net
30 Jan 03:08:23 - SEND: PONG tolkien.freenode.net
30 Jan 03:10:31 - SEND: PONG tolkien.freenode.net
30 Jan 03:12:39 - SEND: PONG tolkien.freenode.net
30 Jan 03:14:47 - SEND: PONG tolkien.freenode.net
30 Jan 03:16:55 - SEND: PONG tolkien.freenode.net
30 Jan 03:19:03 - SEND: PONG tolkien.freenode.net
30 Jan 03:21:11 - SEND: PONG tolkien.freenode.net
30 Jan 03:23:19 - SEND: PONG tolkien.freenode.net
30 Jan 03:25:27 - SEND: PONG tolkien.freenode.net
30 Jan 03:27:35 - SEND: PONG tolkien.freenode.net
30 Jan 03:27:46 - QUIT: xythobuz!~xythobuz@p200300C77BC3400025156FC1761F6A4C.dip0.t-ipconnect.de Ping timeout: 246 seconds
30 Jan 03:29:43 - SEND: PONG tolkien.freenode.net
30 Jan 03:31:51 - SEND: PONG tolkien.freenode.net
30 Jan 03:33:59 - SEND: PONG tolkien.freenode.net
30 Jan 03:36:07 - SEND: PONG tolkien.freenode.net
30 Jan 03:38:15 - SEND: PONG tolkien.freenode.net
30 Jan 03:40:23 - SEND: PONG tolkien.freenode.net
30 Jan 03:41:46 - QUIT: Dunedan_!~dunedan@unaffiliated/dunedan Ping timeout: 265 seconds
30 Jan 03:42:31 - SEND: PONG tolkien.freenode.net
30 Jan 03:44:39 - SEND: PONG tolkien.freenode.net
30 Jan 03:46:47 - SEND: PONG tolkien.freenode.net
30 Jan 03:48:55 - SEND: PONG tolkien.freenode.net
30 Jan 03:51:03 - SEND: PONG tolkien.freenode.net
30 Jan 03:53:11 - SEND: PONG tolkien.freenode.net
30 Jan 03:55:19 - SEND: PONG tolkien.freenode.net
30 Jan 03:55:33 - QUIT: NickParker!~kvirc@rrcs-24-213-201-201.nys.biz.rr.com Read error: Connection reset by peer
30 Jan 03:57:27 - SEND: PONG tolkien.freenode.net
30 Jan 03:59:35 - SEND: PONG tolkien.freenode.net
30 Jan 04:01:43 - SEND: PONG tolkien.freenode.net
30 Jan 04:03:51 - SEND: PONG tolkien.freenode.net
30 Jan 04:05:59 - SEND: PONG tolkien.freenode.net
30 Jan 04:08:07 - SEND: PONG tolkien.freenode.net
30 Jan 04:10:15 - SEND: PONG tolkien.freenode.net
30 Jan 04:12:23 - SEND: PONG tolkien.freenode.net
30 Jan 04:14:31 - SEND: PONG tolkien.freenode.net
30 Jan 04:15:46 - QUIT: jsolano!~juan@aftr-88-217-180-101.dynamic.mnet-online.de Ping timeout: 256 seconds
30 Jan 04:16:39 - SEND: PONG tolkien.freenode.net
30 Jan 04:18:47 - SEND: PONG tolkien.freenode.net
30 Jan 04:20:55 - SEND: PONG tolkien.freenode.net
30 Jan 04:23:03 - SEND: PONG tolkien.freenode.net
30 Jan 04:25:11 - SEND: PONG tolkien.freenode.net
30 Jan 04:27:19 - SEND: PONG tolkien.freenode.net
30 Jan 04:29:27 - SEND: PONG tolkien.freenode.net
30 Jan 04:31:35 - SEND: PONG tolkien.freenode.net
30 Jan 04:33:43 - SEND: PONG tolkien.freenode.net
30 Jan 04:35:51 - SEND: PONG tolkien.freenode.net
30 Jan 04:37:59 - SEND: PONG tolkien.freenode.net
30 Jan 04:40:07 - SEND: PONG tolkien.freenode.net
30 Jan 04:42:15 - SEND: PONG tolkien.freenode.net
30 Jan 04:44:23 - SEND: PONG tolkien.freenode.net
30 Jan 04:46:31 - SEND: PONG tolkien.freenode.net
30 Jan 04:48:39 - SEND: PONG tolkien.freenode.net
30 Jan 04:49:46 - QUIT: behanw!uid110099@gateway/web/irccloud.com/x-kljlzwshwbobrsnr Quit: Connection closed for inactivity
30 Jan 04:50:47 - SEND: PONG tolkien.freenode.net
30 Jan 04:52:55 - SEND: PONG tolkien.freenode.net
30 Jan 04:55:03 - SEND: PONG tolkien.freenode.net
30 Jan 04:57:11 - SEND: PONG tolkien.freenode.net
30 Jan 04:59:19 - SEND: PONG tolkien.freenode.net
30 Jan 05:01:27 - SEND: PONG tolkien.freenode.net
30 Jan 05:03:35 - SEND: PONG tolkien.freenode.net
30 Jan 05:05:43 - SEND: PONG tolkien.freenode.net
30 Jan 05:07:51 - SEND: PONG tolkien.freenode.net
30 Jan 05:09:59 - SEND: PONG tolkien.freenode.net
30 Jan 05:12:07 - SEND: PONG tolkien.freenode.net
30 Jan 05:14:15 - SEND: PONG tolkien.freenode.net
30 Jan 05:16:23 - SEND: PONG tolkien.freenode.net
30 Jan 05:18:31 - SEND: PONG tolkien.freenode.net
30 Jan 05:20:39 - SEND: PONG tolkien.freenode.net
30 Jan 05:22:47 - SEND: PONG tolkien.freenode.net
30 Jan 05:24:55 - SEND: PONG tolkien.freenode.net
30 Jan 05:27:03 - SEND: PONG tolkien.freenode.net
30 Jan 05:29:11 - SEND: PONG tolkien.freenode.net
30 Jan 05:31:19 - SEND: PONG tolkien.freenode.net
30 Jan 05:33:27 - SEND: PONG tolkien.freenode.net
30 Jan 05:35:35 - SEND: PONG tolkien.freenode.net
30 Jan 05:37:43 - SEND: PONG tolkien.freenode.net
30 Jan 05:39:51 - SEND: PONG tolkien.freenode.net
30 Jan 05:41:59 - SEND: PONG tolkien.freenode.net
30 Jan 05:44:07 - SEND: PONG tolkien.freenode.net
30 Jan 05:46:15 - SEND: PONG tolkien.freenode.net
30 Jan 05:48:23 - SEND: PONG tolkien.freenode.net
30 Jan 05:50:31 - SEND: PONG tolkien.freenode.net
30 Jan 05:52:39 - SEND: PONG tolkien.freenode.net
30 Jan 05:54:47 - SEND: PONG tolkien.freenode.net
30 Jan 05:56:55 - SEND: PONG tolkien.freenode.net
30 Jan 05:59:03 - SEND: PONG tolkien.freenode.net
30 Jan 06:01:11 - SEND: PONG tolkien.freenode.net
30 Jan 06:03:19 - SEND: PONG tolkien.freenode.net
30 Jan 06:05:27 - SEND: PONG tolkien.freenode.net
30 Jan 06:07:35 - SEND: PONG tolkien.freenode.net
30 Jan 06:09:43 - SEND: PONG tolkien.freenode.net
30 Jan 06:11:51 - SEND: PONG tolkien.freenode.net
30 Jan 06:13:59 - SEND: PONG tolkien.freenode.net
30 Jan 06:16:07 - SEND: PONG tolkien.freenode.net
30 Jan 06:18:15 - SEND: PONG tolkien.freenode.net
30 Jan 06:20:23 - SEND: PONG tolkien.freenode.net
30 Jan 06:22:31 - SEND: PONG tolkien.freenode.net
30 Jan 06:24:39 - SEND: PONG tolkien.freenode.net
30 Jan 06:26:47 - SEND: PONG tolkien.freenode.net
30 Jan 06:28:55 - SEND: PONG tolkien.freenode.net
30 Jan 06:31:03 - SEND: PONG tolkien.freenode.net
30 Jan 06:33:11 - SEND: PONG tolkien.freenode.net
30 Jan 06:35:19 - SEND: PONG tolkien.freenode.net
30 Jan 06:37:27 - SEND: PONG tolkien.freenode.net
30 Jan 06:39:35 - SEND: PONG tolkien.freenode.net
30 Jan 06:41:43 - SEND: PONG tolkien.freenode.net
30 Jan 06:43:51 - SEND: PONG tolkien.freenode.net
30 Jan 06:45:59 - SEND: PONG tolkien.freenode.net
30 Jan 06:48:07 - SEND: PONG tolkien.freenode.net
30 Jan 06:50:15 - SEND: PONG tolkien.freenode.net
30 Jan 06:52:23 - SEND: PONG tolkien.freenode.net
30 Jan 06:54:31 - SEND: PONG tolkien.freenode.net
30 Jan 06:56:39 - SEND: PONG tolkien.freenode.net
30 Jan 06:58:47 - SEND: PONG tolkien.freenode.net
30 Jan 07:00:49 - QUIT: madaari_!uid221984@gateway/web/irccloud.com/x-nrwqnpnzesgdjnxl Quit: Connection closed for inactivity
30 Jan 07:00:55 - SEND: PONG tolkien.freenode.net
30 Jan 07:03:03 - SEND: PONG tolkien.freenode.net
30 Jan 07:05:11 - SEND: PONG tolkien.freenode.net
30 Jan 07:06:42 - QUIT: runde!uid228344@gateway/web/irccloud.com/x-lnchnebcvfjowkfi Ping timeout: 265 seconds
30 Jan 07:07:19 - SEND: PONG tolkien.freenode.net
30 Jan 07:09:27 - SEND: PONG tolkien.freenode.net
30 Jan 07:11:35 - SEND: PONG tolkien.freenode.net
30 Jan 07:13:43 - SEND: PONG tolkien.freenode.net
30 Jan 07:15:51 - SEND: PONG tolkien.freenode.net
30 Jan 07:17:59 - SEND: PONG tolkien.freenode.net
30 Jan 07:20:07 - SEND: PONG tolkien.freenode.net
30 Jan 07:22:15 - SEND: PONG tolkien.freenode.net
30 Jan 07:24:23 - SEND: PONG tolkien.freenode.net
30 Jan 07:26:31 - SEND: PONG tolkien.freenode.net
30 Jan 07:28:39 - SEND: PONG tolkien.freenode.net
30 Jan 07:30:47 - SEND: PONG tolkien.freenode.net
30 Jan 07:32:55 - SEND: PONG tolkien.freenode.net
30 Jan 07:35:03 - SEND: PONG tolkien.freenode.net
30 Jan 07:37:11 - SEND: PONG tolkien.freenode.net
30 Jan 07:39:19 - SEND: PONG tolkien.freenode.net
30 Jan 07:41:27 - SEND: PONG tolkien.freenode.net
30 Jan 07:43:35 - SEND: PONG tolkien.freenode.net
30 Jan 07:45:43 - SEND: PONG tolkien.freenode.net
30 Jan 07:47:51 - SEND: PONG tolkien.freenode.net
30 Jan 07:49:59 - SEND: PONG tolkien.freenode.net
30 Jan 07:52:07 - SEND: PONG tolkien.freenode.net
30 Jan 07:54:15 - SEND: PONG tolkien.freenode.net
30 Jan 07:56:23 - SEND: PONG tolkien.freenode.net
30 Jan 07:58:31 - SEND: PONG tolkien.freenode.net
30 Jan 08:00:39 - SEND: PONG tolkien.freenode.net
30 Jan 08:02:47 - SEND: PONG tolkien.freenode.net
30 Jan 08:04:52 - QUIT: ayjay_t!ajp@24-181-188-142.dhcp.nwtn.ct.charter.com Read error: Connection reset by peer
30 Jan 08:04:55 - SEND: PONG tolkien.freenode.net
30 Jan 08:07:03 - SEND: PONG tolkien.freenode.net
30 Jan 08:09:11 - SEND: PONG tolkien.freenode.net
30 Jan 08:11:19 - SEND: PONG tolkien.freenode.net
30 Jan 08:13:27 - SEND: PONG tolkien.freenode.net
30 Jan 08:15:35 - SEND: PONG tolkien.freenode.net
30 Jan 08:17:43 - SEND: PONG tolkien.freenode.net
30 Jan 08:19:51 - SEND: PONG tolkien.freenode.net
30 Jan 08:21:59 - SEND: PONG tolkien.freenode.net
30 Jan 08:22:31 - QUIT: NulL`!~bleh1@87.254.84.6 Ping timeout: 256 seconds
30 Jan 08:24:07 - SEND: PONG tolkien.freenode.net
30 Jan 08:26:15 - SEND: PONG tolkien.freenode.net
30 Jan 08:28:23 - SEND: PONG tolkien.freenode.net
30 Jan 08:30:31 - SEND: PONG tolkien.freenode.net
30 Jan 08:32:39 - SEND: PONG tolkien.freenode.net
30 Jan 08:34:34 - QUIT: av500!~av500@2003:a:174:e400:224:8cff:fe9f:d658 Remote host closed the connection
30 Jan 08:34:47 - SEND: PONG tolkien.freenode.net
30 Jan 08:34:52 - MODE: #beagle sets mode: +o
30 Jan 08:34:52 - MODE: #beagle-mentors sets mode: +o
30 Jan 08:36:55 - SEND: PONG tolkien.freenode.net
30 Jan 08:39:03 - SEND: PONG tolkien.freenode.net
30 Jan 08:39:45 - QUIT: ferdna!~ferdna@68-73-71-246.lightspeed.elpstx.sbcglobal.net Quit: Leaving
30 Jan 08:41:11 - SEND: PONG tolkien.freenode.net
30 Jan 08:43:19 - SEND: PONG tolkien.freenode.net
30 Jan 08:45:27 - SEND: PONG tolkien.freenode.net
30 Jan 08:47:35 - SEND: PONG tolkien.freenode.net
30 Jan 08:49:43 - SEND: PONG tolkien.freenode.net
30 Jan 08:51:51 - SEND: PONG tolkien.freenode.net
30 Jan 08:53:59 - SEND: PONG tolkien.freenode.net
30 Jan 08:56:07 - SEND: PONG tolkien.freenode.net
30 Jan 08:58:15 - SEND: PONG tolkien.freenode.net
30 Jan 09:00:23 - SEND: PONG tolkien.freenode.net
30 Jan 09:02:01 - QUIT: Alkabal_!~Alkabal2@static-89-94-66-214.axione.abo.bbox.fr Read error: Connection reset by peer
30 Jan 09:02:31 - SEND: PONG tolkien.freenode.net
30 Jan 09:04:39 - SEND: PONG tolkien.freenode.net
30 Jan 09:06:47 - SEND: PONG tolkien.freenode.net
30 Jan 09:08:55 - SEND: PONG tolkien.freenode.net
30 Jan 09:11:03 - SEND: PONG tolkien.freenode.net
30 Jan 09:13:11 - SEND: PONG tolkien.freenode.net
30 Jan 09:15:19 - SEND: PONG tolkien.freenode.net
30 Jan 09:17:27 - SEND: PONG tolkien.freenode.net
30 Jan 09:19:35 - SEND: PONG tolkien.freenode.net
30 Jan 09:21:43 - SEND: PONG tolkien.freenode.net
30 Jan 09:23:51 - SEND: PONG tolkien.freenode.net
30 Jan 09:25:59 - SEND: PONG tolkien.freenode.net
30 Jan 09:28:07 - SEND: PONG tolkien.freenode.net
30 Jan 09:28:25 - QUIT: Shadyman!~matthew@unaffiliated/shadyman Quit: Leaving.
30 Jan 09:30:15 - SEND: PONG tolkien.freenode.net
30 Jan 09:32:23 - SEND: PONG tolkien.freenode.net
30 Jan 09:34:31 - SEND: PONG tolkien.freenode.net
30 Jan 09:36:39 - SEND: PONG tolkien.freenode.net
30 Jan 09:38:47 - SEND: PONG tolkien.freenode.net
30 Jan 09:40:55 - SEND: PONG tolkien.freenode.net
30 Jan 09:43:03 - SEND: PONG tolkien.freenode.net
30 Jan 09:45:11 - SEND: PONG tolkien.freenode.net
30 Jan 09:47:19 - SEND: PONG tolkien.freenode.net
30 Jan 09:49:27 - SEND: PONG tolkien.freenode.net
30 Jan 09:50:26 - QUIT: Thomas__!51d83be2@gateway/web/freenode/ip.81.216.59.226 Client Quit
30 Jan 09:51:35 - SEND: PONG tolkien.freenode.net
30 Jan 09:53:43 - SEND: PONG tolkien.freenode.net
30 Jan 09:55:51 - SEND: PONG tolkien.freenode.net
30 Jan 09:57:59 - SEND: PONG tolkien.freenode.net
30 Jan 09:58:28 - QUIT: Ceriand|desktop!~Ceriand@unaffiliated/ceriand Quit: Leaving.
30 Jan 10:00:07 - SEND: PONG tolkien.freenode.net
30 Jan 10:02:15 - SEND: PONG tolkien.freenode.net
30 Jan 10:04:23 - SEND: PONG tolkien.freenode.net
30 Jan 10:06:31 - SEND: PONG tolkien.freenode.net
30 Jan 10:08:39 - SEND: PONG tolkien.freenode.net
30 Jan 10:10:47 - SEND: PONG tolkien.freenode.net
30 Jan 10:12:55 - SEND: PONG tolkien.freenode.net
30 Jan 10:15:03 - SEND: PONG tolkien.freenode.net
30 Jan 10:17:11 - SEND: PONG tolkien.freenode.net
30 Jan 10:19:19 - SEND: PONG tolkien.freenode.net
30 Jan 10:21:27 - SEND: PONG tolkien.freenode.net
30 Jan 10:23:35 - SEND: PONG tolkien.freenode.net
30 Jan 10:25:43 - SEND: PONG tolkien.freenode.net
30 Jan 10:27:51 - SEND: PONG tolkien.freenode.net
30 Jan 10:29:59 - SEND: PONG tolkien.freenode.net
30 Jan 10:32:07 - SEND: PONG tolkien.freenode.net
30 Jan 10:34:15 - SEND: PONG tolkien.freenode.net
30 Jan 10:35:00 - QUIT: dimmu!51d83be2@gateway/web/freenode/ip.81.216.59.226 Quit: Page closed
30 Jan 10:36:23 - SEND: PONG tolkien.freenode.net
30 Jan 10:38:31 - SEND: PONG tolkien.freenode.net
30 Jan 10:40:14 - QUIT: LarreaMikel!~Thunderbi@158.227.0.241 Quit: LarreaMikel
30 Jan 10:40:39 - SEND: PONG tolkien.freenode.net
30 Jan 10:42:47 - SEND: PONG tolkien.freenode.net
30 Jan 10:43:09 - QUIT: yegorich!~yegorich@mail.visionsystems.de Read error: Connection reset by peer
30 Jan 10:44:55 - SEND: PONG tolkien.freenode.net
30 Jan 10:47:03 - SEND: PONG tolkien.freenode.net
30 Jan 10:49:11 - SEND: PONG tolkien.freenode.net
30 Jan 10:51:19 - SEND: PONG tolkien.freenode.net
30 Jan 10:53:27 - SEND: PONG tolkien.freenode.net
30 Jan 10:55:35 - SEND: PONG tolkien.freenode.net
30 Jan 10:57:43 - SEND: PONG tolkien.freenode.net
30 Jan 10:59:51 - SEND: PONG tolkien.freenode.net
30 Jan 11:01:17 - QUIT: darkdust!5cdac023@gateway/web/freenode/ip.92.218.192.35 Quit: Page closed
30 Jan 11:01:59 - SEND: PONG tolkien.freenode.net
30 Jan 11:04:07 - SEND: PONG tolkien.freenode.net
30 Jan 11:06:15 - SEND: PONG tolkien.freenode.net
30 Jan 11:08:23 - SEND: PONG tolkien.freenode.net
30 Jan 11:10:31 - SEND: PONG tolkien.freenode.net
30 Jan 11:12:39 - SEND: PONG tolkien.freenode.net
30 Jan 11:14:47 - SEND: PONG tolkien.freenode.net
30 Jan 11:16:55 - SEND: PONG tolkien.freenode.net
30 Jan 11:19:03 - SEND: PONG tolkien.freenode.net
30 Jan 11:21:11 - SEND: PONG tolkien.freenode.net
30 Jan 11:23:19 - SEND: PONG tolkien.freenode.net
30 Jan 11:23:33 - QUIT: aitha!0e8bf1db@gateway/web/freenode/ip.14.139.241.219 Ping timeout: 260 seconds
30 Jan 11:25:27 - SEND: PONG tolkien.freenode.net
30 Jan 11:27:35 - SEND: PONG tolkien.freenode.net
30 Jan 11:29:42 - SEND: PONG tolkien.freenode.net
30 Jan 11:31:51 - SEND: PONG tolkien.freenode.net
30 Jan 11:33:59 - SEND: PONG tolkien.freenode.net
30 Jan 11:36:07 - SEND: PONG tolkien.freenode.net
30 Jan 11:38:15 - SEND: PONG tolkien.freenode.net
30 Jan 11:40:23 - SEND: PONG tolkien.freenode.net
30 Jan 11:42:31 - SEND: PONG tolkien.freenode.net
30 Jan 11:44:39 - SEND: PONG tolkien.freenode.net
30 Jan 11:44:41 - QUIT: Alkabal!~Alkabal2@static-89-94-66-214.axione.abo.bbox.fr Ping timeout: 240 seconds
30 Jan 11:46:47 - SEND: PONG tolkien.freenode.net
30 Jan 11:48:55 - SEND: PONG tolkien.freenode.net
30 Jan 11:51:03 - SEND: PONG tolkien.freenode.net
30 Jan 11:53:11 - SEND: PONG tolkien.freenode.net
30 Jan 11:53:37 - QUIT: Alkabal_!~Alkabal2@static-89-94-66-214.axione.abo.bbox.fr Ping timeout: 256 seconds
30 Jan 11:55:19 - SEND: PONG tolkien.freenode.net
30 Jan 11:55:51 - QUIT: c10ud!~c10ud@emesene/dictator/c10ud Ping timeout: 240 seconds
30 Jan 11:57:27 - SEND: PONG tolkien.freenode.net
30 Jan 11:59:35 - SEND: PONG tolkien.freenode.net
30 Jan 12:01:43 - SEND: PONG tolkien.freenode.net
30 Jan 12:03:50 - SEND: PONG tolkien.freenode.net
30 Jan 12:05:59 - SEND: PONG tolkien.freenode.net
30 Jan 12:08:07 - SEND: PONG tolkien.freenode.net
30 Jan 12:10:14 - SEND: PONG tolkien.freenode.net
30 Jan 12:12:23 - SEND: PONG tolkien.freenode.net
30 Jan 12:14:31 - SEND: PONG tolkien.freenode.net
30 Jan 12:16:39 - SEND: PONG tolkien.freenode.net
30 Jan 12:18:47 - SEND: PONG tolkien.freenode.net
30 Jan 12:20:55 - SEND: PONG tolkien.freenode.net
30 Jan 12:23:03 - SEND: PONG tolkien.freenode.net
30 Jan 12:25:11 - SEND: PONG tolkien.freenode.net
30 Jan 12:27:19 - SEND: PONG tolkien.freenode.net
30 Jan 12:29:27 - SEND: PONG tolkien.freenode.net
30 Jan 12:31:35 - SEND: PONG tolkien.freenode.net
30 Jan 12:33:43 - SEND: PONG tolkien.freenode.net
30 Jan 12:35:51 - SEND: PONG tolkien.freenode.net
30 Jan 12:37:58 - SEND: PONG tolkien.freenode.net
30 Jan 12:40:07 - SEND: PONG tolkien.freenode.net
30 Jan 12:42:15 - SEND: PONG tolkien.freenode.net
30 Jan 12:44:22 - SEND: PONG tolkien.freenode.net
30 Jan 12:46:31 - SEND: PONG tolkien.freenode.net
30 Jan 12:48:39 - SEND: PONG tolkien.freenode.net
30 Jan 12:50:46 - SEND: PONG tolkien.freenode.net
30 Jan 12:52:55 - SEND: PONG tolkien.freenode.net
30 Jan 12:55:03 - SEND: PONG tolkien.freenode.net
30 Jan 12:57:10 - SEND: PONG tolkien.freenode.net
30 Jan 12:59:19 - SEND: PONG tolkien.freenode.net
30 Jan 13:01:27 - SEND: PONG tolkien.freenode.net
30 Jan 13:03:35 - SEND: PONG tolkien.freenode.net
30 Jan 13:05:43 - SEND: PONG tolkien.freenode.net
30 Jan 13:05:49 - QUIT: Alkabal_!~Alkabal2@static-89-94-66-214.axione.abo.bbox.fr Ping timeout: 265 seconds
30 Jan 13:07:51 - SEND: PONG tolkien.freenode.net
30 Jan 13:09:59 - SEND: PONG tolkien.freenode.net
30 Jan 13:12:06 - SEND: PONG tolkien.freenode.net
30 Jan 13:14:15 - SEND: PONG tolkien.freenode.net
30 Jan 13:16:23 - SEND: PONG tolkien.freenode.net
30 Jan 13:18:30 - SEND: PONG tolkien.freenode.net
30 Jan 13:20:39 - SEND: PONG tolkien.freenode.net
30 Jan 13:22:47 - SEND: PONG tolkien.freenode.net
30 Jan 13:24:54 - SEND: PONG tolkien.freenode.net
30 Jan 13:27:03 - SEND: PONG tolkien.freenode.net
30 Jan 13:29:11 - SEND: PONG tolkien.freenode.net
30 Jan 13:31:18 - SEND: PONG tolkien.freenode.net
30 Jan 13:32:43 - QUIT: mythos!~mythos@unaffiliated/mythos Ping timeout: 255 seconds
30 Jan 13:33:27 - SEND: PONG tolkien.freenode.net
30 Jan 13:35:35 - SEND: PONG tolkien.freenode.net
30 Jan 13:37:42 - SEND: PONG tolkien.freenode.net
30 Jan 13:39:51 - SEND: PONG tolkien.freenode.net
30 Jan 13:41:59 - SEND: PONG tolkien.freenode.net
30 Jan 13:44:07 - SEND: PONG tolkien.freenode.net
30 Jan 13:46:14 - SEND: PONG tolkien.freenode.net
30 Jan 13:48:23 - SEND: PONG tolkien.freenode.net
30 Jan 13:50:31 - SEND: PONG tolkien.freenode.net
30 Jan 13:52:38 - SEND: PONG tolkien.freenode.net
30 Jan 13:54:47 - SEND: PONG tolkien.freenode.net
30 Jan 13:56:55 - SEND: PONG tolkien.freenode.net
30 Jan 13:59:02 - SEND: PONG tolkien.freenode.net
30 Jan 14:01:11 - SEND: PONG tolkien.freenode.net
30 Jan 14:03:19 - SEND: PONG tolkien.freenode.net
30 Jan 14:05:26 - SEND: PONG tolkien.freenode.net
30 Jan 14:07:35 - SEND: PONG tolkien.freenode.net
30 Jan 14:09:43 - SEND: PONG tolkien.freenode.net
30 Jan 14:11:50 - SEND: PONG tolkien.freenode.net
30 Jan 14:13:59 - SEND: PONG tolkien.freenode.net
30 Jan 14:16:07 - SEND: PONG tolkien.freenode.net
30 Jan 14:18:14 - SEND: PONG tolkien.freenode.net
30 Jan 14:19:15 - QUIT: luneff!~yury@95.174.104.43 Quit: Ухожу я от вас
30 Jan 14:20:22 - SEND: PONG tolkien.freenode.net
30 Jan 14:22:31 - SEND: PONG tolkien.freenode.net
30 Jan 14:24:38 - SEND: PONG tolkien.freenode.net
30 Jan 14:26:46 - SEND: PONG tolkien.freenode.net
30 Jan 14:28:55 - SEND: PONG tolkien.freenode.net
30 Jan 14:31:03 - SEND: PONG tolkien.freenode.net
30 Jan 14:33:10 - SEND: PONG tolkien.freenode.net
30 Jan 14:35:19 - SEND: PONG tolkien.freenode.net
30 Jan 14:37:27 - SEND: PONG tolkien.freenode.net
30 Jan 14:39:34 - SEND: PONG tolkien.freenode.net
30 Jan 14:41:43 - SEND: PONG tolkien.freenode.net
30 Jan 14:43:51 - SEND: PONG tolkien.freenode.net
30 Jan 14:45:58 - SEND: PONG tolkien.freenode.net
30 Jan 14:46:54 - QUIT: tachoknight!~tachoknig@205.178.20.7 Remote host closed the connection
30 Jan 14:48:07 - SEND: PONG tolkien.freenode.net
30 Jan 14:50:02 - NICK: Vasco_O changes nick to Vasco
30 Jan 14:50:15 - SEND: PONG tolkien.freenode.net
30 Jan 14:52:22 - SEND: PONG tolkien.freenode.net
30 Jan 14:53:43 - QUIT: Retr0id!~Retr0id@unaffiliated/retr0id Ping timeout: 260 seconds
30 Jan 14:54:30 - SEND: PONG tolkien.freenode.net
30 Jan 14:56:39 - SEND: PONG tolkien.freenode.net
30 Jan 14:58:46 - SEND: PONG tolkien.freenode.net
30 Jan 15:00:54 - SEND: PONG tolkien.freenode.net
30 Jan 15:03:03 - SEND: PONG tolkien.freenode.net
30 Jan 15:04:38 - QUIT: Daksh!84f4499d@gateway/web/freenode/ip.132.244.73.157 Ping timeout: 260 seconds
30 Jan 15:05:10 - SEND: PONG tolkien.freenode.net
30 Jan 15:07:18 - SEND: PONG tolkien.freenode.net
30 Jan 15:09:27 - SEND: PONG tolkien.freenode.net
30 Jan 15:11:35 - SEND: PONG tolkien.freenode.net
30 Jan 15:13:42 - SEND: PONG tolkien.freenode.net
30 Jan 15:15:51 - SEND: PONG tolkien.freenode.net
30 Jan 15:17:59 - SEND: PONG tolkien.freenode.net
30 Jan 15:19:12 - QUIT: LarreaMikel!~Thunderbi@158.227.0.241 Remote host closed the connection
30 Jan 15:20:06 - SEND: PONG tolkien.freenode.net
30 Jan 15:22:15 - SEND: PONG tolkien.freenode.net
30 Jan 15:24:23 - SEND: PONG tolkien.freenode.net
30 Jan 15:26:30 - SEND: PONG tolkien.freenode.net
30 Jan 15:27:01 - QUIT: microdevel2!~microdeve@ipbcc0422b.dynamic.kabel-deutschland.de Ping timeout: 248 seconds
30 Jan 15:28:38 - SEND: PONG tolkien.freenode.net
30 Jan 15:30:47 - SEND: PONG tolkien.freenode.net
30 Jan 15:32:54 - SEND: PONG tolkien.freenode.net
30 Jan 15:33:04 - QUIT: rob_w!~bob@unaffiliated/rob-w/x-1112029 Quit: Leaving
30 Jan 15:35:02 - SEND: PONG tolkien.freenode.net
30 Jan 15:37:11 - SEND: PONG tolkien.freenode.net
30 Jan 15:39:18 - SEND: PONG tolkien.freenode.net
30 Jan 15:41:26 - SEND: PONG tolkien.freenode.net
30 Jan 15:43:35 - SEND: PONG tolkien.freenode.net
30 Jan 15:45:42 - SEND: PONG tolkien.freenode.net
30 Jan 15:45:50 - QUIT: Ionakka!~io