[Fri Feb 23 2018 00:00:01 GMT+0000 (UTC)] INFO Connecting...
23 Feb 00:00:02 - Sending irc NICK/USER
23 Feb 00:00:02 - SEND: CAP REQ sasl
23 Feb 00:00:02 - SEND: NICK beagleslackbot
23 Feb 00:00:03 - SEND: USER beagleslackbot 8 * :BeagleBoard.org Slack Bot
23 Feb 00:00:09 - SEND: NICK beagleslackbot1
23 Feb 00:00:10 - [01;31mUnhandled message: { prefix: 'orwell.freenode.net',
  server: 'orwell.freenode.net',
  command: '900',
  rawCommand: '900',
  commandType: 'normal',
  args: 
   [ 'beagleslackbot1',
     'beagleslackbot1!beagleslac@ec2-52-26-75-20.us-west-2.compute.amazonaws.com',
     'beagleslackbot',
     'You are now logged in as beagleslackbot.' ] }[0m
23 Feb 00:00:10 - SEND: CAP END
23 Feb 00:00:10 - [01;31mUnhandled message: { prefix: 'orwell.freenode.net',
  server: 'orwell.freenode.net',
  command: 'rpl_luserunknown',
  rawCommand: '253',
  commandType: 'reply',
  args: [ 'beagleslackbot1', '15', 'unknown connection(s)' ] }[0m
23 Feb 00:00:10 - MODE: beagleslackbot1 sets mode: +i
23 Feb 00:00:11 - SEND: NICK beagleslackbot
23 Feb 00:00:11 - SEND: JOIN #beagle
23 Feb 00:00:12 - SEND: JOIN #beagle-gsoc
23 Feb 00:00:12 - SEND: JOIN #beagle-support
23 Feb 00:00:13 - SEND: JOIN #beagle-bonescript
23 Feb 00:00:13 - SEND: JOIN #beagle-pro
23 Feb 00:00:16 - [01;31mUnhandled message: { prefix: 'services.',
  server: 'services.',
  command: '328',
  rawCommand: '328',
  commandType: 'normal',
  args: [ 'beagleslackbot1', '#beagle', 'http://beagleboard.org' ] }[0m
23 Feb 00:00:16 - SEND: NICK beagleslackbot2
23 Feb 00:00:18 - SEND: NICK beagleslackbot3
23 Feb 00:00:18 - SEND: NICK beagleslackbot4
23 Feb 00:00:19 - SEND: NICK beagleslackbot5
23 Feb 00:00:19 - NICK: beagleslackbot1 changes nick to beagleslackbot5
23 Feb 00:02:47 - SEND: PONG orwell.freenode.net
23 Feb 00:05:17 - SEND: PONG orwell.freenode.net
23 Feb 00:07:47 - SEND: PONG orwell.freenode.net
23 Feb 00:10:17 - SEND: PONG orwell.freenode.net
23 Feb 00:12:47 - SEND: PONG orwell.freenode.net
23 Feb 00:15:17 - SEND: PONG orwell.freenode.net
23 Feb 00:17:47 - SEND: PONG orwell.freenode.net
23 Feb 00:20:17 - SEND: PONG orwell.freenode.net
23 Feb 00:22:47 - SEND: PONG orwell.freenode.net
23 Feb 00:25:07 - QUIT: stardust_!~Android@2804:214:81d0:e28b:80d:e31b:22d1:5501 Ping timeout: 240 seconds
23 Feb 00:25:17 - SEND: PONG orwell.freenode.net
23 Feb 00:27:47 - SEND: PONG orwell.freenode.net
23 Feb 00:30:17 - SEND: PONG orwell.freenode.net
23 Feb 00:32:47 - SEND: PONG orwell.freenode.net
23 Feb 00:34:35 - QUIT: phragment!~blubb@jabber.htu.tugraz.at Remote host closed the connection
23 Feb 00:35:17 - SEND: PONG orwell.freenode.net
23 Feb 00:37:47 - SEND: PONG orwell.freenode.net
23 Feb 00:40:17 - SEND: PONG orwell.freenode.net
23 Feb 00:42:47 - SEND: PONG orwell.freenode.net
23 Feb 00:45:17 - SEND: PONG orwell.freenode.net
23 Feb 00:47:47 - SEND: PONG orwell.freenode.net
23 Feb 00:50:17 - SEND: PONG orwell.freenode.net
23 Feb 00:52:47 - SEND: PONG orwell.freenode.net
23 Feb 00:54:06 - QUIT: Forsaken|GER!~Forsaken@5.146.199.68 Quit: Nettalk6 - www.ntalk.de
23 Feb 00:55:17 - SEND: PONG orwell.freenode.net
23 Feb 00:57:47 - SEND: PONG orwell.freenode.net
23 Feb 01:00:17 - SEND: PONG orwell.freenode.net
23 Feb 01:02:47 - SEND: PONG orwell.freenode.net
23 Feb 01:05:17 - SEND: PONG orwell.freenode.net
23 Feb 01:07:47 - SEND: PONG orwell.freenode.net
23 Feb 01:10:17 - SEND: PONG orwell.freenode.net
23 Feb 01:12:47 - SEND: PONG orwell.freenode.net
23 Feb 01:15:17 - SEND: PONG orwell.freenode.net
23 Feb 01:17:47 - SEND: PONG orwell.freenode.net
23 Feb 01:20:17 - SEND: PONG orwell.freenode.net
23 Feb 01:22:47 - SEND: PONG orwell.freenode.net
23 Feb 01:25:17 - SEND: PONG orwell.freenode.net
23 Feb 01:27:47 - SEND: PONG orwell.freenode.net
23 Feb 01:30:17 - SEND: PONG orwell.freenode.net
23 Feb 01:32:34 - QUIT: stardust!~Android@191.142.16.42 Read error: Connection reset by peer
23 Feb 01:32:47 - SEND: PONG orwell.freenode.net
23 Feb 01:35:17 - SEND: PONG orwell.freenode.net
23 Feb 01:37:47 - SEND: PONG orwell.freenode.net
23 Feb 01:40:17 - SEND: PONG orwell.freenode.net
23 Feb 01:42:47 - SEND: PONG orwell.freenode.net
23 Feb 01:42:52 - QUIT: set_!set_@ip68-226-150-239.lf.br.cox.net Ping timeout: 264 seconds
23 Feb 01:45:17 - SEND: PONG orwell.freenode.net
23 Feb 01:47:40 - QUIT: m_w!~Michael@173-22-246-196.client.mchsi.com Ping timeout: 264 seconds
23 Feb 01:47:47 - SEND: PONG orwell.freenode.net
23 Feb 01:50:17 - SEND: PONG orwell.freenode.net
23 Feb 01:52:47 - SEND: PONG orwell.freenode.net
23 Feb 01:55:17 - SEND: PONG orwell.freenode.net
23 Feb 01:57:47 - SEND: PONG orwell.freenode.net
23 Feb 02:00:17 - SEND: PONG orwell.freenode.net
23 Feb 02:01:37 - QUIT: thinkfat!~maw@p579DC5C3.dip0.t-ipconnect.de Ping timeout: 240 seconds
23 Feb 02:02:47 - SEND: PONG orwell.freenode.net
23 Feb 02:05:17 - SEND: PONG orwell.freenode.net
23 Feb 02:07:47 - SEND: PONG orwell.freenode.net
23 Feb 02:10:17 - SEND: PONG orwell.freenode.net
23 Feb 02:12:47 - SEND: PONG orwell.freenode.net
23 Feb 02:15:17 - SEND: PONG orwell.freenode.net
23 Feb 02:17:47 - SEND: PONG orwell.freenode.net
23 Feb 02:20:17 - SEND: PONG orwell.freenode.net
23 Feb 02:21:55 - QUIT: Humpelstilzchen!erik@p4FD036AF.dip0.t-ipconnect.de Ping timeout: 248 seconds
23 Feb 02:22:47 - SEND: PONG orwell.freenode.net
23 Feb 02:25:17 - SEND: PONG orwell.freenode.net
23 Feb 02:27:47 - SEND: PONG orwell.freenode.net
23 Feb 02:30:17 - SEND: PONG orwell.freenode.net
23 Feb 02:32:47 - SEND: PONG orwell.freenode.net
23 Feb 02:33:31 - QUIT: sjlc-flir!~sjlc-flir@server.borg-cube.com Quit: http://www.kiwiirc.com/ - A hand-crafted IRC client
23 Feb 02:35:17 - SEND: PONG orwell.freenode.net
23 Feb 02:37:47 - SEND: PONG orwell.freenode.net
23 Feb 02:38:28 - QUIT: knttl!~knttl@dyndsl-037-138-255-171.ewe-ip-backbone.de Ping timeout: 248 seconds
23 Feb 02:40:17 - SEND: PONG orwell.freenode.net
23 Feb 02:42:47 - SEND: PONG orwell.freenode.net
23 Feb 02:45:17 - SEND: PONG orwell.freenode.net
23 Feb 02:47:47 - SEND: PONG orwell.freenode.net
23 Feb 02:48:04 - QUIT: ianuj03!~ianuj03@27.7.167.190 Ping timeout: 248 seconds
23 Feb 02:50:17 - SEND: PONG orwell.freenode.net
23 Feb 02:52:47 - SEND: PONG orwell.freenode.net
23 Feb 02:55:17 - SEND: PONG orwell.freenode.net
23 Feb 02:57:47 - SEND: PONG orwell.freenode.net
23 Feb 02:59:15 - QUIT: thinkfat!~maw@p579DC4B6.dip0.t-ipconnect.de Ping timeout: 248 seconds
23 Feb 03:00:17 - SEND: PONG orwell.freenode.net
23 Feb 03:02:40 - QUIT: Retr0id!~Retr0id@unaffiliated/retr0id Ping timeout: 264 seconds
23 Feb 03:02:47 - SEND: PONG orwell.freenode.net
23 Feb 03:05:17 - SEND: PONG orwell.freenode.net
23 Feb 03:07:47 - SEND: PONG orwell.freenode.net
23 Feb 03:10:17 - SEND: PONG orwell.freenode.net
23 Feb 03:12:47 - SEND: PONG orwell.freenode.net
23 Feb 03:15:17 - SEND: PONG orwell.freenode.net
23 Feb 03:17:47 - SEND: PONG orwell.freenode.net
23 Feb 03:20:17 - SEND: PONG orwell.freenode.net
23 Feb 03:22:47 - SEND: PONG orwell.freenode.net
23 Feb 03:25:17 - SEND: PONG orwell.freenode.net
23 Feb 03:27:47 - SEND: PONG orwell.freenode.net
23 Feb 03:30:17 - SEND: PONG orwell.freenode.net
23 Feb 03:31:02 - QUIT: GenTooMan!~cyberman@2601:547:4380:2fe0:21f:d0ff:fe26:7344 Quit: Leaving
23 Feb 03:32:47 - SEND: PONG orwell.freenode.net
23 Feb 03:35:17 - SEND: PONG orwell.freenode.net
23 Feb 03:37:47 - SEND: PONG orwell.freenode.net
23 Feb 03:40:17 - SEND: PONG orwell.freenode.net
23 Feb 03:41:52 - QUIT: jkridner!~jkridner@pdpc/supporter/active/jkridner Read error: Connection reset by peer
23 Feb 03:42:47 - SEND: PONG orwell.freenode.net
23 Feb 03:43:14 - MODE: #beagle sets mode: +o
23 Feb 03:45:17 - SEND: PONG orwell.freenode.net
23 Feb 03:47:47 - SEND: PONG orwell.freenode.net
23 Feb 03:48:07 - QUIT: jkridner!~jkridner@pdpc/supporter/active/jkridner Ping timeout: 276 seconds
23 Feb 03:50:17 - SEND: PONG orwell.freenode.net
23 Feb 03:50:27 - QUIT: Retr0id!~Retr0id@unaffiliated/retr0id Ping timeout: 248 seconds
23 Feb 03:52:47 - SEND: PONG orwell.freenode.net
23 Feb 03:54:59 - QUIT: Dunedan_!~dunedan@unaffiliated/dunedan Ping timeout: 265 seconds
23 Feb 03:55:17 - SEND: PONG orwell.freenode.net
23 Feb 03:57:47 - SEND: PONG orwell.freenode.net
