[Wed Jan 31 2018 00:00:01 GMT+0000 (UTC)] INFO Connecting...
31 Jan 00:00:02 - Sending irc NICK/USER
31 Jan 00:00:02 - SEND: CAP REQ sasl
31 Jan 00:00:02 - SEND: NICK beagleslackbot
31 Jan 00:00:03 - SEND: USER beagleslackbot 8 * :BeagleBoard.org Slack Bot
31 Jan 00:00:09 - SEND: NICK beagleslackbot1
31 Jan 00:00:10 - [01;31mUnhandled message: { prefix: 'hobana.freenode.net',
  server: 'hobana.freenode.net',
  command: '900',
  rawCommand: '900',
  commandType: 'normal',
  args: 
   [ 'beagleslackbot1',
     'beagleslackbot1!beagleslac@ec2-52-26-75-20.us-west-2.compute.amazonaws.com',
     'beagleslackbot',
     'You are now logged in as beagleslackbot.' ] }[0m
31 Jan 00:00:10 - SEND: CAP END
31 Jan 00:00:11 - [01;31mUnhandled message: { prefix: 'hobana.freenode.net',
  server: 'hobana.freenode.net',
  command: 'rpl_luserunknown',
  rawCommand: '253',
  commandType: 'reply',
  args: [ 'beagleslackbot1', '23', 'unknown connection(s)' ] }[0m
31 Jan 00:00:11 - MODE: beagleslackbot1 sets mode: +i
31 Jan 00:00:11 - SEND: PRIVMSG NickServ :IDENTIFY Gab$b4123z
31 Jan 00:00:11 - SEND: NICK beagleslackbot
31 Jan 00:00:12 - SEND: JOIN #beagle
31 Jan 00:00:12 - SEND: JOIN #beagle-gsoc
31 Jan 00:00:13 - SEND: JOIN #beagle-mentors
31 Jan 00:00:13 - SEND: JOIN #beagle-support
31 Jan 00:00:14 - SEND: JOIN #beagle-bonescript
31 Jan 00:00:14 - SEND: JOIN #beagle-pro
31 Jan 00:00:17 - NICK: beagleslackbot1 changes nick to beagleslackbot
31 Jan 00:00:17 - GOT NOTICE from "NickServ": "beagleslackbot1 is not a registered nickname."
31 Jan 00:00:17 - [01;31mUnhandled message: { prefix: 'services.',
  server: 'services.',
  command: '328',
  rawCommand: '328',
  commandType: 'normal',
  args: [ 'beagleslackbot', '#beagle', 'http://beagleboard.org' ] }[0m
31 Jan 00:00:17 - SEND: MODE #beagle
31 Jan 00:00:17 - SEND: MODE #beagle-gsoc
31 Jan 00:00:18 - SEND: MODE #beagle-mentors
31 Jan 00:00:18 - SEND: MODE #beagle-support
31 Jan 00:00:19 - SEND: MODE #beagle-bonescript
31 Jan 00:00:19 - SEND: MODE #beagle-pro
31 Jan 00:02:21 - SEND: PONG hobana.freenode.net
31 Jan 00:04:37 - SEND: PONG hobana.freenode.net
31 Jan 00:06:53 - SEND: PONG hobana.freenode.net
31 Jan 00:09:09 - SEND: PONG hobana.freenode.net
31 Jan 00:11:25 - SEND: PONG hobana.freenode.net
31 Jan 00:13:41 - SEND: PONG hobana.freenode.net
31 Jan 00:15:57 - SEND: PONG hobana.freenode.net
31 Jan 00:18:13 - SEND: PONG hobana.freenode.net
31 Jan 00:20:29 - SEND: PONG hobana.freenode.net
31 Jan 00:22:45 - SEND: PONG hobana.freenode.net
31 Jan 00:25:01 - SEND: PONG hobana.freenode.net
31 Jan 00:27:17 - SEND: PONG hobana.freenode.net
31 Jan 00:29:33 - SEND: PONG hobana.freenode.net
31 Jan 00:31:49 - SEND: PONG hobana.freenode.net
31 Jan 00:34:05 - SEND: PONG hobana.freenode.net
31 Jan 00:36:03 - QUIT: florian!~florian_k@Maemo/community/contributor/florian Ping timeout: 240 seconds
31 Jan 00:36:21 - SEND: PONG hobana.freenode.net
31 Jan 00:38:37 - SEND: PONG hobana.freenode.net
31 Jan 00:40:53 - SEND: PONG hobana.freenode.net
31 Jan 00:43:09 - SEND: PONG hobana.freenode.net
31 Jan 00:45:25 - SEND: PONG hobana.freenode.net
31 Jan 00:47:41 - SEND: PONG hobana.freenode.net
31 Jan 00:49:57 - SEND: PONG hobana.freenode.net
31 Jan 00:52:13 - SEND: PONG hobana.freenode.net
31 Jan 00:54:29 - SEND: PONG hobana.freenode.net
31 Jan 00:56:45 - SEND: PONG hobana.freenode.net
31 Jan 00:59:01 - SEND: PONG hobana.freenode.net
31 Jan 01:01:17 - SEND: PONG hobana.freenode.net
31 Jan 01:03:33 - SEND: PONG hobana.freenode.net
31 Jan 01:04:24 - QUIT: NishanthMenon!~nmenon@unaffiliated/nishanthmenon Quit: Trying to have as good a life as I can under the circumstances.
31 Jan 01:05:49 - SEND: PONG hobana.freenode.net
31 Jan 01:08:05 - SEND: PONG hobana.freenode.net
31 Jan 01:09:58 - QUIT: Retr0id!~Retr0id@unaffiliated/retr0id Ping timeout: 248 seconds
31 Jan 01:10:21 - SEND: PONG hobana.freenode.net
31 Jan 01:12:37 - SEND: PONG hobana.freenode.net
31 Jan 01:14:53 - SEND: PONG hobana.freenode.net
31 Jan 01:17:09 - SEND: PONG hobana.freenode.net
31 Jan 01:19:25 - SEND: PONG hobana.freenode.net
31 Jan 01:21:41 - SEND: PONG hobana.freenode.net
31 Jan 01:23:24 - QUIT: rthille-ciena1!~rthille@67.59.199.241 Quit: Leaving.
31 Jan 01:23:57 - SEND: PONG hobana.freenode.net
31 Jan 01:25:42 - QUIT: vagrantc!~vagrant@unaffiliated/vagrantc Quit: leaving
31 Jan 01:26:13 - SEND: PONG hobana.freenode.net
31 Jan 01:28:29 - SEND: PONG hobana.freenode.net
31 Jan 01:30:45 - SEND: PONG hobana.freenode.net
31 Jan 01:33:01 - SEND: PONG hobana.freenode.net
31 Jan 01:35:17 - SEND: PONG hobana.freenode.net
31 Jan 01:37:33 - SEND: PONG hobana.freenode.net
31 Jan 01:39:49 - SEND: PONG hobana.freenode.net
31 Jan 01:42:05 - SEND: PONG hobana.freenode.net
31 Jan 01:44:21 - SEND: PONG hobana.freenode.net
31 Jan 01:46:37 - SEND: PONG hobana.freenode.net
31 Jan 01:48:50 - QUIT: CrazyEddy!crazyed@wrongplanet/CrazyEddy Ping timeout: 264 seconds
31 Jan 01:48:53 - SEND: PONG hobana.freenode.net
31 Jan 01:51:09 - SEND: PONG hobana.freenode.net
31 Jan 01:53:25 - SEND: PONG hobana.freenode.net
31 Jan 01:55:41 - SEND: PONG hobana.freenode.net
31 Jan 01:57:57 - SEND: PONG hobana.freenode.net
31 Jan 02:00:13 - SEND: PONG hobana.freenode.net
31 Jan 02:02:29 - SEND: PONG hobana.freenode.net
31 Jan 02:04:45 - SEND: PONG hobana.freenode.net
31 Jan 02:07:01 - SEND: PONG hobana.freenode.net
31 Jan 02:09:17 - SEND: PONG hobana.freenode.net
31 Jan 02:11:33 - SEND: PONG hobana.freenode.net
31 Jan 02:13:49 - SEND: PONG hobana.freenode.net
31 Jan 02:16:05 - SEND: PONG hobana.freenode.net
31 Jan 02:18:21 - SEND: PONG hobana.freenode.net
31 Jan 02:20:37 - SEND: PONG hobana.freenode.net
31 Jan 02:22:53 - SEND: PONG hobana.freenode.net
31 Jan 02:25:09 - SEND: PONG hobana.freenode.net
31 Jan 02:27:25 - SEND: PONG hobana.freenode.net
31 Jan 02:27:33 - QUIT: thinkfat!~maw@p4FF0DDB3.dip0.t-ipconnect.de Ping timeout: 240 seconds
31 Jan 02:29:41 - SEND: PONG hobana.freenode.net
31 Jan 02:31:57 - SEND: PONG hobana.freenode.net
31 Jan 02:34:13 - SEND: PONG hobana.freenode.net
31 Jan 02:36:29 - SEND: PONG hobana.freenode.net
31 Jan 02:38:45 - SEND: PONG hobana.freenode.net
31 Jan 02:41:01 - SEND: PONG hobana.freenode.net
31 Jan 02:43:17 - SEND: PONG hobana.freenode.net
31 Jan 02:44:22 - QUIT: Humpelstilzchen!erik@p4FD03117.dip0.t-ipconnect.de Ping timeout: 248 seconds
31 Jan 02:45:33 - SEND: PONG hobana.freenode.net
31 Jan 02:47:49 - SEND: PONG hobana.freenode.net
31 Jan 02:50:05 - SEND: PONG hobana.freenode.net
31 Jan 02:51:46 - QUIT: knttl!~knttl@dyndsl-091-096-237-159.ewe-ip-backbone.de Ping timeout: 256 seconds
31 Jan 02:52:21 - SEND: PONG hobana.freenode.net
31 Jan 02:54:37 - SEND: PONG hobana.freenode.net
31 Jan 02:56:53 - SEND: PONG hobana.freenode.net
31 Jan 02:59:09 - SEND: PONG hobana.freenode.net
31 Jan 03:01:25 - SEND: PONG hobana.freenode.net
31 Jan 03:03:13 - QUIT: VirG!~VirG@2601:647:4901:f9a:4003:2379:7982:79fe Quit: Leaving.
31 Jan 03:03:41 - SEND: PONG hobana.freenode.net
31 Jan 03:05:57 - SEND: PONG hobana.freenode.net
31 Jan 03:08:13 - SEND: PONG hobana.freenode.net
31 Jan 03:10:29 - SEND: PONG hobana.freenode.net
31 Jan 03:12:45 - SEND: PONG hobana.freenode.net
31 Jan 03:15:01 - SEND: PONG hobana.freenode.net
31 Jan 03:17:17 - SEND: PONG hobana.freenode.net
31 Jan 03:18:55 - QUIT: kona!kona@2600:3c00::f03c:91ff:fed4:2eca Ping timeout: 255 seconds
31 Jan 03:19:33 - SEND: PONG hobana.freenode.net
31 Jan 03:20:16 - QUIT: n8vi!~n8vi@2607:f4b8:791::246 Ping timeout: 255 seconds
31 Jan 03:21:49 - SEND: PONG hobana.freenode.net
31 Jan 03:24:05 - SEND: PONG hobana.freenode.net
31 Jan 03:26:21 - SEND: PONG hobana.freenode.net
31 Jan 03:28:37 - SEND: PONG hobana.freenode.net
31 Jan 03:30:53 - SEND: PONG hobana.freenode.net
31 Jan 03:33:09 - SEND: PONG hobana.freenode.net
31 Jan 03:35:25 - SEND: PONG hobana.freenode.net
31 Jan 03:37:41 - SEND: PONG hobana.freenode.net
31 Jan 03:39:57 - SEND: PONG hobana.freenode.net
31 Jan 03:41:36 - QUIT: Dunedan!~dunedan@unaffiliated/dunedan Ping timeout: 265 seconds
31 Jan 03:42:13 - SEND: PONG hobana.freenode.net
31 Jan 03:42:59 - NICK: dastaan90 changes nick to dastaan
31 Jan 03:44:29 - SEND: PONG hobana.freenode.net
31 Jan 03:46:45 - SEND: PONG hobana.freenode.net
31 Jan 03:49:01 - SEND: PONG hobana.freenode.net
31 Jan 03:51:17 - SEND: PONG hobana.freenode.net
31 Jan 03:53:33 - SEND: PONG hobana.freenode.net
31 Jan 03:55:49 - SEND: PONG hobana.freenode.net
31 Jan 03:58:05 - SEND: PONG hobana.freenode.net
31 Jan 04:00:20 - SEND: PONG hobana.freenode.net
31 Jan 04:02:37 - SEND: PONG hobana.freenode.net
31 Jan 04:04:53 - SEND: PONG hobana.freenode.net
31 Jan 04:07:08 - SEND: PONG hobana.freenode.net
31 Jan 04:09:25 - SEND: PONG hobana.freenode.net
31 Jan 04:10:46 - QUIT: rizzo!~RizzoTheR@p54B6BDA4.dip0.t-ipconnect.de Ping timeout: 268 seconds
31 Jan 04:11:41 - SEND: PONG hobana.freenode.net
31 Jan 04:13:56 - SEND: PONG hobana.freenode.net
31 Jan 04:16:13 - SEND: PONG hobana.freenode.net
31 Jan 04:18:29 - SEND: PONG hobana.freenode.net
31 Jan 04:20:44 - SEND: PONG hobana.freenode.net
31 Jan 04:23:01 - SEND: PONG hobana.freenode.net
31 Jan 04:25:17 - SEND: PONG hobana.freenode.net
31 Jan 04:27:33 - SEND: PONG hobana.freenode.net
31 Jan 04:29:49 - SEND: PONG hobana.freenode.net
31 Jan 04:32:05 - SEND: PONG hobana.freenode.net
31 Jan 04:34:21 - SEND: PONG hobana.freenode.net
31 Jan 04:35:27 - QUIT: udara28!ad59a34f@gateway/web/freenode/ip.173.89.163.79 Ping timeout: 260 seconds
31 Jan 04:36:37 - SEND: PONG hobana.freenode.net
31 Jan 04:38:52 - SEND: PONG hobana.freenode.net
31 Jan 04:41:09 - SEND: PONG hobana.freenode.net
31 Jan 04:43:25 - SEND: PONG hobana.freenode.net
31 Jan 04:44:00 - QUIT: dastaan!~dastaan90@63-152-71-241.cdrr.qwest.net Remote host closed the connection
31 Jan 04:45:40 - SEND: PONG hobana.freenode.net
31 Jan 04:47:51 - QUIT: dastaan!~dastaan90@63-152-71-241.cdrr.qwest.net Remote host closed the connection
31 Jan 04:47:57 - SEND: PONG hobana.freenode.net
31 Jan 04:50:13 - SEND: PONG hobana.freenode.net
31 Jan 04:52:28 - SEND: PONG hobana.freenode.net
31 Jan 04:54:45 - SEND: PONG hobana.freenode.net
31 Jan 04:56:55 - QUIT: dastaan!~dastaan90@63-152-71-241.cdrr.qwest.net Remote host closed the connection
31 Jan 04:57:01 - SEND: PONG hobana.freenode.net
31 Jan 04:59:16 - SEND: PONG hobana.freenode.net
31 Jan 05:01:33 - SEND: PONG hobana.freenode.net
31 Jan 05:02:06 - QUIT: dastaan!~dastaan90@63-152-71-241.cdrr.qwest.net Ping timeout: 256 seconds
31 Jan 05:03:49 - SEND: PONG hobana.freenode.net
31 Jan 05:06:04 - SEND: PONG hobana.freenode.net
31 Jan 05:08:21 - SEND: PONG hobana.freenode.net
31 Jan 05:10:37 - SEND: PONG hobana.freenode.net
31 Jan 05:12:52 - SEND: PONG hobana.freenode.net
31 Jan 05:15:09 - SEND: PONG hobana.freenode.net
31 Jan 05:17:25 - SEND: PONG hobana.freenode.net
31 Jan 05:19:41 - SEND: PONG hobana.freenode.net
31 Jan 05:21:57 - SEND: PONG hobana.freenode.net
31 Jan 05:24:12 - SEND: PONG hobana.freenode.net
31 Jan 05:26:29 - SEND: PONG hobana.freenode.net
31 Jan 05:28:45 - SEND: PONG hobana.freenode.net
31 Jan 05:31:00 - SEND: PONG hobana.freenode.net
31 Jan 05:33:17 - SEND: PONG hobana.freenode.net
31 Jan 05:35:33 - SEND: PONG hobana.freenode.net
31 Jan 05:37:48 - SEND: PONG hobana.freenode.net
31 Jan 05:40:05 - SEND: PONG hobana.freenode.net
31 Jan 05:42:21 - SEND: PONG hobana.freenode.net
31 Jan 05:44:36 - SEND: PONG hobana.freenode.net
31 Jan 05:46:53 - SEND: PONG hobana.freenode.net
31 Jan 05:49:09 - SEND: PONG hobana.freenode.net
31 Jan 05:51:24 - SEND: PONG hobana.freenode.net
31 Jan 05:53:41 - SEND: PONG hobana.freenode.net
31 Jan 05:55:56 - SEND: PONG hobana.freenode.net
31 Jan 05:58:12 - SEND: PONG hobana.freenode.net
31 Jan 05:58:26 - NICK: Vivek changes nick to Guest79908
31 Jan 06:00:29 - SEND: PONG hobana.freenode.net
31 Jan 06:02:44 - SEND: PONG hobana.freenode.net
31 Jan 06:05:01 - SEND: PONG hobana.freenode.net
31 Jan 06:07:17 - SEND: PONG hobana.freenode.net
31 Jan 06:09:32 - SEND: PONG hobana.freenode.net
31 Jan 06:11:49 - SEND: PONG hobana.freenode.net
31 Jan 06:14:05 - SEND: PONG hobana.freenode.net
31 Jan 06:16:20 - SEND: PONG hobana.freenode.net
31 Jan 06:18:37 - SEND: PONG hobana.freenode.net
31 Jan 06:20:53 - SEND: PONG hobana.freenode.net
31 Jan 06:23:08 - SEND: PONG hobana.freenode.net
31 Jan 06:25:25 - SEND: PONG hobana.freenode.net
31 Jan 06:27:41 - SEND: PONG hobana.freenode.net
31 Jan 06:29:56 - SEND: PONG hobana.freenode.net
31 Jan 06:32:13 - SEND: PONG hobana.freenode.net
31 Jan 06:34:28 - SEND: PONG hobana.freenode.net
31 Jan 06:36:44 - SEND: PONG hobana.freenode.net
31 Jan 06:39:01 - SEND: PONG hobana.freenode.net
31 Jan 06:40:21 - QUIT: thinkfat!~maw@p4FF0DA3B.dip0.t-ipconnect.de Quit: Konversation terminated!
31 Jan 06:41:16 - SEND: PONG hobana.freenode.net
31 Jan 06:43:32 - SEND: PONG hobana.freenode.net
31 Jan 06:45:49 - SEND: PONG hobana.freenode.net
31 Jan 06:48:04 - SEND: PONG hobana.freenode.net
31 Jan 06:49:34 - QUIT: LarreaMikel!~Thunderbi@158.227.0.241 Client Quit
31 Jan 06:50:20 - SEND: PONG hobana.freenode.net
31 Jan 06:52:37 - SEND: PONG hobana.freenode.net
31 Jan 06:54:52 - SEND: PONG hobana.freenode.net
31 Jan 06:57:09 - SEND: PONG hobana.freenode.net
31 Jan 06:59:25 - SEND: PONG hobana.freenode.net
31 Jan 07:01:40 - SEND: PONG hobana.freenode.net
31 Jan 07:03:57 - SEND: PONG hobana.freenode.net
31 Jan 07:06:13 - SEND: PONG hobana.freenode.net
31 Jan 07:08:28 - SEND: PONG hobana.freenode.net
31 Jan 07:10:45 - SEND: PONG hobana.freenode.net
31 Jan 07:13:01 - SEND: PONG hobana.freenode.net
31 Jan 07:15:16 - SEND: PONG hobana.freenode.net
31 Jan 07:17:33 - SEND: PONG hobana.freenode.net
31 Jan 07:19:10 - QUIT: n8vi!~n8vi@2607:f4b8:791::246 Ping timeout: 240 seconds
31 Jan 07:19:48 - SEND: PONG hobana.freenode.net
31 Jan 07:22:04 - SEND: PONG hobana.freenode.net
31 Jan 07:24:21 - SEND: PONG hobana.freenode.net
31 Jan 07:26:36 - SEND: PONG hobana.freenode.net
31 Jan 07:28:52 - SEND: PONG hobana.freenode.net
31 Jan 07:29:49 - QUIT: n8vi!~n8vi@2607:f4b8:791::246 Ping timeout: 252 seconds
31 Jan 07:31:09 - SEND: PONG hobana.freenode.net
31 Jan 07:33:24 - SEND: PONG hobana.freenode.net
31 Jan 07:35:40 - SEND: PONG hobana.freenode.net
31 Jan 07:37:57 - SEND: PONG hobana.freenode.net
31 Jan 07:40:12 - SEND: PONG hobana.freenode.net
31 Jan 07:42:28 - SEND: PONG hobana.freenode.net
31 Jan 07:44:45 - SEND: PONG hobana.freenode.net
31 Jan 07:47:00 - SEND: PONG hobana.freenode.net
31 Jan 07:48:47 - QUIT: vagrantc!~vagrant@unaffiliated/vagrantc Quit: leaving
31 Jan 07:49:17 - SEND: PONG hobana.freenode.net
31 Jan 07:51:33 - SEND: PONG hobana.freenode.net
31 Jan 07:53:48 - SEND: PONG hobana.freenode.net
31 Jan 07:56:05 - SEND: PONG hobana.freenode.net
31 Jan 07:58:20 - SEND: PONG hobana.freenode.net
31 Jan 08:00:36 - SEND: PONG hobana.freenode.net
31 Jan 08:02:53 - SEND: PONG hobana.freenode.net
31 Jan 08:05:08 - SEND: PONG hobana.freenode.net
31 Jan 08:07:24 - SEND: PONG hobana.freenode.net
31 Jan 08:09:41 - SEND: PONG hobana.freenode.net
31 Jan 08:11:56 - SEND: PONG hobana.freenode.net
31 Jan 08:14:12 - SEND: PONG hobana.freenode.net
31 Jan 08:14:40 - QUIT: florian!~florian_k@Maemo/community/contributor/florian Ping timeout: 240 seconds
31 Jan 08:15:17 - QUIT: NulL`!~bleh1@87.254.84.6 Ping timeout: 252 seconds
31 Jan 08:16:29 - SEND: PONG hobana.freenode.net
31 Jan 08:18:44 - SEND: PONG hobana.freenode.net
31 Jan 08:21:00 - SEND: PONG hobana.freenode.net
31 Jan 08:23:17 - SEND: PONG hobana.freenode.net
31 Jan 08:25:32 - SEND: PONG hobana.freenode.net
31 Jan 08:27:48 - SEND: PONG hobana.freenode.net
31 Jan 08:29:25 - QUIT: ferdna!~ferdna@68-73-71-246.lightspeed.elpstx.sbcglobal.net Quit: Leaving
31 Jan 08:30:05 - SEND: PONG hobana.freenode.net
31 Jan 08:32:20 - SEND: PONG hobana.freenode.net
31 Jan 08:34:36 - SEND: PONG hobana.freenode.net
31 Jan 08:36:52 - SEND: PONG hobana.freenode.net
31 Jan 08:39:08 - SEND: PONG hobana.freenode.net
31 Jan 08:41:24 - QUIT: laurittr!~laurittr@indie.ed.ntnu.no Remote host closed the connection
31 Jan 08:41:25 - SEND: PONG hobana.freenode.net
31 Jan 08:43:40 - SEND: PONG hobana.freenode.net
31 Jan 08:44:19 - QUIT: florian!~florian_k@Maemo/community/contributor/florian Ping timeout: 276 seconds
31 Jan 08:45:56 - SEND: PONG hobana.freenode.net
31 Jan 08:48:13 - SEND: PONG hobana.freenode.net
31 Jan 08:50:28 - SEND: PONG hobana.freenode.net
31 Jan 08:52:44 - SEND: PONG hobana.freenode.net
31 Jan 08:55:01 - SEND: PONG hobana.freenode.net
31 Jan 08:56:47 - QUIT: LarreaMikel!~Thunderbi@158.227.0.241 Remote host closed the connection
31 Jan 08:57:16 - SEND: PONG hobana.freenode.net
31 Jan 08:59:32 - SEND: PONG hobana.freenode.net
31 Jan 09:01:49 - SEND: PONG hobana.freenode.net
31 Jan 09:04:04 - SEND: PONG hobana.freenode.net
31 Jan 09:06:20 - SEND: PONG hobana.freenode.net
31 Jan 09:08:37 - SEND: PONG hobana.freenode.net
31 Jan 09:10:52 - SEND: PONG hobana.freenode.net
31 Jan 09:13:08 - SEND: PONG hobana.freenode.net
31 Jan 09:15:25 - SEND: PONG hobana.freenode.net
31 Jan 09:17:40 - SEND: PONG hobana.freenode.net
31 Jan 09:19:56 - SEND: PONG hobana.freenode.net
31 Jan 09:22:12 - SEND: PONG hobana.freenode.net
31 Jan 09:23:42 - QUIT: jpirko!~jpirko@jirka.pirko.cz Quit: WeeChat 1.9.1
31 Jan 09:24:28 - SEND: PONG hobana.freenode.net
31 Jan 09:26:44 - SEND: PONG hobana.freenode.net
31 Jan 09:29:00 - SEND: PONG hobana.freenode.net
31 Jan 09:31:16 - SEND: PONG hobana.freenode.net
31 Jan 09:33:32 - SEND: PONG hobana.freenode.net
31 Jan 09:35:48 - SEND: PONG hobana.freenode.net
31 Jan 09:38:04 - SEND: PONG hobana.freenode.net
31 Jan 09:40:21 - SEND: PONG hobana.freenode.net
31 Jan 09:42:36 - SEND: PONG hobana.freenode.net
31 Jan 09:44:52 - SEND: PONG hobana.freenode.net
31 Jan 09:47:09 - SEND: PONG hobana.freenode.net
31 Jan 09:48:07 - QUIT: Guest79908!67c2f382@gateway/web/freenode/ip.103.194.243.130 Ping timeout: 260 seconds
31 Jan 09:49:24 - SEND: PONG hobana.freenode.net
31 Jan 09:51:40 - SEND: PONG hobana.freenode.net
31 Jan 09:53:57 - SEND: PONG hobana.freenode.net
31 Jan 09:55:44 - NICK: florian_kc changes nick to florian
31 Jan 09:56:12 - SEND: PONG hobana.freenode.net
31 Jan 09:58:28 - SEND: PONG hobana.freenode.net
31 Jan 10:00:45 - SEND: PONG hobana.freenode.net
31 Jan 10:03:00 - SEND: PONG hobana.freenode.net
31 Jan 10:04:20 - QUIT: Ceriand|desktop!~Ceriand@unaffiliated/ceriand Quit: Leaving.
31 Jan 10:05:16 - SEND: PONG hobana.freenode.net
31 Jan 10:05:57 - QUIT: Alkabal!~Alkabal2@static-89-94-66-214.axione.abo.bbox.fr Ping timeout: 248 seconds
31 Jan 10:07:32 - SEND: PONG hobana.freenode.net
31 Jan 10:09:48 - SEND: PONG hobana.freenode.net
31 Jan 10:12:04 - SEND: PONG hobana.freenode.net
31 Jan 10:14:20 - SEND: PONG hobana.freenode.net
31 Jan 10:16:36 - SEND: PONG hobana.freenode.net
31 Jan 10:18:52 - SEND: PONG hobana.freenode.net
31 Jan 10:21:08 - SEND: PONG hobana.freenode.net
31 Jan 10:23:24 - SEND: PONG hobana.freenode.net
31 Jan 10:25:40 - SEND: PONG hobana.freenode.net
31 Jan 10:27:56 - SEND: PONG hobana.freenode.net
31 Jan 10:29:06 - QUIT: behanw!uid110099@gateway/web/irccloud.com/x-meortjsbwniqkyht Quit: Connection closed for inactivity
31 Jan 10:30:12 - SEND: PONG hobana.freenode.net
31 Jan 10:32:27 - QUIT: Daksh!84f4499d@gateway/web/freenode/ip.132.244.73.157 Ping timeout: 260 seconds
31 Jan 10:32:28 - SEND: PONG hobana.freenode.net
31 Jan 10:34:44 - SEND: PONG hobana.freenode.net
31 Jan 10:37:00 - SEND: PONG hobana.freenode.net
31 Jan 10:39:17 - SEND: PONG hobana.freenode.net
31 Jan 10:41:32 - SEND: PONG hobana.freenode.net
31 Jan 10:43:48 - SEND: PONG hobana.freenode.net
31 Jan 10:46:04 - SEND: PONG hobana.freenode.net
31 Jan 10:48:20 - SEND: PONG hobana.freenode.net
31 Jan 10:50:36 - SEND: PONG hobana.freenode.net
31 Jan 10:52:52 - SEND: PONG hobana.freenode.net
31 Jan 10:53:22 - QUIT: jpirko!~jpirko@83.167.225.161 Quit: WeeChat 1.9.1
31 Jan 10:55:08 - SEND: PONG hobana.freenode.net
31 Jan 10:57:24 - SEND: PONG hobana.freenode.net
31 Jan 10:59:40 - SEND: PONG hobana.freenode.net
31 Jan 11:01:56 - SEND: PONG hobana.freenode.net
31 Jan 11:02:12 - QUIT: LarreaMikel!~Thunderbi@158.227.0.241 Client Quit
31 Jan 11:04:12 - SEND: PONG hobana.freenode.net
31 Jan 11:06:28 - SEND: PONG hobana.freenode.net
31 Jan 11:08:44 - SEND: PONG hobana.freenode.net
31 Jan 11:08:53 - QUIT: Retr0id!~Retr0id@unaffiliated/retr0id Ping timeout: 248 seconds
31 Jan 11:11:00 - SEND: PONG hobana.freenode.net
31 Jan 11:11:46 - QUIT: Shadyman!~matthew@unaffiliated/shadyman Remote host closed the connection
31 Jan 11