[Tue Jan 23 2018 03:29:45 GMT+0000 (UTC)] INFO Connecting...
23 Jan 03:29:46 - Sending irc NICK/USER
23 Jan 03:29:46 - SEND: CAP REQ sasl
23 Jan 03:29:46 - SEND: NICK beagleslackbot
23 Jan 03:29:47 - SEND: USER beagleslackbot 8 * :BeagleBoard.org Slack Bot
23 Jan 03:29:56 - SEND: AUTHENTICATE PLAIN
23 Jan 03:29:56 - SEND: AUTHENTICATE YmVhZ2xlc2xhY2tib3QAYmVhZ2xlc2xhY2tib3QAR2FiJGI0MTIzeg==
23 Jan 03:29:57 - [01;31mUnhandled message: { prefix: 'hitchcock.freenode.net',
  server: 'hitchcock.freenode.net',
  command: '900',
  rawCommand: '900',
  commandType: 'normal',
  args: 
   [ 'beagleslackbot',
     'beagleslackbot!beagleslac@ec2-52-26-75-20.us-west-2.compute.amazonaws.com',
     'beagleslackbot',
     'You are now logged in as beagleslackbot.' ] }[0m
23 Jan 03:29:57 - SEND: CAP END
23 Jan 03:29:58 - [01;31mUnhandled message: { prefix: 'hitchcock.freenode.net',
  server: 'hitchcock.freenode.net',
  command: 'rpl_luserunknown',
  rawCommand: '253',
  commandType: 'reply',
  args: [ 'beagleslackbot', '126', 'unknown connection(s)' ] }[0m
23 Jan 03:29:58 - MODE: beagleslackbot sets mode: +i
23 Jan 03:29:58 - SEND: PRIVMSG NickServ :IDENTIFY Gab$b4123z
23 Jan 03:29:58 - SEND: NICK beagleslackbot
23 Jan 03:29:59 - SEND: JOIN #beagle-gsoc
23 Jan 03:29:59 - SEND: JOIN #beagle-mentors
23 Jan 03:30:00 - SEND: JOIN #beagle
23 Jan 03:30:00 - SEND: JOIN #beagle-support
23 Jan 03:30:01 - SEND: JOIN #beagle-bonescript
23 Jan 03:30:03 - GOT NOTICE from "NickServ": "You are already logged in as beagleslackbot."
23 Jan 03:30:03 - [01;31mUnhandled message: { prefix: 'services.',
  server: 'services.',
  command: '328',
  rawCommand: '328',
  commandType: 'normal',
  args: [ 'beagleslackbot', '#beagle', 'http://beagleboard.org' ] }[0m
23 Jan 03:30:04 - SEND: MODE #beagle-gsoc
23 Jan 03:30:04 - SEND: MODE #beagle-mentors
23 Jan 03:30:04 - MODE: #beagle-support sets mode: +ns
23 Jan 03:30:04 - MODE: #beagle-support sets mode: -o
23 Jan 03:30:04 - MODE: #beagle-support sets mode: +ct-s
23 Jan 03:30:04 - MODE: #beagle-support sets mode: +o
23 Jan 03:30:05 - SEND: MODE #beagle
23 Jan 03:30:05 - SEND: MODE #beagle-support
23 Jan 03:30:06 - SEND: MODE #beagle-bonescript
23 Jan 03:32:08 - SEND: PONG hitchcock.freenode.net
23 Jan 03:34:23 - SEND: PONG hitchcock.freenode.net
23 Jan 03:36:39 - SEND: PONG hitchcock.freenode.net
23 Jan 03:37:19 - SEND: PRIVMSG #beagle :<jkridner> That says it is GHI.
23 Jan 03:37:30 - QUIT: GenTooMan!~cyberman@2601:547:4380:2fe0:21f:d0ff:fe26:7344 Quit: Leaving
23 Jan 03:39:30 - SEND: PONG hitchcock.freenode.net
23 Jan 03:41:45 - SEND: PONG hitchcock.freenode.net
23 Jan 03:44:01 - SEND: PONG hitchcock.freenode.net
23 Jan 03:46:18 - SEND: PONG hitchcock.freenode.net
23 Jan 03:46:51 - QUIT: Dunedan!~dunedan@unaffiliated/dunedan Ping timeout: 265 seconds
23 Jan 03:48:33 - SEND: PONG hitchcock.freenode.net
23 Jan 03:48:45 - SEND: PRIVMSG #beagle-mentors :<wicks.cathy> @jkridner I collected inputs for ideas and will be adding those to the page tonight. They will need a bit of clean up. 
23 Jan 03:50:49 - SEND: PONG hitchcock.freenode.net
23 Jan 03:52:09 - QUIT: rizzo!~RizzoTheR@p54B6BDA4.dip0.t-ipconnect.de Ping timeout: 240 seconds
23 Jan 03:53:06 - SEND: PONG hitchcock.freenode.net
23 Jan 03:55:21 - SEND: PONG hitchcock.freenode.net
23 Jan 03:57:37 - SEND: PONG hitchcock.freenode.net
23 Jan 03:59:54 - SEND: PONG hitchcock.freenode.net
23 Jan 04:02:09 - SEND: PONG hitchcock.freenode.net
23 Jan 04:04:25 - SEND: PONG hitchcock.freenode.net
23 Jan 04:05:33 - NICK: BitEvil changes nick to SpeedEvil
23 Jan 04:06:42 - SEND: PONG hitchcock.freenode.net
23 Jan 04:08:57 - SEND: PONG hitchcock.freenode.net
23 Jan 04:11:14 - SEND: PONG hitchcock.freenode.net
23 Jan 04:13:29 - SEND: PONG hitchcock.freenode.net
23 Jan 04:15:45 - SEND: PONG hitchcock.freenode.net
23 Jan 04:18:02 - SEND: PONG hitchcock.freenode.net
23 Jan 04:20:17 - SEND: PONG hitchcock.freenode.net
23 Jan 04:22:33 - SEND: PONG hitchcock.freenode.net
23 Jan 04:24:50 - SEND: PONG hitchcock.freenode.net
23 Jan 04:27:05 - SEND: PONG hitchcock.freenode.net
23 Jan 04:29:21 - SEND: PONG hitchcock.freenode.net
23 Jan 04:31:38 - SEND: PONG hitchcock.freenode.net
23 Jan 04:33:53 - SEND: PONG hitchcock.freenode.net
23 Jan 04:36:09 - SEND: PONG hitchcock.freenode.net
23 Jan 04:38:26 - SEND: PONG hitchcock.freenode.net
23 Jan 04:40:41 - SEND: PONG hitchcock.freenode.net
23 Jan 04:42:57 - SEND: PONG hitchcock.freenode.net
23 Jan 04:45:14 - SEND: PONG hitchcock.freenode.net
23 Jan 04:47:29 - SEND: PONG hitchcock.freenode.net
23 Jan 04:49:45 - SEND: PONG hitchcock.freenode.net
23 Jan 04:52:02 - SEND: PONG hitchcock.freenode.net
23 Jan 04:54:17 - SEND: PONG hitchcock.freenode.net
23 Jan 04:56:33 - SEND: PONG hitchcock.freenode.net
23 Jan 04:58:50 - SEND: PONG hitchcock.freenode.net
23 Jan 05:01:05 - SEND: PONG hitchcock.freenode.net
23 Jan 05:03:21 - SEND: PONG hitchcock.freenode.net
23 Jan 05:05:38 - SEND: PONG hitchcock.freenode.net
23 Jan 05:07:53 - SEND: PONG hitchcock.freenode.net
23 Jan 05:10:09 - SEND: PONG hitchcock.freenode.net
23 Jan 05:12:25 - SEND: PONG hitchcock.freenode.net
23 Jan 05:14:41 - SEND: PONG hitchcock.freenode.net
23 Jan 05:16:57 - SEND: PONG hitchcock.freenode.net
23 Jan 05:19:13 - SEND: PONG hitchcock.freenode.net
23 Jan 05:21:29 - SEND: PONG hitchcock.freenode.net
23 Jan 05:23:45 - SEND: PONG hitchcock.freenode.net
23 Jan 05:26:01 - SEND: PONG hitchcock.freenode.net
23 Jan 05:28:17 - SEND: PONG hitchcock.freenode.net
23 Jan 05:30:34 - SEND: PONG hitchcock.freenode.net
23 Jan 05:32:49 - SEND: PONG hitchcock.freenode.net
23 Jan 05:35:05 - SEND: PONG hitchcock.freenode.net
23 Jan 05:37:22 - SEND: PONG hitchcock.freenode.net
23 Jan 05:39:37 - SEND: PONG hitchcock.freenode.net
23 Jan 05:41:53 - SEND: PONG hitchcock.freenode.net
23 Jan 05:44:10 - SEND: PONG hitchcock.freenode.net
23 Jan 05:46:25 - SEND: PONG hitchcock.freenode.net
23 Jan 05:48:41 - SEND: PONG hitchcock.freenode.net
23 Jan 05:50:58 - SEND: PONG hitchcock.freenode.net
23 Jan 05:53:13 - SEND: PONG hitchcock.freenode.net
23 Jan 05:55:29 - SEND: PONG hitchcock.freenode.net
23 Jan 05:57:45 - SEND: PONG hitchcock.freenode.net
23 Jan 06:00:01 - SEND: PONG hitchcock.freenode.net
23 Jan 06:02:17 - SEND: PONG hitchcock.freenode.net
23 Jan 06:04:33 - SEND: PONG hitchcock.freenode.net
23 Jan 06:06:49 - SEND: PONG hitchcock.freenode.net
23 Jan 06:09:05 - SEND: PONG hitchcock.freenode.net
23 Jan 06:11:21 - SEND: PONG hitchcock.freenode.net
23 Jan 06:13:37 - SEND: PONG hitchcock.freenode.net
23 Jan 06:15:53 - SEND: PONG hitchcock.freenode.net
23 Jan 06:18:09 - SEND: PONG hitchcock.freenode.net
23 Jan 06:20:25 - SEND: PONG hitchcock.freenode.net
23 Jan 06:22:41 - SEND: PONG hitchcock.freenode.net
23 Jan 06:24:32 - QUIT: maxton!~maxton@155.33.65.5 Quit: Leaving
23 Jan 06:24:57 - SEND: PONG hitchcock.freenode.net
23 Jan 06:27:13 - SEND: PONG hitchcock.freenode.net
23 Jan 06:29:29 - SEND: PONG hitchcock.freenode.net
23 Jan 06:31:45 - SEND: PONG hitchcock.freenode.net
23 Jan 06:34:01 - SEND: PONG hitchcock.freenode.net
23 Jan 06:36:18 - SEND: PONG hitchcock.freenode.net
23 Jan 06:38:33 - SEND: PONG hitchcock.freenode.net
23 Jan 06:40:49 - SEND: PONG hitchcock.freenode.net
23 Jan 06:43:06 - SEND: PONG hitchcock.freenode.net
23 Jan 06:45:21 - SEND: PONG hitchcock.freenode.net
23 Jan 06:47:37 - SEND: PONG hitchcock.freenode.net
23 Jan 06:49:53 - SEND: PONG hitchcock.freenode.net
23 Jan 06:52:09 - SEND: PONG hitchcock.freenode.net
23 Jan 06:54:25 - SEND: PONG hitchcock.freenode.net
23 Jan 06:56:41 - SEND: PONG hitchcock.freenode.net
23 Jan 06:58:57 - SEND: PONG hitchcock.freenode.net
23 Jan 07:01:13 - SEND: PONG hitchcock.freenode.net
23 Jan 07:03:29 - SEND: PONG hitchcock.freenode.net
23 Jan 07:05:45 - SEND: PONG hitchcock.freenode.net
23 Jan 07:08:01 - SEND: PONG hitchcock.freenode.net
23 Jan 07:10:17 - SEND: PONG hitchcock.freenode.net
23 Jan 07:12:33 - SEND: PONG hitchcock.freenode.net
23 Jan 07:14:49 - SEND: PONG hitchcock.freenode.net
23 Jan 07:17:05 - SEND: PONG hitchcock.freenode.net
23 Jan 07:19:21 - SEND: PONG hitchcock.freenode.net
23 Jan 07:21:37 - SEND: PONG hitchcock.freenode.net
23 Jan 07:23:53 - SEND: PONG hitchcock.freenode.net
23 Jan 07:26:09 - SEND: PONG hitchcock.freenode.net
23 Jan 07:28:25 - SEND: PONG hitchcock.freenode.net
23 Jan 07:30:41 - SEND: PONG hitchcock.freenode.net
23 Jan 07:32:57 - SEND: PONG hitchcock.freenode.net
23 Jan 07:35:13 - SEND: PONG hitchcock.freenode.net
23 Jan 07:37:29 - SEND: PONG hitchcock.freenode.net
23 Jan 07:39:45 - SEND: PONG hitchcock.freenode.net
23 Jan 07:42:01 - SEND: PONG hitchcock.freenode.net
23 Jan 07:44:17 - SEND: PONG hitchcock.freenode.net
23 Jan 07:44:21 - QUIT: dl9pf!~quassel@opensuse/member/dl9pf Remote host closed the connection
23 Jan 07:46:33 - SEND: PONG hitchcock.freenode.net
23 Jan 07:48:49 - SEND: PONG hitchcock.freenode.net
23 Jan 07:51:05 - SEND: PONG hitchcock.freenode.net
23 Jan 07:53:21 - SEND: PONG hitchcock.freenode.net
23 Jan 07:55:19 - QUIT: dl9pf!~quassel@static.88-198-106-157.clients.your-server.de Changing host
23 Jan 07:55:37 - SEND: PONG hitchcock.freenode.net
23 Jan 07:57:53 - SEND: PONG hitchcock.freenode.net
23 Jan 08:00:09 - SEND: PONG hitchcock.freenode.net
23 Jan 08:02:25 - SEND: PONG hitchcock.freenode.net
23 Jan 08:04:41 - SEND: PONG hitchcock.freenode.net
23 Jan 08:06:57 - SEND: PONG hitchcock.freenode.net
23 Jan 08:08:09 - QUIT: ghoti!~paul@75.98.206.5 Ping timeout: 276 seconds
23 Jan 08:09:13 - SEND: PONG hitchcock.freenode.net
23 Jan 08:09:14 - QUIT: Shadyman!~matthew@unaffiliated/shadyman Quit: Leaving.
23 Jan 08:11:29 - SEND: PONG hitchcock.freenode.net
23 Jan 08:13:45 - SEND: PONG hitchcock.freenode.net
23 Jan 08:16:01 - SEND: PONG hitchcock.freenode.net
23 Jan 08:18:17 - SEND: PONG hitchcock.freenode.net
23 Jan 08:18:31 - QUIT: NulL`!~bleh1@80.65.242.192 Ping timeout: 240 seconds
23 Jan 08:20:33 - SEND: PONG hitchcock.freenode.net
23 Jan 08:22:49 - SEND: PONG hitchcock.freenode.net
23 Jan 08:23:13 - QUIT: c10ud!~c10ud@emesene/dictator/c10ud Ping timeout: 264 seconds
23 Jan 08:25:05 - SEND: PONG hitchcock.freenode.net
23 Jan 08:27:21 - SEND: PONG hitchcock.freenode.net
23 Jan 08:29:37 - SEND: PONG hitchcock.freenode.net
23 Jan 08:31:53 - SEND: PONG hitchcock.freenode.net
23 Jan 08:34:09 - SEND: PONG hitchcock.freenode.net
23 Jan 08:36:25 - SEND: PONG hitchcock.freenode.net
23 Jan 08:38:41 - SEND: PONG hitchcock.freenode.net
23 Jan 08:40:57 - SEND: PONG hitchcock.freenode.net
23 Jan 08:43:13 - SEND: PONG hitchcock.freenode.net
23 Jan 08:45:29 - SEND: PONG hitchcock.freenode.net
23 Jan 08:45:58 - QUIT: Sudip_!25d3f822@gateway/web/freenode/ip.37.211.248.34 Client Quit
23 Jan 08:47:45 - SEND: PONG hitchcock.freenode.net
23 Jan 08:49:19 - QUIT: serg_stetsuk!~serg@145-24-124-91.pool.ukrtel.net Remote host closed the connection
23 Jan 08:50:01 - SEND: PONG hitchcock.freenode.net
23 Jan 08:52:17 - SEND: PONG hitchcock.freenode.net
23 Jan 08:54:33 - SEND: PONG hitchcock.freenode.net
23 Jan 08:54:57 - QUIT: thinkfat!~maw@p4FF0DDA9.dip0.t-ipconnect.de Ping timeout: 255 seconds
23 Jan 08:56:49 - SEND: PONG hitchcock.freenode.net
23 Jan 08:59:05 - SEND: PONG hitchcock.freenode.net
23 Jan 09:01:21 - SEND: PONG hitchcock.freenode.net
23 Jan 09:03:37 - SEND: PONG hitchcock.freenode.net
23 Jan 09:05:53 - SEND: PONG hitchcock.freenode.net
23 Jan 09:06:47 - QUIT: Ceriand|desktop!~Ceriand@unaffiliated/ceriand Quit: Leaving.
23 Jan 09:08:09 - SEND: PONG hitchcock.freenode.net
23 Jan 09:10:25 - SEND: PONG hitchcock.freenode.net
23 Jan 09:12:41 - SEND: PONG hitchcock.freenode.net
23 Jan 09:14:57 - SEND: PONG hitchcock.freenode.net
23 Jan 09:19:02 - SEND: PONG hitchcock.freenode.net
23 Jan 09:20:51 - QUIT: fred_tv!~fred_tv@host242-32-static.242-95-b.business.telecomitalia.it Quit: Leaving
23 Jan 09:21:11 - SEND: PONG hitchcock.freenode.net
23 Jan 09:23:27 - SEND: PONG hitchcock.freenode.net
23 Jan 09:25:43 - SEND: PONG hitchcock.freenode.net
23 Jan 09:27:59 - SEND: PONG hitchcock.freenode.net
23 Jan 09:30:15 - SEND: PONG hitchcock.freenode.net
23 Jan 09:32:31 - SEND: PONG hitchcock.freenode.net
23 Jan 09:34:47 - SEND: PONG hitchcock.freenode.net
23 Jan 09:37:03 - SEND: PONG hitchcock.freenode.net
23 Jan 09:39:19 - SEND: PONG hitchcock.freenode.net
23 Jan 09:41:35 - SEND: PONG hitchcock.freenode.net
23 Jan 09:43:51 - SEND: PONG hitchcock.freenode.net
23 Jan 09:46:07 - SEND: PONG hitchcock.freenode.net
23 Jan 09:47:23 - QUIT: ferdna!~ferdna@cpe-69-23-129-162.elp.res.rr.com Quit: Leaving
23 Jan 09:47:45 - QUIT: sudip_!25d3f822@gateway/web/freenode/ip.37.211.248.34 Quit: Page closed
23 Jan 09:48:23 - SEND: PONG hitchcock.freenode.net
23 Jan 09:50:39 - SEND: PONG hitchcock.freenode.net
23 Jan 09:52:55 - SEND: PONG hitchcock.freenode.net
23 Jan 09:55:11 - SEND: PONG hitchcock.freenode.net
23 Jan 09:57:27 - SEND: PONG hitchcock.freenode.net
23 Jan 09:57:34 - NICK: thinkfat_ changes nick to thinkfat
23 Jan 09:59:43 - SEND: PONG hitchcock.freenode.net
23 Jan 10:01:59 - SEND: PONG hitchcock.freenode.net
23 Jan 10:04:15 - SEND: PONG hitchcock.freenode.net
23 Jan 10:06:31 - SEND: PONG hitchcock.freenode.net
23 Jan 10:08:47 - SEND: PONG hitchcock.freenode.net
23 Jan 10:10:08 - QUIT: jsolano!~juan@aftr-88-217-180-101.dynamic.mnet-online.de Quit: leaving
23 Jan 10:11:03 - SEND: PONG hitchcock.freenode.net
23 Jan 10:13:19 - SEND: PONG hitchcock.freenode.net
23 Jan 10:13:27 - QUIT: knicklux!~knicklux@HSI-KBW-046-005-013-204.hsi8.kabel-badenwuerttemberg.de Quit: Leaving
23 Jan 10:15:35 - SEND: PONG hitchcock.freenode.net
23 Jan 10:17:51 - SEND: PONG hitchcock.freenode.net
23 Jan 10:20:07 - SEND: PONG hitchcock.freenode.net
23 Jan 10:22:23 - SEND: PONG hitchcock.freenode.net
23 Jan 10:24:39 - SEND: PONG hitchcock.freenode.net
23 Jan 10:26:55 - SEND: PONG hitchcock.freenode.net
23 Jan 10:29:11 - SEND: PONG hitchcock.freenode.net
23 Jan 10:31:27 - SEND: PONG hitchcock.freenode.net
23 Jan 10:33:28 - QUIT: tejaram15!~tejaram15@157.41.152.6 Remote host closed the connection
23 Jan 10:33:43 - SEND: PONG hitchcock.freenode.net
23 Jan 10:35:59 - SEND: PONG hitchcock.freenode.net
23 Jan 10:38:15 - SEND: PONG hitchcock.freenode.net
23 Jan 10:40:31 - SEND: PONG hitchcock.freenode.net
23 Jan 10:42:47 - SEND: PONG hitchcock.freenode.net
23 Jan 10:42:59 - QUIT: c10ud!~c10ud@emesene/dictator/c10ud Read error: Connection reset by peer
23 Jan 10:45:03 - SEND: PONG hitchcock.freenode.net
23 Jan 10:47:19 - SEND: PONG hitchcock.freenode.net
23 Jan 10:49:35 - SEND: PONG hitchcock.freenode.net
23 Jan 10:51:51 - SEND: PONG hitchcock.freenode.net
23 Jan 10:54:07 - SEND: PONG hitchcock.freenode.net
23 Jan 10:56:23 - SEND: PONG hitchcock.freenode.net
23 Jan 10:58:39 - SEND: PONG hitchcock.freenode.net
23 Jan 11:00:55 - SEND: PONG hitchcock.freenode.net
23 Jan 11:03:11 - SEND: PONG hitchcock.freenode.net
23 Jan 11:05:27 - SEND: PONG hitchcock.freenode.net
23 Jan 11:07:43 - SEND: PONG hitchcock.freenode.net
23 Jan 11:09:59 - SEND: PONG hitchcock.freenode.net
23 Jan 11:12:15 - SEND: PONG hitchcock.freenode.net
23 Jan 11:14:31 - SEND: PONG hitchcock.freenode.net
23 Jan 11:16:47 - SEND: PONG hitchcock.freenode.net
23 Jan 11:19:03 - SEND: PONG hitchcock.freenode.net
23 Jan 11:21:19 - SEND: PONG hitchcock.freenode.net
23 Jan 11:23:35 - SEND: PONG hitchcock.freenode.net
23 Jan 11:25:51 - SEND: PONG hitchcock.freenode.net
23 Jan 11:28:07 - SEND: PONG hitchcock.freenode.net
23 Jan 11:30:23 - SEND: PONG hitchcock.freenode.net
23 Jan 11:32:39 - SEND: PONG hitchcock.freenode.net
23 Jan 11:34:55 - SEND: PONG hitchcock.freenode.net
23 Jan 11:37:11 - SEND: PONG hitchcock.freenode.net
23 Jan 11:39:27 - SEND: PONG hitchcock.freenode.net
23 Jan 11:41:43 - SEND: PONG hitchcock.freenode.net
23 Jan 11:43:59 - SEND: PONG hitchcock.freenode.net
23 Jan 11:46:15 - SEND: PONG hitchcock.freenode.net
23 Jan 11:48:31 - SEND: PONG hitchcock.freenode.net
23 Jan 11:50:47 - SEND: PONG hitchcock.freenode.net
23 Jan 11:53:03 - SEND: PONG hitchcock.freenode.net
23 Jan 11:55:19 - SEND: PONG hitchcock.freenode.net
23 Jan 11:57:35 - SEND: PONG hitchcock.freenode.net
23 Jan 11:59:51 - SEND: PONG hitchcock.freenode.net
23 Jan 12:02:07 - SEND: PONG hitchcock.freenode.net
23 Jan 12:04:23 - SEND: PONG hitchcock.freenode.net
23 Jan 12:06:39 - SEND: PONG hitchcock.freenode.net
23 Jan 12:08:55 - SEND: PONG hitchcock.freenode.net
23 Jan 12:11:11 - SEND: PONG hitchcock.freenode.net
23 Jan 12:13:27 - SEND: PONG hitchcock.freenode.net
23 Jan 12:13:35 - QUIT: ogra_!~ogra_@p5098ed03.dip0.t-ipconnect.de Ping timeout: 248 seconds
23 Jan 12:15:43 - SEND: PONG hitchcock.freenode.net
23 Jan 12:17:59 - SEND: PONG hitchcock.freenode.net
23 Jan 12:18:55 - QUIT: Jonimus!~Jonimus@shirabe.taricorp.net Ping timeout: 248 seconds
23 Jan 12:20:15 - SEND: PONG hitchcock.freenode.net
23 Jan 12:21:12 - QUIT: c10ud!~c10ud@emesene/dictator/c10ud Read error: Connection reset by peer
23 Jan 12:22:31 - SEND: PONG hitchcock.freenode.net
23 Jan 12:24:47 - SEND: PONG hitchcock.freenode.net
23 Jan 12:27:03 - SEND: PONG hitchcock.freenode.net
23 Jan 12:29:19 - SEND: PONG hitchcock.freenode.net
23 Jan 12:31:35 - SEND: PONG hitchcock.freenode.net
23 Jan 12:33:51 - SEND: PONG hitchcock.freenode.net
23 Jan 12:36:07 - SEND: PONG hitchcock.freenode.net
23 Jan 12:38:23 - SEND: PONG hitchcock.freenode.net
23 Jan 12:40:39 - SEND: PONG hitchcock.freenode.net
23 Jan 12:42:55 - SEND: PONG hitchcock.freenode.net
23 Jan 12:45:11 - SEND: PONG hitchcock.freenode.net
23 Jan 12:47:27 - SEND: PONG hitchcock.freenode.net
23 Jan 12:49:43 - SEND: PONG hitchcock.freenode.net
23 Jan 12:51:59 - SEND: PONG hitchcock.freenode.net
23 Jan 12:54:15 - SEND: PONG hitchcock.freenode.net
23 Jan 12:56:31 - SEND: PONG hitchcock.freenode.net
23 Jan 12:58:47 - SEND: PONG hitchcock.freenode.net
23 Jan 13:00:48 - MODE: #beagle sets mode: +o
23 Jan 13:01:03 - SEND: PONG hitchcock.freenode.net
23 Jan 13:03:19 - SEND: PONG hitchcock.freenode.net
23 Jan 13:05:35 - SEND: PONG hitchcock.freenode.net
23 Jan 13:07:09 - QUIT: mythos!~mythos@unaffiliated/mythos Ping timeout: 260 seconds
23 Jan 13:07:51 - SEND: PONG hitchcock.freenode.net
23 Jan 13:10:07 - SEND: PONG hitchcock.freenode.net
23 Jan 13:12:23 - SEND: PONG hitchcock.freenode.net
23 Jan 13:14:39 - SEND: PONG hitchcock.freenode.net
23 Jan 13:16:55 - SEND: PONG hitchcock.freenode.net
23 Jan 13:19:11 - SEND: PONG hitchcock.freenode.net
23 Jan 13:21:05 - QUIT: tachoknight!~tachoknig@205.178.20.7 Ping timeout: 256 seconds
23 Jan 13:21:27 - SEND: PONG hitchcock.freenode.net
23 Jan 13:23:43 - SEND: PONG hitchcock.freenode.net
23 Jan 13:25:59 - SEND: PONG hitchcock.freenode.net
23 Jan 13:28:15 - SEND: PONG hitchcock.freenode.net
23 Jan 13:30:31 - SEND: PONG hitchcock.freenode.net
23 Jan 13:32:47 - SEND: PONG hitchcock.freenode.net
23 Jan 13:35:03 - SEND: PONG hitchcock.freenode.net
23 Jan 13:37:19 - SEND: PONG hitchcock.freenode.net
23 Jan 13:39:35 - SEND: PONG hitchcock.freenode.net
23 Jan 13:41:51 - SEND: PONG hitchcock.freenode.net
23 Jan 13:44:07 - SEND: PONG hitchcock.freenode.net
23 Jan 13:46:23 - SEND: PONG hitchcock.freenode.net
23 Jan 13:48:39 - SEND: PONG hitchcock.freenode.net
23 Jan 13:50:55 - SEND: PONG hitchcock.freenode.net
23 Jan 13:53:11 - SEND: PONG hitchcock.freenode.net
23 Jan 13:55:27 - SEND: PONG hitchcock.freenode.net
23 Jan 13:57:43 - SEND: PONG hitchcock.freenode.net
23 Jan 13:59:59 - SEND: PONG hitchcock.freenode.net
