[Tue Feb 06 2018 00:00:02 GMT+0000 (UTC)] INFO Connecting...
6 Feb 00:00:02 - Sending irc NICK/USER
6 Feb 00:00:03 - SEND: CAP REQ sasl
6 Feb 00:00:03 - SEND: NICK beagleslackbot
6 Feb 00:00:04 - SEND: USER beagleslackbot 8 * :BeagleBoard.org Slack Bot
6 Feb 00:00:11 - [01;31mUnhandled message: { prefix: 'adams.freenode.net',
  server: 'adams.freenode.net',
  command: '900',
  rawCommand: '900',
  commandType: 'normal',
  args: 
   [ 'beagleslackbot',
     'beagleslackbot!beagleslac@ec2-52-26-75-20.us-west-2.compute.amazonaws.com',
     'beagleslackbot',
     'You are now logged in as beagleslackbot.' ] }[0m
6 Feb 00:00:12 - SEND: CAP END
6 Feb 00:00:12 - [01;31mUnhandled message: { prefix: 'adams.freenode.net',
  server: 'adams.freenode.net',
  command: 'rpl_luserunknown',
  rawCommand: '253',
  commandType: 'reply',
  args: [ 'beagleslackbot', '17', 'unknown connection(s)' ] }[0m
6 Feb 00:00:12 - MODE: beagleslackbot sets mode: +i
6 Feb 00:00:12 - SEND: PRIVMSG NickServ :IDENTIFY Gab$b4123z
6 Feb 00:00:13 - SEND: NICK beagleslackbot
6 Feb 00:00:13 - SEND: JOIN #beagle
6 Feb 00:00:14 - SEND: JOIN #beagle-gsoc
6 Feb 00:00:14 - SEND: JOIN #beagle-mentors
6 Feb 00:00:15 - SEND: JOIN #beagle-support
6 Feb 00:00:15 - SEND: JOIN #beagle-bonescript
6 Feb 00:00:16 - SEND: JOIN #beagle-pro
6 Feb 00:00:19 - GOT NOTICE from "NickServ": "You are already logged in as beagleslackbot."
6 Feb 00:00:19 - [01;31mUnhandled message: { prefix: 'services.',
  server: 'services.',
  command: '328',
  rawCommand: '328',
  commandType: 'normal',
  args: [ 'beagleslackbot', '#beagle', 'http://beagleboard.org' ] }[0m
6 Feb 00:00:19 - SEND: MODE #beagle
6 Feb 00:00:19 - SEND: MODE #beagle-gsoc
6 Feb 00:00:20 - MODE: #beagle-bonescript sets mode: +ns
6 Feb 00:00:20 - MODE: #beagle-bonescript sets mode: -o
6 Feb 00:00:20 - MODE: #beagle-bonescript sets mode: +ct-s
6 Feb 00:00:20 - MODE: #beagle-bonescript sets mode: +o
6 Feb 00:00:20 - SEND: MODE #beagle-mentors
6 Feb 00:00:20 - SEND: MODE #beagle-support
6 Feb 00:00:21 - SEND: MODE #beagle-bonescript
6 Feb 00:00:21 - SEND: MODE #beagle-pro
6 Feb 00:01:26 - NICK: pascal changes nick to Guest92714
6 Feb 00:02:52 - SEND: PONG adams.freenode.net
6 Feb 00:04:49 - QUIT: florian!~florian_k@Maemo/community/contributor/florian Ping timeout: 240 seconds
6 Feb 00:05:09 - SEND: PONG adams.freenode.net
6 Feb 00:06:47 - QUIT: NishanthMenon!~nmenon@unaffiliated/nishanthmenon Quit: Stay away from hurricanes for a while.
6 Feb 00:07:25 - SEND: PONG adams.freenode.net
6 Feb 00:09:40 - SEND: PONG adams.freenode.net
6 Feb 00:11:57 - SEND: PONG adams.freenode.net
6 Feb 00:14:13 - SEND: PONG adams.freenode.net
6 Feb 00:16:28 - SEND: PONG adams.freenode.net
6 Feb 00:18:45 - SEND: PONG adams.freenode.net
6 Feb 00:21:01 - SEND: PONG adams.freenode.net
6 Feb 00:23:16 - SEND: PONG adams.freenode.net
6 Feb 00:24:49 - QUIT: Guest92714!b8a18dc9@gateway/web/freenode/ip.184.161.141.201 Ping timeout: 260 seconds
6 Feb 00:25:33 - SEND: PONG adams.freenode.net
6 Feb 00:27:49 - SEND: PONG adams.freenode.net
6 Feb 00:30:04 - SEND: PONG adams.freenode.net
6 Feb 00:32:21 - SEND: PONG adams.freenode.net
6 Feb 00:34:37 - SEND: PONG adams.freenode.net
6 Feb 00:36:52 - SEND: PONG adams.freenode.net
6 Feb 00:39:09 - SEND: PONG adams.freenode.net
6 Feb 00:41:25 - SEND: PONG adams.freenode.net
6 Feb 00:43:40 - SEND: PONG adams.freenode.net
6 Feb 00:45:57 - SEND: PONG adams.freenode.net
6 Feb 00:48:13 - SEND: PONG adams.freenode.net
6 Feb 00:50:28 - SEND: PONG adams.freenode.net
6 Feb 00:52:45 - SEND: PONG adams.freenode.net
6 Feb 00:55:01 - SEND: PONG adams.freenode.net
6 Feb 00:57:16 - SEND: PONG adams.freenode.net
6 Feb 00:59:33 - SEND: PONG adams.freenode.net
6 Feb 01:01:49 - SEND: PONG adams.freenode.net
6 Feb 01:04:04 - SEND: PONG adams.freenode.net
6 Feb 01:06:21 - SEND: PONG adams.freenode.net
6 Feb 01:08:37 - SEND: PONG adams.freenode.net
6 Feb 01:10:52 - SEND: PONG adams.freenode.net
6 Feb 01:13:09 - SEND: PONG adams.freenode.net
6 Feb 01:15:25 - SEND: PONG adams.freenode.net
6 Feb 01:17:40 - SEND: PONG adams.freenode.net
6 Feb 01:19:57 - SEND: PONG adams.freenode.net
6 Feb 01:22:13 - SEND: PONG adams.freenode.net
6 Feb 01:24:28 - SEND: PONG adams.freenode.net
6 Feb 01:26:45 - SEND: PONG adams.freenode.net
6 Feb 01:29:01 - SEND: PONG adams.freenode.net
6 Feb 01:31:16 - SEND: PONG adams.freenode.net
6 Feb 01:33:33 - SEND: PONG adams.freenode.net
6 Feb 01:35:49 - SEND: PONG adams.freenode.net
6 Feb 01:38:04 - SEND: PONG adams.freenode.net
6 Feb 01:38:22 - QUIT: tchan!~tchan@lunar-linux/developer/tchan Quit: WeeChat 1.6
6 Feb 01:40:21 - SEND: PONG adams.freenode.net
6 Feb 01:42:37 - SEND: PONG adams.freenode.net
6 Feb 01:44:52 - SEND: PONG adams.freenode.net
6 Feb 01:47:09 - SEND: PONG adams.freenode.net
6 Feb 01:48:41 - QUIT: Retr0id_!~Retr0id@unaffiliated/retr0id Ping timeout: 240 seconds
6 Feb 01:49:25 - SEND: PONG adams.freenode.net
6 Feb 01:51:40 - SEND: PONG adams.freenode.net
6 Feb 01:53:57 - SEND: PONG adams.freenode.net
6 Feb 01:56:13 - SEND: PONG adams.freenode.net
6 Feb 01:58:28 - SEND: PONG adams.freenode.net
6 Feb 02:00:45 - SEND: PONG adams.freenode.net
6 Feb 02:03:00 - SEND: PONG adams.freenode.net
6 Feb 02:03:27 - QUIT: epo_!~cop@ip-84-118-178-148.unity-media.net Remote host closed the connection
6 Feb 02:05:16 - SEND: PONG adams.freenode.net
6 Feb 02:07:33 - SEND: PONG adams.freenode.net
6 Feb 02:09:48 - SEND: PONG adams.freenode.net
6 Feb 02:12:04 - SEND: PONG adams.freenode.net
6 Feb 02:14:21 - SEND: PONG adams.freenode.net
6 Feb 02:16:36 - SEND: PONG adams.freenode.net
6 Feb 02:18:52 - SEND: PONG adams.freenode.net
6 Feb 02:21:04 - QUIT: thinkfat!~maw@p4FF0DD23.dip0.t-ipconnect.de Ping timeout: 252 seconds
6 Feb 02:21:09 - SEND: PONG adams.freenode.net
6 Feb 02:23:24 - SEND: PONG adams.freenode.net
6 Feb 02:25:40 - SEND: PONG adams.freenode.net
6 Feb 02:27:57 - SEND: PONG adams.freenode.net
6 Feb 02:30:12 - SEND: PONG adams.freenode.net
6 Feb 02:32:04 - QUIT: knttl!~knttl@dyndsl-091-096-183-196.ewe-ip-backbone.de Ping timeout: 268 seconds
6 Feb 02:32:28 - SEND: PONG adams.freenode.net
6 Feb 02:34:05 - QUIT: ee1943!~ee1943@45.76.3.17 Ping timeout: 248 seconds
6 Feb 02:34:45 - SEND: PONG adams.freenode.net
6 Feb 02:37:00 - SEND: PONG adams.freenode.net
6 Feb 02:37:11 - QUIT: Humpelstilzchen!erik@p2E5B2FAC.dip0.t-ipconnect.de Ping timeout: 240 seconds
6 Feb 02:38:19 - QUIT: potato!b8a7652c@gateway/web/freenode/ip.184.167.101.44 Client Quit
6 Feb 02:39:16 - SEND: PONG adams.freenode.net
6 Feb 02:41:33 - SEND: PONG adams.freenode.net
6 Feb 02:43:48 - SEND: PONG adams.freenode.net
6 Feb 02:46:04 - SEND: PONG adams.freenode.net
6 Feb 02:48:21 - SEND: PONG adams.freenode.net
6 Feb 02:50:36 - SEND: PONG adams.freenode.net
6 Feb 02:52:52 - SEND: PONG adams.freenode.net
6 Feb 02:55:09 - SEND: PONG adams.freenode.net
6 Feb 02:57:24 - SEND: PONG adams.freenode.net
6 Feb 02:59:40 - SEND: PONG adams.freenode.net
6 Feb 03:01:57 - SEND: PONG adams.freenode.net
6 Feb 03:04:12 - SEND: PONG adams.freenode.net
6 Feb 03:06:28 - SEND: PONG adams.freenode.net
6 Feb 03:08:45 - SEND: PONG adams.freenode.net
6 Feb 03:11:00 - SEND: PONG adams.freenode.net
6 Feb 03:13:16 - SEND: PONG adams.freenode.net
6 Feb 03:15:33 - SEND: PONG adams.freenode.net
6 Feb 03:17:48 - SEND: PONG adams.freenode.net
6 Feb 03:20:04 - SEND: PONG adams.freenode.net
6 Feb 03:22:21 - SEND: PONG adams.freenode.net
6 Feb 03:24:36 - SEND: PONG adams.freenode.net
6 Feb 03:26:52 - SEND: PONG adams.freenode.net
6 Feb 03:29:09 - SEND: PONG adams.freenode.net
6 Feb 03:31:24 - SEND: PONG adams.freenode.net
6 Feb 03:33:40 - SEND: PONG adams.freenode.net
6 Feb 03:35:57 - SEND: PONG adams.freenode.net
6 Feb 03:36:41 - QUIT: Dunedan_!~dunedan@unaffiliated/dunedan Ping timeout: 265 seconds
6 Feb 03:38:12 - SEND: PONG adams.freenode.net
6 Feb 03:40:28 - SEND: PONG adams.freenode.net
6 Feb 03:42:44 - SEND: PONG adams.freenode.net
6 Feb 03:45:00 - SEND: PONG adams.freenode.net
6 Feb 03:47:16 - SEND: PONG adams.freenode.net
6 Feb 03:49:32 - SEND: PONG adams.freenode.net
6 Feb 03:51:48 - SEND: PONG adams.freenode.net
6 Feb 03:54:04 - SEND: PONG adams.freenode.net
6 Feb 03:56:20 - SEND: PONG adams.fr