[Wed Feb 21 2018 00:00:02 GMT+0000 (UTC)] INFO Connecting...
21 Feb 00:00:02 - Sending irc NICK/USER
21 Feb 00:00:02 - SEND: CAP REQ sasl
21 Feb 00:00:03 - SEND: NICK beagleslackbot
21 Feb 00:00:03 - SEND: USER beagleslackbot 8 * :BeagleBoard.org Slack Bot
21 Feb 00:00:13 - SEND: NICK beagleslackbot1
21 Feb 00:00:14 - [01;31mUnhandled message: { prefix: 'orwell.freenode.net',
  server: 'orwell.freenode.net',
  command: '900',
  rawCommand: '900',
  commandType: 'normal',
  args: 
   [ 'beagleslackbot1',
     'beagleslackbot1!beagleslac@ec2-52-26-75-20.us-west-2.compute.amazonaws.com',
     'beagleslackbot',
     'You are now logged in as beagleslackbot.' ] }[0m
21 Feb 00:00:14 - SEND: CAP END
21 Feb 00:00:14 - [01;31mUnhandled message: { prefix: 'orwell.freenode.net',
  server: 'orwell.freenode.net',
  command: 'rpl_luserunknown',
  rawCommand: '253',
  commandType: 'reply',
  args: [ 'beagleslackbot1', '8', 'unknown connection(s)' ] }[0m
21 Feb 00:00:14 - MODE: beagleslackbot1 sets mode: +i
21 Feb 00:00:15 - SEND: NICK beagleslackbot
21 Feb 00:00:15 - SEND: JOIN #beagle
21 Feb 00:00:16 - SEND: JOIN #beagle-gsoc
21 Feb 00:00:16 - SEND: JOIN #beagle-support
21 Feb 00:00:17 - SEND: JOIN #beagle-bonescript
21 Feb 00:00:17 - SEND: JOIN #beagle-pro
21 Feb 00:00:21 - [01;31mUnhandled message: { prefix: 'services.',
  server: 'services.',
  command: '328',
  rawCommand: '328',
  commandType: 'normal',
  args: [ 'beagleslackbot1', '#beagle', 'http://beagleboard.org' ] }[0m
21 Feb 00:00:21 - SEND: NICK beagleslackbot2
21 Feb 00:00:23 - SEND: NICK beagleslackbot3
21 Feb 00:00:23 - NICK: beagleslackbot1 changes nick to beagleslackbot3
21 Feb 00:01:28 - QUIT: jkridner!~jkridner@pdpc/supporter/active/jkridner Ping timeout: 255 seconds
21 Feb 00:02:50 - SEND: PONG orwell.freenode.net
21 Feb 00:03:52 - QUIT: worm_duel!set_@ip68-226-150-239.lf.br.cox.net Ping timeout: 260 seconds
21 Feb 00:05:20 - SEND: PONG orwell.freenode.net
21 Feb 00:07:50 - SEND: PONG orwell.freenode.net
21 Feb 00:07:59 - QUIT: kremlin!~kremlin@uglyman.kremlin.cc Remote host closed the connection
21 Feb 00:10:20 - SEND: PONG orwell.freenode.net
21 Feb 00:12:50 - SEND: PONG orwell.freenode.net
21 Feb 00:14:30 - QUIT: brtlin!~bert@atlas.sl24.nl Ping timeout: 248 seconds
21 Feb 00:15:20 - SEND: PONG orwell.freenode.net
21 Feb 00:17:50 - SEND: PONG orwell.freenode.net
21 Feb 00:20:20 - SEND: PONG orwell.freenode.net
21 Feb 00:22:50 - SEND: PONG orwell.freenode.net
21 Feb 00:25:20 - SEND: PONG orwell.freenode.net
21 Feb 00:27:50 - SEND: PONG orwell.freenode.net
21 Feb 00:30:20 - SEND: PONG orwell.freenode.net
21 Feb 00:32:50 - SEND: PONG orwell.freenode.net
21 Feb 00:33:37 - QUIT: Retr0id!~Retr0id@unaffiliated/retr0id Ping timeout: 260 seconds
21 Feb 00:35:20 - SEND: PONG orwell.freenode.net
21 Feb 00:37:50 - SEND: PONG orwell.freenode.net
21 Feb 00:40:20 - SEND: PONG orwell.freenode.net
21 Feb 00:40:55 - QUIT: Shadyman!~matthew@unaffiliated/shadyman Remote host closed the connection
21 Feb 00:42:50 - SEND: PONG orwell.freenode.net
21 Feb 00:44:27 - QUIT: brtlin!~bert@atlas.sl24.nl Ping timeout: 240 seconds
21 Feb 00:45:20 - SEND: PONG orwell.freenode.net
21 Feb 00:47:50 - SEND: PONG orwell.freenode.net
21 Feb 00:50:20 - SEND: PONG orwell.freenode.net
21 Feb 00:52:50 - SEND: PONG orwell.freenode.net
21 Feb 00:55:20 - SEND: PONG orwell.freenode.net
21 Feb 00:57:50 - SEND: PONG orwell.freenode.net
21 Feb 01:00:20 - SEND: PONG orwell.freenode.net
21 Feb 01:02:50 - SEND: PONG orwell.freenode.net
21 Feb 01:05:20 - SEND: PONG orwell.freenode.net
21 Feb 01:07:50 - SEND: PONG orwell.freenode.net
21 Feb 01:10:20 - SEND: PONG orwell.freenode.net
21 Feb 01:12:50 - SEND: PONG orwell.freenode.net
21 Feb 01:15:20 - SEND: PONG orwell.freenode.net
21 Feb 01:17:50 - SEND: PONG orwell.freenode.net
21 Feb 01:19:19 - QUIT: knttl!~knttl@host-091-097-093-112.ewe-ip-backbone.de Ping timeout: 256 seconds
21 Feb 01:20:20 - SEND: PONG orwell.freenode.net
21 Feb 01:22:50 - SEND: PONG orwell.freenode.net
21 Feb 01:25:20 - SEND: PONG orwell.freenode.net
21 Feb 01:27:50 - SEND: PONG orwell.fre